-- Install configuration: ""
-- Execute custom install script
-- Up-to-date symlink: /home/kiranchand/kc_vision_ws/install/kc_vision_gazebo/share/kc_vision_gazebo//config/ros_gz_bridge.yaml
-- Up-to-date symlink: /home/kiranchand/kc_vision_ws/install/kc_vision_gazebo/share/kc_vision_gazebo//launch/gazebo.launch.py
-- Up-to-date symlink: /home/kiranchand/kc_vision_ws/install/kc_vision_gazebo/share/kc_vision_gazebo//models/house_interior/house_interior_with_qrcodes.dae
-- Up-to-date symlink: /home/kiranchand/kc_vision_ws/install/kc_vision_gazebo/share/kc_vision_gazebo//models/house_interior/wp_1.png
-- Up-to-date symlink: /home/kiranchand/kc_vision_ws/install/kc_vision_gazebo/share/kc_vision_gazebo//models/house_interior/wp_2.png
-- Up-to-date symlink: /home/kiranchand/kc_vision_ws/install/kc_vision_gazebo/share/kc_vision_gazebo//models/house_interior/wp_3.png
-- Up-to-date symlink: /home/kiranchand/kc_vision_ws/install/kc_vision_gazebo/share/kc_vision_gazebo//models/house_interior/wp_4.png
-- Up-to-date symlink: /home/kiranchand/kc_vision_ws/install/kc_vision_gazebo/share/kc_vision_gazebo//models/house_interior/wp_5.png
-- Up-to-date symlink: /home/kiranchand/kc_vision_ws/install/kc_vision_gazebo/share/kc_vision_gazebo//models/house_interior/wp_6.png
-- Up-to-date symlink: /home/kiranchand/kc_vision_ws/install/kc_vision_gazebo/share/kc_vision_gazebo//models/my_maze/my_maze_1.dae
-- Up-to-date symlink: /home/kiranchand/kc_vision_ws/install/kc_vision_gazebo/share/kc_vision_gazebo//rviz/gazebo_and_rviz_and_localization_config.rviz
-- Up-to-date symlink: /home/kiranchand/kc_vision_ws/install/kc_vision_gazebo/share/kc_vision_gazebo//rviz/navigation.rviz
-- Up-to-date symlink: /home/kiranchand/kc_vision_ws/install/kc_vision_gazebo/share/kc_vision_gazebo//worlds/empty_world.sdf
-- Up-to-date symlink: /home/kiranchand/kc_vision_ws/install/kc_vision_gazebo/share/kc_vision_gazebo//worlds/grass.sdf
-- Up-to-date symlink: /home/kiranchand/kc_vision_ws/install/kc_vision_gazebo/share/kc_vision_gazebo//worlds/indoor_world_with_qr_codes.sdf
-- Up-to-date symlink: /home/kiranchand/kc_vision_ws/install/kc_vision_gazebo/share/kc_vision_gazebo//worlds/living_room.sdf
-- Up-to-date symlink: /home/kiranchand/kc_vision_ws/install/kc_vision_gazebo/share/kc_vision_gazebo//worlds/maze_world_1.sdf
-- Up-to-date symlink: /home/kiranchand/kc_vision_ws/install/kc_vision_gazebo/share/kc_vision_gazebo//worlds/mmulticopter_velocity_control_forest.sdf
-- Up-to-date symlink: /home/kiranchand/kc_vision_ws/install/kc_vision_gazebo/share/kc_vision_gazebo//worlds/model.sdf
-- Up-to-date symlink: /home/kiranchand/kc_vision_ws/install/kc_vision_gazebo/share/kc_vision_gazebo//worlds/multicopter_velocity_control_forest.sdf
-- Up-to-date symlink: /home/kiranchand/kc_vision_ws/install/kc_vision_gazebo/share/kc_vision_gazebo//worlds/obs_grass.sdf
-- Up-to-date symlink: /home/kiranchand/kc_vision_ws/install/kc_vision_gazebo/share/kc_vision_gazebo//worlds/obstacles_in.sdf
-- Up-to-date symlink: /home/kiranchand/kc_vision_ws/install/kc_vision_gazebo/share/kc_vision_gazebo//worlds/tree_grass.sdf
-- Up-to-date symlink: /home/kiranchand/kc_vision_ws/install/kc_vision_gazebo/share/kc_vision_gazebo//worlds/visionkc.sdf
-- Up-to-date symlink: /home/kiranchand/kc_vision_ws/install/kc_vision_gazebo/share/kc_vision_gazebo//worlds/warehouse_world.sdf
-- Up-to-date symlink: /home/kiranchand/kc_vision_ws/install/kc_vision_gazebo/share/ament_index/resource_index/package_run_dependencies/kc_vision_gazebo
-- Up-to-date symlink: /home/kiranchand/kc_vision_ws/install/kc_vision_gazebo/share/ament_index/resource_index/parent_prefix_path/kc_vision_gazebo
-- Up-to-date symlink: /home/kiranchand/kc_vision_ws/install/kc_vision_gazebo/share/kc_vision_gazebo/environment/ament_prefix_path.sh
-- Up-to-date symlink: /home/kiranchand/kc_vision_ws/install/kc_vision_gazebo/share/kc_vision_gazebo/environment/ament_prefix_path.dsv
-- Up-to-date symlink: /home/kiranchand/kc_vision_ws/install/kc_vision_gazebo/share/kc_vision_gazebo/environment/path.sh
-- Up-to-date symlink: /home/kiranchand/kc_vision_ws/install/kc_vision_gazebo/share/kc_vision_gazebo/environment/path.dsv
-- Up-to-date symlink: /home/kiranchand/kc_vision_ws/install/kc_vision_gazebo/share/kc_vision_gazebo/local_setup.bash
-- Up-to-date symlink: /home/kiranchand/kc_vision_ws/install/kc_vision_gazebo/share/kc_vision_gazebo/local_setup.sh
-- Up-to-date symlink: /home/kiranchand/kc_vision_ws/install/kc_vision_gazebo/share/kc_vision_gazebo/local_setup.zsh
-- Up-to-date symlink: /home/kiranchand/kc_vision_ws/install/kc_vision_gazebo/share/kc_vision_gazebo/local_setup.dsv
-- Symlinking: /home/kiranchand/kc_vision_ws/install/kc_vision_gazebo/share/kc_vision_gazebo/package.dsv
-- Up-to-date symlink: /home/kiranchand/kc_vision_ws/install/kc_vision_gazebo/share/ament_index/resource_index/packages/kc_vision_gazebo
-- Up-to-date symlink: /home/kiranchand/kc_vision_ws/install/kc_vision_gazebo/share/kc_vision_gazebo/cmake/kc_vision_gazeboConfig.cmake
-- Up-to-date symlink: /home/kiranchand/kc_vision_ws/install/kc_vision_gazebo/share/kc_vision_gazebo/cmake/kc_vision_gazeboConfig-version.cmake
-- Up-to-date symlink: /home/kiranchand/kc_vision_ws/install/kc_vision_gazebo/share/kc_vision_gazebo/package.xml
