[1.071s] Invoking command in '/home/kiranchand/kc_vision_ws/build/kc_vision_scripts': DEBUGINFOD_URLS=https://debuginfod.ubuntu.com PYTHONPATH=/home/kiranchand/kc_vision_ws/build/kc_vision_scripts/prefix_override:/usr/lib/python3/dist-packages/colcon_core/task/python/colcon_distutils_commands:/home/kiranchand/kc_vision_ws/install/kc_vision_scripts/lib/python3.12/site-packages:${PYTHONPATH} /usr/bin/python3 -W ignore:setup.py install is deprecated -W ignore:easy_install command is deprecated setup.py develop --editable --build-directory /home/kiranchand/kc_vision_ws/build/kc_vision_scripts/build --no-deps symlink_data
[1.554s] running develop
[1.784s] /usr/lib/python3/dist-packages/setuptools/command/easy_install.py:363: UserWarning: Unbuilt egg for pytest-repeat [unknown version] (/usr/lib/python3/dist-packages)
[1.784s]   self.local_index = Environment(self.shadow_path + sys.path)
[1.832s] running egg_info
[1.832s] creating kc_vision_scripts.egg-info
[1.857s] writing kc_vision_scripts.egg-info/PKG-INFO
[1.857s] writing dependency_links to kc_vision_scripts.egg-info/dependency_links.txt
[1.858s] writing requirements to kc_vision_scripts.egg-info/requires.txt
[1.858s] writing top-level names to kc_vision_scripts.egg-info/top_level.txt
[1.858s] writing manifest file 'kc_vision_scripts.egg-info/SOURCES.txt'
[1.908s] reading manifest file 'kc_vision_scripts.egg-info/SOURCES.txt'
[1.908s] writing manifest file 'kc_vision_scripts.egg-info/SOURCES.txt'
[1.934s] running build_ext
[1.934s] Creating /home/kiranchand/kc_vision_ws/install/kc_vision_scripts/lib/python3.12/site-packages/kc-vision-scripts.egg-link (link to .)
[1.935s] 
[1.935s] Installed /home/kiranchand/kc_vision_ws/build/kc_vision_scripts
[1.935s] running symlink_data
[1.935s] creating /home/kiranchand/kc_vision_ws/install/kc_vision_scripts/share/ament_index
[1.935s] creating /home/kiranchand/kc_vision_ws/install/kc_vision_scripts/share/ament_index/resource_index
[1.935s] creating /home/kiranchand/kc_vision_ws/install/kc_vision_scripts/share/ament_index/resource_index/packages
[1.935s] symbolically linking /home/kiranchand/kc_vision_ws/build/kc_vision_scripts/resource/kc_vision_scripts -> /home/kiranchand/kc_vision_ws/install/kc_vision_scripts/share/ament_index/resource_index/packages
[1.935s] symbolically linking /home/kiranchand/kc_vision_ws/build/kc_vision_scripts/package.xml -> /home/kiranchand/kc_vision_ws/install/kc_vision_scripts/share/kc_vision_scripts
[1.965s] Invoked command in '/home/kiranchand/kc_vision_ws/build/kc_vision_scripts' returned '0': DEBUGINFOD_URLS=https://debuginfod.ubuntu.com PYTHONPATH=/home/kiranchand/kc_vision_ws/build/kc_vision_scripts/prefix_override:/usr/lib/python3/dist-packages/colcon_core/task/python/colcon_distutils_commands:/home/kiranchand/kc_vision_ws/install/kc_vision_scripts/lib/python3.12/site-packages:${PYTHONPATH} /usr/bin/python3 -W ignore:setup.py install is deprecated -W ignore:easy_install command is deprecated setup.py develop --editable --build-directory /home/kiranchand/kc_vision_ws/build/kc_vision_scripts/build --no-deps symlink_data
