-- The C compiler identification is GNU 13.3.0
-- The CXX compiler identification is GNU 13.3.0
-- Detecting C compiler ABI info
-- Detecting C compiler ABI info - done
-- Check for working C compiler: /usr/bin/cc - skipped
-- Detecting C compile features
-- Detecting C compile features - done
-- Detecting CXX compiler ABI info
-- Detecting CXX compiler ABI info - done
-- Check for working CXX compiler: /usr/bin/c++ - skipped
-- Detecting CXX compile features
-- Detecting CXX compile features - done
-- Found ament_cmake: 2.5.5 (/opt/ros/jazzy/share/ament_cmake/cmake)
-- Found Python3: /usr/bin/python3 (found version "3.12.3") found components: Interpreter 
-- Override CMake install command with custom implementation using symlinks instead of copying resources
-- Found ament_lint_auto: 0.17.4 (/opt/ros/jazzy/share/ament_lint_auto/cmake)
-- Added test 'flake8' to check Python code syntax and style conventions
-- Configured 'flake8' exclude dirs and/or files: 
-- Added test 'lint_cmake' to check CMake code style
-- Added test 'pep257' to check Python code against some of the docstring style conventions in PEP 257
-- Added test 'xmllint' to check XML markup files
-- Configuring done (0.9s)
-- Generating done (0.0s)
-- Build files have been written to: /home/kiranchand/kc_vision_ws/build/kc_vision_slam
-- Install configuration: ""
-- Execute custom install script
-- Symlinking: /home/kiranchand/kc_vision_ws/install/kc_vision_slam/share/kc_vision_slam//launch/cartographer.launch.py
-- Symlinking: /home/kiranchand/kc_vision_ws/install/kc_vision_slam/share/kc_vision_slam//launch/map_saver.launch.py
-- Symlinking: /home/kiranchand/kc_vision_ws/install/kc_vision_slam/share/kc_vision_slam//launch/slam.launch.py
-- Symlinking: /home/kiranchand/kc_vision_ws/install/kc_vision_slam/share/kc_vision_slam//maps/campion_bedroom_2.pgm
-- Symlinking: /home/kiranchand/kc_vision_ws/install/kc_vision_slam/share/kc_vision_slam//maps/campion_bedroom_2.yaml
-- Symlinking: /home/kiranchand/kc_vision_ws/install/kc_vision_slam/share/kc_vision_slam//maps/campion_top_floor.pgm
-- Symlinking: /home/kiranchand/kc_vision_ws/install/kc_vision_slam/share/kc_vision_slam//maps/campion_top_floor.yaml
-- Symlinking: /home/kiranchand/kc_vision_ws/install/kc_vision_slam/share/kc_vision_slam//maps/how_to_save_maps.txt
-- Symlinking: /home/kiranchand/kc_vision_ws/install/kc_vision_slam/share/kc_vision_slam//maps/indoor_map_cartographer.pgm
-- Symlinking: /home/kiranchand/kc_vision_ws/install/kc_vision_slam/share/kc_vision_slam//maps/indoor_map_cartographer.yaml
-- Symlinking: /home/kiranchand/kc_vision_ws/install/kc_vision_slam/share/kc_vision_slam//maps/my_map.yaml
-- Symlinking: /home/kiranchand/kc_vision_ws/install/kc_vision_slam/share/kc_vision_slam//maps/saved_map.pgm
-- Symlinking: /home/kiranchand/kc_vision_ws/install/kc_vision_slam/share/kc_vision_slam//maps/saved_map.yaml
-- Symlinking: /home/kiranchand/kc_vision_ws/install/kc_vision_slam/share/kc_vision_slam//config/cartographer_params.lua
-- Symlinking: /home/kiranchand/kc_vision_ws/install/kc_vision_slam/share/kc_vision_slam//config/slam_params.yaml
-- Up-to-date symlink: /home/kiranchand/kc_vision_ws/install/kc_vision_slam/share/kc_vision_slam//maps/campion_bedroom_2.pgm
-- Up-to-date symlink: /home/kiranchand/kc_vision_ws/install/kc_vision_slam/share/kc_vision_slam//maps/campion_bedroom_2.yaml
-- Up-to-date symlink: /home/kiranchand/kc_vision_ws/install/kc_vision_slam/share/kc_vision_slam//maps/campion_top_floor.pgm
-- Up-to-date symlink: /home/kiranchand/kc_vision_ws/install/kc_vision_slam/share/kc_vision_slam//maps/campion_top_floor.yaml
-- Up-to-date symlink: /home/kiranchand/kc_vision_ws/install/kc_vision_slam/share/kc_vision_slam//maps/how_to_save_maps.txt
-- Up-to-date symlink: /home/kiranchand/kc_vision_ws/install/kc_vision_slam/share/kc_vision_slam//maps/indoor_map_cartographer.pgm
-- Up-to-date symlink: /home/kiranchand/kc_vision_ws/install/kc_vision_slam/share/kc_vision_slam//maps/indoor_map_cartographer.yaml
-- Up-to-date symlink: /home/kiranchand/kc_vision_ws/install/kc_vision_slam/share/kc_vision_slam//maps/my_map.yaml
-- Up-to-date symlink: /home/kiranchand/kc_vision_ws/install/kc_vision_slam/share/kc_vision_slam//maps/saved_map.pgm
-- Up-to-date symlink: /home/kiranchand/kc_vision_ws/install/kc_vision_slam/share/kc_vision_slam//maps/saved_map.yaml
-- Symlinking: /home/kiranchand/kc_vision_ws/install/kc_vision_slam/share/kc_vision_slam//rviz/gazebo_rviz_cartographer_config.rviz
-- Symlinking: /home/kiranchand/kc_vision_ws/install/kc_vision_slam/share/kc_vision_slam//rviz/gazebo_rviz_slamtoolbox_config.rviz
-- Symlinking: /home/kiranchand/kc_vision_ws/install/kc_vision_slam/share/ament_index/resource_index/package_run_dependencies/kc_vision_slam
-- Symlinking: /home/kiranchand/kc_vision_ws/install/kc_vision_slam/share/ament_index/resource_index/parent_prefix_path/kc_vision_slam
-- Symlinking: /home/kiranchand/kc_vision_ws/install/kc_vision_slam/share/kc_vision_slam/environment/ament_prefix_path.sh
-- Symlinking: /home/kiranchand/kc_vision_ws/install/kc_vision_slam/share/kc_vision_slam/environment/ament_prefix_path.dsv
-- Symlinking: /home/kiranchand/kc_vision_ws/install/kc_vision_slam/share/kc_vision_slam/environment/path.sh
-- Symlinking: /home/kiranchand/kc_vision_ws/install/kc_vision_slam/share/kc_vision_slam/environment/path.dsv
-- Symlinking: /home/kiranchand/kc_vision_ws/install/kc_vision_slam/share/kc_vision_slam/local_setup.bash
-- Symlinking: /home/kiranchand/kc_vision_ws/install/kc_vision_slam/share/kc_vision_slam/local_setup.sh
-- Symlinking: /home/kiranchand/kc_vision_ws/install/kc_vision_slam/share/kc_vision_slam/local_setup.zsh
-- Symlinking: /home/kiranchand/kc_vision_ws/install/kc_vision_slam/share/kc_vision_slam/local_setup.dsv
-- Symlinking: /home/kiranchand/kc_vision_ws/install/kc_vision_slam/share/kc_vision_slam/package.dsv
-- Symlinking: /home/kiranchand/kc_vision_ws/install/kc_vision_slam/share/ament_index/resource_index/packages/kc_vision_slam
-- Symlinking: /home/kiranchand/kc_vision_ws/install/kc_vision_slam/share/kc_vision_slam/cmake/kc_vision_slamConfig.cmake
-- Symlinking: /home/kiranchand/kc_vision_ws/install/kc_vision_slam/share/kc_vision_slam/cmake/kc_vision_slamConfig-version.cmake
-- Symlinking: /home/kiranchand/kc_vision_ws/install/kc_vision_slam/share/kc_vision_slam/package.xml
