-- Install configuration: ""
-- Execute custom install script
-- Up-to-date symlink: /home/kiranchand/kc_vision_ws/install/kc_vision/share/kc_vision/config/bcr_map.pgm
-- Up-to-date symlink: /home/kiranchand/kc_vision_ws/install/kc_vision/share/kc_vision/config/bcr_map.yaml
-- Up-to-date symlink: /home/kiranchand/kc_vision_ws/install/kc_vision/share/kc_vision/config/cd.rviz
-- Up-to-date symlink: /home/kiranchand/kc_vision_ws/install/kc_vision/share/kc_vision/config/controllers.yaml
-- Up-to-date symlink: /home/kiranchand/kc_vision_ws/install/kc_vision/share/kc_vision/config/demo_waypoints.yaml
-- Up-to-date symlink: /home/kiranchand/kc_vision_ws/install/kc_vision/share/kc_vision/config/dual_ekf_navsat_params.yaml
-- Up-to-date symlink: /home/kiranchand/kc_vision_ws/install/kc_vision/share/kc_vision/config/empty.yaml
-- Up-to-date symlink: /home/kiranchand/kc_vision_ws/install/kc_vision/share/kc_vision/config/gazebo_params.yaml
-- Up-to-date symlink: /home/kiranchand/kc_vision_ws/install/kc_vision/share/kc_vision/config/gps_wpf_demo.mvc
-- Up-to-date symlink: /home/kiranchand/kc_vision_ws/install/kc_vision/share/kc_vision/config/gz_bridge copy.yaml
-- Up-to-date symlink: /home/kiranchand/kc_vision_ws/install/kc_vision/share/kc_vision/config/gz_bridge.yaml
-- Up-to-date symlink: /home/kiranchand/kc_vision_ws/install/kc_vision/share/kc_vision/config/mapper_params_online_async.yaml
-- Up-to-date symlink: /home/kiranchand/kc_vision_ws/install/kc_vision/share/kc_vision/config/mecanum_drive_controller.yaml
-- Up-to-date symlink: /home/kiranchand/kc_vision_ws/install/kc_vision/share/kc_vision/config/my_controllers.yaml
-- Up-to-date symlink: /home/kiranchand/kc_vision_ws/install/kc_vision/share/kc_vision/config/my_maps.pgm
-- Up-to-date symlink: /home/kiranchand/kc_vision_ws/install/kc_vision/share/kc_vision/config/my_maps.yaml
-- Up-to-date symlink: /home/kiranchand/kc_vision_ws/install/kc_vision/share/kc_vision/config/naav2_params.yaml
-- Up-to-date symlink: /home/kiranchand/kc_vision_ws/install/kc_vision/share/kc_vision/config/nav2_no_map_params.yaml
-- Up-to-date symlink: /home/kiranchand/kc_vision_ws/install/kc_vision/share/kc_vision/config/nav2_params copy.yaml
-- Up-to-date symlink: /home/kiranchand/kc_vision_ws/install/kc_vision/share/kc_vision/config/nav2_params.yaml
-- Up-to-date symlink: /home/kiranchand/kc_vision_ws/install/kc_vision/share/kc_vision/config/navigation.rviz
-- Up-to-date symlink: /home/kiranchand/kc_vision_ws/install/kc_vision/share/kc_vision/config/nv.rviz
-- Up-to-date symlink: /home/kiranchand/kc_vision_ws/install/kc_vision/share/kc_vision/config/rosbot_diff.yaml
-- Up-to-date symlink: /home/kiranchand/kc_vision_ws/install/kc_vision/share/kc_vision/config/twist_mux.yaml
-- Up-to-date symlink: /home/kiranchand/kc_vision_ws/install/kc_vision/share/kc_vision/description/camera.xacro
-- Up-to-date symlink: /home/kiranchand/kc_vision_ws/install/kc_vision/share/kc_vision/description/gazebo_control.xacro
-- Up-to-date symlink: /home/kiranchand/kc_vision_ws/install/kc_vision/share/kc_vision/description/gps.xacro
-- Up-to-date symlink: /home/kiranchand/kc_vision_ws/install/kc_vision/share/kc_vision/description/gz_new_cont.xacro
-- Up-to-date symlink: /home/kiranchand/kc_vision_ws/install/kc_vision/share/kc_vision/description/imu.xacro
-- Up-to-date symlink: /home/kiranchand/kc_vision_ws/install/kc_vision/share/kc_vision/description/lidar.xacro
-- Up-to-date symlink: /home/kiranchand/kc_vision_ws/install/kc_vision/share/kc_vision/description/project_visionkc.gazebo
-- Up-to-date symlink: /home/kiranchand/kc_vision_ws/install/kc_vision/share/kc_vision/description/robot.urdf.xacro
-- Up-to-date symlink: /home/kiranchand/kc_vision_ws/install/kc_vision/share/kc_vision/description/robot_core copy.xacro
-- Up-to-date symlink: /home/kiranchand/kc_vision_ws/install/kc_vision/share/kc_vision/description/robot_core.xacro
-- Up-to-date symlink: /home/kiranchand/kc_vision_ws/install/kc_vision/share/kc_vision/description/ros2_control.xacro
-- Up-to-date symlink: /home/kiranchand/kc_vision_ws/install/kc_vision/share/kc_vision/launch/arduino_joy_bridge.py
-- Up-to-date symlink: /home/kiranchand/kc_vision_ws/install/kc_vision/share/kc_vision/launch/dual_ekf_navsat.launch.py
-- Up-to-date symlink: /home/kiranchand/kc_vision_ws/install/kc_vision/share/kc_vision/launch/gps_waypoint_follower.launch.py
-- Up-to-date symlink: /home/kiranchand/kc_vision_ws/install/kc_vision/share/kc_vision/launch/launch_sim.launch.py
-- Up-to-date symlink: /home/kiranchand/kc_vision_ws/install/kc_vision/share/kc_vision/launch/localization_launch.py
-- Up-to-date symlink: /home/kiranchand/kc_vision_ws/install/kc_vision/share/kc_vision/launch/maps_mower.py
-- Up-to-date symlink: /home/kiranchand/kc_vision_ws/install/kc_vision/share/kc_vision/launch/mapviz.launch.py
-- Up-to-date symlink: /home/kiranchand/kc_vision_ws/install/kc_vision/share/kc_vision/launch/navigation_launch.py
-- Up-to-date symlink: /home/kiranchand/kc_vision_ws/install/kc_vision/share/kc_vision/launch/new.launch_sim.py
-- Up-to-date symlink: /home/kiranchand/kc_vision_ws/install/kc_vision/share/kc_vision/launch/nrsp.launch.py
-- Up-to-date symlink: /home/kiranchand/kc_vision_ws/install/kc_vision/share/kc_vision/launch/rsp.launch.py
-- Up-to-date symlink: /home/kiranchand/kc_vision_ws/install/kc_vision/share/kc_vision/worlds/empty.world
-- Up-to-date symlink: /home/kiranchand/kc_vision_ws/install/kc_vision/share/kc_vision/worlds/obstacles_in.sdf
-- Up-to-date symlink: /home/kiranchand/kc_vision_ws/install/kc_vision/share/kc_vision/worlds/sim_world.sdf
-- Up-to-date symlink: /home/kiranchand/kc_vision_ws/install/kc_vision/share/kc_vision/worlds/small_world.sdf
-- Up-to-date symlink: /home/kiranchand/kc_vision_ws/install/kc_vision/share/kc_vision/worlds/tree_world.sdf
-- Up-to-date symlink: /home/kiranchand/kc_vision_ws/install/kc_vision/share/kc_vision/meshes/150mm_Cutting_disc_holder_v4_1.stl
-- Up-to-date symlink: /home/kiranchand/kc_vision_ws/install/kc_vision/share/kc_vision/meshes/A7_-_DC_Geared_Motor_v1_1.stl
-- Up-to-date symlink: /home/kiranchand/kc_vision_ws/install/kc_vision/share/kc_vision/meshes/A7_-_DC_Geared_Motor_v1_Mirror__1.stl
-- Up-to-date symlink: /home/kiranchand/kc_vision_ws/install/kc_vision/share/kc_vision/meshes/A7_-_DC_Geared_Motor_v1_Mirror__Mirror__1.stl
-- Up-to-date symlink: /home/kiranchand/kc_vision_ws/install/kc_vision/share/kc_vision/meshes/A7_-_DC_Geared_Motor_v1_Mirror___1__1.stl
-- Up-to-date symlink: /home/kiranchand/kc_vision_ws/install/kc_vision/share/kc_vision/meshes/base_link.stl
-- Up-to-date symlink: /home/kiranchand/kc_vision_ws/install/kc_vision/share/kc_vision/meshes/camera_1.stl
-- Up-to-date symlink: /home/kiranchand/kc_vision_ws/install/kc_vision/share/kc_vision/meshes/imu_sensor_TM171__1.stl
-- Up-to-date symlink: /home/kiranchand/kc_vision_ws/install/kc_vision/share/kc_vision/meshes/left_Omni_Wheel_v1__1__1.stl
-- Up-to-date symlink: /home/kiranchand/kc_vision_ws/install/kc_vision/share/kc_vision/meshes/left_Wheel_Rim_1.stl
-- Up-to-date symlink: /home/kiranchand/kc_vision_ws/install/kc_vision/share/kc_vision/meshes/left_Wheel_tire_1.stl
-- Up-to-date symlink: /home/kiranchand/kc_vision_ws/install/kc_vision/share/kc_vision/meshes/lidar_1.stl
-- Up-to-date symlink: /home/kiranchand/kc_vision_ws/install/kc_vision/share/kc_vision/meshes/right_Omni_Wheel__1.stl
-- Up-to-date symlink: /home/kiranchand/kc_vision_ws/install/kc_vision/share/kc_vision/meshes/right_Wheel_Rim_1.stl
-- Up-to-date symlink: /home/kiranchand/kc_vision_ws/install/kc_vision/share/kc_vision/meshes/right_Wheel_Tire_1.stl
-- Up-to-date symlink: /home/kiranchand/kc_vision_ws/install/kc_vision/lib/kc_vision/arduino_joy_bridge.py
-- Up-to-date symlink: /home/kiranchand/kc_vision_ws/install/kc_vision/share/ament_index/resource_index/package_run_dependencies/kc_vision
-- Up-to-date symlink: /home/kiranchand/kc_vision_ws/install/kc_vision/share/ament_index/resource_index/parent_prefix_path/kc_vision
-- Up-to-date symlink: /home/kiranchand/kc_vision_ws/install/kc_vision/share/kc_vision/environment/ament_prefix_path.sh
-- Up-to-date symlink: /home/kiranchand/kc_vision_ws/install/kc_vision/share/kc_vision/environment/ament_prefix_path.dsv
-- Up-to-date symlink: /home/kiranchand/kc_vision_ws/install/kc_vision/share/kc_vision/environment/path.sh
-- Up-to-date symlink: /home/kiranchand/kc_vision_ws/install/kc_vision/share/kc_vision/environment/path.dsv
-- Up-to-date symlink: /home/kiranchand/kc_vision_ws/install/kc_vision/share/kc_vision/local_setup.bash
-- Up-to-date symlink: /home/kiranchand/kc_vision_ws/install/kc_vision/share/kc_vision/local_setup.sh
-- Up-to-date symlink: /home/kiranchand/kc_vision_ws/install/kc_vision/share/kc_vision/local_setup.zsh
-- Up-to-date symlink: /home/kiranchand/kc_vision_ws/install/kc_vision/share/kc_vision/local_setup.dsv
-- Symlinking: /home/kiranchand/kc_vision_ws/install/kc_vision/share/kc_vision/package.dsv
-- Up-to-date symlink: /home/kiranchand/kc_vision_ws/install/kc_vision/share/ament_index/resource_index/packages/kc_vision
-- Up-to-date symlink: /home/kiranchand/kc_vision_ws/install/kc_vision/share/kc_vision/cmake/kc_visionConfig.cmake
-- Up-to-date symlink: /home/kiranchand/kc_vision_ws/install/kc_vision/share/kc_vision/cmake/kc_visionConfig-version.cmake
-- Up-to-date symlink: /home/kiranchand/kc_vision_ws/install/kc_vision/share/kc_vision/package.xml
