[1.058s] Invoking command in '/home/kiranchand/kc_vision_ws/build/kc_vision_scripts': DEBUGINFOD_URLS=https://debuginfod.ubuntu.com PYTHONPATH=/home/kiranchand/kc_vision_ws/build/kc_vision_scripts/prefix_override:/usr/lib/python3/dist-packages/colcon_core/task/python/colcon_distutils_commands:/home/kiranchand/kc_vision_ws/install/kc_vision_scripts/lib/python3.12/site-packages:${PYTHONPATH} /usr/bin/python3 -W ignore:setup.py install is deprecated -W ignore:easy_install command is deprecated setup.py develop --editable --build-directory /home/kiranchand/kc_vision_ws/build/kc_vision_scripts/build --no-deps symlink_data
[1.592s] running develop
[1.846s] /usr/lib/python3/dist-packages/setuptools/command/easy_install.py:363: UserWarning: Unbuilt egg for pytest-repeat [unknown version] (/usr/lib/python3/dist-packages)
[1.846s]   self.local_index = Environment(self.shadow_path + sys.path)
[1.901s] running egg_info
[1.901s] creating kc_vision_scripts.egg-info
[1.929s] writing kc_vision_scripts.egg-info/PKG-INFO
[1.930s] writing dependency_links to kc_vision_scripts.egg-info/dependency_links.txt
[1.930s] writing requirements to kc_vision_scripts.egg-info/requires.txt
[1.930s] writing top-level names to kc_vision_scripts.egg-info/top_level.txt
[1.930s] writing manifest file 'kc_vision_scripts.egg-info/SOURCES.txt'
[1.997s] reading manifest file 'kc_vision_scripts.egg-info/SOURCES.txt'
[2.000s] writing manifest file 'kc_vision_scripts.egg-info/SOURCES.txt'
[2.033s] running build_ext
[2.033s] Creating /home/kiranchand/kc_vision_ws/install/kc_vision_scripts/lib/python3.12/site-packages/kc-vision-scripts.egg-link (link to .)
[2.033s] 
[2.034s] Installed /home/kiranchand/kc_vision_ws/build/kc_vision_scripts
[2.034s] running symlink_data
[2.034s] creating /home/kiranchand/kc_vision_ws/install/kc_vision_scripts/share/ament_index
[2.034s] creating /home/kiranchand/kc_vision_ws/install/kc_vision_scripts/share/ament_index/resource_index
[2.034s] creating /home/kiranchand/kc_vision_ws/install/kc_vision_scripts/share/ament_index/resource_index/packages
[2.034s] symbolically linking /home/kiranchand/kc_vision_ws/build/kc_vision_scripts/resource/kc_vision_scripts -> /home/kiranchand/kc_vision_ws/install/kc_vision_scripts/share/ament_index/resource_index/packages
[2.034s] symbolically linking /home/kiranchand/kc_vision_ws/build/kc_vision_scripts/package.xml -> /home/kiranchand/kc_vision_ws/install/kc_vision_scripts/share/kc_vision_scripts
[2.076s] Invoked command in '/home/kiranchand/kc_vision_ws/build/kc_vision_scripts' returned '0': DEBUGINFOD_URLS=https://debuginfod.ubuntu.com PYTHONPATH=/home/kiranchand/kc_vision_ws/build/kc_vision_scripts/prefix_override:/usr/lib/python3/dist-packages/colcon_core/task/python/colcon_distutils_commands:/home/kiranchand/kc_vision_ws/install/kc_vision_scripts/lib/python3.12/site-packages:${PYTHONPATH} /usr/bin/python3 -W ignore:setup.py install is deprecated -W ignore:easy_install command is deprecated setup.py develop --editable --build-directory /home/kiranchand/kc_vision_ws/build/kc_vision_scripts/build --no-deps symlink_data
