[0.113s] Invoking command in '/home/kiranchand/kc_vision_ws/build/kc_vision_localization': CMAKE_PREFIX_PATH=${CMAKE_PREFIX_PATH}:/home/kiranchand/turtlebot3_ws/install/turtlebot3_teleop:/home/kiranchand/turtlebot3_ws/install/turtlebot3_example:/home/kiranchand/turtlebot3_ws/install/nav2_gps_waypoint_follower_demo:/opt/ros/jazzy DEBUGINFOD_URLS=https://debuginfod.ubuntu.com /usr/bin/cmake --build /home/kiranchand/kc_vision_ws/build/kc_vision_localization -- -j12 -l12
[0.595s] Invoked command in '/home/kiranchand/kc_vision_ws/build/kc_vision_localization' returned '0': CMAKE_PREFIX_PATH=${CMAKE_PREFIX_PATH}:/home/kiranchand/turtlebot3_ws/install/turtlebot3_teleop:/home/kiranchand/turtlebot3_ws/install/turtlebot3_example:/home/kiranchand/turtlebot3_ws/install/nav2_gps_waypoint_follower_demo:/opt/ros/jazzy DEBUGINFOD_URLS=https://debuginfod.ubuntu.com /usr/bin/cmake --build /home/kiranchand/kc_vision_ws/build/kc_vision_localization -- -j12 -l12
[0.616s] Invoking command in '/home/kiranchand/kc_vision_ws/build/kc_vision_localization': CMAKE_PREFIX_PATH=${CMAKE_PREFIX_PATH}:/home/kiranchand/turtlebot3_ws/install/turtlebot3_teleop:/home/kiranchand/turtlebot3_ws/install/turtlebot3_example:/home/kiranchand/turtlebot3_ws/install/nav2_gps_waypoint_follower_demo:/opt/ros/jazzy DEBUGINFOD_URLS=https://debuginfod.ubuntu.com /usr/bin/cmake --install /home/kiranchand/kc_vision_ws/build/kc_vision_localization
[0.635s] -- Install configuration: ""
[0.636s] -- Execute custom install script
[0.637s] -- Up-to-date symlink: /home/kiranchand/kc_vision_ws/install/kc_vision_localization/share/kc_vision_localization//config/dual_ekf_navsat_params.yaml
[0.638s] -- Up-to-date symlink: /home/kiranchand/kc_vision_ws/install/kc_vision_localization/share/kc_vision_localization//config/ekf_real.yaml
[0.639s] -- Up-to-date symlink: /home/kiranchand/kc_vision_ws/install/kc_vision_localization/share/kc_vision_localization//config/ekf_sim.yaml
[0.639s] -- Up-to-date symlink: /home/kiranchand/kc_vision_ws/install/kc_vision_localization/share/kc_vision_localization//launch/dual_ekf_navsat.launch.py
[0.640s] -- Up-to-date symlink: /home/kiranchand/kc_vision_ws/install/kc_vision_localization/share/kc_vision_localization//launch/localization.launch.py
[0.641s] -- Up-to-date symlink: /home/kiranchand/kc_vision_ws/install/kc_vision_localization/share/ament_index/resource_index/package_run_dependencies/kc_vision_localization
[0.642s] -- Up-to-date symlink: /home/kiranchand/kc_vision_ws/install/kc_vision_localization/share/ament_index/resource_index/parent_prefix_path/kc_vision_localization
[0.644s] -- Up-to-date symlink: /home/kiranchand/kc_vision_ws/install/kc_vision_localization/share/kc_vision_localization/environment/ament_prefix_path.sh
[0.644s] -- Up-to-date symlink: /home/kiranchand/kc_vision_ws/install/kc_vision_localization/share/kc_vision_localization/environment/ament_prefix_path.dsv
[0.645s] -- Up-to-date symlink: /home/kiranchand/kc_vision_ws/install/kc_vision_localization/share/kc_vision_localization/environment/path.sh
[0.646s] -- Up-to-date symlink: /home/kiranchand/kc_vision_ws/install/kc_vision_localization/share/kc_vision_localization/environment/path.dsv
[0.647s] -- Up-to-date symlink: /home/kiranchand/kc_vision_ws/install/kc_vision_localization/share/kc_vision_localization/local_setup.bash
[0.647s] -- Up-to-date symlink: /home/kiranchand/kc_vision_ws/install/kc_vision_localization/share/kc_vision_localization/local_setup.sh
[0.648s] -- Up-to-date symlink: /home/kiranchand/kc_vision_ws/install/kc_vision_localization/share/kc_vision_localization/local_setup.zsh
[0.648s] -- Up-to-date symlink: /home/kiranchand/kc_vision_ws/install/kc_vision_localization/share/kc_vision_localization/local_setup.dsv
[0.650s] -- Symlinking: /home/kiranchand/kc_vision_ws/install/kc_vision_localization/share/kc_vision_localization/package.dsv
[0.673s] -- Up-to-date symlink: /home/kiranchand/kc_vision_ws/install/kc_vision_localization/share/ament_index/resource_index/packages/kc_vision_localization
[0.674s] -- Up-to-date symlink: /home/kiranchand/kc_vision_ws/install/kc_vision_localization/share/kc_vision_localization/cmake/kc_vision_localizationConfig.cmake
[0.674s] -- Up-to-date symlink: /home/kiranchand/kc_vision_ws/install/kc_vision_localization/share/kc_vision_localization/cmake/kc_vision_localizationConfig-version.cmake
[0.674s] -- Up-to-date symlink: /home/kiranchand/kc_vision_ws/install/kc_vision_localization/share/kc_vision_localization/package.xml
[0.677s] Invoked command in '/home/kiranchand/kc_vision_ws/build/kc_vision_localization' returned '0': CMAKE_PREFIX_PATH=${CMAKE_PREFIX_PATH}:/home/kiranchand/turtlebot3_ws/install/turtlebot3_teleop:/home/kiranchand/turtlebot3_ws/install/turtlebot3_example:/home/kiranchand/turtlebot3_ws/install/nav2_gps_waypoint_follower_demo:/opt/ros/jazzy DEBUGINFOD_URLS=https://debuginfod.ubuntu.com /usr/bin/cmake --install /home/kiranchand/kc_vision_ws/build/kc_vision_localization
