[1.117s] Invoking command in '/home/kiranchand/kc_vision_ws/build/kc_vision_scripts': DEBUGINFOD_URLS=https://debuginfod.ubuntu.com PYTHONPATH=/home/kiranchand/kc_vision_ws/build/kc_vision_scripts/prefix_override:/usr/lib/python3/dist-packages/colcon_core/task/python/colcon_distutils_commands:/home/kiranchand/kc_vision_ws/install/kc_vision_scripts/lib/python3.12/site-packages:${PYTHONPATH} /usr/bin/python3 -W ignore:setup.py install is deprecated -W ignore:easy_install command is deprecated setup.py develop --editable --build-directory /home/kiranchand/kc_vision_ws/build/kc_vision_scripts/build --no-deps symlink_data
[1.647s] running develop
[1.947s] /usr/lib/python3/dist-packages/setuptools/command/easy_install.py:363: UserWarning: Unbuilt egg for pytest-repeat [unknown version] (/usr/lib/python3/dist-packages)
[1.947s]   self.local_index = Environment(self.shadow_path + sys.path)
[2.010s] running egg_info
[2.010s] creating kc_vision_scripts.egg-info
[2.037s] writing kc_vision_scripts.egg-info/PKG-INFO
[2.038s] writing dependency_links to kc_vision_scripts.egg-info/dependency_links.txt
[2.038s] writing requirements to kc_vision_scripts.egg-info/requires.txt
[2.038s] writing top-level names to kc_vision_scripts.egg-info/top_level.txt
[2.038s] writing manifest file 'kc_vision_scripts.egg-info/SOURCES.txt'
[2.092s] reading manifest file 'kc_vision_scripts.egg-info/SOURCES.txt'
[2.092s] writing manifest file 'kc_vision_scripts.egg-info/SOURCES.txt'
[2.122s] running build_ext
[2.122s] Creating /home/kiranchand/kc_vision_ws/install/kc_vision_scripts/lib/python3.12/site-packages/kc-vision-scripts.egg-link (link to .)
[2.123s] 
[2.123s] Installed /home/kiranchand/kc_vision_ws/build/kc_vision_scripts
[2.123s] running symlink_data
[2.123s] creating /home/kiranchand/kc_vision_ws/install/kc_vision_scripts/share/ament_index
[2.123s] creating /home/kiranchand/kc_vision_ws/install/kc_vision_scripts/share/ament_index/resource_index
[2.123s] creating /home/kiranchand/kc_vision_ws/install/kc_vision_scripts/share/ament_index/resource_index/packages
[2.123s] symbolically linking /home/kiranchand/kc_vision_ws/build/kc_vision_scripts/resource/kc_vision_scripts -> /home/kiranchand/kc_vision_ws/install/kc_vision_scripts/share/ament_index/resource_index/packages
[2.123s] symbolically linking /home/kiranchand/kc_vision_ws/build/kc_vision_scripts/package.xml -> /home/kiranchand/kc_vision_ws/install/kc_vision_scripts/share/kc_vision_scripts
[2.172s] Invoked command in '/home/kiranchand/kc_vision_ws/build/kc_vision_scripts' returned '0': DEBUGINFOD_URLS=https://debuginfod.ubuntu.com PYTHONPATH=/home/kiranchand/kc_vision_ws/build/kc_vision_scripts/prefix_override:/usr/lib/python3/dist-packages/colcon_core/task/python/colcon_distutils_commands:/home/kiranchand/kc_vision_ws/install/kc_vision_scripts/lib/python3.12/site-packages:${PYTHONPATH} /usr/bin/python3 -W ignore:setup.py install is deprecated -W ignore:easy_install command is deprecated setup.py develop --editable --build-directory /home/kiranchand/kc_vision_ws/build/kc_vision_scripts/build --no-deps symlink_data
