[0.047s] Invoking command in '/home/kiranchand/kc_vision_ws/build/kc_vision_localization': CMAKE_PREFIX_PATH=${CMAKE_PREFIX_PATH}:/home/kiranchand/kc_vision_ws/install/kc_vision_scripts:/home/kiranchand/turtlebot3_ws/install/turtlebot3_teleop:/home/kiranchand/turtlebot3_ws/install/turtlebot3_example:/home/kiranchand/turtlebot3_ws/install/nav2_gps_waypoint_follower_demo:/opt/ros/jazzy DEBUGINFOD_URLS=https://debuginfod.ubuntu.com /usr/bin/cmake /home/kiranchand/kc_vision_ws/src/kc_vision_localization -DAMENT_CMAKE_SYMLINK_INSTALL=1 -DCMAKE_INSTALL_PREFIX=/home/kiranchand/kc_vision_ws/install/kc_vision_localization
[0.275s] -- The C compiler identification is GNU 13.3.0
[0.275s] -- The CXX compiler identification is GNU 13.3.0
[0.275s] -- Detecting C compiler ABI info
[0.353s] -- Detecting C compiler ABI info - done
[0.366s] -- Check for working C compiler: /usr/bin/cc - skipped
[0.366s] -- Detecting C compile features
[0.366s] -- Detecting C compile features - done
[0.379s] -- Detecting CXX compiler ABI info
[0.499s] -- Detecting CXX compiler ABI info - done
[0.508s] -- Check for working CXX compiler: /usr/bin/c++ - skipped
[0.508s] -- Detecting CXX compile features
[0.509s] -- Detecting CXX compile features - done
[0.522s] -- Found ament_cmake: 2.5.5 (/opt/ros/jazzy/share/ament_cmake/cmake)
[0.739s] -- Found Python3: /usr/bin/python3 (found version "3.12.3") found components: Interpreter 
[0.826s] -- Override CMake install command with custom implementation using symlinks instead of copying resources
[0.935s] -- Found ament_lint_auto: 0.17.4 (/opt/ros/jazzy/share/ament_lint_auto/cmake)
[1.096s] -- Added test 'flake8' to check Python code syntax and style conventions
[1.096s] -- Configured 'flake8' exclude dirs and/or files: 
[1.099s] -- Added test 'lint_cmake' to check CMake code style
[1.101s] -- Added test 'pep257' to check Python code against some of the docstring style conventions in PEP 257
[1.104s] -- Added test 'xmllint' to check XML markup files
[1.109s] -- Configuring done (1.1s)
[1.114s] -- Generating done (0.0s)
[1.117s] -- Build files have been written to: /home/kiranchand/kc_vision_ws/build/kc_vision_localization
[1.125s] Invoked command in '/home/kiranchand/kc_vision_ws/build/kc_vision_localization' returned '0': CMAKE_PREFIX_PATH=${CMAKE_PREFIX_PATH}:/home/kiranchand/kc_vision_ws/install/kc_vision_scripts:/home/kiranchand/turtlebot3_ws/install/turtlebot3_teleop:/home/kiranchand/turtlebot3_ws/install/turtlebot3_example:/home/kiranchand/turtlebot3_ws/install/nav2_gps_waypoint_follower_demo:/opt/ros/jazzy DEBUGINFOD_URLS=https://debuginfod.ubuntu.com /usr/bin/cmake /home/kiranchand/kc_vision_ws/src/kc_vision_localization -DAMENT_CMAKE_SYMLINK_INSTALL=1 -DCMAKE_INSTALL_PREFIX=/home/kiranchand/kc_vision_ws/install/kc_vision_localization
[1.127s] Invoking command in '/home/kiranchand/kc_vision_ws/build/kc_vision_localization': CMAKE_PREFIX_PATH=${CMAKE_PREFIX_PATH}:/home/kiranchand/kc_vision_ws/install/kc_vision_scripts:/home/kiranchand/turtlebot3_ws/install/turtlebot3_teleop:/home/kiranchand/turtlebot3_ws/install/turtlebot3_example:/home/kiranchand/turtlebot3_ws/install/nav2_gps_waypoint_follower_demo:/opt/ros/jazzy DEBUGINFOD_URLS=https://debuginfod.ubuntu.com /usr/bin/cmake --build /home/kiranchand/kc_vision_ws/build/kc_vision_localization -- -j12 -l12
[1.188s] Invoked command in '/home/kiranchand/kc_vision_ws/build/kc_vision_localization' returned '0': CMAKE_PREFIX_PATH=${CMAKE_PREFIX_PATH}:/home/kiranchand/kc_vision_ws/install/kc_vision_scripts:/home/kiranchand/turtlebot3_ws/install/turtlebot3_teleop:/home/kiranchand/turtlebot3_ws/install/turtlebot3_example:/home/kiranchand/turtlebot3_ws/install/nav2_gps_waypoint_follower_demo:/opt/ros/jazzy DEBUGINFOD_URLS=https://debuginfod.ubuntu.com /usr/bin/cmake --build /home/kiranchand/kc_vision_ws/build/kc_vision_localization -- -j12 -l12
[1.201s] Invoking command in '/home/kiranchand/kc_vision_ws/build/kc_vision_localization': CMAKE_PREFIX_PATH=${CMAKE_PREFIX_PATH}:/home/kiranchand/kc_vision_ws/install/kc_vision_scripts:/home/kiranchand/turtlebot3_ws/install/turtlebot3_teleop:/home/kiranchand/turtlebot3_ws/install/turtlebot3_example:/home/kiranchand/turtlebot3_ws/install/nav2_gps_waypoint_follower_demo:/opt/ros/jazzy DEBUGINFOD_URLS=https://debuginfod.ubuntu.com /usr/bin/cmake --install /home/kiranchand/kc_vision_ws/build/kc_vision_localization
[1.214s] -- Install configuration: ""
[1.215s] -- Execute custom install script
[1.215s] -- Symlinking: /home/kiranchand/kc_vision_ws/install/kc_vision_localization/share/kc_vision_localization//config/dual_ekf_navsat_params.yaml
[1.227s] -- Symlinking: /home/kiranchand/kc_vision_ws/install/kc_vision_localization/share/kc_vision_localization//config/ekf_real.yaml
[1.240s] -- Symlinking: /home/kiranchand/kc_vision_ws/install/kc_vision_localization/share/kc_vision_localization//config/ekf_sim.yaml
[1.253s] -- Symlinking: /home/kiranchand/kc_vision_ws/install/kc_vision_localization/share/kc_vision_localization//launch/dual_ekf_navsat.launch.py
[1.265s] -- Symlinking: /home/kiranchand/kc_vision_ws/install/kc_vision_localization/share/kc_vision_localization//launch/localization.launch.py
[1.277s] -- Symlinking: /home/kiranchand/kc_vision_ws/install/kc_vision_localization/share/ament_index/resource_index/package_run_dependencies/kc_vision_localization
[1.291s] -- Symlinking: /home/kiranchand/kc_vision_ws/install/kc_vision_localization/share/ament_index/resource_index/parent_prefix_path/kc_vision_localization
[1.303s] -- Symlinking: /home/kiranchand/kc_vision_ws/install/kc_vision_localization/share/kc_vision_localization/environment/ament_prefix_path.sh
[1.318s] -- Symlinking: /home/kiranchand/kc_vision_ws/install/kc_vision_localization/share/kc_vision_localization/environment/ament_prefix_path.dsv
[1.334s] -- Symlinking: /home/kiranchand/kc_vision_ws/install/kc_vision_localization/share/kc_vision_localization/environment/path.sh
[1.349s] -- Symlinking: /home/kiranchand/kc_vision_ws/install/kc_vision_localization/share/kc_vision_localization/environment/path.dsv
[1.365s] -- Symlinking: /home/kiranchand/kc_vision_ws/install/kc_vision_localization/share/kc_vision_localization/local_setup.bash
[1.383s] -- Symlinking: /home/kiranchand/kc_vision_ws/install/kc_vision_localization/share/kc_vision_localization/local_setup.sh
[1.408s] -- Symlinking: /home/kiranchand/kc_vision_ws/install/kc_vision_localization/share/kc_vision_localization/local_setup.zsh
[1.435s] -- Symlinking: /home/kiranchand/kc_vision_ws/install/kc_vision_localization/share/kc_vision_localization/local_setup.dsv
[1.454s] -- Symlinking: /home/kiranchand/kc_vision_ws/install/kc_vision_localization/share/kc_vision_localization/package.dsv
[1.469s] -- Symlinking: /home/kiranchand/kc_vision_ws/install/kc_vision_localization/share/ament_index/resource_index/packages/kc_vision_localization
[1.482s] -- Symlinking: /home/kiranchand/kc_vision_ws/install/kc_vision_localization/share/kc_vision_localization/cmake/kc_vision_localizationConfig.cmake
[1.493s] -- Symlinking: /home/kiranchand/kc_vision_ws/install/kc_vision_localization/share/kc_vision_localization/cmake/kc_vision_localizationConfig-version.cmake
[1.504s] -- Symlinking: /home/kiranchand/kc_vision_ws/install/kc_vision_localization/share/kc_vision_localization/package.xml
[1.520s] Invoked command in '/home/kiranchand/kc_vision_ws/build/kc_vision_localization' returned '0': CMAKE_PREFIX_PATH=${CMAKE_PREFIX_PATH}:/home/kiranchand/kc_vision_ws/install/kc_vision_scripts:/home/kiranchand/turtlebot3_ws/install/turtlebot3_teleop:/home/kiranchand/turtlebot3_ws/install/turtlebot3_example:/home/kiranchand/turtlebot3_ws/install/nav2_gps_waypoint_follower_demo:/opt/ros/jazzy DEBUGINFOD_URLS=https://debuginfod.ubuntu.com /usr/bin/cmake --install /home/kiranchand/kc_vision_ws/build/kc_vision_localization
