[0.216s] Invoking command in '/home/kiranchand/kc_vision_ws/build/kc_vision_localization': CMAKE_PREFIX_PATH=${CMAKE_PREFIX_PATH}:/home/kiranchand/kc_vision_ws/install/kc_vision_scripts:/home/kiranchand/turtlebot3_ws/install/turtlebot3_teleop:/home/kiranchand/turtlebot3_ws/install/turtlebot3_example:/home/kiranchand/turtlebot3_ws/install/nav2_gps_waypoint_follower_demo:/opt/ros/jazzy DEBUGINFOD_URLS=https://debuginfod.ubuntu.com /usr/bin/cmake --build /home/kiranchand/kc_vision_ws/build/kc_vision_localization -- -j12 -l12
[1.044s] Invoked command in '/home/kiranchand/kc_vision_ws/build/kc_vision_localization' returned '0': CMAKE_PREFIX_PATH=${CMAKE_PREFIX_PATH}:/home/kiranchand/kc_vision_ws/install/kc_vision_scripts:/home/kiranchand/turtlebot3_ws/install/turtlebot3_teleop:/home/kiranchand/turtlebot3_ws/install/turtlebot3_example:/home/kiranchand/turtlebot3_ws/install/nav2_gps_waypoint_follower_demo:/opt/ros/jazzy DEBUGINFOD_URLS=https://debuginfod.ubuntu.com /usr/bin/cmake --build /home/kiranchand/kc_vision_ws/build/kc_vision_localization -- -j12 -l12
[1.079s] Invoking command in '/home/kiranchand/kc_vision_ws/build/kc_vision_localization': CMAKE_PREFIX_PATH=${CMAKE_PREFIX_PATH}:/home/kiranchand/kc_vision_ws/install/kc_vision_scripts:/home/kiranchand/turtlebot3_ws/install/turtlebot3_teleop:/home/kiranchand/turtlebot3_ws/install/turtlebot3_example:/home/kiranchand/turtlebot3_ws/install/nav2_gps_waypoint_follower_demo:/opt/ros/jazzy DEBUGINFOD_URLS=https://debuginfod.ubuntu.com /usr/bin/cmake --install /home/kiranchand/kc_vision_ws/build/kc_vision_localization
[1.169s] -- Install configuration: ""
[1.170s] -- Execute custom install script
[1.173s] -- Up-to-date symlink: /home/kiranchand/kc_vision_ws/install/kc_vision_localization/share/kc_vision_localization//config/dual_ekf_navsat_params.yaml
[1.173s] -- Up-to-date symlink: /home/kiranchand/kc_vision_ws/install/kc_vision_localization/share/kc_vision_localization//config/ekf_real.yaml
[1.175s] -- Up-to-date symlink: /home/kiranchand/kc_vision_ws/install/kc_vision_localization/share/kc_vision_localization//config/ekf_sim.yaml
[1.175s] -- Up-to-date symlink: /home/kiranchand/kc_vision_ws/install/kc_vision_localization/share/kc_vision_localization//launch/dual_ekf_navsat.launch.py
[1.176s] -- Up-to-date symlink: /home/kiranchand/kc_vision_ws/install/kc_vision_localization/share/kc_vision_localization//launch/localization.launch.py
[1.176s] -- Up-to-date symlink: /home/kiranchand/kc_vision_ws/install/kc_vision_localization/share/ament_index/resource_index/package_run_dependencies/kc_vision_localization
[1.176s] -- Up-to-date symlink: /home/kiranchand/kc_vision_ws/install/kc_vision_localization/share/ament_index/resource_index/parent_prefix_path/kc_vision_localization
[1.177s] -- Up-to-date symlink: /home/kiranchand/kc_vision_ws/install/kc_vision_localization/share/kc_vision_localization/environment/ament_prefix_path.sh
[1.177s] -- Up-to-date symlink: /home/kiranchand/kc_vision_ws/install/kc_vision_localization/share/kc_vision_localization/environment/ament_prefix_path.dsv
[1.177s] -- Up-to-date symlink: /home/kiranchand/kc_vision_ws/install/kc_vision_localization/share/kc_vision_localization/environment/path.sh
[1.177s] -- Up-to-date symlink: /home/kiranchand/kc_vision_ws/install/kc_vision_localization/share/kc_vision_localization/environment/path.dsv
[1.177s] -- Up-to-date symlink: /home/kiranchand/kc_vision_ws/install/kc_vision_localization/share/kc_vision_localization/local_setup.bash
[1.178s] -- Up-to-date symlink: /home/kiranchand/kc_vision_ws/install/kc_vision_localization/share/kc_vision_localization/local_setup.sh
[1.178s] -- Up-to-date symlink: /home/kiranchand/kc_vision_ws/install/kc_vision_localization/share/kc_vision_localization/local_setup.zsh
[1.178s] -- Up-to-date symlink: /home/kiranchand/kc_vision_ws/install/kc_vision_localization/share/kc_vision_localization/local_setup.dsv
[1.179s] -- Symlinking: /home/kiranchand/kc_vision_ws/install/kc_vision_localization/share/kc_vision_localization/package.dsv
[1.179s] -- Up-to-date symlink: /home/kiranchand/kc_vision_ws/install/kc_vision_localization/share/ament_index/resource_index/packages/kc_vision_localization
[1.182s] -- Up-to-date symlink: /home/kiranchand/kc_vision_ws/install/kc_vision_localization/share/kc_vision_localization/cmake/kc_vision_localizationConfig.cmake
[1.183s] -- Up-to-date symlink: /home/kiranchand/kc_vision_ws/install/kc_vision_localization/share/kc_vision_localization/cmake/kc_vision_localizationConfig-version.cmake
[1.183s] -- Up-to-date symlink: /home/kiranchand/kc_vision_ws/install/kc_vision_localization/share/kc_vision_localization/package.xml
[1.247s] Invoked command in '/home/kiranchand/kc_vision_ws/build/kc_vision_localization' returned '0': CMAKE_PREFIX_PATH=${CMAKE_PREFIX_PATH}:/home/kiranchand/kc_vision_ws/install/kc_vision_scripts:/home/kiranchand/turtlebot3_ws/install/turtlebot3_teleop:/home/kiranchand/turtlebot3_ws/install/turtlebot3_example:/home/kiranchand/turtlebot3_ws/install/nav2_gps_waypoint_follower_demo:/opt/ros/jazzy DEBUGINFOD_URLS=https://debuginfod.ubuntu.com /usr/bin/cmake --install /home/kiranchand/kc_vision_ws/build/kc_vision_localization
