[0.040s] Invoking command in '/home/kiranchand/kc_vision_ws/build/kc_vision_nav2': CMAKE_PREFIX_PATH=${CMAKE_PREFIX_PATH}:/home/kiranchand/kc_vision_ws/install/kc_vision_scripts:/home/kiranchand/turtlebot3_ws/install/turtlebot3_teleop:/home/kiranchand/turtlebot3_ws/install/turtlebot3_example:/home/kiranchand/turtlebot3_ws/install/nav2_gps_waypoint_follower_demo:/opt/ros/jazzy DEBUGINFOD_URLS=https://debuginfod.ubuntu.com /usr/bin/cmake --build /home/kiranchand/kc_vision_ws/build/kc_vision_nav2 -- -j12 -l12
[0.262s] [100%] Built target cmd_vel_watchdog
[0.274s] Invoked command in '/home/kiranchand/kc_vision_ws/build/kc_vision_nav2' returned '0': CMAKE_PREFIX_PATH=${CMAKE_PREFIX_PATH}:/home/kiranchand/kc_vision_ws/install/kc_vision_scripts:/home/kiranchand/turtlebot3_ws/install/turtlebot3_teleop:/home/kiranchand/turtlebot3_ws/install/turtlebot3_example:/home/kiranchand/turtlebot3_ws/install/nav2_gps_waypoint_follower_demo:/opt/ros/jazzy DEBUGINFOD_URLS=https://debuginfod.ubuntu.com /usr/bin/cmake --build /home/kiranchand/kc_vision_ws/build/kc_vision_nav2 -- -j12 -l12
[0.275s] Invoking command in '/home/kiranchand/kc_vision_ws/build/kc_vision_nav2': CMAKE_PREFIX_PATH=${CMAKE_PREFIX_PATH}:/home/kiranchand/kc_vision_ws/install/kc_vision_scripts:/home/kiranchand/turtlebot3_ws/install/turtlebot3_teleop:/home/kiranchand/turtlebot3_ws/install/turtlebot3_example:/home/kiranchand/turtlebot3_ws/install/nav2_gps_waypoint_follower_demo:/opt/ros/jazzy DEBUGINFOD_URLS=https://debuginfod.ubuntu.com /usr/bin/cmake --install /home/kiranchand/kc_vision_ws/build/kc_vision_nav2
[0.289s] -- Install configuration: ""
[0.290s] -- Execute custom install script
[0.291s] -- Up-to-date symlink: /home/kiranchand/kc_vision_ws/install/kc_vision_nav2/share/kc_vision_nav2//launch/nav2.launch.py
[0.291s] -- Up-to-date symlink: /home/kiranchand/kc_vision_ws/install/kc_vision_nav2/share/kc_vision_nav2//config/nav2_real_params copy.yaml
[0.291s] -- Up-to-date symlink: /home/kiranchand/kc_vision_ws/install/kc_vision_nav2/share/kc_vision_nav2//config/nav2_real_params.yaml
[0.291s] -- Up-to-date symlink: /home/kiranchand/kc_vision_ws/install/kc_vision_nav2/share/kc_vision_nav2//config/nav2_real_params_rpp.yaml
[0.292s] -- Up-to-date symlink: /home/kiranchand/kc_vision_ws/install/kc_vision_nav2/share/kc_vision_nav2//config/nav2_sim_params copy.yaml
[0.292s] -- Up-to-date symlink: /home/kiranchand/kc_vision_ws/install/kc_vision_nav2/share/kc_vision_nav2//config/nav2_sim_params.yaml
[0.292s] -- Up-to-date symlink: /home/kiranchand/kc_vision_ws/install/kc_vision_nav2/share/kc_vision_nav2//rviz/nav2_rviz_config.rviz
[0.292s] -- Up-to-date symlink: /home/kiranchand/kc_vision_ws/install/kc_vision_nav2/share/kc_vision_nav2//rviz/navigation.rviz
[0.292s] -- Up-to-date symlink: /home/kiranchand/kc_vision_ws/install/kc_vision_nav2/lib/kc_vision_nav2/cmd_vel_watchdog
[0.293s] -- Up-to-date symlink: /home/kiranchand/kc_vision_ws/install/kc_vision_nav2/share/ament_index/resource_index/package_run_dependencies/kc_vision_nav2
[0.293s] -- Up-to-date symlink: /home/kiranchand/kc_vision_ws/install/kc_vision_nav2/share/ament_index/resource_index/parent_prefix_path/kc_vision_nav2
[0.293s] -- Up-to-date symlink: /home/kiranchand/kc_vision_ws/install/kc_vision_nav2/share/kc_vision_nav2/environment/ament_prefix_path.sh
[0.293s] -- Up-to-date symlink: /home/kiranchand/kc_vision_ws/install/kc_vision_nav2/share/kc_vision_nav2/environment/ament_prefix_path.dsv
[0.293s] -- Up-to-date symlink: /home/kiranchand/kc_vision_ws/install/kc_vision_nav2/share/kc_vision_nav2/environment/path.sh
[0.293s] -- Up-to-date symlink: /home/kiranchand/kc_vision_ws/install/kc_vision_nav2/share/kc_vision_nav2/environment/path.dsv
[0.293s] -- Up-to-date symlink: /home/kiranchand/kc_vision_ws/install/kc_vision_nav2/share/kc_vision_nav2/local_setup.bash
[0.294s] -- Up-to-date symlink: /home/kiranchand/kc_vision_ws/install/kc_vision_nav2/share/kc_vision_nav2/local_setup.sh
[0.294s] -- Up-to-date symlink: /home/kiranchand/kc_vision_ws/install/kc_vision_nav2/share/kc_vision_nav2/local_setup.zsh
[0.294s] -- Up-to-date symlink: /home/kiranchand/kc_vision_ws/install/kc_vision_nav2/share/kc_vision_nav2/local_setup.dsv
[0.294s] -- Symlinking: /home/kiranchand/kc_vision_ws/install/kc_vision_nav2/share/kc_vision_nav2/package.dsv
[0.303s] -- Up-to-date symlink: /home/kiranchand/kc_vision_ws/install/kc_vision_nav2/share/ament_index/resource_index/packages/kc_vision_nav2
[0.304s] -- Up-to-date symlink: /home/kiranchand/kc_vision_ws/install/kc_vision_nav2/share/kc_vision_nav2/cmake/kc_vision_nav2Config.cmake
[0.305s] -- Up-to-date symlink: /home/kiranchand/kc_vision_ws/install/kc_vision_nav2/share/kc_vision_nav2/cmake/kc_vision_nav2Config-version.cmake
[0.305s] -- Up-to-date symlink: /home/kiranchand/kc_vision_ws/install/kc_vision_nav2/share/kc_vision_nav2/package.xml
[0.338s] Invoked command in '/home/kiranchand/kc_vision_ws/build/kc_vision_nav2' returned '0': CMAKE_PREFIX_PATH=${CMAKE_PREFIX_PATH}:/home/kiranchand/kc_vision_ws/install/kc_vision_scripts:/home/kiranchand/turtlebot3_ws/install/turtlebot3_teleop:/home/kiranchand/turtlebot3_ws/install/turtlebot3_example:/home/kiranchand/turtlebot3_ws/install/nav2_gps_waypoint_follower_demo:/opt/ros/jazzy DEBUGINFOD_URLS=https://debuginfod.ubuntu.com /usr/bin/cmake --install /home/kiranchand/kc_vision_ws/build/kc_vision_nav2
