[0.048s] Invoking command in '/home/kiranchand/kc_vision_ws/build/kc_vision_hardware': CMAKE_PREFIX_PATH=${CMAKE_PREFIX_PATH}:/home/kiranchand/kc_vision_ws/install/kc_vision_scripts:/home/kiranchand/turtlebot3_ws/install/turtlebot3_teleop:/home/kiranchand/turtlebot3_ws/install/turtlebot3_example:/home/kiranchand/turtlebot3_ws/install/nav2_gps_waypoint_follower_demo:/home/kiranchand/visionari_ws/install/project_visionkc_description:/home/kiranchand/ros2_ws/install/robot_math:/home/kiranchand/ros2_ws/install/gui_interface:/home/kiranchand/ros2_ws/install/bme_ros2_navigation_py:/home/kiranchand/ros2_ws/install/ai_assitance:/home/kiranchand/chand_ws/install/nav2_gps_waypoint_follower_demo:/home/kiranchand/kiran_ws/install/slambot_scripts:/opt/ros/jazzy DEBUGINFOD_URLS=https://debuginfod.ubuntu.com /usr/bin/cmake /home/kiranchand/kc_vision_ws/src/kc_vision_hardware -DAMENT_CMAKE_SYMLINK_INSTALL=1 -DCMAKE_INSTALL_PREFIX=/home/kiranchand/kc_vision_ws/install/kc_vision_hardware
[0.310s] -- The C compiler identification is GNU 13.3.0
[0.310s] -- The CXX compiler identification is GNU 13.3.0
[0.310s] -- Detecting C compiler ABI info
[0.357s] -- Detecting C compiler ABI info - done
[0.365s] -- Check for working C compiler: /usr/bin/cc - skipped
[0.365s] -- Detecting C compile features
[0.366s] -- Detecting C compile features - done
[0.378s] -- Detecting CXX compiler ABI info
[0.498s] -- Detecting CXX compiler ABI info - done
[0.508s] -- Check for working CXX compiler: /usr/bin/c++ - skipped
[0.508s] -- Detecting CXX compile features
[0.508s] -- Detecting CXX compile features - done
[0.523s] -- Found ament_cmake: 2.5.5 (/opt/ros/jazzy/share/ament_cmake/cmake)
[0.822s] -- Found Python3: /usr/bin/python3 (found version "3.12.3") found components: Interpreter 
[0.942s] -- Override CMake install command with custom implementation using symlinks instead of copying resources
[1.104s] -- Found ament_lint_auto: 0.17.4 (/opt/ros/jazzy/share/ament_lint_auto/cmake)
[1.270s] -- Added test 'lint_cmake' to check CMake code style
[1.272s] -- Added test 'xmllint' to check XML markup files
[1.276s] -- Configuring done (1.2s)
[1.280s] -- Generating done (0.0s)
[1.282s] -- Build files have been written to: /home/kiranchand/kc_vision_ws/build/kc_vision_hardware
[1.288s] Invoked command in '/home/kiranchand/kc_vision_ws/build/kc_vision_hardware' returned '0': CMAKE_PREFIX_PATH=${CMAKE_PREFIX_PATH}:/home/kiranchand/kc_vision_ws/install/kc_vision_scripts:/home/kiranchand/turtlebot3_ws/install/turtlebot3_teleop:/home/kiranchand/turtlebot3_ws/install/turtlebot3_example:/home/kiranchand/turtlebot3_ws/install/nav2_gps_waypoint_follower_demo:/home/kiranchand/visionari_ws/install/project_visionkc_description:/home/kiranchand/ros2_ws/install/robot_math:/home/kiranchand/ros2_ws/install/gui_interface:/home/kiranchand/ros2_ws/install/bme_ros2_navigation_py:/home/kiranchand/ros2_ws/install/ai_assitance:/home/kiranchand/chand_ws/install/nav2_gps_waypoint_follower_demo:/home/kiranchand/kiran_ws/install/slambot_scripts:/opt/ros/jazzy DEBUGINFOD_URLS=https://debuginfod.ubuntu.com /usr/bin/cmake /home/kiranchand/kc_vision_ws/src/kc_vision_hardware -DAMENT_CMAKE_SYMLINK_INSTALL=1 -DCMAKE_INSTALL_PREFIX=/home/kiranchand/kc_vision_ws/install/kc_vision_hardware
[1.289s] Invoking command in '/home/kiranchand/kc_vision_ws/build/kc_vision_hardware': CMAKE_PREFIX_PATH=${CMAKE_PREFIX_PATH}:/home/kiranchand/kc_vision_ws/install/kc_vision_scripts:/home/kiranchand/turtlebot3_ws/install/turtlebot3_teleop:/home/kiranchand/turtlebot3_ws/install/turtlebot3_example:/home/kiranchand/turtlebot3_ws/install/nav2_gps_waypoint_follower_demo:/home/kiranchand/visionari_ws/install/project_visionkc_description:/home/kiranchand/ros2_ws/install/robot_math:/home/kiranchand/ros2_ws/install/gui_interface:/home/kiranchand/ros2_ws/install/bme_ros2_navigation_py:/home/kiranchand/ros2_ws/install/ai_assitance:/home/kiranchand/chand_ws/install/nav2_gps_waypoint_follower_demo:/home/kiranchand/kiran_ws/install/slambot_scripts:/opt/ros/jazzy DEBUGINFOD_URLS=https://debuginfod.ubuntu.com /usr/bin/cmake --build /home/kiranchand/kc_vision_ws/build/kc_vision_hardware -- -j12 -l12
[1.341s] Invoked command in '/home/kiranchand/kc_vision_ws/build/kc_vision_hardware' returned '0': CMAKE_PREFIX_PATH=${CMAKE_PREFIX_PATH}:/home/kiranchand/kc_vision_ws/install/kc_vision_scripts:/home/kiranchand/turtlebot3_ws/install/turtlebot3_teleop:/home/kiranchand/turtlebot3_ws/install/turtlebot3_example:/home/kiranchand/turtlebot3_ws/install/nav2_gps_waypoint_follower_demo:/home/kiranchand/visionari_ws/install/project_visionkc_description:/home/kiranchand/ros2_ws/install/robot_math:/home/kiranchand/ros2_ws/install/gui_interface:/home/kiranchand/ros2_ws/install/bme_ros2_navigation_py:/home/kiranchand/ros2_ws/install/ai_assitance:/home/kiranchand/chand_ws/install/nav2_gps_waypoint_follower_demo:/home/kiranchand/kiran_ws/install/slambot_scripts:/opt/ros/jazzy DEBUGINFOD_URLS=https://debuginfod.ubuntu.com /usr/bin/cmake --build /home/kiranchand/kc_vision_ws/build/kc_vision_hardware -- -j12 -l12
[1.342s] Invoking command in '/home/kiranchand/kc_vision_ws/build/kc_vision_hardware': CMAKE_PREFIX_PATH=${CMAKE_PREFIX_PATH}:/home/kiranchand/kc_vision_ws/install/kc_vision_scripts:/home/kiranchand/turtlebot3_ws/install/turtlebot3_teleop:/home/kiranchand/turtlebot3_ws/install/turtlebot3_example:/home/kiranchand/turtlebot3_ws/install/nav2_gps_waypoint_follower_demo:/home/kiranchand/visionari_ws/install/project_visionkc_description:/home/kiranchand/ros2_ws/install/robot_math:/home/kiranchand/ros2_ws/install/gui_interface:/home/kiranchand/ros2_ws/install/bme_ros2_navigation_py:/home/kiranchand/ros2_ws/install/ai_assitance:/home/kiranchand/chand_ws/install/nav2_gps_waypoint_follower_demo:/home/kiranchand/kiran_ws/install/slambot_scripts:/opt/ros/jazzy DEBUGINFOD_URLS=https://debuginfod.ubuntu.com /usr/bin/cmake --install /home/kiranchand/kc_vision_ws/build/kc_vision_hardware
[1.354s] -- Install configuration: ""
[1.354s] -- Execute custom install script
[1.354s] -- Symlinking: /home/kiranchand/kc_vision_ws/install/kc_vision_hardware/share/ament_index/resource_index/package_run_dependencies/kc_vision_hardware
[1.368s] -- Symlinking: /home/kiranchand/kc_vision_ws/install/kc_vision_hardware/share/ament_index/resource_index/parent_prefix_path/kc_vision_hardware
[1.380s] -- Symlinking: /home/kiranchand/kc_vision_ws/install/kc_vision_hardware/share/kc_vision_hardware/environment/ament_prefix_path.sh
[1.392s] -- Symlinking: /home/kiranchand/kc_vision_ws/install/kc_vision_hardware/share/kc_vision_hardware/environment/ament_prefix_path.dsv
[1.404s] -- Symlinking: /home/kiranchand/kc_vision_ws/install/kc_vision_hardware/share/kc_vision_hardware/environment/path.sh
[1.416s] -- Symlinking: /home/kiranchand/kc_vision_ws/install/kc_vision_hardware/share/kc_vision_hardware/environment/path.dsv
[1.425s] -- Symlinking: /home/kiranchand/kc_vision_ws/install/kc_vision_hardware/share/kc_vision_hardware/local_setup.bash
[1.435s] -- Symlinking: /home/kiranchand/kc_vision_ws/install/kc_vision_hardware/share/kc_vision_hardware/local_setup.sh
[1.446s] -- Symlinking: /home/kiranchand/kc_vision_ws/install/kc_vision_hardware/share/kc_vision_hardware/local_setup.zsh
[1.455s] -- Symlinking: /home/kiranchand/kc_vision_ws/install/kc_vision_hardware/share/kc_vision_hardware/local_setup.dsv
[1.468s] -- Symlinking: /home/kiranchand/kc_vision_ws/install/kc_vision_hardware/share/kc_vision_hardware/package.dsv
[1.482s] -- Symlinking: /home/kiranchand/kc_vision_ws/install/kc_vision_hardware/share/ament_index/resource_index/packages/kc_vision_hardware
[1.491s] -- Symlinking: /home/kiranchand/kc_vision_ws/install/kc_vision_hardware/share/kc_vision_hardware/cmake/kc_vision_hardwareConfig.cmake
[1.503s] -- Symlinking: /home/kiranchand/kc_vision_ws/install/kc_vision_hardware/share/kc_vision_hardware/cmake/kc_vision_hardwareConfig-version.cmake
[1.514s] -- Symlinking: /home/kiranchand/kc_vision_ws/install/kc_vision_hardware/share/kc_vision_hardware/package.xml
[1.527s] Invoked command in '/home/kiranchand/kc_vision_ws/build/kc_vision_hardware' returned '0': CMAKE_PREFIX_PATH=${CMAKE_PREFIX_PATH}:/home/kiranchand/kc_vision_ws/install/kc_vision_scripts:/home/kiranchand/turtlebot3_ws/install/turtlebot3_teleop:/home/kiranchand/turtlebot3_ws/install/turtlebot3_example:/home/kiranchand/turtlebot3_ws/install/nav2_gps_waypoint_follower_demo:/home/kiranchand/visionari_ws/install/project_visionkc_description:/home/kiranchand/ros2_ws/install/robot_math:/home/kiranchand/ros2_ws/install/gui_interface:/home/kiranchand/ros2_ws/install/bme_ros2_navigation_py:/home/kiranchand/ros2_ws/install/ai_assitance:/home/kiranchand/chand_ws/install/nav2_gps_waypoint_follower_demo:/home/kiranchand/kiran_ws/install/slambot_scripts:/opt/ros/jazzy DEBUGINFOD_URLS=https://debuginfod.ubuntu.com /usr/bin/cmake --install /home/kiranchand/kc_vision_ws/build/kc_vision_hardware
