[0.046s] Invoking command in '/home/kiranchand/kc_vision_ws/build/kc_vision_description': CMAKE_PREFIX_PATH=${CMAKE_PREFIX_PATH}:/home/kiranchand/kc_vision_ws/install/kc_vision_scripts:/home/kiranchand/turtlebot3_ws/install/turtlebot3_teleop:/home/kiranchand/turtlebot3_ws/install/turtlebot3_example:/home/kiranchand/turtlebot3_ws/install/nav2_gps_waypoint_follower_demo:/opt/ros/jazzy DEBUGINFOD_URLS=https://debuginfod.ubuntu.com /usr/bin/cmake --build /home/kiranchand/kc_vision_ws/build/kc_vision_description -- -j12 -l12
[0.280s] Invoked command in '/home/kiranchand/kc_vision_ws/build/kc_vision_description' returned '0': CMAKE_PREFIX_PATH=${CMAKE_PREFIX_PATH}:/home/kiranchand/kc_vision_ws/install/kc_vision_scripts:/home/kiranchand/turtlebot3_ws/install/turtlebot3_teleop:/home/kiranchand/turtlebot3_ws/install/turtlebot3_example:/home/kiranchand/turtlebot3_ws/install/nav2_gps_waypoint_follower_demo:/opt/ros/jazzy DEBUGINFOD_URLS=https://debuginfod.ubuntu.com /usr/bin/cmake --build /home/kiranchand/kc_vision_ws/build/kc_vision_description -- -j12 -l12
[0.281s] Invoking command in '/home/kiranchand/kc_vision_ws/build/kc_vision_description': CMAKE_PREFIX_PATH=${CMAKE_PREFIX_PATH}:/home/kiranchand/kc_vision_ws/install/kc_vision_scripts:/home/kiranchand/turtlebot3_ws/install/turtlebot3_teleop:/home/kiranchand/turtlebot3_ws/install/turtlebot3_example:/home/kiranchand/turtlebot3_ws/install/nav2_gps_waypoint_follower_demo:/opt/ros/jazzy DEBUGINFOD_URLS=https://debuginfod.ubuntu.com /usr/bin/cmake --install /home/kiranchand/kc_vision_ws/build/kc_vision_description
[0.290s] -- Install configuration: ""
[0.290s] -- Execute custom install script
[0.291s] -- Up-to-date symlink: /home/kiranchand/kc_vision_ws/install/kc_vision_description/share/kc_vision_description//launch/rviz.launch.py
[0.291s] -- Up-to-date symlink: /home/kiranchand/kc_vision_ws/install/kc_vision_description/share/kc_vision_description//meshes/Wheel_Rim_s_1.stl
[0.292s] -- Up-to-date symlink: /home/kiranchand/kc_vision_ws/install/kc_vision_description/share/kc_vision_description//meshes/Wheel_Rim_s_v1_1.stl
[0.292s] -- Up-to-date symlink: /home/kiranchand/kc_vision_ws/install/kc_vision_description/share/kc_vision_description//meshes/Wheel_Tire_ipt__1.stl
[0.292s] -- Up-to-date symlink: /home/kiranchand/kc_vision_ws/install/kc_vision_description/share/kc_vision_description//meshes/Wheel_Tire_ipt_v1_1.stl
[0.292s] -- Up-to-date symlink: /home/kiranchand/kc_vision_ws/install/kc_vision_description/share/kc_vision_description//meshes/base_link.stl
[0.292s] -- Up-to-date symlink: /home/kiranchand/kc_vision_ws/install/kc_vision_description/share/kc_vision_description//meshes/bottom_ydlidar_v1_1.stl
[0.293s] -- Up-to-date symlink: /home/kiranchand/kc_vision_ws/install/kc_vision_description/share/kc_vision_description//meshes/camera_Intel_D415_v1_1.stl
[0.293s] -- Up-to-date symlink: /home/kiranchand/kc_vision_ws/install/kc_vision_description/share/kc_vision_description//meshes/caster_wheel_1.stl
[0.293s] -- Up-to-date symlink: /home/kiranchand/kc_vision_ws/install/kc_vision_description/share/kc_vision_description//meshes/caster_wheel__1__1.stl
[0.294s] -- Up-to-date symlink: /home/kiranchand/kc_vision_ws/install/kc_vision_description/share/kc_vision_description//meshes/caster_wheel__2__1.stl
[0.294s] -- Up-to-date symlink: /home/kiranchand/kc_vision_ws/install/kc_vision_description/share/kc_vision_description//meshes/gps_v1_1.stl
[0.294s] -- Up-to-date symlink: /home/kiranchand/kc_vision_ws/install/kc_vision_description/share/kc_vision_description//meshes/imu_link_1.stl
[0.295s] -- Up-to-date symlink: /home/kiranchand/kc_vision_ws/install/kc_vision_description/share/kc_vision_description//meshes/left_A7_-_DC_Geared_Motor_1.stl
[0.296s] -- Up-to-date symlink: /home/kiranchand/kc_vision_ws/install/kc_vision_description/share/kc_vision_description//meshes/lidar_link_1.stl
[0.296s] -- Up-to-date symlink: /home/kiranchand/kc_vision_ws/install/kc_vision_description/share/kc_vision_description//meshes/right_A7_-_DC_Geared_Motor_1.stl
[0.297s] -- Up-to-date symlink: /home/kiranchand/kc_vision_ws/install/kc_vision_description/share/kc_vision_description//urdf/gazebo/gazebo_plugins.xacro
[0.297s] -- Up-to-date symlink: /home/kiranchand/kc_vision_ws/install/kc_vision_description/share/kc_vision_description//urdf/gazebo/gazebo_properties.xacro
[0.297s] -- Up-to-date symlink: /home/kiranchand/kc_vision_ws/install/kc_vision_description/share/kc_vision_description//urdf/kc_vision.urdf.xacro
[0.297s] -- Up-to-date symlink: /home/kiranchand/kc_vision_ws/install/kc_vision_description/share/kc_vision_description//urdf/modul/camera.xacro
[0.298s] -- Up-to-date symlink: /home/kiranchand/kc_vision_ws/install/kc_vision_description/share/kc_vision_description//urdf/modul/chassis_and_wheels.xacro
[0.298s] -- Up-to-date symlink: /home/kiranchand/kc_vision_ws/install/kc_vision_description/share/kc_vision_description//urdf/modul/imu_real.xacro
[0.298s] -- Up-to-date symlink: /home/kiranchand/kc_vision_ws/install/kc_vision_description/share/kc_vision_description//urdf/modul/imu_sim.xacro
[0.298s] -- Up-to-date symlink: /home/kiranchand/kc_vision_ws/install/kc_vision_description/share/kc_vision_description//urdf/modul/lidar.xacro
[0.298s] -- Up-to-date symlink: /home/kiranchand/kc_vision_ws/install/kc_vision_description/share/kc_vision_description//urdf/modul/ros2_control.xacro
[0.298s] -- Up-to-date symlink: /home/kiranchand/kc_vision_ws/install/kc_vision_description/share/kc_vision_description//urdf/modul/ros2_control_sim.xacro
[0.299s] -- Up-to-date symlink: /home/kiranchand/kc_vision_ws/install/kc_vision_description/share/kc_vision_description//urdf/modules/caster_single copy.xacro
[0.299s] -- Up-to-date symlink: /home/kiranchand/kc_vision_ws/install/kc_vision_description/share/kc_vision_description//urdf/modules/caster_single.xacro
[0.299s] -- Up-to-date symlink: /home/kiranchand/kc_vision_ws/install/kc_vision_description/share/kc_vision_description//urdf/modules/imu_sim.xacro
[0.299s] -- Up-to-date symlink: /home/kiranchand/kc_vision_ws/install/kc_vision_description/share/kc_vision_description//urdf/modules/kc.xacro
[0.299s] -- Up-to-date symlink: /home/kiranchand/kc_vision_ws/install/kc_vision_description/share/kc_vision_description//urdf/modules/kc_vision.xacro
[0.299s] -- Up-to-date symlink: /home/kiranchand/kc_vision_ws/install/kc_vision_description/share/kc_vision_description//urdf/modules/lidar.xacro
[0.299s] -- Up-to-date symlink: /home/kiranchand/kc_vision_ws/install/kc_vision_description/share/kc_vision_description//urdf/modules/ros2_control.xacro
[0.299s] -- Up-to-date symlink: /home/kiranchand/kc_vision_ws/install/kc_vision_description/share/kc_vision_description//urdf/modules/ros2_control_sim.xacro
[0.300s] -- Up-to-date symlink: /home/kiranchand/kc_vision_ws/install/kc_vision_description/share/kc_vision_description//urdf/moduless/lidar.xacro
[0.300s] -- Up-to-date symlink: /home/kiranchand/kc_vision_ws/install/kc_vision_description/share/kc_vision_description//urdf/moduless/project_visionkc.gazebo
[0.300s] -- Up-to-date symlink: /home/kiranchand/kc_vision_ws/install/kc_vision_description/share/kc_vision_description//urdf/moduless/robot.urdf.xacro
[0.300s] -- Up-to-date symlink: /home/kiranchand/kc_vision_ws/install/kc_vision_description/share/kc_vision_description//urdf/moduless/robot_core.xacro
[0.300s] -- Up-to-date symlink: /home/kiranchand/kc_vision_ws/install/kc_vision_description/share/kc_vision_description//urdf/moduless/ros2_control.xacro
[0.300s] -- Up-to-date symlink: /home/kiranchand/kc_vision_ws/install/kc_vision_description/share/kc_vision_description//urdf/moduless/ros2_control_sim.xacro
[0.300s] -- Up-to-date symlink: /home/kiranchand/kc_vision_ws/install/kc_vision_description/share/kc_vision_description//urdf/xacro_properties/xacro_properties.xacro
[0.300s] -- Up-to-date symlink: /home/kiranchand/kc_vision_ws/install/kc_vision_description/share/kc_vision_description//rviz/navigation.rviz
[0.301s] -- Up-to-date symlink: /home/kiranchand/kc_vision_ws/install/kc_vision_description/share/kc_vision_description//rviz/rviz_config copy.rviz
[0.301s] -- Up-to-date symlink: /home/kiranchand/kc_vision_ws/install/kc_vision_description/share/kc_vision_description//rviz/rviz_config.rviz
[0.301s] -- Up-to-date symlink: /home/kiranchand/kc_vision_ws/install/kc_vision_description/share/ament_index/resource_index/package_run_dependencies/kc_vision_description
[0.301s] -- Up-to-date symlink: /home/kiranchand/kc_vision_ws/install/kc_vision_description/share/ament_index/resource_index/parent_prefix_path/kc_vision_description
[0.301s] -- Up-to-date symlink: /home/kiranchand/kc_vision_ws/install/kc_vision_description/share/kc_vision_description/environment/ament_prefix_path.sh
[0.301s] -- Up-to-date symlink: /home/kiranchand/kc_vision_ws/install/kc_vision_description/share/kc_vision_description/environment/ament_prefix_path.dsv
[0.301s] -- Up-to-date symlink: /home/kiranchand/kc_vision_ws/install/kc_vision_description/share/kc_vision_description/environment/path.sh
[0.301s] -- Up-to-date symlink: /home/kiranchand/kc_vision_ws/install/kc_vision_description/share/kc_vision_description/environment/path.dsv
[0.302s] -- Up-to-date symlink: /home/kiranchand/kc_vision_ws/install/kc_vision_description/share/kc_vision_description/local_setup.bash
[0.302s] -- Up-to-date symlink: /home/kiranchand/kc_vision_ws/install/kc_vision_description/share/kc_vision_description/local_setup.sh
[0.302s] -- Up-to-date symlink: /home/kiranchand/kc_vision_ws/install/kc_vision_description/share/kc_vision_description/local_setup.zsh
[0.302s] -- Up-to-date symlink: /home/kiranchand/kc_vision_ws/install/kc_vision_description/share/kc_vision_description/local_setup.dsv
[0.302s] -- Symlinking: /home/kiranchand/kc_vision_ws/install/kc_vision_description/share/kc_vision_description/package.dsv
[0.313s] -- Up-to-date symlink: /home/kiranchand/kc_vision_ws/install/kc_vision_description/share/ament_index/resource_index/packages/kc_vision_description
[0.313s] -- Up-to-date symlink: /home/kiranchand/kc_vision_ws/install/kc_vision_description/share/kc_vision_description/cmake/kc_vision_descriptionConfig.cmake
[0.314s] -- Up-to-date symlink: /home/kiranchand/kc_vision_ws/install/kc_vision_description/share/kc_vision_description/cmake/kc_vision_descriptionConfig-version.cmake
[0.314s] -- Up-to-date symlink: /home/kiranchand/kc_vision_ws/install/kc_vision_description/share/kc_vision_description/package.xml
[0.365s] Invoked command in '/home/kiranchand/kc_vision_ws/build/kc_vision_description' returned '0': CMAKE_PREFIX_PATH=${CMAKE_PREFIX_PATH}:/home/kiranchand/kc_vision_ws/install/kc_vision_scripts:/home/kiranchand/turtlebot3_ws/install/turtlebot3_teleop:/home/kiranchand/turtlebot3_ws/install/turtlebot3_example:/home/kiranchand/turtlebot3_ws/install/nav2_gps_waypoint_follower_demo:/opt/ros/jazzy DEBUGINFOD_URLS=https://debuginfod.ubuntu.com /usr/bin/cmake --install /home/kiranchand/kc_vision_ws/build/kc_vision_description
