[0.122s] DEBUG:colcon:Command line arguments: ['/usr/bin/colcon', 'build', '--symlink-install', '--packages-select', 'kc_vision_hardware']
[0.123s] DEBUG:colcon:Parsed command line arguments: Namespace(log_base=None, log_level=None, verb_name='build', build_base='build', install_base='install', merge_install=False, symlink_install=True, test_result_base=None, continue_on_error=False, executor='parallel', parallel_workers=12, event_handlers=None, ignore_user_meta=False, metas=['./colcon.meta'], base_paths=['.'], packages_ignore=None, packages_ignore_regex=None, paths=None, packages_up_to=None, packages_up_to_regex=None, packages_above=None, packages_above_and_dependencies=None, packages_above_depth=None, packages_select_by_dep=None, packages_skip_by_dep=None, packages_skip_up_to=None, packages_select_build_failed=False, packages_skip_build_finished=False, packages_select_test_failures=False, packages_skip_test_passed=False, packages_select=['kc_vision_hardware'], packages_skip=None, packages_select_regex=None, packages_skip_regex=None, packages_start=None, packages_end=None, allow_overriding=[], cmake_args=None, cmake_target=None, cmake_target_skip_unavailable=False, cmake_clean_cache=False, cmake_clean_first=False, cmake_force_configure=False, ament_cmake_args=None, catkin_cmake_args=None, catkin_skip_building_tests=False, mixin_files=None, mixin=None, verb_parser=<colcon_mixin.mixin.mixin_argument.MixinArgumentDecorator object at 0x7ee3ed5c0d10>, verb_extension=<colcon_core.verb.build.BuildVerb object at 0x7ee3ed5c0950>, main=<bound method BuildVerb.main of <colcon_core.verb.build.BuildVerb object at 0x7ee3ed5c0950>>, mixin_verb=('build',))
[0.162s] Level 1:colcon.colcon_core.package_discovery:discover_packages(colcon_meta) check parameters
[0.162s] Level 1:colcon.colcon_core.package_discovery:discover_packages(recursive) check parameters
[0.162s] Level 1:colcon.colcon_core.package_discovery:discover_packages(ignore) check parameters
[0.162s] Level 1:colcon.colcon_core.package_discovery:discover_packages(path) check parameters
[0.162s] Level 1:colcon.colcon_core.package_discovery:discover_packages(colcon_meta) discover
[0.162s] Level 1:colcon.colcon_core.package_discovery:discover_packages(recursive) discover
[0.162s] INFO:colcon.colcon_core.package_discovery:Crawling recursively for packages in '/home/kiranchand/kc_vision_ws'
[0.162s] Level 1:colcon.colcon_core.package_identification:_identify(.) by extensions ['ignore', 'ignore_ament_install']
[0.162s] Level 1:colcon.colcon_core.package_identification:_identify(.) by extension 'ignore'
[0.162s] Level 1:colcon.colcon_core.package_identification:_identify(.) by extension 'ignore_ament_install'
[0.162s] Level 1:colcon.colcon_core.package_identification:_identify(.) by extensions ['colcon_pkg']
[0.162s] Level 1:colcon.colcon_core.package_identification:_identify(.) by extension 'colcon_pkg'
[0.162s] Level 1:colcon.colcon_core.package_identification:_identify(.) by extensions ['colcon_meta']
[0.162s] Level 1:colcon.colcon_core.package_identification:_identify(.) by extension 'colcon_meta'
[0.162s] Level 1:colcon.colcon_core.package_identification:_identify(.) by extensions ['ros']
[0.162s] Level 1:colcon.colcon_core.package_identification:_identify(.) by extension 'ros'
[0.184s] Level 1:colcon.colcon_core.package_identification:_identify(.) by extensions ['cmake', 'python']
[0.184s] Level 1:colcon.colcon_core.package_identification:_identify(.) by extension 'cmake'
[0.184s] Level 1:colcon.colcon_core.package_identification:_identify(.) by extension 'python'
[0.184s] Level 1:colcon.colcon_core.package_identification:_identify(.) by extensions ['python_setup_py']
[0.184s] Level 1:colcon.colcon_core.package_identification:_identify(.) by extension 'python_setup_py'
[0.184s] Level 1:colcon.colcon_core.package_identification:_identify(build) by extensions ['ignore', 'ignore_ament_install']
[0.184s] Level 1:colcon.colcon_core.package_identification:_identify(build) by extension 'ignore'
[0.184s] Level 1:colcon.colcon_core.package_identification:_identify(build) ignored
[0.184s] Level 1:colcon.colcon_core.package_identification:_identify(install) by extensions ['ignore', 'ignore_ament_install']
[0.184s] Level 1:colcon.colcon_core.package_identification:_identify(install) by extension 'ignore'
[0.184s] Level 1:colcon.colcon_core.package_identification:_identify(install) ignored
[0.184s] Level 1:colcon.colcon_core.package_identification:_identify(log) by extensions ['ignore', 'ignore_ament_install']
[0.184s] Level 1:colcon.colcon_core.package_identification:_identify(log) by extension 'ignore'
[0.184s] Level 1:colcon.colcon_core.package_identification:_identify(log) ignored
[0.185s] Level 1:colcon.colcon_core.package_identification:_identify(src) by extensions ['ignore', 'ignore_ament_install']
[0.185s] Level 1:colcon.colcon_core.package_identification:_identify(src) by extension 'ignore'
[0.185s] Level 1:colcon.colcon_core.package_identification:_identify(src) by extension 'ignore_ament_install'
[0.185s] Level 1:colcon.colcon_core.package_identification:_identify(src) by extensions ['colcon_pkg']
[0.185s] Level 1:colcon.colcon_core.package_identification:_identify(src) by extension 'colcon_pkg'
[0.185s] Level 1:colcon.colcon_core.package_identification:_identify(src) by extensions ['colcon_meta']
[0.185s] Level 1:colcon.colcon_core.package_identification:_identify(src) by extension 'colcon_meta'
[0.185s] Level 1:colcon.colcon_core.package_identification:_identify(src) by extensions ['ros']
[0.185s] Level 1:colcon.colcon_core.package_identification:_identify(src) by extension 'ros'
[0.185s] Level 1:colcon.colcon_core.package_identification:_identify(src) by extensions ['cmake', 'python']
[0.185s] Level 1:colcon.colcon_core.package_identification:_identify(src) by extension 'cmake'
[0.185s] Level 1:colcon.colcon_core.package_identification:_identify(src) by extension 'python'
[0.185s] Level 1:colcon.colcon_core.package_identification:_identify(src) by extensions ['python_setup_py']
[0.185s] Level 1:colcon.colcon_core.package_identification:_identify(src) by extension 'python_setup_py'
[0.185s] Level 1:colcon.colcon_core.package_identification:_identify(src/kc_vision) by extensions ['ignore', 'ignore_ament_install']
[0.185s] Level 1:colcon.colcon_core.package_identification:_identify(src/kc_vision) by extension 'ignore'
[0.185s] Level 1:colcon.colcon_core.package_identification:_identify(src/kc_vision) by extension 'ignore_ament_install'
[0.185s] Level 1:colcon.colcon_core.package_identification:_identify(src/kc_vision) by extensions ['colcon_pkg']
[0.185s] Level 1:colcon.colcon_core.package_identification:_identify(src/kc_vision) by extension 'colcon_pkg'
[0.185s] Level 1:colcon.colcon_core.package_identification:_identify(src/kc_vision) by extensions ['colcon_meta']
[0.185s] Level 1:colcon.colcon_core.package_identification:_identify(src/kc_vision) by extension 'colcon_meta'
[0.185s] Level 1:colcon.colcon_core.package_identification:_identify(src/kc_vision) by extensions ['ros']
[0.185s] Level 1:colcon.colcon_core.package_identification:_identify(src/kc_vision) by extension 'ros'
[0.187s] DEBUG:colcon.colcon_core.package_identification:Package 'src/kc_vision' with type 'ros.ament_cmake' and name 'kc_vision'
[0.187s] Level 1:colcon.colcon_core.package_identification:_identify(src/kc_vision_bringup) by extensions ['ignore', 'ignore_ament_install']
[0.187s] Level 1:colcon.colcon_core.package_identification:_identify(src/kc_vision_bringup) by extension 'ignore'
[0.187s] Level 1:colcon.colcon_core.package_identification:_identify(src/kc_vision_bringup) by extension 'ignore_ament_install'
[0.187s] Level 1:colcon.colcon_core.package_identification:_identify(src/kc_vision_bringup) by extensions ['colcon_pkg']
[0.187s] Level 1:colcon.colcon_core.package_identification:_identify(src/kc_vision_bringup) by extension 'colcon_pkg'
[0.187s] Level 1:colcon.colcon_core.package_identification:_identify(src/kc_vision_bringup) by extensions ['colcon_meta']
[0.187s] Level 1:colcon.colcon_core.package_identification:_identify(src/kc_vision_bringup) by extension 'colcon_meta'
[0.188s] Level 1:colcon.colcon_core.package_identification:_identify(src/kc_vision_bringup) by extensions ['ros']
[0.188s] Level 1:colcon.colcon_core.package_identification:_identify(src/kc_vision_bringup) by extension 'ros'
[0.188s] DEBUG:colcon.colcon_core.package_identification:Package 'src/kc_vision_bringup' with type 'ros.ament_cmake' and name 'kc_vision_bringup'
[0.188s] Level 1:colcon.colcon_core.package_identification:_identify(src/kc_vision_description) by extensions ['ignore', 'ignore_ament_install']
[0.188s] Level 1:colcon.colcon_core.package_identification:_identify(src/kc_vision_description) by extension 'ignore'
[0.188s] Level 1:colcon.colcon_core.package_identification:_identify(src/kc_vision_description) by extension 'ignore_ament_install'
[0.188s] Level 1:colcon.colcon_core.package_identification:_identify(src/kc_vision_description) by extensions ['colcon_pkg']
[0.188s] Level 1:colcon.colcon_core.package_identification:_identify(src/kc_vision_description) by extension 'colcon_pkg'
[0.188s] Level 1:colcon.colcon_core.package_identification:_identify(src/kc_vision_description) by extensions ['colcon_meta']
[0.188s] Level 1:colcon.colcon_core.package_identification:_identify(src/kc_vision_description) by extension 'colcon_meta'
[0.188s] Level 1:colcon.colcon_core.package_identification:_identify(src/kc_vision_description) by extensions ['ros']
[0.188s] Level 1:colcon.colcon_core.package_identification:_identify(src/kc_vision_description) by extension 'ros'
[0.189s] DEBUG:colcon.colcon_core.package_identification:Package 'src/kc_vision_description' with type 'ros.ament_cmake' and name 'kc_vision_description'
[0.189s] Level 1:colcon.colcon_core.package_identification:_identify(src/kc_vision_gazebo) by extensions ['ignore', 'ignore_ament_install']
[0.189s] Level 1:colcon.colcon_core.package_identification:_identify(src/kc_vision_gazebo) by extension 'ignore'
[0.189s] Level 1:colcon.colcon_core.package_identification:_identify(src/kc_vision_gazebo) by extension 'ignore_ament_install'
[0.189s] Level 1:colcon.colcon_core.package_identification:_identify(src/kc_vision_gazebo) by extensions ['colcon_pkg']
[0.189s] Level 1:colcon.colcon_core.package_identification:_identify(src/kc_vision_gazebo) by extension 'colcon_pkg'
[0.189s] Level 1:colcon.colcon_core.package_identification:_identify(src/kc_vision_gazebo) by extensions ['colcon_meta']
[0.189s] Level 1:colcon.colcon_core.package_identification:_identify(src/kc_vision_gazebo) by extension 'colcon_meta'
[0.189s] Level 1:colcon.colcon_core.package_identification:_identify(src/kc_vision_gazebo) by extensions ['ros']
[0.189s] Level 1:colcon.colcon_core.package_identification:_identify(src/kc_vision_gazebo) by extension 'ros'
[0.190s] DEBUG:colcon.colcon_core.package_identification:Package 'src/kc_vision_gazebo' with type 'ros.ament_cmake' and name 'kc_vision_gazebo'
[0.190s] Level 1:colcon.colcon_core.package_identification:_identify(src/kc_vision_hardware) by extensions ['ignore', 'ignore_ament_install']
[0.190s] Level 1:colcon.colcon_core.package_identification:_identify(src/kc_vision_hardware) by extension 'ignore'
[0.190s] Level 1:colcon.colcon_core.package_identification:_identify(src/kc_vision_hardware) by extension 'ignore_ament_install'
[0.190s] Level 1:colcon.colcon_core.package_identification:_identify(src/kc_vision_hardware) by extensions ['colcon_pkg']
[0.190s] Level 1:colcon.colcon_core.package_identification:_identify(src/kc_vision_hardware) by extension 'colcon_pkg'
[0.190s] Level 1:colcon.colcon_core.package_identification:_identify(src/kc_vision_hardware) by extensions ['colcon_meta']
[0.190s] Level 1:colcon.colcon_core.package_identification:_identify(src/kc_vision_hardware) by extension 'colcon_meta'
[0.190s] Level 1:colcon.colcon_core.package_identification:_identify(src/kc_vision_hardware) by extensions ['ros']
[0.190s] Level 1:colcon.colcon_core.package_identification:_identify(src/kc_vision_hardware) by extension 'ros'
[0.191s] DEBUG:colcon.colcon_core.package_identification:Package 'src/kc_vision_hardware' with type 'ros.ament_cmake' and name 'kc_vision_hardware'
[0.191s] Level 1:colcon.colcon_core.package_identification:_identify(src/kc_vision_localization) by extensions ['ignore', 'ignore_ament_install']
[0.191s] Level 1:colcon.colcon_core.package_identification:_identify(src/kc_vision_localization) by extension 'ignore'
[0.191s] Level 1:colcon.colcon_core.package_identification:_identify(src/kc_vision_localization) by extension 'ignore_ament_install'
[0.191s] Level 1:colcon.colcon_core.package_identification:_identify(src/kc_vision_localization) by extensions ['colcon_pkg']
[0.191s] Level 1:colcon.colcon_core.package_identification:_identify(src/kc_vision_localization) by extension 'colcon_pkg'
[0.191s] Level 1:colcon.colcon_core.package_identification:_identify(src/kc_vision_localization) by extensions ['colcon_meta']
[0.191s] Level 1:colcon.colcon_core.package_identification:_identify(src/kc_vision_localization) by extension 'colcon_meta'
[0.191s] Level 1:colcon.colcon_core.package_identification:_identify(src/kc_vision_localization) by extensions ['ros']
[0.191s] Level 1:colcon.colcon_core.package_identification:_identify(src/kc_vision_localization) by extension 'ros'
[0.191s] DEBUG:colcon.colcon_core.package_identification:Package 'src/kc_vision_localization' with type 'ros.ament_cmake' and name 'kc_vision_localization'
[0.192s] Level 1:colcon.colcon_core.package_identification:_identify(src/kc_vision_nav2) by extensions ['ignore', 'ignore_ament_install']
[0.192s] Level 1:colcon.colcon_core.package_identification:_identify(src/kc_vision_nav2) by extension 'ignore'
[0.192s] Level 1:colcon.colcon_core.package_identification:_identify(src/kc_vision_nav2) by extension 'ignore_ament_install'
[0.192s] Level 1:colcon.colcon_core.package_identification:_identify(src/kc_vision_nav2) by extensions ['colcon_pkg']
[0.192s] Level 1:colcon.colcon_core.package_identification:_identify(src/kc_vision_nav2) by extension 'colcon_pkg'
[0.192s] Level 1:colcon.colcon_core.package_identification:_identify(src/kc_vision_nav2) by extensions ['colcon_meta']
[0.192s] Level 1:colcon.colcon_core.package_identification:_identify(src/kc_vision_nav2) by extension 'colcon_meta'
[0.192s] Level 1:colcon.colcon_core.package_identification:_identify(src/kc_vision_nav2) by extensions ['ros']
[0.192s] Level 1:colcon.colcon_core.package_identification:_identify(src/kc_vision_nav2) by extension 'ros'
[0.192s] DEBUG:colcon.colcon_core.package_identification:Package 'src/kc_vision_nav2' with type 'ros.ament_cmake' and name 'kc_vision_nav2'
[0.192s] Level 1:colcon.colcon_core.package_identification:_identify(src/kc_vision_scripts) by extensions ['ignore', 'ignore_ament_install']
[0.192s] Level 1:colcon.colcon_core.package_identification:_identify(src/kc_vision_scripts) by extension 'ignore'
[0.193s] Level 1:colcon.colcon_core.package_identification:_identify(src/kc_vision_scripts) by extension 'ignore_ament_install'
[0.193s] Level 1:colcon.colcon_core.package_identification:_identify(src/kc_vision_scripts) by extensions ['colcon_pkg']
[0.193s] Level 1:colcon.colcon_core.package_identification:_identify(src/kc_vision_scripts) by extension 'colcon_pkg'
[0.193s] Level 1:colcon.colcon_core.package_identification:_identify(src/kc_vision_scripts) by extensions ['colcon_meta']
[0.193s] Level 1:colcon.colcon_core.package_identification:_identify(src/kc_vision_scripts) by extension 'colcon_meta'
[0.193s] Level 1:colcon.colcon_core.package_identification:_identify(src/kc_vision_scripts) by extensions ['ros']
[0.193s] Level 1:colcon.colcon_core.package_identification:_identify(src/kc_vision_scripts) by extension 'ros'
[0.193s] DEBUG:colcon.colcon_core.package_identification:Package 'src/kc_vision_scripts' with type 'ros.ament_python' and name 'kc_vision_scripts'
[0.193s] Level 1:colcon.colcon_core.package_identification:_identify(src/kc_vision_slam) by extensions ['ignore', 'ignore_ament_install']
[0.193s] Level 1:colcon.colcon_core.package_identification:_identify(src/kc_vision_slam) by extension 'ignore'
[0.193s] Level 1:colcon.colcon_core.package_identification:_identify(src/kc_vision_slam) by extension 'ignore_ament_install'
[0.193s] Level 1:colcon.colcon_core.package_identification:_identify(src/kc_vision_slam) by extensions ['colcon_pkg']
[0.193s] Level 1:colcon.colcon_core.package_identification:_identify(src/kc_vision_slam) by extension 'colcon_pkg'
[0.193s] Level 1:colcon.colcon_core.package_identification:_identify(src/kc_vision_slam) by extensions ['colcon_meta']
[0.193s] Level 1:colcon.colcon_core.package_identification:_identify(src/kc_vision_slam) by extension 'colcon_meta'
[0.193s] Level 1:colcon.colcon_core.package_identification:_identify(src/kc_vision_slam) by extensions ['ros']
[0.193s] Level 1:colcon.colcon_core.package_identification:_identify(src/kc_vision_slam) by extension 'ros'
[0.194s] DEBUG:colcon.colcon_core.package_identification:Package 'src/kc_vision_slam' with type 'ros.ament_cmake' and name 'kc_vision_slam'
[0.194s] Level 1:colcon.colcon_core.package_identification:_identify(src/micro-ROS-agent) by extensions ['ignore', 'ignore_ament_install']
[0.194s] Level 1:colcon.colcon_core.package_identification:_identify(src/micro-ROS-agent) by extension 'ignore'
[0.194s] Level 1:colcon.colcon_core.package_identification:_identify(src/micro-ROS-agent) by extension 'ignore_ament_install'
[0.194s] Level 1:colcon.colcon_core.package_identification:_identify(src/micro-ROS-agent) by extensions ['colcon_pkg']
[0.194s] Level 1:colcon.colcon_core.package_identification:_identify(src/micro-ROS-agent) by extension 'colcon_pkg'
[0.194s] Level 1:colcon.colcon_core.package_identification:_identify(src/micro-ROS-agent) by extensions ['colcon_meta']
[0.194s] Level 1:colcon.colcon_core.package_identification:_identify(src/micro-ROS-agent) by extension 'colcon_meta'
[0.195s] Level 1:colcon.colcon_core.package_identification:_identify(src/micro-ROS-agent) by extensions ['ros']
[0.195s] Level 1:colcon.colcon_core.package_identification:_identify(src/micro-ROS-agent) by extension 'ros'
[0.195s] Level 1:colcon.colcon_core.package_identification:_identify(src/micro-ROS-agent) by extensions ['cmake', 'python']
[0.195s] Level 1:colcon.colcon_core.package_identification:_identify(src/micro-ROS-agent) by extension 'cmake'
[0.195s] Level 1:colcon.colcon_core.package_identification:_identify(src/micro-ROS-agent) by extension 'python'
[0.195s] Level 1:colcon.colcon_core.package_identification:_identify(src/micro-ROS-agent) by extensions ['python_setup_py']
[0.195s] Level 1:colcon.colcon_core.package_identification:_identify(src/micro-ROS-agent) by extension 'python_setup_py'
[0.195s] Level 1:colcon.colcon_core.package_identification:_identify(src/micro-ROS-agent/micro_ros_agent) by extensions ['ignore', 'ignore_ament_install']
[0.195s] Level 1:colcon.colcon_core.package_identification:_identify(src/micro-ROS-agent/micro_ros_agent) by extension 'ignore'
[0.195s] Level 1:colcon.colcon_core.package_identification:_identify(src/micro-ROS-agent/micro_ros_agent) by extension 'ignore_ament_install'
[0.195s] Level 1:colcon.colcon_core.package_identification:_identify(src/micro-ROS-agent/micro_ros_agent) by extensions ['colcon_pkg']
[0.195s] Level 1:colcon.colcon_core.package_identification:_identify(src/micro-ROS-agent/micro_ros_agent) by extension 'colcon_pkg'
[0.195s] Level 1:colcon.colcon_core.package_identification:_identify(src/micro-ROS-agent/micro_ros_agent) by extensions ['colcon_meta']
[0.195s] Level 1:colcon.colcon_core.package_identification:_identify(src/micro-ROS-agent/micro_ros_agent) by extension 'colcon_meta'
[0.195s] Level 1:colcon.colcon_core.package_identification:_identify(src/micro-ROS-agent/micro_ros_agent) by extensions ['ros']
[0.195s] Level 1:colcon.colcon_core.package_identification:_identify(src/micro-ROS-agent/micro_ros_agent) by extension 'ros'
[0.196s] DEBUG:colcon.colcon_core.package_identification:Package 'src/micro-ROS-agent/micro_ros_agent' with type 'ros.ament_cmake' and name 'micro_ros_agent'
[0.196s] Level 1:colcon.colcon_core.package_identification:_identify(src/micro-ROS-agent/snap) by extensions ['ignore', 'ignore_ament_install']
[0.196s] Level 1:colcon.colcon_core.package_identification:_identify(src/micro-ROS-agent/snap) by extension 'ignore'
[0.196s] Level 1:colcon.colcon_core.package_identification:_identify(src/micro-ROS-agent/snap) by extension 'ignore_ament_install'
[0.196s] Level 1:colcon.colcon_core.package_identification:_identify(src/micro-ROS-agent/snap) by extensions ['colcon_pkg']
[0.196s] Level 1:colcon.colcon_core.package_identification:_identify(src/micro-ROS-agent/snap) by extension 'colcon_pkg'
[0.196s] Level 1:colcon.colcon_core.package_identification:_identify(src/micro-ROS-agent/snap) by extensions ['colcon_meta']
[0.196s] Level 1:colcon.colcon_core.package_identification:_identify(src/micro-ROS-agent/snap) by extension 'colcon_meta'
[0.196s] Level 1:colcon.colcon_core.package_identification:_identify(src/micro-ROS-agent/snap) by extensions ['ros']
[0.196s] Level 1:colcon.colcon_core.package_identification:_identify(src/micro-ROS-agent/snap) by extension 'ros'
[0.196s] Level 1:colcon.colcon_core.package_identification:_identify(src/micro-ROS-agent/snap) by extensions ['cmake', 'python']
[0.196s] Level 1:colcon.colcon_core.package_identification:_identify(src/micro-ROS-agent/snap) by extension 'cmake'
[0.196s] Level 1:colcon.colcon_core.package_identification:_identify(src/micro-ROS-agent/snap) by extension 'python'
[0.196s] Level 1:colcon.colcon_core.package_identification:_identify(src/micro-ROS-agent/snap) by extensions ['python_setup_py']
[0.196s] Level 1:colcon.colcon_core.package_identification:_identify(src/micro-ROS-agent/snap) by extension 'python_setup_py'
[0.196s] Level 1:colcon.colcon_core.package_identification:_identify(src/micro-ROS-agent/snap/hooks) by extensions ['ignore', 'ignore_ament_install']
[0.196s] Level 1:colcon.colcon_core.package_identification:_identify(src/micro-ROS-agent/snap/hooks) by extension 'ignore'
[0.196s] Level 1:colcon.colcon_core.package_identification:_identify(src/micro-ROS-agent/snap/hooks) by extension 'ignore_ament_install'
[0.196s] Level 1:colcon.colcon_core.package_identification:_identify(src/micro-ROS-agent/snap/hooks) by extensions ['colcon_pkg']
[0.196s] Level 1:colcon.colcon_core.package_identification:_identify(src/micro-ROS-agent/snap/hooks) by extension 'colcon_pkg'
[0.196s] Level 1:colcon.colcon_core.package_identification:_identify(src/micro-ROS-agent/snap/hooks) by extensions ['colcon_meta']
[0.196s] Level 1:colcon.colcon_core.package_identification:_identify(src/micro-ROS-agent/snap/hooks) by extension 'colcon_meta'
[0.196s] Level 1:colcon.colcon_core.package_identification:_identify(src/micro-ROS-agent/snap/hooks) by extensions ['ros']
[0.197s] Level 1:colcon.colcon_core.package_identification:_identify(src/micro-ROS-agent/snap/hooks) by extension 'ros'
[0.197s] Level 1:colcon.colcon_core.package_identification:_identify(src/micro-ROS-agent/snap/hooks) by extensions ['cmake', 'python']
[0.197s] Level 1:colcon.colcon_core.package_identification:_identify(src/micro-ROS-agent/snap/hooks) by extension 'cmake'
[0.197s] Level 1:colcon.colcon_core.package_identification:_identify(src/micro-ROS-agent/snap/hooks) by extension 'python'
[0.197s] Level 1:colcon.colcon_core.package_identification:_identify(src/micro-ROS-agent/snap/hooks) by extensions ['python_setup_py']
[0.197s] Level 1:colcon.colcon_core.package_identification:_identify(src/micro-ROS-agent/snap/hooks) by extension 'python_setup_py'
[0.197s] Level 1:colcon.colcon_core.package_identification:_identify(src/micro-ROS-agent/snap/local) by extensions ['ignore', 'ignore_ament_install']
[0.197s] Level 1:colcon.colcon_core.package_identification:_identify(src/micro-ROS-agent/snap/local) by extension 'ignore'
[0.197s] Level 1:colcon.colcon_core.package_identification:_identify(src/micro-ROS-agent/snap/local) by extension 'ignore_ament_install'
[0.197s] Level 1:colcon.colcon_core.package_identification:_identify(src/micro-ROS-agent/snap/local) by extensions ['colcon_pkg']
[0.197s] Level 1:colcon.colcon_core.package_identification:_identify(src/micro-ROS-agent/snap/local) by extension 'colcon_pkg'
[0.197s] Level 1:colcon.colcon_core.package_identification:_identify(src/micro-ROS-agent/snap/local) by extensions ['colcon_meta']
[0.197s] Level 1:colcon.colcon_core.package_identification:_identify(src/micro-ROS-agent/snap/local) by extension 'colcon_meta'
[0.197s] Level 1:colcon.colcon_core.package_identification:_identify(src/micro-ROS-agent/snap/local) by extensions ['ros']
[0.197s] Level 1:colcon.colcon_core.package_identification:_identify(src/micro-ROS-agent/snap/local) by extension 'ros'
[0.197s] Level 1:colcon.colcon_core.package_identification:_identify(src/micro-ROS-agent/snap/local) by extensions ['cmake', 'python']
[0.197s] Level 1:colcon.colcon_core.package_identification:_identify(src/micro-ROS-agent/snap/local) by extension 'cmake'
[0.197s] Level 1:colcon.colcon_core.package_identification:_identify(src/micro-ROS-agent/snap/local) by extension 'python'
[0.197s] Level 1:colcon.colcon_core.package_identification:_identify(src/micro-ROS-agent/snap/local) by extensions ['python_setup_py']
[0.197s] Level 1:colcon.colcon_core.package_identification:_identify(src/micro-ROS-agent/snap/local) by extension 'python_setup_py'
[0.197s] Level 1:colcon.colcon_core.package_discovery:discover_packages(recursive) using defaults
[0.197s] Level 1:colcon.colcon_core.package_discovery:discover_packages(ignore) discover
[0.197s] Level 1:colcon.colcon_core.package_discovery:discover_packages(ignore) using defaults
[0.197s] Level 1:colcon.colcon_core.package_discovery:discover_packages(path) discover
[0.197s] Level 1:colcon.colcon_core.package_discovery:discover_packages(path) using defaults
[0.215s] INFO:colcon.colcon_core.package_selection:Skipping not selected package 'kc_vision' in 'src/kc_vision'
[0.215s] INFO:colcon.colcon_core.package_selection:Skipping not selected package 'kc_vision_description' in 'src/kc_vision_description'
[0.215s] INFO:colcon.colcon_core.package_selection:Skipping not selected package 'kc_vision_localization' in 'src/kc_vision_localization'
[0.215s] INFO:colcon.colcon_core.package_selection:Skipping not selected package 'kc_vision_nav2' in 'src/kc_vision_nav2'
[0.215s] INFO:colcon.colcon_core.package_selection:Skipping not selected package 'kc_vision_scripts' in 'src/kc_vision_scripts'
[0.215s] INFO:colcon.colcon_core.package_selection:Skipping not selected package 'kc_vision_slam' in 'src/kc_vision_slam'
[0.215s] INFO:colcon.colcon_core.package_selection:Skipping not selected package 'micro_ros_agent' in 'src/micro-ROS-agent/micro_ros_agent'
[0.215s] INFO:colcon.colcon_core.package_selection:Skipping not selected package 'kc_vision_gazebo' in 'src/kc_vision_gazebo'
[0.215s] INFO:colcon.colcon_core.package_selection:Skipping not selected package 'kc_vision_bringup' in 'src/kc_vision_bringup'
[0.215s] Level 1:colcon.colcon_core.package_discovery:discover_packages(prefix_path) check parameters
[0.215s] Level 1:colcon.colcon_core.package_discovery:discover_packages(prefix_path) discover
[0.218s] DEBUG:colcon.colcon_installed_package_information.package_discovery:Found 10 installed packages in /home/kiranchand/kc_vision_ws/install
[0.218s] DEBUG:colcon.colcon_installed_package_information.package_discovery:Found 1 installed packages in /home/kiranchand/ydlidar_ros2_ws/install
[0.219s] DEBUG:colcon.colcon_installed_package_information.package_discovery:Found 1 installed packages in /home/kiranchand/sam_bot/install
[0.219s] DEBUG:colcon.colcon_installed_package_information.package_discovery:Found 17 installed packages in /home/kiranchand/turtlebot3_ws/install
[0.222s] DEBUG:colcon.colcon_installed_package_information.package_discovery:Found 612 installed packages in /opt/ros/jazzy
[0.224s] Level 1:colcon.colcon_core.package_discovery:discover_packages(prefix_path) using defaults
[0.305s] Level 5:colcon.colcon_core.verb:set package 'kc_vision_hardware' build argument 'cmake_args' from command line to 'None'
[0.305s] Level 5:colcon.colcon_core.verb:set package 'kc_vision_hardware' build argument 'cmake_target' from command line to 'None'
[0.305s] Level 5:colcon.colcon_core.verb:set package 'kc_vision_hardware' build argument 'cmake_target_skip_unavailable' from command line to 'False'
[0.305s] Level 5:colcon.colcon_core.verb:set package 'kc_vision_hardware' build argument 'cmake_clean_cache' from command line to 'False'
[0.305s] Level 5:colcon.colcon_core.verb:set package 'kc_vision_hardware' build argument 'cmake_clean_first' from command line to 'False'
[0.305s] Level 5:colcon.colcon_core.verb:set package 'kc_vision_hardware' build argument 'cmake_force_configure' from command line to 'False'
[0.305s] Level 5:colcon.colcon_core.verb:set package 'kc_vision_hardware' build argument 'ament_cmake_args' from command line to 'None'
[0.305s] Level 5:colcon.colcon_core.verb:set package 'kc_vision_hardware' build argument 'catkin_cmake_args' from command line to 'None'
[0.305s] Level 5:colcon.colcon_core.verb:set package 'kc_vision_hardware' build argument 'catkin_skip_building_tests' from command line to 'False'
[0.305s] DEBUG:colcon.colcon_core.verb:Building package 'kc_vision_hardware' with the following arguments: {'ament_cmake_args': None, 'build_base': '/home/kiranchand/kc_vision_ws/build/kc_vision_hardware', 'catkin_cmake_args': None, 'catkin_skip_building_tests': False, 'cmake_args': None, 'cmake_clean_cache': False, 'cmake_clean_first': False, 'cmake_force_configure': False, 'cmake_target': None, 'cmake_target_skip_unavailable': False, 'install_base': '/home/kiranchand/kc_vision_ws/install/kc_vision_hardware', 'merge_install': False, 'path': '/home/kiranchand/kc_vision_ws/src/kc_vision_hardware', 'symlink_install': True, 'test_result_base': None}
[0.305s] INFO:colcon.colcon_core.executor:Executing jobs using 'parallel' executor
[0.306s] DEBUG:colcon.colcon_parallel_executor.executor.parallel:run_until_complete
[0.306s] INFO:colcon.colcon_ros.task.ament_cmake.build:Building ROS package in '/home/kiranchand/kc_vision_ws/src/kc_vision_hardware' with build type 'ament_cmake'
[0.306s] INFO:colcon.colcon_cmake.task.cmake.build:Building CMake package in '/home/kiranchand/kc_vision_ws/src/kc_vision_hardware'
[0.308s] INFO:colcon.colcon_core.plugin_system:Skipping extension 'colcon_core.shell.bat': Not used on non-Windows systems
[0.308s] INFO:colcon.colcon_core.shell:Skip shell extension 'powershell' for command environment: Not usable outside of PowerShell
[0.308s] DEBUG:colcon.colcon_core.shell:Skip shell extension 'dsv' for command environment
[0.321s] DEBUG:colcon.colcon_core.event_handler.log_command:Invoking command in '/home/kiranchand/kc_vision_ws/build/kc_vision_hardware': CMAKE_PREFIX_PATH=${CMAKE_PREFIX_PATH}:/home/kiranchand/kc_vision_ws/install/kc_vision_scripts:/home/kiranchand/turtlebot3_ws/install/turtlebot3_teleop:/home/kiranchand/turtlebot3_ws/install/turtlebot3_example:/home/kiranchand/turtlebot3_ws/install/nav2_gps_waypoint_follower_demo:/opt/ros/jazzy DEBUGINFOD_URLS=https://debuginfod.ubuntu.com /usr/bin/cmake --build /home/kiranchand/kc_vision_ws/build/kc_vision_hardware -- -j12 -l12
[11.763s] DEBUG:colcon.colcon_core.event_handler.log_command:Invoked command in '/home/kiranchand/kc_vision_ws/build/kc_vision_hardware' returned '0': CMAKE_PREFIX_PATH=${CMAKE_PREFIX_PATH}:/home/kiranchand/kc_vision_ws/install/kc_vision_scripts:/home/kiranchand/turtlebot3_ws/install/turtlebot3_teleop:/home/kiranchand/turtlebot3_ws/install/turtlebot3_example:/home/kiranchand/turtlebot3_ws/install/nav2_gps_waypoint_follower_demo:/opt/ros/jazzy DEBUGINFOD_URLS=https://debuginfod.ubuntu.com /usr/bin/cmake --build /home/kiranchand/kc_vision_ws/build/kc_vision_hardware -- -j12 -l12
[11.773s] DEBUG:colcon.colcon_core.event_handler.log_command:Invoking command in '/home/kiranchand/kc_vision_ws/build/kc_vision_hardware': CMAKE_PREFIX_PATH=${CMAKE_PREFIX_PATH}:/home/kiranchand/kc_vision_ws/install/kc_vision_scripts:/home/kiranchand/turtlebot3_ws/install/turtlebot3_teleop:/home/kiranchand/turtlebot3_ws/install/turtlebot3_example:/home/kiranchand/turtlebot3_ws/install/nav2_gps_waypoint_follower_demo:/opt/ros/jazzy DEBUGINFOD_URLS=https://debuginfod.ubuntu.com /usr/bin/cmake --install /home/kiranchand/kc_vision_ws/build/kc_vision_hardware
[11.887s] Level 1:colcon.colcon_core.environment:create_environment_scripts_only(kc_vision_hardware)
[11.888s] DEBUG:colcon.colcon_core.event_handler.log_command:Invoked command in '/home/kiranchand/kc_vision_ws/build/kc_vision_hardware' returned '0': CMAKE_PREFIX_PATH=${CMAKE_PREFIX_PATH}:/home/kiranchand/kc_vision_ws/install/kc_vision_scripts:/home/kiranchand/turtlebot3_ws/install/turtlebot3_teleop:/home/kiranchand/turtlebot3_ws/install/turtlebot3_example:/home/kiranchand/turtlebot3_ws/install/nav2_gps_waypoint_follower_demo:/opt/ros/jazzy DEBUGINFOD_URLS=https://debuginfod.ubuntu.com /usr/bin/cmake --install /home/kiranchand/kc_vision_ws/build/kc_vision_hardware
[11.890s] Level 1:colcon.colcon_core.environment:checking '/home/kiranchand/kc_vision_ws/install/kc_vision_hardware' for CMake module files
[11.890s] Level 1:colcon.colcon_core.environment:checking '/home/kiranchand/kc_vision_ws/install/kc_vision_hardware' for CMake config files
[11.891s] Level 1:colcon.colcon_core.shell:create_environment_hook('kc_vision_hardware', 'cmake_prefix_path')
[11.891s] INFO:colcon.colcon_core.shell:Creating environment hook '/home/kiranchand/kc_vision_ws/install/kc_vision_hardware/share/kc_vision_hardware/hook/cmake_prefix_path.ps1'
[11.892s] INFO:colcon.colcon_core.shell:Creating environment descriptor '/home/kiranchand/kc_vision_ws/install/kc_vision_hardware/share/kc_vision_hardware/hook/cmake_prefix_path.dsv'
[11.892s] INFO:colcon.colcon_core.shell:Creating environment hook '/home/kiranchand/kc_vision_ws/install/kc_vision_hardware/share/kc_vision_hardware/hook/cmake_prefix_path.sh'
[11.893s] Level 1:colcon.colcon_core.environment:checking '/home/kiranchand/kc_vision_ws/install/kc_vision_hardware/lib'
[11.893s] Level 1:colcon.colcon_core.environment:checking '/home/kiranchand/kc_vision_ws/install/kc_vision_hardware/bin'
[11.893s] Level 1:colcon.colcon_core.environment:checking '/home/kiranchand/kc_vision_ws/install/kc_vision_hardware/lib/pkgconfig/kc_vision_hardware.pc'
[11.893s] Level 1:colcon.colcon_core.environment:checking '/home/kiranchand/kc_vision_ws/install/kc_vision_hardware/lib/python3.12/site-packages'
[11.893s] Level 1:colcon.colcon_core.environment:checking '/home/kiranchand/kc_vision_ws/install/kc_vision_hardware/bin'
[11.893s] INFO:colcon.colcon_core.shell:Creating package script '/home/kiranchand/kc_vision_ws/install/kc_vision_hardware/share/kc_vision_hardware/package.ps1'
[11.894s] INFO:colcon.colcon_core.shell:Creating package descriptor '/home/kiranchand/kc_vision_ws/install/kc_vision_hardware/share/kc_vision_hardware/package.dsv'
[11.894s] INFO:colcon.colcon_core.shell:Creating package script '/home/kiranchand/kc_vision_ws/install/kc_vision_hardware/share/kc_vision_hardware/package.sh'
[11.895s] INFO:colcon.colcon_core.shell:Creating package script '/home/kiranchand/kc_vision_ws/install/kc_vision_hardware/share/kc_vision_hardware/package.bash'
[11.895s] INFO:colcon.colcon_core.shell:Creating package script '/home/kiranchand/kc_vision_ws/install/kc_vision_hardware/share/kc_vision_hardware/package.zsh'
[11.896s] Level 1:colcon.colcon_core.environment:create_file_with_runtime_dependencies(/home/kiranchand/kc_vision_ws/install/kc_vision_hardware/share/colcon-core/packages/kc_vision_hardware)
[11.896s] Level 1:colcon.colcon_core.environment:create_environment_scripts_only(kc_vision_hardware)
[11.896s] Level 1:colcon.colcon_core.environment:checking '/home/kiranchand/kc_vision_ws/install/kc_vision_hardware' for CMake module files
[11.897s] Level 1:colcon.colcon_core.environment:checking '/home/kiranchand/kc_vision_ws/install/kc_vision_hardware' for CMake config files
[11.897s] Level 1:colcon.colcon_core.shell:create_environment_hook('kc_vision_hardware', 'cmake_prefix_path')
[11.897s] INFO:colcon.colcon_core.shell:Creating environment hook '/home/kiranchand/kc_vision_ws/install/kc_vision_hardware/share/kc_vision_hardware/hook/cmake_prefix_path.ps1'
[11.898s] INFO:colcon.colcon_core.shell:Creating environment descriptor '/home/kiranchand/kc_vision_ws/install/kc_vision_hardware/share/kc_vision_hardware/hook/cmake_prefix_path.dsv'
[11.898s] INFO:colcon.colcon_core.shell:Creating environment hook '/home/kiranchand/kc_vision_ws/install/kc_vision_hardware/share/kc_vision_hardware/hook/cmake_prefix_path.sh'
[11.898s] Level 1:colcon.colcon_core.environment:checking '/home/kiranchand/kc_vision_ws/install/kc_vision_hardware/lib'
[11.899s] Level 1:colcon.colcon_core.environment:checking '/home/kiranchand/kc_vision_ws/install/kc_vision_hardware/bin'
[11.899s] Level 1:colcon.colcon_core.environment:checking '/home/kiranchand/kc_vision_ws/install/kc_vision_hardware/lib/pkgconfig/kc_vision_hardware.pc'
[11.899s] Level 1:colcon.colcon_core.environment:checking '/home/kiranchand/kc_vision_ws/install/kc_vision_hardware/lib/python3.12/site-packages'
[11.899s] Level 1:colcon.colcon_core.environment:checking '/home/kiranchand/kc_vision_ws/install/kc_vision_hardware/bin'
[11.899s] INFO:colcon.colcon_core.shell:Creating package script '/home/kiranchand/kc_vision_ws/install/kc_vision_hardware/share/kc_vision_hardware/package.ps1'
[11.899s] INFO:colcon.colcon_core.shell:Creating package descriptor '/home/kiranchand/kc_vision_ws/install/kc_vision_hardware/share/kc_vision_hardware/package.dsv'
[11.900s] INFO:colcon.colcon_core.shell:Creating package script '/home/kiranchand/kc_vision_ws/install/kc_vision_hardware/share/kc_vision_hardware/package.sh'
[11.900s] INFO:colcon.colcon_core.shell:Creating package script '/home/kiranchand/kc_vision_ws/install/kc_vision_hardware/share/kc_vision_hardware/package.bash'
[11.901s] INFO:colcon.colcon_core.shell:Creating package script '/home/kiranchand/kc_vision_ws/install/kc_vision_hardware/share/kc_vision_hardware/package.zsh'
[11.901s] Level 1:colcon.colcon_core.environment:create_file_with_runtime_dependencies(/home/kiranchand/kc_vision_ws/install/kc_vision_hardware/share/colcon-core/packages/kc_vision_hardware)
[11.901s] DEBUG:colcon.colcon_parallel_executor.executor.parallel:closing loop
[11.901s] DEBUG:colcon.colcon_parallel_executor.executor.parallel:loop closed
[11.901s] DEBUG:colcon.colcon_parallel_executor.executor.parallel:run_until_complete finished with '0'
[11.901s] DEBUG:colcon.colcon_core.event_reactor:joining thread
[11.906s] INFO:colcon.colcon_core.plugin_system:Skipping extension 'colcon_notification.desktop_notification.terminal_notifier': Not used on non-Darwin systems
[11.906s] INFO:colcon.colcon_core.plugin_system:Skipping extension 'colcon_notification.desktop_notification.win32': Not used on non-Windows systems
[11.906s] INFO:colcon.colcon_notification.desktop_notification:Sending desktop notification using 'notify2'
[11.917s] DEBUG:colcon.colcon_core.event_reactor:joined thread
[11.917s] INFO:colcon.colcon_core.shell:Creating prefix script '/home/kiranchand/kc_vision_ws/install/local_setup.ps1'
[11.918s] INFO:colcon.colcon_core.shell:Creating prefix util module '/home/kiranchand/kc_vision_ws/install/_local_setup_util_ps1.py'
[11.919s] INFO:colcon.colcon_core.shell:Creating prefix chain script '/home/kiranchand/kc_vision_ws/install/setup.ps1'
[11.921s] INFO:colcon.colcon_core.shell:Creating prefix script '/home/kiranchand/kc_vision_ws/install/local_setup.sh'
[11.921s] INFO:colcon.colcon_core.shell:Creating prefix util module '/home/kiranchand/kc_vision_ws/install/_local_setup_util_sh.py'
[11.922s] INFO:colcon.colcon_core.shell:Creating prefix chain script '/home/kiranchand/kc_vision_ws/install/setup.sh'
[11.924s] INFO:colcon.colcon_core.shell:Creating prefix script '/home/kiranchand/kc_vision_ws/install/local_setup.bash'
[11.924s] INFO:colcon.colcon_core.shell:Creating prefix chain script '/home/kiranchand/kc_vision_ws/install/setup.bash'
[11.926s] INFO:colcon.colcon_core.shell:Creating prefix script '/home/kiranchand/kc_vision_ws/install/local_setup.zsh'
[11.927s] INFO:colcon.colcon_core.shell:Creating prefix chain script '/home/kiranchand/kc_vision_ws/install/setup.zsh'
