[0.281s] Invoking command in '/home/kiranchand/kc_vision_ws/build/kc_vision_slam': CMAKE_PREFIX_PATH=${CMAKE_PREFIX_PATH}:/home/kiranchand/kc_vision_ws/install/kc_vision_scripts:/home/kiranchand/turtlebot3_ws/install/turtlebot3_teleop:/home/kiranchand/turtlebot3_ws/install/turtlebot3_example:/home/kiranchand/turtlebot3_ws/install/nav2_gps_waypoint_follower_demo:/home/kiranchand/visionari_ws/install/project_visionkc_description:/home/kiranchand/ros2_ws/install/robot_math:/home/kiranchand/ros2_ws/install/gui_interface:/home/kiranchand/ros2_ws/install/bme_ros2_navigation_py:/home/kiranchand/ros2_ws/install/ai_assitance:/home/kiranchand/chand_ws/install/nav2_gps_waypoint_follower_demo:/home/kiranchand/kiran_ws/install/slambot_scripts:/opt/ros/jazzy DEBUGINFOD_URLS=https://debuginfod.ubuntu.com /usr/bin/cmake /home/kiranchand/kc_vision_ws/src/kc_vision_slam -DAMENT_CMAKE_SYMLINK_INSTALL=1 -DCMAKE_INSTALL_PREFIX=/home/kiranchand/kc_vision_ws/install/kc_vision_slam
[0.346s] -- The C compiler identification is GNU 13.3.0
[0.411s] -- The CXX compiler identification is GNU 13.3.0
[0.428s] -- Detecting C compiler ABI info
[0.537s] -- Detecting C compiler ABI info - done
[0.546s] -- Check for working C compiler: /usr/bin/cc - skipped
[0.546s] -- Detecting C compile features
[0.546s] -- Detecting C compile features - done
[0.556s] -- Detecting CXX compiler ABI info
[0.662s] -- Detecting CXX compiler ABI info - done
[0.678s] -- Check for working CXX compiler: /usr/bin/c++ - skipped
[0.678s] -- Detecting CXX compile features
[0.679s] -- Detecting CXX compile features - done
[0.692s] -- Found ament_cmake: 2.5.5 (/opt/ros/jazzy/share/ament_cmake/cmake)
[0.948s] -- Found Python3: /usr/bin/python3 (found version "3.12.3") found components: Interpreter 
[1.064s] -- Override CMake install command with custom implementation using symlinks instead of copying resources
[1.206s] -- Found ament_lint_auto: 0.17.4 (/opt/ros/jazzy/share/ament_lint_auto/cmake)
[1.391s] -- Added test 'flake8' to check Python code syntax and style conventions
[1.391s] -- Configured 'flake8' exclude dirs and/or files: 
[1.393s] -- Added test 'lint_cmake' to check CMake code style
[1.394s] -- Added test 'pep257' to check Python code against some of the docstring style conventions in PEP 257
[1.397s] -- Added test 'xmllint' to check XML markup files
[1.402s] -- Configuring done (1.1s)
[1.405s] -- Generating done (0.0s)
[1.406s] -- Build files have been written to: /home/kiranchand/kc_vision_ws/build/kc_vision_slam
[1.412s] Invoked command in '/home/kiranchand/kc_vision_ws/build/kc_vision_slam' returned '0': CMAKE_PREFIX_PATH=${CMAKE_PREFIX_PATH}:/home/kiranchand/kc_vision_ws/install/kc_vision_scripts:/home/kiranchand/turtlebot3_ws/install/turtlebot3_teleop:/home/kiranchand/turtlebot3_ws/install/turtlebot3_example:/home/kiranchand/turtlebot3_ws/install/nav2_gps_waypoint_follower_demo:/home/kiranchand/visionari_ws/install/project_visionkc_description:/home/kiranchand/ros2_ws/install/robot_math:/home/kiranchand/ros2_ws/install/gui_interface:/home/kiranchand/ros2_ws/install/bme_ros2_navigation_py:/home/kiranchand/ros2_ws/install/ai_assitance:/home/kiranchand/chand_ws/install/nav2_gps_waypoint_follower_demo:/home/kiranchand/kiran_ws/install/slambot_scripts:/opt/ros/jazzy DEBUGINFOD_URLS=https://debuginfod.ubuntu.com /usr/bin/cmake /home/kiranchand/kc_vision_ws/src/kc_vision_slam -DAMENT_CMAKE_SYMLINK_INSTALL=1 -DCMAKE_INSTALL_PREFIX=/home/kiranchand/kc_vision_ws/install/kc_vision_slam
[1.414s] Invoking command in '/home/kiranchand/kc_vision_ws/build/kc_vision_slam': CMAKE_PREFIX_PATH=${CMAKE_PREFIX_PATH}:/home/kiranchand/kc_vision_ws/install/kc_vision_scripts:/home/kiranchand/turtlebot3_ws/install/turtlebot3_teleop:/home/kiranchand/turtlebot3_ws/install/turtlebot3_example:/home/kiranchand/turtlebot3_ws/install/nav2_gps_waypoint_follower_demo:/home/kiranchand/visionari_ws/install/project_visionkc_description:/home/kiranchand/ros2_ws/install/robot_math:/home/kiranchand/ros2_ws/install/gui_interface:/home/kiranchand/ros2_ws/install/bme_ros2_navigation_py:/home/kiranchand/ros2_ws/install/ai_assitance:/home/kiranchand/chand_ws/install/nav2_gps_waypoint_follower_demo:/home/kiranchand/kiran_ws/install/slambot_scripts:/opt/ros/jazzy DEBUGINFOD_URLS=https://debuginfod.ubuntu.com /usr/bin/cmake --build /home/kiranchand/kc_vision_ws/build/kc_vision_slam -- -j12 -l12
[1.463s] Invoked command in '/home/kiranchand/kc_vision_ws/build/kc_vision_slam' returned '0': CMAKE_PREFIX_PATH=${CMAKE_PREFIX_PATH}:/home/kiranchand/kc_vision_ws/install/kc_vision_scripts:/home/kiranchand/turtlebot3_ws/install/turtlebot3_teleop:/home/kiranchand/turtlebot3_ws/install/turtlebot3_example:/home/kiranchand/turtlebot3_ws/install/nav2_gps_waypoint_follower_demo:/home/kiranchand/visionari_ws/install/project_visionkc_description:/home/kiranchand/ros2_ws/install/robot_math:/home/kiranchand/ros2_ws/install/gui_interface:/home/kiranchand/ros2_ws/install/bme_ros2_navigation_py:/home/kiranchand/ros2_ws/install/ai_assitance:/home/kiranchand/chand_ws/install/nav2_gps_waypoint_follower_demo:/home/kiranchand/kiran_ws/install/slambot_scripts:/opt/ros/jazzy DEBUGINFOD_URLS=https://debuginfod.ubuntu.com /usr/bin/cmake --build /home/kiranchand/kc_vision_ws/build/kc_vision_slam -- -j12 -l12
[1.465s] Invoking command in '/home/kiranchand/kc_vision_ws/build/kc_vision_slam': CMAKE_PREFIX_PATH=${CMAKE_PREFIX_PATH}:/home/kiranchand/kc_vision_ws/install/kc_vision_scripts:/home/kiranchand/turtlebot3_ws/install/turtlebot3_teleop:/home/kiranchand/turtlebot3_ws/install/turtlebot3_example:/home/kiranchand/turtlebot3_ws/install/nav2_gps_waypoint_follower_demo:/home/kiranchand/visionari_ws/install/project_visionkc_description:/home/kiranchand/ros2_ws/install/robot_math:/home/kiranchand/ros2_ws/install/gui_interface:/home/kiranchand/ros2_ws/install/bme_ros2_navigation_py:/home/kiranchand/ros2_ws/install/ai_assitance:/home/kiranchand/chand_ws/install/nav2_gps_waypoint_follower_demo:/home/kiranchand/kiran_ws/install/slambot_scripts:/opt/ros/jazzy DEBUGINFOD_URLS=https://debuginfod.ubuntu.com /usr/bin/cmake --install /home/kiranchand/kc_vision_ws/build/kc_vision_slam
[1.476s] -- Install configuration: ""
[1.476s] -- Execute custom install script
[1.477s] -- Symlinking: /home/kiranchand/kc_vision_ws/install/kc_vision_slam/share/kc_vision_slam//launch/cartographer.launch.py
[1.489s] -- Symlinking: /home/kiranchand/kc_vision_ws/install/kc_vision_slam/share/kc_vision_slam//launch/map_saver.launch.py
[1.500s] -- Symlinking: /home/kiranchand/kc_vision_ws/install/kc_vision_slam/share/kc_vision_slam//launch/slam.launch.py
[1.513s] -- Symlinking: /home/kiranchand/kc_vision_ws/install/kc_vision_slam/share/kc_vision_slam//maps/campion_bedroom_2.pgm
[1.526s] -- Symlinking: /home/kiranchand/kc_vision_ws/install/kc_vision_slam/share/kc_vision_slam//maps/campion_bedroom_2.yaml
[1.535s] -- Symlinking: /home/kiranchand/kc_vision_ws/install/kc_vision_slam/share/kc_vision_slam//maps/campion_top_floor.pgm
[1.546s] -- Symlinking: /home/kiranchand/kc_vision_ws/install/kc_vision_slam/share/kc_vision_slam//maps/campion_top_floor.yaml
[1.556s] -- Symlinking: /home/kiranchand/kc_vision_ws/install/kc_vision_slam/share/kc_vision_slam//maps/how_to_save_maps.txt
[1.566s] -- Symlinking: /home/kiranchand/kc_vision_ws/install/kc_vision_slam/share/kc_vision_slam//maps/indoor_map_cartographer.pgm
[1.576s] -- Symlinking: /home/kiranchand/kc_vision_ws/install/kc_vision_slam/share/kc_vision_slam//maps/indoor_map_cartographer.yaml
[1.586s] -- Symlinking: /home/kiranchand/kc_vision_ws/install/kc_vision_slam/share/kc_vision_slam//config/cartographer_params.lua
[1.597s] -- Symlinking: /home/kiranchand/kc_vision_ws/install/kc_vision_slam/share/kc_vision_slam//config/slam_params.yaml
[1.608s] -- Up-to-date symlink: /home/kiranchand/kc_vision_ws/install/kc_vision_slam/share/kc_vision_slam//maps/campion_bedroom_2.pgm
[1.608s] -- Up-to-date symlink: /home/kiranchand/kc_vision_ws/install/kc_vision_slam/share/kc_vision_slam//maps/campion_bedroom_2.yaml
[1.608s] -- Up-to-date symlink: /home/kiranchand/kc_vision_ws/install/kc_vision_slam/share/kc_vision_slam//maps/campion_top_floor.pgm
[1.608s] -- Up-to-date symlink: /home/kiranchand/kc_vision_ws/install/kc_vision_slam/share/kc_vision_slam//maps/campion_top_floor.yaml
[1.608s] -- Up-to-date symlink: /home/kiranchand/kc_vision_ws/install/kc_vision_slam/share/kc_vision_slam//maps/how_to_save_maps.txt
[1.608s] -- Up-to-date symlink: /home/kiranchand/kc_vision_ws/install/kc_vision_slam/share/kc_vision_slam//maps/indoor_map_cartographer.pgm
[1.608s] -- Up-to-date symlink: /home/kiranchand/kc_vision_ws/install/kc_vision_slam/share/kc_vision_slam//maps/indoor_map_cartographer.yaml
[1.608s] -- Symlinking: /home/kiranchand/kc_vision_ws/install/kc_vision_slam/share/kc_vision_slam//rviz/gazebo_rviz_cartographer_config.rviz
[1.618s] -- Symlinking: /home/kiranchand/kc_vision_ws/install/kc_vision_slam/share/kc_vision_slam//rviz/gazebo_rviz_slamtoolbox_config.rviz
[1.629s] -- Symlinking: /home/kiranchand/kc_vision_ws/install/kc_vision_slam/share/ament_index/resource_index/package_run_dependencies/kc_vision_slam
[1.640s] -- Symlinking: /home/kiranchand/kc_vision_ws/install/kc_vision_slam/share/ament_index/resource_index/parent_prefix_path/kc_vision_slam
[1.651s] -- Symlinking: /home/kiranchand/kc_vision_ws/install/kc_vision_slam/share/kc_vision_slam/environment/ament_prefix_path.sh
[1.662s] -- Symlinking: /home/kiranchand/kc_vision_ws/install/kc_vision_slam/share/kc_vision_slam/environment/ament_prefix_path.dsv
[1.672s] -- Symlinking: /home/kiranchand/kc_vision_ws/install/kc_vision_slam/share/kc_vision_slam/environment/path.sh
[1.683s] -- Symlinking: /home/kiranchand/kc_vision_ws/install/kc_vision_slam/share/kc_vision_slam/environment/path.dsv
[1.693s] -- Symlinking: /home/kiranchand/kc_vision_ws/install/kc_vision_slam/share/kc_vision_slam/local_setup.bash
[1.703s] -- Symlinking: /home/kiranchand/kc_vision_ws/install/kc_vision_slam/share/kc_vision_slam/local_setup.sh
[1.715s] -- Symlinking: /home/kiranchand/kc_vision_ws/install/kc_vision_slam/share/kc_vision_slam/local_setup.zsh
[1.725s] -- Symlinking: /home/kiranchand/kc_vision_ws/install/kc_vision_slam/share/kc_vision_slam/local_setup.dsv
[1.736s] -- Symlinking: /home/kiranchand/kc_vision_ws/install/kc_vision_slam/share/kc_vision_slam/package.dsv
[1.748s] -- Symlinking: /home/kiranchand/kc_vision_ws/install/kc_vision_slam/share/ament_index/resource_index/packages/kc_vision_slam
[1.759s] -- Symlinking: /home/kiranchand/kc_vision_ws/install/kc_vision_slam/share/kc_vision_slam/cmake/kc_vision_slamConfig.cmake
[1.770s] -- Symlinking: /home/kiranchand/kc_vision_ws/install/kc_vision_slam/share/kc_vision_slam/cmake/kc_vision_slamConfig-version.cmake
[1.780s] -- Symlinking: /home/kiranchand/kc_vision_ws/install/kc_vision_slam/share/kc_vision_slam/package.xml
[1.792s] Invoked command in '/home/kiranchand/kc_vision_ws/build/kc_vision_slam' returned '0': CMAKE_PREFIX_PATH=${CMAKE_PREFIX_PATH}:/home/kiranchand/kc_vision_ws/install/kc_vision_scripts:/home/kiranchand/turtlebot3_ws/install/turtlebot3_teleop:/home/kiranchand/turtlebot3_ws/install/turtlebot3_example:/home/kiranchand/turtlebot3_ws/install/nav2_gps_waypoint_follower_demo:/home/kiranchand/visionari_ws/install/project_visionkc_description:/home/kiranchand/ros2_ws/install/robot_math:/home/kiranchand/ros2_ws/install/gui_interface:/home/kiranchand/ros2_ws/install/bme_ros2_navigation_py:/home/kiranchand/ros2_ws/install/ai_assitance:/home/kiranchand/chand_ws/install/nav2_gps_waypoint_follower_demo:/home/kiranchand/kiran_ws/install/slambot_scripts:/opt/ros/jazzy DEBUGINFOD_URLS=https://debuginfod.ubuntu.com /usr/bin/cmake --install /home/kiranchand/kc_vision_ws/build/kc_vision_slam
