[0.440s] Invoking command in '/home/kiranchand/kc_vision_ws/build/kc_vision_hardware': CMAKE_PREFIX_PATH=${CMAKE_PREFIX_PATH}:/home/kiranchand/turtlebot3_ws/install/turtlebot3_teleop:/home/kiranchand/turtlebot3_ws/install/turtlebot3_example:/home/kiranchand/turtlebot3_ws/install/nav2_gps_waypoint_follower_demo:/opt/ros/jazzy DEBUGINFOD_URLS=https://debuginfod.ubuntu.com /usr/bin/cmake --build /home/kiranchand/kc_vision_ws/build/kc_vision_hardware -- -j12 -l12
[0.592s] Invoked command in '/home/kiranchand/kc_vision_ws/build/kc_vision_hardware' returned '0': CMAKE_PREFIX_PATH=${CMAKE_PREFIX_PATH}:/home/kiranchand/turtlebot3_ws/install/turtlebot3_teleop:/home/kiranchand/turtlebot3_ws/install/turtlebot3_example:/home/kiranchand/turtlebot3_ws/install/nav2_gps_waypoint_follower_demo:/opt/ros/jazzy DEBUGINFOD_URLS=https://debuginfod.ubuntu.com /usr/bin/cmake --build /home/kiranchand/kc_vision_ws/build/kc_vision_hardware -- -j12 -l12
[0.593s] Invoking command in '/home/kiranchand/kc_vision_ws/build/kc_vision_hardware': CMAKE_PREFIX_PATH=${CMAKE_PREFIX_PATH}:/home/kiranchand/turtlebot3_ws/install/turtlebot3_teleop:/home/kiranchand/turtlebot3_ws/install/turtlebot3_example:/home/kiranchand/turtlebot3_ws/install/nav2_gps_waypoint_follower_demo:/opt/ros/jazzy DEBUGINFOD_URLS=https://debuginfod.ubuntu.com /usr/bin/cmake --install /home/kiranchand/kc_vision_ws/build/kc_vision_hardware
[0.613s] -- Install configuration: ""
[0.622s] -- Execute custom install script
[0.628s] -- Up-to-date symlink: /home/kiranchand/kc_vision_ws/install/kc_vision_hardware/share/ament_index/resource_index/package_run_dependencies/kc_vision_hardware
[0.628s] -- Up-to-date symlink: /home/kiranchand/kc_vision_ws/install/kc_vision_hardware/share/ament_index/resource_index/parent_prefix_path/kc_vision_hardware
[0.628s] -- Up-to-date symlink: /home/kiranchand/kc_vision_ws/install/kc_vision_hardware/share/kc_vision_hardware/environment/ament_prefix_path.sh
[0.629s] -- Up-to-date symlink: /home/kiranchand/kc_vision_ws/install/kc_vision_hardware/share/kc_vision_hardware/environment/ament_prefix_path.dsv
[0.630s] -- Up-to-date symlink: /home/kiranchand/kc_vision_ws/install/kc_vision_hardware/share/kc_vision_hardware/environment/path.sh
[0.632s] -- Up-to-date symlink: /home/kiranchand/kc_vision_ws/install/kc_vision_hardware/share/kc_vision_hardware/environment/path.dsv
[0.633s] -- Up-to-date symlink: /home/kiranchand/kc_vision_ws/install/kc_vision_hardware/share/kc_vision_hardware/local_setup.bash
[0.633s] -- Up-to-date symlink: /home/kiranchand/kc_vision_ws/install/kc_vision_hardware/share/kc_vision_hardware/local_setup.sh
[0.633s] -- Up-to-date symlink: /home/kiranchand/kc_vision_ws/install/kc_vision_hardware/share/kc_vision_hardware/local_setup.zsh
[0.635s] -- Up-to-date symlink: /home/kiranchand/kc_vision_ws/install/kc_vision_hardware/share/kc_vision_hardware/local_setup.dsv
[0.636s] -- Symlinking: /home/kiranchand/kc_vision_ws/install/kc_vision_hardware/share/kc_vision_hardware/package.dsv
[0.640s] -- Up-to-date symlink: /home/kiranchand/kc_vision_ws/install/kc_vision_hardware/share/ament_index/resource_index/packages/kc_vision_hardware
[0.640s] -- Up-to-date symlink: /home/kiranchand/kc_vision_ws/install/kc_vision_hardware/share/kc_vision_hardware/cmake/kc_vision_hardwareConfig.cmake
[0.640s] -- Up-to-date symlink: /home/kiranchand/kc_vision_ws/install/kc_vision_hardware/share/kc_vision_hardware/cmake/kc_vision_hardwareConfig-version.cmake
[0.641s] -- Up-to-date symlink: /home/kiranchand/kc_vision_ws/install/kc_vision_hardware/share/kc_vision_hardware/package.xml
[0.669s] Invoked command in '/home/kiranchand/kc_vision_ws/build/kc_vision_hardware' returned '0': CMAKE_PREFIX_PATH=${CMAKE_PREFIX_PATH}:/home/kiranchand/turtlebot3_ws/install/turtlebot3_teleop:/home/kiranchand/turtlebot3_ws/install/turtlebot3_example:/home/kiranchand/turtlebot3_ws/install/nav2_gps_waypoint_follower_demo:/opt/ros/jazzy DEBUGINFOD_URLS=https://debuginfod.ubuntu.com /usr/bin/cmake --install /home/kiranchand/kc_vision_ws/build/kc_vision_hardware
