[0.257s] Invoking command in '/home/kiranchand/kc_vision_ws/build/kc_vision_slam': CMAKE_PREFIX_PATH=${CMAKE_PREFIX_PATH}:/home/kiranchand/kc_vision_ws/install/kc_vision_scripts:/home/kiranchand/visionari_ws/install/project_visionkc_description:/home/kiranchand/chand_ws/install/nav2_gps_waypoint_follower_demo:/home/kiranchand/kiran_ws/install/slambot_scripts:/home/kiranchand/kiran_ws/install/bme_ros2_navigation_py:/home/kiranchand/turtlebot3_ws/install/turtlebot3_teleop:/home/kiranchand/turtlebot3_ws/install/turtlebot3_example:/home/kiranchand/turtlebot3_ws/install/nav2_gps_waypoint_follower_demo:/opt/ros/jazzy DEBUGINFOD_URLS=https://debuginfod.ubuntu.com /usr/bin/cmake /home/kiranchand/kc_vision_ws/src/kc_vision_slam -DAMENT_CMAKE_SYMLINK_INSTALL=1 -DCMAKE_INSTALL_PREFIX=/home/kiranchand/kc_vision_ws/install/kc_vision_slam
[0.315s] -- The C compiler identification is GNU 13.3.0
[0.376s] -- The CXX compiler identification is GNU 13.3.0
[0.396s] -- Detecting C compiler ABI info
[0.518s] -- Detecting C compiler ABI info - done
[0.527s] -- Check for working C compiler: /usr/bin/cc - skipped
[0.527s] -- Detecting C compile features
[0.528s] -- Detecting C compile features - done
[0.538s] -- Detecting CXX compiler ABI info
[0.657s] -- Detecting CXX compiler ABI info - done
[0.666s] -- Check for working CXX compiler: /usr/bin/c++ - skipped
[0.667s] -- Detecting CXX compile features
[0.667s] -- Detecting CXX compile features - done
[0.677s] -- Found ament_cmake: 2.5.5 (/opt/ros/jazzy/share/ament_cmake/cmake)
[0.959s] -- Found Python3: /usr/bin/python3 (found version "3.12.3") found components: Interpreter 
[1.084s] -- Override CMake install command with custom implementation using symlinks instead of copying resources
[1.225s] -- Found ament_lint_auto: 0.17.4 (/opt/ros/jazzy/share/ament_lint_auto/cmake)
[1.411s] -- Added test 'flake8' to check Python code syntax and style conventions
[1.411s] -- Configured 'flake8' exclude dirs and/or files: 
[1.413s] -- Added test 'lint_cmake' to check CMake code style
[1.415s] -- Added test 'pep257' to check Python code against some of the docstring style conventions in PEP 257
[1.419s] -- Added test 'xmllint' to check XML markup files
[1.424s] -- Configuring done (1.2s)
[1.428s] -- Generating done (0.0s)
[1.431s] -- Build files have been written to: /home/kiranchand/kc_vision_ws/build/kc_vision_slam
[1.453s] Invoked command in '/home/kiranchand/kc_vision_ws/build/kc_vision_slam' returned '0': CMAKE_PREFIX_PATH=${CMAKE_PREFIX_PATH}:/home/kiranchand/kc_vision_ws/install/kc_vision_scripts:/home/kiranchand/visionari_ws/install/project_visionkc_description:/home/kiranchand/chand_ws/install/nav2_gps_waypoint_follower_demo:/home/kiranchand/kiran_ws/install/slambot_scripts:/home/kiranchand/kiran_ws/install/bme_ros2_navigation_py:/home/kiranchand/turtlebot3_ws/install/turtlebot3_teleop:/home/kiranchand/turtlebot3_ws/install/turtlebot3_example:/home/kiranchand/turtlebot3_ws/install/nav2_gps_waypoint_follower_demo:/opt/ros/jazzy DEBUGINFOD_URLS=https://debuginfod.ubuntu.com /usr/bin/cmake /home/kiranchand/kc_vision_ws/src/kc_vision_slam -DAMENT_CMAKE_SYMLINK_INSTALL=1 -DCMAKE_INSTALL_PREFIX=/home/kiranchand/kc_vision_ws/install/kc_vision_slam
[1.455s] Invoking command in '/home/kiranchand/kc_vision_ws/build/kc_vision_slam': CMAKE_PREFIX_PATH=${CMAKE_PREFIX_PATH}:/home/kiranchand/kc_vision_ws/install/kc_vision_scripts:/home/kiranchand/visionari_ws/install/project_visionkc_description:/home/kiranchand/chand_ws/install/nav2_gps_waypoint_follower_demo:/home/kiranchand/kiran_ws/install/slambot_scripts:/home/kiranchand/kiran_ws/install/bme_ros2_navigation_py:/home/kiranchand/turtlebot3_ws/install/turtlebot3_teleop:/home/kiranchand/turtlebot3_ws/install/turtlebot3_example:/home/kiranchand/turtlebot3_ws/install/nav2_gps_waypoint_follower_demo:/opt/ros/jazzy DEBUGINFOD_URLS=https://debuginfod.ubuntu.com /usr/bin/cmake --build /home/kiranchand/kc_vision_ws/build/kc_vision_slam -- -j12 -l12
[1.516s] Invoked command in '/home/kiranchand/kc_vision_ws/build/kc_vision_slam' returned '0': CMAKE_PREFIX_PATH=${CMAKE_PREFIX_PATH}:/home/kiranchand/kc_vision_ws/install/kc_vision_scripts:/home/kiranchand/visionari_ws/install/project_visionkc_description:/home/kiranchand/chand_ws/install/nav2_gps_waypoint_follower_demo:/home/kiranchand/kiran_ws/install/slambot_scripts:/home/kiranchand/kiran_ws/install/bme_ros2_navigation_py:/home/kiranchand/turtlebot3_ws/install/turtlebot3_teleop:/home/kiranchand/turtlebot3_ws/install/turtlebot3_example:/home/kiranchand/turtlebot3_ws/install/nav2_gps_waypoint_follower_demo:/opt/ros/jazzy DEBUGINFOD_URLS=https://debuginfod.ubuntu.com /usr/bin/cmake --build /home/kiranchand/kc_vision_ws/build/kc_vision_slam -- -j12 -l12
[1.517s] Invoking command in '/home/kiranchand/kc_vision_ws/build/kc_vision_slam': CMAKE_PREFIX_PATH=${CMAKE_PREFIX_PATH}:/home/kiranchand/kc_vision_ws/install/kc_vision_scripts:/home/kiranchand/visionari_ws/install/project_visionkc_description:/home/kiranchand/chand_ws/install/nav2_gps_waypoint_follower_demo:/home/kiranchand/kiran_ws/install/slambot_scripts:/home/kiranchand/kiran_ws/install/bme_ros2_navigation_py:/home/kiranchand/turtlebot3_ws/install/turtlebot3_teleop:/home/kiranchand/turtlebot3_ws/install/turtlebot3_example:/home/kiranchand/turtlebot3_ws/install/nav2_gps_waypoint_follower_demo:/opt/ros/jazzy DEBUGINFOD_URLS=https://debuginfod.ubuntu.com /usr/bin/cmake --install /home/kiranchand/kc_vision_ws/build/kc_vision_slam
[1.529s] -- Install configuration: ""
[1.530s] -- Execute custom install script
[1.530s] -- Symlinking: /home/kiranchand/kc_vision_ws/install/kc_vision_slam/share/kc_vision_slam//launch/cartographer.launch.py
[1.541s] -- Symlinking: /home/kiranchand/kc_vision_ws/install/kc_vision_slam/share/kc_vision_slam//launch/map_saver.launch.py
[1.554s] -- Symlinking: /home/kiranchand/kc_vision_ws/install/kc_vision_slam/share/kc_vision_slam//launch/slam.launch.py
[1.565s] -- Symlinking: /home/kiranchand/kc_vision_ws/install/kc_vision_slam/share/kc_vision_slam//maps/campion_bedroom_2.pgm
[1.578s] -- Symlinking: /home/kiranchand/kc_vision_ws/install/kc_vision_slam/share/kc_vision_slam//maps/campion_bedroom_2.yaml
[1.590s] -- Symlinking: /home/kiranchand/kc_vision_ws/install/kc_vision_slam/share/kc_vision_slam//maps/campion_top_floor.pgm
[1.602s] -- Symlinking: /home/kiranchand/kc_vision_ws/install/kc_vision_slam/share/kc_vision_slam//maps/campion_top_floor.yaml
[1.615s] -- Symlinking: /home/kiranchand/kc_vision_ws/install/kc_vision_slam/share/kc_vision_slam//maps/how_to_save_maps.txt
[1.627s] -- Symlinking: /home/kiranchand/kc_vision_ws/install/kc_vision_slam/share/kc_vision_slam//maps/indoor_map_cartographer.pgm
[1.638s] -- Symlinking: /home/kiranchand/kc_vision_ws/install/kc_vision_slam/share/kc_vision_slam//maps/indoor_map_cartographer.yaml
[1.650s] -- Symlinking: /home/kiranchand/kc_vision_ws/install/kc_vision_slam/share/kc_vision_slam//maps/my_map.yaml
[1.662s] -- Symlinking: /home/kiranchand/kc_vision_ws/install/kc_vision_slam/share/kc_vision_slam//maps/saved_map.yaml
[1.675s] -- Symlinking: /home/kiranchand/kc_vision_ws/install/kc_vision_slam/share/kc_vision_slam//config/cartographer_params.lua
[1.688s] -- Symlinking: /home/kiranchand/kc_vision_ws/install/kc_vision_slam/share/kc_vision_slam//config/slam_params.yaml
[1.700s] -- Up-to-date symlink: /home/kiranchand/kc_vision_ws/install/kc_vision_slam/share/kc_vision_slam//maps/campion_bedroom_2.pgm
[1.700s] -- Up-to-date symlink: /home/kiranchand/kc_vision_ws/install/kc_vision_slam/share/kc_vision_slam//maps/campion_bedroom_2.yaml
[1.700s] -- Up-to-date symlink: /home/kiranchand/kc_vision_ws/install/kc_vision_slam/share/kc_vision_slam//maps/campion_top_floor.pgm
[1.701s] -- Up-to-date symlink: /home/kiranchand/kc_vision_ws/install/kc_vision_slam/share/kc_vision_slam//maps/campion_top_floor.yaml
[1.701s] -- Up-to-date symlink: /home/kiranchand/kc_vision_ws/install/kc_vision_slam/share/kc_vision_slam//maps/how_to_save_maps.txt
[1.701s] -- Up-to-date symlink: /home/kiranchand/kc_vision_ws/install/kc_vision_slam/share/kc_vision_slam//maps/indoor_map_cartographer.pgm
[1.701s] -- Up-to-date symlink: /home/kiranchand/kc_vision_ws/install/kc_vision_slam/share/kc_vision_slam//maps/indoor_map_cartographer.yaml
[1.701s] -- Up-to-date symlink: /home/kiranchand/kc_vision_ws/install/kc_vision_slam/share/kc_vision_slam//maps/my_map.yaml
[1.702s] -- Up-to-date symlink: /home/kiranchand/kc_vision_ws/install/kc_vision_slam/share/kc_vision_slam//maps/saved_map.yaml
[1.702s] -- Symlinking: /home/kiranchand/kc_vision_ws/install/kc_vision_slam/share/kc_vision_slam//rviz/gazebo_rviz_cartographer_config.rviz
[1.712s] -- Symlinking: /home/kiranchand/kc_vision_ws/install/kc_vision_slam/share/kc_vision_slam//rviz/gazebo_rviz_slamtoolbox_config.rviz
[1.725s] -- Symlinking: /home/kiranchand/kc_vision_ws/install/kc_vision_slam/share/ament_index/resource_index/package_run_dependencies/kc_vision_slam
[1.738s] -- Symlinking: /home/kiranchand/kc_vision_ws/install/kc_vision_slam/share/ament_index/resource_index/parent_prefix_path/kc_vision_slam
[1.753s] -- Symlinking: /home/kiranchand/kc_vision_ws/install/kc_vision_slam/share/kc_vision_slam/environment/ament_prefix_path.sh
[1.766s] -- Symlinking: /home/kiranchand/kc_vision_ws/install/kc_vision_slam/share/kc_vision_slam/environment/ament_prefix_path.dsv
[1.778s] -- Symlinking: /home/kiranchand/kc_vision_ws/install/kc_vision_slam/share/kc_vision_slam/environment/path.sh
[1.790s] -- Symlinking: /home/kiranchand/kc_vision_ws/install/kc_vision_slam/share/kc_vision_slam/environment/path.dsv
[1.801s] -- Symlinking: /home/kiranchand/kc_vision_ws/install/kc_vision_slam/share/kc_vision_slam/local_setup.bash
[1.810s] -- Symlinking: /home/kiranchand/kc_vision_ws/install/kc_vision_slam/share/kc_vision_slam/local_setup.sh
[1.821s] -- Symlinking: /home/kiranchand/kc_vision_ws/install/kc_vision_slam/share/kc_vision_slam/local_setup.zsh
[1.832s] -- Symlinking: /home/kiranchand/kc_vision_ws/install/kc_vision_slam/share/kc_vision_slam/local_setup.dsv
[1.843s] -- Symlinking: /home/kiranchand/kc_vision_ws/install/kc_vision_slam/share/kc_vision_slam/package.dsv
[1.856s] -- Symlinking: /home/kiranchand/kc_vision_ws/install/kc_vision_slam/share/ament_index/resource_index/packages/kc_vision_slam
[1.869s] -- Symlinking: /home/kiranchand/kc_vision_ws/install/kc_vision_slam/share/kc_vision_slam/cmake/kc_vision_slamConfig.cmake
[1.883s] -- Symlinking: /home/kiranchand/kc_vision_ws/install/kc_vision_slam/share/kc_vision_slam/cmake/kc_vision_slamConfig-version.cmake
[1.896s] -- Symlinking: /home/kiranchand/kc_vision_ws/install/kc_vision_slam/share/kc_vision_slam/package.xml
[1.908s] Invoked command in '/home/kiranchand/kc_vision_ws/build/kc_vision_slam' returned '0': CMAKE_PREFIX_PATH=${CMAKE_PREFIX_PATH}:/home/kiranchand/kc_vision_ws/install/kc_vision_scripts:/home/kiranchand/visionari_ws/install/project_visionkc_description:/home/kiranchand/chand_ws/install/nav2_gps_waypoint_follower_demo:/home/kiranchand/kiran_ws/install/slambot_scripts:/home/kiranchand/kiran_ws/install/bme_ros2_navigation_py:/home/kiranchand/turtlebot3_ws/install/turtlebot3_teleop:/home/kiranchand/turtlebot3_ws/install/turtlebot3_example:/home/kiranchand/turtlebot3_ws/install/nav2_gps_waypoint_follower_demo:/opt/ros/jazzy DEBUGINFOD_URLS=https://debuginfod.ubuntu.com /usr/bin/cmake --install /home/kiranchand/kc_vision_ws/build/kc_vision_slam
