-- The C compiler identification is GNU 13.3.0
-- The CXX compiler identification is GNU 13.3.0
-- Detecting C compiler ABI info
-- Detecting C compiler ABI info - done
-- Check for working C compiler: /usr/bin/cc - skipped
-- Detecting C compile features
-- Detecting C compile features - done
-- Detecting CXX compiler ABI info
-- Detecting CXX compiler ABI info - done
-- Check for working CXX compiler: /usr/bin/c++ - skipped
-- Detecting CXX compile features
-- Detecting CXX compile features - done
-- Found ament_cmake: 2.5.5 (/opt/ros/jazzy/share/ament_cmake/cmake)
-- Found Python3: /usr/bin/python3 (found version "3.12.3") found components: Interpreter 
-- Override CMake install command with custom implementation using symlinks instead of copying resources
-- Found action_msgs: 2.0.3 (/opt/ros/jazzy/share/action_msgs/cmake)
-- Found rosidl_generator_c: 4.6.7 (/opt/ros/jazzy/share/rosidl_generator_c/cmake)
-- Found rosidl_generator_cpp: 4.6.7 (/opt/ros/jazzy/share/rosidl_generator_cpp/cmake)
-- Using all available rosidl_typesupport_c: rosidl_typesupport_fastrtps_c;rosidl_typesupport_introspection_c
-- Using all available rosidl_typesupport_cpp: rosidl_typesupport_fastrtps_cpp;rosidl_typesupport_introspection_cpp
-- Found geometry_msgs: 5.3.6 (/opt/ros/jazzy/share/geometry_msgs/cmake)
-- Found rclcpp: 28.1.16 (/opt/ros/jazzy/share/rclcpp/cmake)
-- Found rmw_implementation_cmake: 7.3.3 (/opt/ros/jazzy/share/rmw_implementation_cmake/cmake)
-- Found rmw_cyclonedds_cpp: 2.2.3 (/opt/ros/jazzy/share/rmw_cyclonedds_cpp/cmake)
-- Using RMW implementation 'rmw_cyclonedds_cpp' as default
-- Configuring done (1.9s)
-- Generating done (0.0s)
-- Build files have been written to: /home/kiranchand/kc_vision_ws/build/kc_vision_nav2
[ 50%] [32mBuilding CXX object CMakeFiles/cmd_vel_watchdog.dir/src/cmd_vel_watchdog.cpp.o[0m
[100%] [32m[1mLinking CXX executable cmd_vel_watchdog[0m
[100%] Built target cmd_vel_watchdog
-- Install configuration: ""
-- Execute custom install script
-- Symlinking: /home/kiranchand/kc_vision_ws/install/kc_vision_nav2/share/kc_vision_nav2//launch/nav2.launch.py
-- Symlinking: /home/kiranchand/kc_vision_ws/install/kc_vision_nav2/share/kc_vision_nav2//config/nav2_real_params.yaml
-- Symlinking: /home/kiranchand/kc_vision_ws/install/kc_vision_nav2/share/kc_vision_nav2//config/nav2_real_params_rpp.yaml
-- Symlinking: /home/kiranchand/kc_vision_ws/install/kc_vision_nav2/share/kc_vision_nav2//config/nav2_sim_params.yaml
-- Symlinking: /home/kiranchand/kc_vision_ws/install/kc_vision_nav2/share/kc_vision_nav2//rviz/nav2_rviz_config.rviz
-- Symlinking: /home/kiranchand/kc_vision_ws/install/kc_vision_nav2/lib/kc_vision_nav2/cmd_vel_watchdog
-- Symlinking: /home/kiranchand/kc_vision_ws/install/kc_vision_nav2/share/ament_index/resource_index/package_run_dependencies/kc_vision_nav2
-- Symlinking: /home/kiranchand/kc_vision_ws/install/kc_vision_nav2/share/ament_index/resource_index/parent_prefix_path/kc_vision_nav2
-- Symlinking: /home/kiranchand/kc_vision_ws/install/kc_vision_nav2/share/kc_vision_nav2/environment/ament_prefix_path.sh
-- Symlinking: /home/kiranchand/kc_vision_ws/install/kc_vision_nav2/share/kc_vision_nav2/environment/ament_prefix_path.dsv
-- Symlinking: /home/kiranchand/kc_vision_ws/install/kc_vision_nav2/share/kc_vision_nav2/environment/path.sh
-- Symlinking: /home/kiranchand/kc_vision_ws/install/kc_vision_nav2/share/kc_vision_nav2/environment/path.dsv
-- Symlinking: /home/kiranchand/kc_vision_ws/install/kc_vision_nav2/share/kc_vision_nav2/local_setup.bash
-- Symlinking: /home/kiranchand/kc_vision_ws/install/kc_vision_nav2/share/kc_vision_nav2/local_setup.sh
-- Symlinking: /home/kiranchand/kc_vision_ws/install/kc_vision_nav2/share/kc_vision_nav2/local_setup.zsh
-- Symlinking: /home/kiranchand/kc_vision_ws/install/kc_vision_nav2/share/kc_vision_nav2/local_setup.dsv
-- Symlinking: /home/kiranchand/kc_vision_ws/install/kc_vision_nav2/share/kc_vision_nav2/package.dsv
-- Symlinking: /home/kiranchand/kc_vision_ws/install/kc_vision_nav2/share/ament_index/resource_index/packages/kc_vision_nav2
-- Symlinking: /home/kiranchand/kc_vision_ws/install/kc_vision_nav2/share/kc_vision_nav2/cmake/kc_vision_nav2Config.cmake
-- Symlinking: /home/kiranchand/kc_vision_ws/install/kc_vision_nav2/share/kc_vision_nav2/cmake/kc_vision_nav2Config-version.cmake
-- Symlinking: /home/kiranchand/kc_vision_ws/install/kc_vision_nav2/share/kc_vision_nav2/package.xml
