[0.014s] Invoking command in '/home/kiranchand/kc_vision_ws/build/micro_ros_msgs': CMAKE_PREFIX_PATH=${CMAKE_PREFIX_PATH}:/home/kiranchand/kc_vision_ws/install/kc_vision_scripts:/home/kiranchand/turtlebot3_ws/install/turtlebot3_teleop:/home/kiranchand/turtlebot3_ws/install/turtlebot3_example:/home/kiranchand/turtlebot3_ws/install/nav2_gps_waypoint_follower_demo:/opt/ros/jazzy DEBUGINFOD_URLS=https://debuginfod.ubuntu.com /usr/bin/cmake /home/kiranchand/kc_vision_ws/src/uros/micro_ros_msgs -DUAGENT_BUILD_EXECUTABLE=OFF -DUAGENT_P2P_PROFILE=OFF --no-warn-unused-cli -DCMAKE_INSTALL_PREFIX=/home/kiranchand/kc_vision_ws/install/micro_ros_msgs
[0.023s] Not searching for unused variables given on the command line.
[0.069s] -- The C compiler identification is GNU 13.3.0
[0.118s] -- The CXX compiler identification is GNU 13.3.0
[0.134s] -- Detecting C compiler ABI info
[0.224s] -- Detecting C compiler ABI info - done
[0.231s] -- Check for working C compiler: /usr/bin/cc - skipped
[0.231s] -- Detecting C compile features
[0.232s] -- Detecting C compile features - done
[0.241s] -- Detecting CXX compiler ABI info
[0.337s] -- Detecting CXX compiler ABI info - done
[0.344s] -- Check for working CXX compiler: /usr/bin/c++ - skipped
[0.345s] -- Detecting CXX compile features
[0.345s] -- Detecting CXX compile features - done
[0.353s] -- Found ament_cmake: 2.5.5 (/opt/ros/jazzy/share/ament_cmake/cmake)
[0.527s] -- Found Python3: /usr/bin/python3 (found version "3.12.3") found components: Interpreter 
[0.701s] -- Found rosidl_default_generators: 1.6.0 (/opt/ros/jazzy/share/rosidl_default_generators/cmake)
[0.725s] -- Using all available rosidl_typesupport_c: rosidl_typesupport_fastrtps_c;rosidl_typesupport_introspection_c
[0.847s] -- Using all available rosidl_typesupport_cpp: rosidl_typesupport_fastrtps_cpp;rosidl_typesupport_introspection_cpp
[0.946s] -- Found rosidl_adapter: 4.6.7 (/opt/ros/jazzy/share/rosidl_adapter/cmake)
[0.955s] -- Found ament_lint_auto: 0.17.4 (/opt/ros/jazzy/share/ament_lint_auto/cmake)
[1.559s] -- Found ament_cmake_ros: 0.12.0 (/opt/ros/jazzy/share/ament_cmake_ros/cmake)
[1.971s] -- Using all available rosidl_typesupport_c: rosidl_typesupport_fastrtps_c;rosidl_typesupport_introspection_c
[2.489s] -- Using all available rosidl_typesupport_cpp: rosidl_typesupport_fastrtps_cpp;rosidl_typesupport_introspection_cpp
[2.498s] -- Found python_cmake_module: 0.11.1 (/opt/ros/jazzy/share/python_cmake_module/cmake)
[2.624s] -- Found PythonExtra: /usr/bin/python3  
[3.036s] -- Found Python3: /usr/bin/python3 (found version "3.12.3") found components: Interpreter Development NumPy Development.Module Development.Embed 
[3.069s] -- Added test 'copyright' to check source files copyright and LICENSE
[3.082s] -- Added test 'lint_cmake' to check CMake code style
[3.089s] -- Added test 'xmllint' to check XML markup files
[3.098s] -- Configuring done (3.1s)
[3.130s] -- Generating done (0.0s)
[3.141s] -- Build files have been written to: /home/kiranchand/kc_vision_ws/build/micro_ros_msgs
[3.148s] Invoked command in '/home/kiranchand/kc_vision_ws/build/micro_ros_msgs' returned '0': CMAKE_PREFIX_PATH=${CMAKE_PREFIX_PATH}:/home/kiranchand/kc_vision_ws/install/kc_vision_scripts:/home/kiranchand/turtlebot3_ws/install/turtlebot3_teleop:/home/kiranchand/turtlebot3_ws/install/turtlebot3_example:/home/kiranchand/turtlebot3_ws/install/nav2_gps_waypoint_follower_demo:/opt/ros/jazzy DEBUGINFOD_URLS=https://debuginfod.ubuntu.com /usr/bin/cmake /home/kiranchand/kc_vision_ws/src/uros/micro_ros_msgs -DUAGENT_BUILD_EXECUTABLE=OFF -DUAGENT_P2P_PROFILE=OFF --no-warn-unused-cli -DCMAKE_INSTALL_PREFIX=/home/kiranchand/kc_vision_ws/install/micro_ros_msgs
[3.149s] Invoking command in '/home/kiranchand/kc_vision_ws/build/micro_ros_msgs': CMAKE_PREFIX_PATH=${CMAKE_PREFIX_PATH}:/home/kiranchand/kc_vision_ws/install/kc_vision_scripts:/home/kiranchand/turtlebot3_ws/install/turtlebot3_teleop:/home/kiranchand/turtlebot3_ws/install/turtlebot3_example:/home/kiranchand/turtlebot3_ws/install/nav2_gps_waypoint_follower_demo:/opt/ros/jazzy DEBUGINFOD_URLS=https://debuginfod.ubuntu.com /usr/bin/cmake --build /home/kiranchand/kc_vision_ws/build/micro_ros_msgs -- -j12 -l12
[3.204s] [  1%] [34m[1mGenerating type hashes for ROS interfaces[0m
[3.213s] [  1%] Built target ament_cmake_python_copy_micro_ros_msgs
[3.403s] [  1%] Built target micro_ros_msgs__rosidl_generator_type_description
[3.415s] [  3%] [34m[1mGenerating C code for ROS interfaces[0m
[3.427s] [  5%] [34m[1mGenerating C++ code for ROS interfaces[0m
[3.454s] running egg_info
[3.455s] creating micro_ros_msgs.egg-info
[3.480s] writing micro_ros_msgs.egg-info/PKG-INFO
[3.480s] writing dependency_links to micro_ros_msgs.egg-info/dependency_links.txt
[3.480s] writing top-level names to micro_ros_msgs.egg-info/top_level.txt
[3.481s] writing manifest file 'micro_ros_msgs.egg-info/SOURCES.txt'
[3.558s] reading manifest file 'micro_ros_msgs.egg-info/SOURCES.txt'
[3.559s] writing manifest file 'micro_ros_msgs.egg-info/SOURCES.txt'
[3.586s] [  5%] Built target ament_cmake_python_build_micro_ros_msgs_egg
[3.706s] [  5%] Built target micro_ros_msgs__cpp
[3.755s] [  9%] [32mBuilding C object CMakeFiles/micro_ros_msgs__rosidl_generator_c.dir/rosidl_generator_c/micro_ros_msgs/msg/detail/entity__type_support.c.o[0m
[3.755s] [  9%] [32mBuilding C object CMakeFiles/micro_ros_msgs__rosidl_generator_c.dir/rosidl_generator_c/micro_ros_msgs/msg/detail/graph__functions.c.o[0m
[3.755s] [ 11%] [32mBuilding C object CMakeFiles/micro_ros_msgs__rosidl_generator_c.dir/rosidl_generator_c/micro_ros_msgs/msg/detail/graph__description.c.o[0m
[3.755s] [ 12%] [32mBuilding C object CMakeFiles/micro_ros_msgs__rosidl_generator_c.dir/rosidl_generator_c/micro_ros_msgs/msg/detail/entity__functions.c.o[0m
[3.755s] [ 16%] [32mBuilding C object CMakeFiles/micro_ros_msgs__rosidl_generator_c.dir/rosidl_generator_c/micro_ros_msgs/msg/detail/graph__type_support.c.o[0m
[3.755s] [ 16%] [32mBuilding C object CMakeFiles/micro_ros_msgs__rosidl_generator_c.dir/rosidl_generator_c/micro_ros_msgs/msg/detail/node__description.c.o[0m
[3.756s] [ 18%] [32mBuilding C object CMakeFiles/micro_ros_msgs__rosidl_generator_c.dir/rosidl_generator_c/micro_ros_msgs/msg/detail/node__functions.c.o[0m
[3.756s] [ 20%] [32mBuilding C object CMakeFiles/micro_ros_msgs__rosidl_generator_c.dir/rosidl_generator_c/micro_ros_msgs/msg/detail/node__type_support.c.o[0m
[3.756s] [ 22%] [32mBuilding C object CMakeFiles/micro_ros_msgs__rosidl_generator_c.dir/rosidl_generator_c/micro_ros_msgs/msg/detail/entity__description.c.o[0m
[3.812s] [ 24%] [32m[1mLinking C shared library libmicro_ros_msgs__rosidl_generator_c.so[0m
[3.852s] [ 24%] Built target micro_ros_msgs__rosidl_generator_c
[3.864s] [ 35%] [34m[1mGenerating C type support for eProsima Fast-RTPS[0m
[3.864s] [ 35%] [34m[1mGenerating C introspection for ROS interfaces[0m
[3.864s] [ 35%] [34m[1mGenerating C++ type support for eProsima Fast-RTPS[0m
[3.864s] [ 35%] [34m[1mGenerating C++ type support dispatch for ROS interfaces[0m
[3.864s] [ 35%] [34m[1mGenerating C type support dispatch for ROS interfaces[0m
[3.864s] [ 35%] [34m[1mGenerating C++ introspection for ROS interfaces[0m
[4.121s] [ 37%] [32mBuilding CXX object CMakeFiles/micro_ros_msgs__rosidl_typesupport_c.dir/rosidl_typesupport_c/micro_ros_msgs/msg/graph__type_support.cpp.o[0m
[4.121s] [ 38%] [32mBuilding CXX object CMakeFiles/micro_ros_msgs__rosidl_typesupport_c.dir/rosidl_typesupport_c/micro_ros_msgs/msg/entity__type_support.cpp.o[0m
[4.126s] [ 40%] [32mBuilding CXX object CMakeFiles/micro_ros_msgs__rosidl_typesupport_c.dir/rosidl_typesupport_c/micro_ros_msgs/msg/node__type_support.cpp.o[0m
[4.136s] [ 44%] [32mBuilding CXX object CMakeFiles/micro_ros_msgs__rosidl_typesupport_cpp.dir/rosidl_typesupport_cpp/micro_ros_msgs/msg/node__type_support.cpp.o[0m
[4.137s] [ 44%] [32mBuilding CXX object CMakeFiles/micro_ros_msgs__rosidl_typesupport_cpp.dir/rosidl_typesupport_cpp/micro_ros_msgs/msg/graph__type_support.cpp.o[0m
[4.137s] [ 46%] [32mBuilding CXX object CMakeFiles/micro_ros_msgs__rosidl_typesupport_cpp.dir/rosidl_typesupport_cpp/micro_ros_msgs/msg/entity__type_support.cpp.o[0m
[4.155s] [ 48%] [32mBuilding CXX object CMakeFiles/micro_ros_msgs__rosidl_typesupport_introspection_cpp.dir/rosidl_typesupport_introspection_cpp/micro_ros_msgs/msg/detail/graph__type_support.cpp.o[0m
[4.155s] [ 50%] [32mBuilding CXX object CMakeFiles/micro_ros_msgs__rosidl_typesupport_introspection_cpp.dir/rosidl_typesupport_introspection_cpp/micro_ros_msgs/msg/detail/entity__type_support.cpp.o[0m
[4.156s] [ 51%] [32mBuilding CXX object CMakeFiles/micro_ros_msgs__rosidl_typesupport_introspection_cpp.dir/rosidl_typesupport_introspection_cpp/micro_ros_msgs/msg/detail/node__type_support.cpp.o[0m
[4.186s] [ 53%] [32m[1mLinking CXX shared library libmicro_ros_msgs__rosidl_typesupport_c.so[0m
[4.228s] [ 55%] [32mBuilding CXX object CMakeFiles/micro_ros_msgs__rosidl_typesupport_fastrtps_cpp.dir/rosidl_typesupport_fastrtps_cpp/micro_ros_msgs/msg/detail/dds_fastrtps/graph__type_support.cpp.o[0m
[4.234s] [ 57%] [32mBuilding CXX object CMakeFiles/micro_ros_msgs__rosidl_typesupport_fastrtps_cpp.dir/rosidl_typesupport_fastrtps_cpp/micro_ros_msgs/msg/detail/dds_fastrtps/node__type_support.cpp.o[0m
[4.241s] [ 59%] [32mBuilding CXX object CMakeFiles/micro_ros_msgs__rosidl_typesupport_fastrtps_cpp.dir/rosidl_typesupport_fastrtps_cpp/micro_ros_msgs/msg/detail/dds_fastrtps/entity__type_support.cpp.o[0m
[4.254s] [ 59%] Built target micro_ros_msgs__rosidl_typesupport_c
[4.257s] [ 61%] [32mBuilding C object CMakeFiles/micro_ros_msgs__rosidl_typesupport_introspection_c.dir/rosidl_typesupport_introspection_c/micro_ros_msgs/msg/detail/graph__type_support.c.o[0m
[4.257s] [ 62%] [32mBuilding CXX object CMakeFiles/micro_ros_msgs__rosidl_typesupport_fastrtps_c.dir/rosidl_typesupport_fastrtps_c/micro_ros_msgs/msg/detail/graph__type_support_c.cpp.o[0m
[4.286s] [ 64%] [32mBuilding CXX object CMakeFiles/micro_ros_msgs__rosidl_typesupport_fastrtps_c.dir/rosidl_typesupport_fastrtps_c/micro_ros_msgs/msg/detail/node__type_support_c.cpp.o[0m
[4.324s] [ 66%] [32mBuilding C object CMakeFiles/micro_ros_msgs__rosidl_typesupport_introspection_c.dir/rosidl_typesupport_introspection_c/micro_ros_msgs/msg/detail/node__type_support.c.o[0m
[4.393s] [ 68%] [32mBuilding C object CMakeFiles/micro_ros_msgs__rosidl_typesupport_introspection_c.dir/rosidl_typesupport_introspection_c/micro_ros_msgs/msg/detail/entity__type_support.c.o[0m
[4.458s] [ 70%] [32m[1mLinking C shared library libmicro_ros_msgs__rosidl_typesupport_introspection_c.so[0m
[4.515s] [ 70%] Built target micro_ros_msgs__rosidl_typesupport_introspection_c
[4.534s] [ 72%] [32mBuilding CXX object CMakeFiles/micro_ros_msgs__rosidl_typesupport_fastrtps_c.dir/rosidl_typesupport_fastrtps_c/micro_ros_msgs/msg/detail/entity__type_support_c.cpp.o[0m
[4.567s] [ 74%] [32m[1mLinking CXX shared library libmicro_ros_msgs__rosidl_typesupport_cpp.so[0m
[4.634s] [ 74%] Built target micro_ros_msgs__rosidl_typesupport_cpp
[4.741s] [ 75%] [32m[1mLinking CXX shared library libmicro_ros_msgs__rosidl_typesupport_introspection_cpp.so[0m
[4.875s] [ 75%] Built target micro_ros_msgs__rosidl_typesupport_introspection_cpp
[4.887s] [ 77%] [32m[1mLinking CXX shared library libmicro_ros_msgs__rosidl_typesupport_fastrtps_cpp.so[0m
[4.957s] [ 77%] Built target micro_ros_msgs__rosidl_typesupport_fastrtps_cpp
[4.976s] [ 79%] [32m[1mLinking CXX shared library libmicro_ros_msgs__rosidl_typesupport_fastrtps_c.so[0m
[5.043s] [ 79%] Built target micro_ros_msgs__rosidl_typesupport_fastrtps_c
[5.065s] [ 79%] Built target micro_ros_msgs
[5.088s] [ 81%] [34m[1mGenerating Python code for ROS interfaces[0m
[5.437s] [ 81%] Built target micro_ros_msgs__py
[5.460s] [ 87%] [32mBuilding C object CMakeFiles/micro_ros_msgs__rosidl_generator_py.dir/rosidl_generator_py/micro_ros_msgs/msg/_node_s.c.o[0m
[5.460s] [ 87%] [32mBuilding C object CMakeFiles/micro_ros_msgs__rosidl_generator_py.dir/rosidl_generator_py/micro_ros_msgs/msg/_graph_s.c.o[0m
[5.461s] [ 87%] [32mBuilding C object CMakeFiles/micro_ros_msgs__rosidl_generator_py.dir/rosidl_generator_py/micro_ros_msgs/msg/_entity_s.c.o[0m
[5.583s] [ 88%] [32m[1mLinking C shared library libmicro_ros_msgs__rosidl_generator_py.so[0m
[5.622s] [ 88%] Built target micro_ros_msgs__rosidl_generator_py
[5.645s] [ 94%] [32mBuilding C object CMakeFiles/micro_ros_msgs_s__rosidl_typesupport_fastrtps_c.dir/rosidl_generator_py/micro_ros_msgs/_micro_ros_msgs_s.ep.rosidl_typesupport_fastrtps_c.c.o[0m
[5.645s] [ 94%] [32mBuilding C object CMakeFiles/micro_ros_msgs_s__rosidl_typesupport_c.dir/rosidl_generator_py/micro_ros_msgs/_micro_ros_msgs_s.ep.rosidl_typesupport_c.c.o[0m
[5.645s] [ 94%] [32mBuilding C object CMakeFiles/micro_ros_msgs_s__rosidl_typesupport_introspection_c.dir/rosidl_generator_py/micro_ros_msgs/_micro_ros_msgs_s.ep.rosidl_typesupport_introspection_c.c.o[0m
[5.732s] [ 98%] [32m[1mLinking C shared module rosidl_generator_py/micro_ros_msgs/micro_ros_msgs_s__rosidl_typesupport_introspection_c.so[0m
[5.733s] [ 98%] [32m[1mLinking C shared module rosidl_generator_py/micro_ros_msgs/micro_ros_msgs_s__rosidl_typesupport_c.so[0m
[5.734s] [100%] [32m[1mLinking C shared module rosidl_generator_py/micro_ros_msgs/micro_ros_msgs_s__rosidl_typesupport_fastrtps_c.so[0m
[5.764s] [100%] Built target micro_ros_msgs_s__rosidl_typesupport_c
[5.764s] [100%] Built target micro_ros_msgs_s__rosidl_typesupport_fastrtps_c
[5.764s] [100%] Built target micro_ros_msgs_s__rosidl_typesupport_introspection_c
[5.777s] Invoked command in '/home/kiranchand/kc_vision_ws/build/micro_ros_msgs' returned '0': CMAKE_PREFIX_PATH=${CMAKE_PREFIX_PATH}:/home/kiranchand/kc_vision_ws/install/kc_vision_scripts:/home/kiranchand/turtlebot3_ws/install/turtlebot3_teleop:/home/kiranchand/turtlebot3_ws/install/turtlebot3_example:/home/kiranchand/turtlebot3_ws/install/nav2_gps_waypoint_follower_demo:/opt/ros/jazzy DEBUGINFOD_URLS=https://debuginfod.ubuntu.com /usr/bin/cmake --build /home/kiranchand/kc_vision_ws/build/micro_ros_msgs -- -j12 -l12
[5.788s] Invoking command in '/home/kiranchand/kc_vision_ws/build/micro_ros_msgs': CMAKE_PREFIX_PATH=${CMAKE_PREFIX_PATH}:/home/kiranchand/kc_vision_ws/install/kc_vision_scripts:/home/kiranchand/turtlebot3_ws/install/turtlebot3_teleop:/home/kiranchand/turtlebot3_ws/install/turtlebot3_example:/home/kiranchand/turtlebot3_ws/install/nav2_gps_waypoint_follower_demo:/opt/ros/jazzy DEBUGINFOD_URLS=https://debuginfod.ubuntu.com /usr/bin/cmake --install /home/kiranchand/kc_vision_ws/build/micro_ros_msgs
[5.797s] -- Install configuration: ""
[5.797s] -- Installing: /home/kiranchand/kc_vision_ws/install/micro_ros_msgs/share/ament_index/resource_index/rosidl_interfaces/micro_ros_msgs
[5.797s] -- Installing: /home/kiranchand/kc_vision_ws/install/micro_ros_msgs/share/micro_ros_msgs/msg/Graph.json
[5.797s] -- Installing: /home/kiranchand/kc_vision_ws/install/micro_ros_msgs/share/micro_ros_msgs/msg/Node.json
[5.797s] -- Installing: /home/kiranchand/kc_vision_ws/install/micro_ros_msgs/share/micro_ros_msgs/msg/Entity.json
[5.798s] -- Installing: /home/kiranchand/kc_vision_ws/install/micro_ros_msgs/include/micro_ros_msgs/micro_ros_msgs
[5.798s] -- Installing: /home/kiranchand/kc_vision_ws/install/micro_ros_msgs/include/micro_ros_msgs/micro_ros_msgs/msg
[5.798s] -- Installing: /home/kiranchand/kc_vision_ws/install/micro_ros_msgs/include/micro_ros_msgs/micro_ros_msgs/msg/graph.h
[5.798s] -- Installing: /home/kiranchand/kc_vision_ws/install/micro_ros_msgs/include/micro_ros_msgs/micro_ros_msgs/msg/detail
[5.798s] -- Installing: /home/kiranchand/kc_vision_ws/install/micro_ros_msgs/include/micro_ros_msgs/micro_ros_msgs/msg/detail/graph__type_support.c
[5.798s] -- Installing: /home/kiranchand/kc_vision_ws/install/micro_ros_msgs/include/micro_ros_msgs/micro_ros_msgs/msg/detail/entity__struct.h
[5.798s] -- Installing: /home/kiranchand/kc_vision_ws/install/micro_ros_msgs/include/micro_ros_msgs/micro_ros_msgs/msg/detail/graph__description.c
[5.798s] -- Installing: /home/kiranchand/kc_vision_ws/install/micro_ros_msgs/include/micro_ros_msgs/micro_ros_msgs/msg/detail/graph__type_support.h
[5.799s] -- Installing: /home/kiranchand/kc_vision_ws/install/micro_ros_msgs/include/micro_ros_msgs/micro_ros_msgs/msg/detail/entity__functions.h
[5.799s] -- Installing: /home/kiranchand/kc_vision_ws/install/micro_ros_msgs/include/micro_ros_msgs/micro_ros_msgs/msg/detail/entity__functions.c
[5.799s] -- Installing: /home/kiranchand/kc_vision_ws/install/micro_ros_msgs/include/micro_ros_msgs/micro_ros_msgs/msg/detail/entity__type_support.c
[5.799s] -- Installing: /home/kiranchand/kc_vision_ws/install/micro_ros_msgs/include/micro_ros_msgs/micro_ros_msgs/msg/detail/node__struct.h
[5.799s] -- Installing: /home/kiranchand/kc_vision_ws/install/micro_ros_msgs/include/micro_ros_msgs/micro_ros_msgs/msg/detail/entity__type_support.h
[5.799s] -- Installing: /home/kiranchand/kc_vision_ws/install/micro_ros_msgs/include/micro_ros_msgs/micro_ros_msgs/msg/detail/graph__functions.h
[5.799s] -- Installing: /home/kiranchand/kc_vision_ws/install/micro_ros_msgs/include/micro_ros_msgs/micro_ros_msgs/msg/detail/node__description.c
[5.800s] -- Installing: /home/kiranchand/kc_vision_ws/install/micro_ros_msgs/include/micro_ros_msgs/micro_ros_msgs/msg/detail/node__functions.h
[5.800s] -- Installing: /home/kiranchand/kc_vision_ws/install/micro_ros_msgs/include/micro_ros_msgs/micro_ros_msgs/msg/detail/node__functions.c
[5.800s] -- Installing: /home/kiranchand/kc_vision_ws/install/micro_ros_msgs/include/micro_ros_msgs/micro_ros_msgs/msg/detail/graph__functions.c
[5.800s] -- Installing: /home/kiranchand/kc_vision_ws/install/micro_ros_msgs/include/micro_ros_msgs/micro_ros_msgs/msg/detail/node__type_support.c
[5.800s] -- Installing: /home/kiranchand/kc_vision_ws/install/micro_ros_msgs/include/micro_ros_msgs/micro_ros_msgs/msg/detail/entity__description.c
[5.800s] -- Installing: /home/kiranchand/kc_vision_ws/install/micro_ros_msgs/include/micro_ros_msgs/micro_ros_msgs/msg/detail/node__type_support.h
[5.800s] -- Installing: /home/kiranchand/kc_vision_ws/install/micro_ros_msgs/include/micro_ros_msgs/micro_ros_msgs/msg/detail/graph__struct.h
[5.800s] -- Installing: /home/kiranchand/kc_vision_ws/install/micro_ros_msgs/include/micro_ros_msgs/micro_ros_msgs/msg/entity.h
[5.801s] -- Installing: /home/kiranchand/kc_vision_ws/install/micro_ros_msgs/include/micro_ros_msgs/micro_ros_msgs/msg/rosidl_generator_c__visibility_control.h
[5.801s] -- Installing: /home/kiranchand/kc_vision_ws/install/micro_ros_msgs/include/micro_ros_msgs/micro_ros_msgs/msg/node.h
[5.801s] -- Installing: /home/kiranchand/kc_vision_ws/install/micro_ros_msgs/share/micro_ros_msgs/environment/library_path.sh
[5.801s] -- Installing: /home/kiranchand/kc_vision_ws/install/micro_ros_msgs/share/micro_ros_msgs/environment/library_path.dsv
[5.801s] -- Installing: /home/kiranchand/kc_vision_ws/install/micro_ros_msgs/lib/libmicro_ros_msgs__rosidl_generator_c.so
[5.802s] -- Set non-toolchain portion of runtime path of "/home/kiranchand/kc_vision_ws/install/micro_ros_msgs/lib/libmicro_ros_msgs__rosidl_generator_c.so" to ""
[5.802s] -- Up-to-date: /home/kiranchand/kc_vision_ws/install/micro_ros_msgs/include/micro_ros_msgs/micro_ros_msgs
[5.802s] -- Up-to-date: /home/kiranchand/kc_vision_ws/install/micro_ros_msgs/include/micro_ros_msgs/micro_ros_msgs/msg
[5.802s] -- Up-to-date: /home/kiranchand/kc_vision_ws/install/micro_ros_msgs/include/micro_ros_msgs/micro_ros_msgs/msg/detail
[5.802s] -- Installing: /home/kiranchand/kc_vision_ws/install/micro_ros_msgs/include/micro_ros_msgs/micro_ros_msgs/msg/detail/graph__rosidl_typesupport_fastrtps_c.h
[5.802s] -- Installing: /home/kiranchand/kc_vision_ws/install/micro_ros_msgs/include/micro_ros_msgs/micro_ros_msgs/msg/detail/node__rosidl_typesupport_fastrtps_c.h
[5.802s] -- Installing: /home/kiranchand/kc_vision_ws/install/micro_ros_msgs/include/micro_ros_msgs/micro_ros_msgs/msg/detail/entity__rosidl_typesupport_fastrtps_c.h
[5.802s] -- Installing: /home/kiranchand/kc_vision_ws/install/micro_ros_msgs/include/micro_ros_msgs/micro_ros_msgs/msg/rosidl_typesupport_fastrtps_c__visibility_control.h
[5.803s] -- Installing: /home/kiranchand/kc_vision_ws/install/micro_ros_msgs/lib/libmicro_ros_msgs__rosidl_typesupport_fastrtps_c.so
[5.803s] -- Set non-toolchain portion of runtime path of "/home/kiranchand/kc_vision_ws/install/micro_ros_msgs/lib/libmicro_ros_msgs__rosidl_typesupport_fastrtps_c.so" to ""
[5.803s] -- Up-to-date: /home/kiranchand/kc_vision_ws/install/micro_ros_msgs/include/micro_ros_msgs/micro_ros_msgs
[5.803s] -- Up-to-date: /home/kiranchand/kc_vision_ws/install/micro_ros_msgs/include/micro_ros_msgs/micro_ros_msgs/msg
[5.803s] -- Up-to-date: /home/kiranchand/kc_vision_ws/install/micro_ros_msgs/include/micro_ros_msgs/micro_ros_msgs/msg/detail
[5.803s] -- Installing: /home/kiranchand/kc_vision_ws/install/micro_ros_msgs/include/micro_ros_msgs/micro_ros_msgs/msg/detail/entity__rosidl_typesupport_introspection_c.h
[5.803s] -- Up-to-date: /home/kiranchand/kc_vision_ws/install/micro_ros_msgs/include/micro_ros_msgs/micro_ros_msgs/msg/detail/graph__type_support.c
[5.803s] -- Installing: /home/kiranchand/kc_vision_ws/install/micro_ros_msgs/include/micro_ros_msgs/micro_ros_msgs/msg/detail/node__rosidl_typesupport_introspection_c.h
[5.804s] -- Installing: /home/kiranchand/kc_vision_ws/install/micro_ros_msgs/include/micro_ros_msgs/micro_ros_msgs/msg/detail/graph__rosidl_typesupport_introspection_c.h
[5.804s] -- Up-to-date: /home/kiranchand/kc_vision_ws/install/micro_ros_msgs/include/micro_ros_msgs/micro_ros_msgs/msg/detail/entity__type_support.c
[5.804s] -- Up-to-date: /home/kiranchand/kc_vision_ws/install/micro_ros_msgs/include/micro_ros_msgs/micro_ros_msgs/msg/detail/node__type_support.c
[5.804s] -- Installing: /home/kiranchand/kc_vision_ws/install/micro_ros_msgs/include/micro_ros_msgs/micro_ros_msgs/msg/rosidl_typesupport_introspection_c__visibility_control.h
[5.804s] -- Installing: /home/kiranchand/kc_vision_ws/install/micro_ros_msgs/lib/libmicro_ros_msgs__rosidl_typesupport_introspection_c.so
[5.804s] -- Set non-toolchain portion of runtime path of "/home/kiranchand/kc_vision_ws/install/micro_ros_msgs/lib/libmicro_ros_msgs__rosidl_typesupport_introspection_c.so" to ""
[5.804s] -- Installing: /home/kiranchand/kc_vision_ws/install/micro_ros_msgs/lib/libmicro_ros_msgs__rosidl_typesupport_c.so
[5.805s] -- Set non-toolchain portion of runtime path of "/home/kiranchand/kc_vision_ws/install/micro_ros_msgs/lib/libmicro_ros_msgs__rosidl_typesupport_c.so" to ""
[5.805s] -- Up-to-date: /home/kiranchand/kc_vision_ws/install/micro_ros_msgs/include/micro_ros_msgs/micro_ros_msgs
[5.805s] -- Up-to-date: /home/kiranchand/kc_vision_ws/install/micro_ros_msgs/include/micro_ros_msgs/micro_ros_msgs/msg
[5.805s] -- Up-to-date: /home/kiranchand/kc_vision_ws/install/micro_ros_msgs/include/micro_ros_msgs/micro_ros_msgs/msg/detail
[5.805s] -- Installing: /home/kiranchand/kc_vision_ws/install/micro_ros_msgs/include/micro_ros_msgs/micro_ros_msgs/msg/detail/graph__builder.hpp
[5.805s] -- Installing: /home/kiranchand/kc_vision_ws/install/micro_ros_msgs/include/micro_ros_msgs/micro_ros_msgs/msg/detail/graph__type_support.hpp
[5.805s] -- Installing: /home/kiranchand/kc_vision_ws/install/micro_ros_msgs/include/micro_ros_msgs/micro_ros_msgs/msg/detail/entity__builder.hpp
[5.805s] -- Installing: /home/kiranchand/kc_vision_ws/install/micro_ros_msgs/include/micro_ros_msgs/micro_ros_msgs/msg/detail/node__builder.hpp
[5.805s] -- Installing: /home/kiranchand/kc_vision_ws/install/micro_ros_msgs/include/micro_ros_msgs/micro_ros_msgs/msg/detail/entity__struct.hpp
[5.806s] -- Installing: /home/kiranchand/kc_vision_ws/install/micro_ros_msgs/include/micro_ros_msgs/micro_ros_msgs/msg/detail/entity__type_support.hpp
[5.806s] -- Installing: /home/kiranchand/kc_vision_ws/install/micro_ros_msgs/include/micro_ros_msgs/micro_ros_msgs/msg/detail/node__struct.hpp
[5.806s] -- Installing: /home/kiranchand/kc_vision_ws/install/micro_ros_msgs/include/micro_ros_msgs/micro_ros_msgs/msg/detail/graph__struct.hpp
[5.806s] -- Installing: /home/kiranchand/kc_vision_ws/install/micro_ros_msgs/include/micro_ros_msgs/micro_ros_msgs/msg/detail/node__traits.hpp
[5.806s] -- Installing: /home/kiranchand/kc_vision_ws/install/micro_ros_msgs/include/micro_ros_msgs/micro_ros_msgs/msg/detail/node__type_support.hpp
[5.806s] -- Installing: /home/kiranchand/kc_vision_ws/install/micro_ros_msgs/include/micro_ros_msgs/micro_ros_msgs/msg/detail/entity__traits.hpp
[5.806s] -- Installing: /home/kiranchand/kc_vision_ws/install/micro_ros_msgs/include/micro_ros_msgs/micro_ros_msgs/msg/detail/graph__traits.hpp
[5.807s] -- Installing: /home/kiranchand/kc_vision_ws/install/micro_ros_msgs/include/micro_ros_msgs/micro_ros_msgs/msg/graph.hpp
[5.807s] -- Installing: /home/kiranchand/kc_vision_ws/install/micro_ros_msgs/include/micro_ros_msgs/micro_ros_msgs/msg/node.hpp
[5.807s] -- Installing: /home/kiranchand/kc_vision_ws/install/micro_ros_msgs/include/micro_ros_msgs/micro_ros_msgs/msg/entity.hpp
[5.807s] -- Installing: /home/kiranchand/kc_vision_ws/install/micro_ros_msgs/include/micro_ros_msgs/micro_ros_msgs/msg/rosidl_generator_cpp__visibility_control.hpp
[5.807s] -- Up-to-date: /home/kiranchand/kc_vision_ws/install/micro_ros_msgs/include/micro_ros_msgs/micro_ros_msgs
[5.807s] -- Up-to-date: /home/kiranchand/kc_vision_ws/install/micro_ros_msgs/include/micro_ros_msgs/micro_ros_msgs/msg
[5.807s] -- Up-to-date: /home/kiranchand/kc_vision_ws/install/micro_ros_msgs/include/micro_ros_msgs/micro_ros_msgs/msg/detail
[5.807s] -- Installing: /home/kiranchand/kc_vision_ws/install/micro_ros_msgs/include/micro_ros_msgs/micro_ros_msgs/msg/detail/graph__rosidl_typesupport_fastrtps_cpp.hpp
[5.807s] -- Installing: /home/kiranchand/kc_vision_ws/install/micro_ros_msgs/include/micro_ros_msgs/micro_ros_msgs/msg/detail/dds_fastrtps
[5.808s] -- Installing: /home/kiranchand/kc_vision_ws/install/micro_ros_msgs/include/micro_ros_msgs/micro_ros_msgs/msg/detail/node__rosidl_typesupport_fastrtps_cpp.hpp
[5.808s] -- Installing: /home/kiranchand/kc_vision_ws/install/micro_ros_msgs/include/micro_ros_msgs/micro_ros_msgs/msg/detail/entity__rosidl_typesupport_fastrtps_cpp.hpp
[5.808s] -- Installing: /home/kiranchand/kc_vision_ws/install/micro_ros_msgs/include/micro_ros_msgs/micro_ros_msgs/msg/rosidl_typesupport_fastrtps_cpp__visibility_control.h
[5.808s] -- Installing: /home/kiranchand/kc_vision_ws/install/micro_ros_msgs/lib/libmicro_ros_msgs__rosidl_typesupport_fastrtps_cpp.so
[5.808s] -- Set non-toolchain portion of runtime path of "/home/kiranchand/kc_vision_ws/install/micro_ros_msgs/lib/libmicro_ros_msgs__rosidl_typesupport_fastrtps_cpp.so" to ""
[5.809s] -- Up-to-date: /home/kiranchand/kc_vision_ws/install/micro_ros_msgs/include/micro_ros_msgs/micro_ros_msgs
[5.809s] -- Up-to-date: /home/kiranchand/kc_vision_ws/install/micro_ros_msgs/include/micro_ros_msgs/micro_ros_msgs/msg
[5.809s] -- Up-to-date: /home/kiranchand/kc_vision_ws/install/micro_ros_msgs/include/micro_ros_msgs/micro_ros_msgs/msg/detail
[5.809s] -- Installing: /home/kiranchand/kc_vision_ws/install/micro_ros_msgs/include/micro_ros_msgs/micro_ros_msgs/msg/detail/graph__type_support.cpp
[5.809s] -- Installing: /home/kiranchand/kc_vision_ws/install/micro_ros_msgs/include/micro_ros_msgs/micro_ros_msgs/msg/detail/node__type_support.cpp
[5.809s] -- Installing: /home/kiranchand/kc_vision_ws/install/micro_ros_msgs/include/micro_ros_msgs/micro_ros_msgs/msg/detail/entity__rosidl_typesupport_introspection_cpp.hpp
[5.809s] -- Installing: /home/kiranchand/kc_vision_ws/install/micro_ros_msgs/include/micro_ros_msgs/micro_ros_msgs/msg/detail/node__rosidl_typesupport_introspection_cpp.hpp
[5.809s] -- Installing: /home/kiranchand/kc_vision_ws/install/micro_ros_msgs/include/micro_ros_msgs/micro_ros_msgs/msg/detail/entity__type_support.cpp
[5.809s] -- Installing: /home/kiranchand/kc_vision_ws/install/micro_ros_msgs/include/micro_ros_msgs/micro_ros_msgs/msg/detail/graph__rosidl_typesupport_introspection_cpp.hpp
[5.810s] -- Installing: /home/kiranchand/kc_vision_ws/install/micro_ros_msgs/lib/libmicro_ros_msgs__rosidl_typesupport_introspection_cpp.so
[5.810s] -- Set non-toolchain portion of runtime path of "/home/kiranchand/kc_vision_ws/install/micro_ros_msgs/lib/libmicro_ros_msgs__rosidl_typesupport_introspection_cpp.so" to ""
[5.810s] -- Installing: /home/kiranchand/kc_vision_ws/install/micro_ros_msgs/lib/libmicro_ros_msgs__rosidl_typesupport_cpp.so
[5.810s] -- Set non-toolchain portion of runtime path of "/home/kiranchand/kc_vision_ws/install/micro_ros_msgs/lib/libmicro_ros_msgs__rosidl_typesupport_cpp.so" to ""
[5.811s] -- Installing: /home/kiranchand/kc_vision_ws/install/micro_ros_msgs/share/micro_ros_msgs/environment/pythonpath.sh
[5.811s] -- Installing: /home/kiranchand/kc_vision_ws/install/micro_ros_msgs/share/micro_ros_msgs/environment/pythonpath.dsv
[5.811s] -- Installing: /home/kiranchand/kc_vision_ws/install/micro_ros_msgs/lib/python3.12/site-packages/micro_ros_msgs-5.0.2-py3.12.egg-info
[5.811s] -- Installing: /home/kiranchand/kc_vision_ws/install/micro_ros_msgs/lib/python3.12/site-packages/micro_ros_msgs-5.0.2-py3.12.egg-info/PKG-INFO
[5.811s] -- Installing: /home/kiranchand/kc_vision_ws/install/micro_ros_msgs/lib/python3.12/site-packages/micro_ros_msgs-5.0.2-py3.12.egg-info/dependency_links.txt
[5.811s] -- Installing: /home/kiranchand/kc_vision_ws/install/micro_ros_msgs/lib/python3.12/site-packages/micro_ros_msgs-5.0.2-py3.12.egg-info/SOURCES.txt
[5.811s] -- Installing: /home/kiranchand/kc_vision_ws/install/micro_ros_msgs/lib/python3.12/site-packages/micro_ros_msgs-5.0.2-py3.12.egg-info/top_level.txt
[5.811s] -- Installing: /home/kiranchand/kc_vision_ws/install/micro_ros_msgs/lib/python3.12/site-packages/micro_ros_msgs
[5.812s] -- Installing: /home/kiranchand/kc_vision_ws/install/micro_ros_msgs/lib/python3.12/site-packages/micro_ros_msgs/micro_ros_msgs_s__rosidl_typesupport_c.so
[5.812s] -- Installing: /home/kiranchand/kc_vision_ws/install/micro_ros_msgs/lib/python3.12/site-packages/micro_ros_msgs/msg
[5.812s] -- Installing: /home/kiranchand/kc_vision_ws/install/micro_ros_msgs/lib/python3.12/site-packages/micro_ros_msgs/msg/_graph.py
[5.812s] -- Installing: /home/kiranchand/kc_vision_ws/install/micro_ros_msgs/lib/python3.12/site-packages/micro_ros_msgs/msg/_entity.py
[5.812s] -- Installing: /home/kiranchand/kc_vision_ws/install/micro_ros_msgs/lib/python3.12/site-packages/micro_ros_msgs/msg/_node.py
[5.812s] -- Installing: /home/kiranchand/kc_vision_ws/install/micro_ros_msgs/lib/python3.12/site-packages/micro_ros_msgs/msg/__init__.py
[5.812s] -- Installing: /home/kiranchand/kc_vision_ws/install/micro_ros_msgs/lib/python3.12/site-packages/micro_ros_msgs/msg/_entity_s.c
[5.813s] -- Installing: /home/kiranchand/kc_vision_ws/install/micro_ros_msgs/lib/python3.12/site-packages/micro_ros_msgs/msg/_graph_s.c
[5.813s] -- Installing: /home/kiranchand/kc_vision_ws/install/micro_ros_msgs/lib/python3.12/site-packages/micro_ros_msgs/msg/_node_s.c
[5.813s] -- Installing: /home/kiranchand/kc_vision_ws/install/micro_ros_msgs/lib/python3.12/site-packages/micro_ros_msgs/micro_ros_msgs_s__rosidl_typesupport_introspection_c.so
[5.813s] -- Installing: /home/kiranchand/kc_vision_ws/install/micro_ros_msgs/lib/python3.12/site-packages/micro_ros_msgs/_micro_ros_msgs_s.ep.rosidl_typesupport_fastrtps_c.c
[5.813s] -- Installing: /home/kiranchand/kc_vision_ws/install/micro_ros_msgs/lib/python3.12/site-packages/micro_ros_msgs/_micro_ros_msgs_s.ep.rosidl_typesupport_c.c
[5.813s] -- Installing: /home/kiranchand/kc_vision_ws/install/micro_ros_msgs/lib/python3.12/site-packages/micro_ros_msgs/micro_ros_msgs_s__rosidl_typesupport_fastrtps_c.so
[5.813s] -- Installing: /home/kiranchand/kc_vision_ws/install/micro_ros_msgs/lib/python3.12/site-packages/micro_ros_msgs/__init__.py
[5.814s] -- Installing: /home/kiranchand/kc_vision_ws/install/micro_ros_msgs/lib/python3.12/site-packages/micro_ros_msgs/_micro_ros_msgs_s.ep.rosidl_typesupport_introspection_c.c
[5.851s] Listing '/home/kiranchand/kc_vision_ws/install/micro_ros_msgs/lib/python3.12/site-packages/micro_ros_msgs'...
[5.851s] Compiling '/home/kiranchand/kc_vision_ws/install/micro_ros_msgs/lib/python3.12/site-packages/micro_ros_msgs/__init__.py'...
[5.851s] Listing '/home/kiranchand/kc_vision_ws/install/micro_ros_msgs/lib/python3.12/site-packages/micro_ros_msgs/msg'...
[5.852s] Compiling '/home/kiranchand/kc_vision_ws/install/micro_ros_msgs/lib/python3.12/site-packages/micro_ros_msgs/msg/__init__.py'...
[5.852s] Compiling '/home/kiranchand/kc_vision_ws/install/micro_ros_msgs/lib/python3.12/site-packages/micro_ros_msgs/msg/_entity.py'...
[5.852s] Compiling '/home/kiranchand/kc_vision_ws/install/micro_ros_msgs/lib/python3.12/site-packages/micro_ros_msgs/msg/_graph.py'...
[5.852s] Compiling '/home/kiranchand/kc_vision_ws/install/micro_ros_msgs/lib/python3.12/site-packages/micro_ros_msgs/msg/_node.py'...
[5.856s] -- Installing: /home/kiranchand/kc_vision_ws/install/micro_ros_msgs/lib/python3.12/site-packages/micro_ros_msgs/micro_ros_msgs_s__rosidl_typesupport_fastrtps_c.so
[5.857s] -- Set non-toolchain portion of runtime path of "/home/kiranchand/kc_vision_ws/install/micro_ros_msgs/lib/python3.12/site-packages/micro_ros_msgs/micro_ros_msgs_s__rosidl_typesupport_fastrtps_c.so" to ""
[5.857s] -- Installing: /home/kiranchand/kc_vision_ws/install/micro_ros_msgs/lib/python3.12/site-packages/micro_ros_msgs/micro_ros_msgs_s__rosidl_typesupport_introspection_c.so
[5.857s] -- Set non-toolchain portion of runtime path of "/home/kiranchand/kc_vision_ws/install/micro_ros_msgs/lib/python3.12/site-packages/micro_ros_msgs/micro_ros_msgs_s__rosidl_typesupport_introspection_c.so" to ""
[5.857s] -- Installing: /home/kiranchand/kc_vision_ws/install/micro_ros_msgs/lib/python3.12/site-packages/micro_ros_msgs/micro_ros_msgs_s__rosidl_typesupport_c.so
[5.858s] -- Set non-toolchain portion of runtime path of "/home/kiranchand/kc_vision_ws/install/micro_ros_msgs/lib/python3.12/site-packages/micro_ros_msgs/micro_ros_msgs_s__rosidl_typesupport_c.so" to ""
[5.858s] -- Installing: /home/kiranchand/kc_vision_ws/install/micro_ros_msgs/lib/libmicro_ros_msgs__rosidl_generator_py.so
[5.858s] -- Set non-toolchain portion of runtime path of "/home/kiranchand/kc_vision_ws/install/micro_ros_msgs/lib/libmicro_ros_msgs__rosidl_generator_py.so" to ""
[5.858s] -- Installing: /home/kiranchand/kc_vision_ws/install/micro_ros_msgs/share/micro_ros_msgs/msg/Graph.idl
[5.858s] -- Installing: /home/kiranchand/kc_vision_ws/install/micro_ros_msgs/share/micro_ros_msgs/msg/Node.idl
[5.859s] -- Installing: /home/kiranchand/kc_vision_ws/install/micro_ros_msgs/share/micro_ros_msgs/msg/Entity.idl
[5.859s] -- Installing: /home/kiranchand/kc_vision_ws/install/micro_ros_msgs/share/micro_ros_msgs/msg/Graph.msg
[5.859s] -- Installing: /home/kiranchand/kc_vision_ws/install/micro_ros_msgs/share/micro_ros_msgs/msg/Node.msg
[5.859s] -- Installing: /home/kiranchand/kc_vision_ws/install/micro_ros_msgs/share/micro_ros_msgs/msg/Entity.msg
[5.859s] -- Installing: /home/kiranchand/kc_vision_ws/install/micro_ros_msgs/share/ament_index/resource_index/package_run_dependencies/micro_ros_msgs
[5.859s] -- Installing: /home/kiranchand/kc_vision_ws/install/micro_ros_msgs/share/ament_index/resource_index/parent_prefix_path/micro_ros_msgs
[5.860s] -- Installing: /home/kiranchand/kc_vision_ws/install/micro_ros_msgs/share/micro_ros_msgs/environment/ament_prefix_path.sh
[5.860s] -- Installing: /home/kiranchand/kc_vision_ws/install/micro_ros_msgs/share/micro_ros_msgs/environment/ament_prefix_path.dsv
[5.860s] -- Installing: /home/kiranchand/kc_vision_ws/install/micro_ros_msgs/share/micro_ros_msgs/environment/path.sh
[5.860s] -- Installing: /home/kiranchand/kc_vision_ws/install/micro_ros_msgs/share/micro_ros_msgs/environment/path.dsv
[5.860s] -- Installing: /home/kiranchand/kc_vision_ws/install/micro_ros_msgs/share/micro_ros_msgs/local_setup.bash
[5.860s] -- Installing: /home/kiranchand/kc_vision_ws/install/micro_ros_msgs/share/micro_ros_msgs/local_setup.sh
[5.861s] -- Installing: /home/kiranchand/kc_vision_ws/install/micro_ros_msgs/share/micro_ros_msgs/local_setup.zsh
[5.861s] -- Installing: /home/kiranchand/kc_vision_ws/install/micro_ros_msgs/share/micro_ros_msgs/local_setup.dsv
[5.861s] -- Installing: /home/kiranchand/kc_vision_ws/install/micro_ros_msgs/share/micro_ros_msgs/package.dsv
[5.861s] -- Installing: /home/kiranchand/kc_vision_ws/install/micro_ros_msgs/share/ament_index/resource_index/packages/micro_ros_msgs
[5.861s] -- Installing: /home/kiranchand/kc_vision_ws/install/micro_ros_msgs/share/micro_ros_msgs/cmake/export_micro_ros_msgs__rosidl_generator_cExport.cmake
[5.861s] -- Installing: /home/kiranchand/kc_vision_ws/install/micro_ros_msgs/share/micro_ros_msgs/cmake/export_micro_ros_msgs__rosidl_generator_cExport-noconfig.cmake
[5.862s] -- Installing: /home/kiranchand/kc_vision_ws/install/micro_ros_msgs/share/micro_ros_msgs/cmake/export_micro_ros_msgs__rosidl_typesupport_fastrtps_cExport.cmake
[5.862s] -- Installing: /home/kiranchand/kc_vision_ws/install/micro_ros_msgs/share/micro_ros_msgs/cmake/export_micro_ros_msgs__rosidl_typesupport_fastrtps_cExport-noconfig.cmake
[5.862s] -- Installing: /home/kiranchand/kc_vision_ws/install/micro_ros_msgs/share/micro_ros_msgs/cmake/micro_ros_msgs__rosidl_typesupport_introspection_cExport.cmake
[5.862s] -- Installing: /home/kiranchand/kc_vision_ws/install/micro_ros_msgs/share/micro_ros_msgs/cmake/micro_ros_msgs__rosidl_typesupport_introspection_cExport-noconfig.cmake
[5.862s] -- Installing: /home/kiranchand/kc_vision_ws/install/micro_ros_msgs/share/micro_ros_msgs/cmake/micro_ros_msgs__rosidl_typesupport_cExport.cmake
[5.862s] -- Installing: /home/kiranchand/kc_vision_ws/install/micro_ros_msgs/share/micro_ros_msgs/cmake/micro_ros_msgs__rosidl_typesupport_cExport-noconfig.cmake
[5.863s] -- Installing: /home/kiranchand/kc_vision_ws/install/micro_ros_msgs/share/micro_ros_msgs/cmake/export_micro_ros_msgs__rosidl_generator_cppExport.cmake
[5.863s] -- Installing: /home/kiranchand/kc_vision_ws/install/micro_ros_msgs/share/micro_ros_msgs/cmake/export_micro_ros_msgs__rosidl_typesupport_fastrtps_cppExport.cmake
[5.863s] -- Installing: /home/kiranchand/kc_vision_ws/install/micro_ros_msgs/share/micro_ros_msgs/cmake/export_micro_ros_msgs__rosidl_typesupport_fastrtps_cppExport-noconfig.cmake
[5.863s] -- Installing: /home/kiranchand/kc_vision_ws/install/micro_ros_msgs/share/micro_ros_msgs/cmake/micro_ros_msgs__rosidl_typesupport_introspection_cppExport.cmake
[5.863s] -- Installing: /home/kiranchand/kc_vision_ws/install/micro_ros_msgs/share/micro_ros_msgs/cmake/micro_ros_msgs__rosidl_typesupport_introspection_cppExport-noconfig.cmake
[5.864s] -- Installing: /home/kiranchand/kc_vision_ws/install/micro_ros_msgs/share/micro_ros_msgs/cmake/micro_ros_msgs__rosidl_typesupport_cppExport.cmake
[5.864s] -- Installing: /home/kiranchand/kc_vision_ws/install/micro_ros_msgs/share/micro_ros_msgs/cmake/micro_ros_msgs__rosidl_typesupport_cppExport-noconfig.cmake
[5.864s] -- Installing: /home/kiranchand/kc_vision_ws/install/micro_ros_msgs/share/micro_ros_msgs/cmake/export_micro_ros_msgs__rosidl_generator_pyExport.cmake
[5.864s] -- Installing: /home/kiranchand/kc_vision_ws/install/micro_ros_msgs/share/micro_ros_msgs/cmake/export_micro_ros_msgs__rosidl_generator_pyExport-noconfig.cmake
[5.864s] -- Installing: /home/kiranchand/kc_vision_ws/install/micro_ros_msgs/share/micro_ros_msgs/cmake/rosidl_cmake-extras.cmake
[5.864s] -- Installing: /home/kiranchand/kc_vision_ws/install/micro_ros_msgs/share/micro_ros_msgs/cmake/ament_cmake_export_include_directories-extras.cmake
[5.865s] -- Installing: /home/kiranchand/kc_vision_ws/install/micro_ros_msgs/share/micro_ros_msgs/cmake/ament_cmake_export_libraries-extras.cmake
[5.865s] -- Installing: /home/kiranchand/kc_vision_ws/install/micro_ros_msgs/share/micro_ros_msgs/cmake/ament_cmake_export_targets-extras.cmake
[5.865s] -- Installing: /home/kiranchand/kc_vision_ws/install/micro_ros_msgs/share/micro_ros_msgs/cmake/rosidl_cmake_export_typesupport_targets-extras.cmake
[5.865s] -- Installing: /home/kiranchand/kc_vision_ws/install/micro_ros_msgs/share/micro_ros_msgs/cmake/ament_cmake_export_dependencies-extras.cmake
[5.865s] -- Installing: /home/kiranchand/kc_vision_ws/install/micro_ros_msgs/share/micro_ros_msgs/cmake/rosidl_cmake_export_typesupport_libraries-extras.cmake
[5.865s] -- Installing: /home/kiranchand/kc_vision_ws/install/micro_ros_msgs/share/micro_ros_msgs/cmake/micro_ros_msgsConfig.cmake
[5.865s] -- Installing: /home/kiranchand/kc_vision_ws/install/micro_ros_msgs/share/micro_ros_msgs/cmake/micro_ros_msgsConfig-version.cmake
[5.866s] -- Installing: /home/kiranchand/kc_vision_ws/install/micro_ros_msgs/share/micro_ros_msgs/package.xml
[5.868s] Invoked command in '/home/kiranchand/kc_vision_ws/build/micro_ros_msgs' returned '0': CMAKE_PREFIX_PATH=${CMAKE_PREFIX_PATH}:/home/kiranchand/kc_vision_ws/install/kc_vision_scripts:/home/kiranchand/turtlebot3_ws/install/turtlebot3_teleop:/home/kiranchand/turtlebot3_ws/install/turtlebot3_example:/home/kiranchand/turtlebot3_ws/install/nav2_gps_waypoint_follower_demo:/opt/ros/jazzy DEBUGINFOD_URLS=https://debuginfod.ubuntu.com /usr/bin/cmake --install /home/kiranchand/kc_vision_ws/build/micro_ros_msgs
