[0.242s] Invoking command in '/home/kiranchand/kc_vision_ws/build/kc_vision': CMAKE_PREFIX_PATH=${CMAKE_PREFIX_PATH}:/home/kiranchand/kc_vision_ws/install/kc_vision_scripts:/home/kiranchand/turtlebot3_ws/install/turtlebot3_teleop:/home/kiranchand/turtlebot3_ws/install/turtlebot3_example:/home/kiranchand/turtlebot3_ws/install/nav2_gps_waypoint_follower_demo:/opt/ros/jazzy DEBUGINFOD_URLS=https://debuginfod.ubuntu.com /usr/bin/cmake /home/kiranchand/kc_vision_ws/src/kc_vision -DAMENT_CMAKE_SYMLINK_INSTALL=1 -DCMAKE_INSTALL_PREFIX=/home/kiranchand/kc_vision_ws/install/kc_vision
[0.298s] -- The C compiler identification is GNU 13.3.0
[0.359s] -- The CXX compiler identification is GNU 13.3.0
[0.380s] -- Detecting C compiler ABI info
[0.490s] -- Detecting C compiler ABI info - done
[0.502s] -- Check for working C compiler: /usr/bin/cc - skipped
[0.503s] -- Detecting C compile features
[0.503s] -- Detecting C compile features - done
[0.513s] -- Detecting CXX compiler ABI info
[0.636s] -- Detecting CXX compiler ABI info - done
[0.645s] -- Check for working CXX compiler: /usr/bin/c++ - skipped
[0.645s] -- Detecting CXX compile features
[0.646s] -- Detecting CXX compile features - done
[0.653s] -- Found ament_cmake: 2.5.5 (/opt/ros/jazzy/share/ament_cmake/cmake)
[0.866s] -- Found Python3: /usr/bin/python3 (found version "3.12.3") found components: Interpreter 
[0.951s] -- Override CMake install command with custom implementation using symlinks instead of copying resources
[1.049s] -- Found ament_lint_auto: 0.17.4 (/opt/ros/jazzy/share/ament_lint_auto/cmake)
[1.252s] -- Added test 'copyright' to check source files copyright and LICENSE
[1.269s] -- Added test 'flake8' to check Python code syntax and style conventions
[1.269s] -- Configured 'flake8' exclude dirs and/or files: 
[1.272s] -- Added test 'lint_cmake' to check CMake code style
[1.275s] -- Added test 'pep257' to check Python code against some of the docstring style conventions in PEP 257
[1.284s] -- Added test 'xmllint' to check XML markup files
[1.288s] -- Configuring done (1.0s)
[1.293s] -- Generating done (0.0s)
[1.298s] -- Build files have been written to: /home/kiranchand/kc_vision_ws/build/kc_vision
[1.306s] Invoked command in '/home/kiranchand/kc_vision_ws/build/kc_vision' returned '0': CMAKE_PREFIX_PATH=${CMAKE_PREFIX_PATH}:/home/kiranchand/kc_vision_ws/install/kc_vision_scripts:/home/kiranchand/turtlebot3_ws/install/turtlebot3_teleop:/home/kiranchand/turtlebot3_ws/install/turtlebot3_example:/home/kiranchand/turtlebot3_ws/install/nav2_gps_waypoint_follower_demo:/opt/ros/jazzy DEBUGINFOD_URLS=https://debuginfod.ubuntu.com /usr/bin/cmake /home/kiranchand/kc_vision_ws/src/kc_vision -DAMENT_CMAKE_SYMLINK_INSTALL=1 -DCMAKE_INSTALL_PREFIX=/home/kiranchand/kc_vision_ws/install/kc_vision
[1.307s] Invoking command in '/home/kiranchand/kc_vision_ws/build/kc_vision': CMAKE_PREFIX_PATH=${CMAKE_PREFIX_PATH}:/home/kiranchand/kc_vision_ws/install/kc_vision_scripts:/home/kiranchand/turtlebot3_ws/install/turtlebot3_teleop:/home/kiranchand/turtlebot3_ws/install/turtlebot3_example:/home/kiranchand/turtlebot3_ws/install/nav2_gps_waypoint_follower_demo:/opt/ros/jazzy DEBUGINFOD_URLS=https://debuginfod.ubuntu.com /usr/bin/cmake --build /home/kiranchand/kc_vision_ws/build/kc_vision -- -j12 -l12
[1.399s] Invoked command in '/home/kiranchand/kc_vision_ws/build/kc_vision' returned '0': CMAKE_PREFIX_PATH=${CMAKE_PREFIX_PATH}:/home/kiranchand/kc_vision_ws/install/kc_vision_scripts:/home/kiranchand/turtlebot3_ws/install/turtlebot3_teleop:/home/kiranchand/turtlebot3_ws/install/turtlebot3_example:/home/kiranchand/turtlebot3_ws/install/nav2_gps_waypoint_follower_demo:/opt/ros/jazzy DEBUGINFOD_URLS=https://debuginfod.ubuntu.com /usr/bin/cmake --build /home/kiranchand/kc_vision_ws/build/kc_vision -- -j12 -l12
[1.403s] Invoking command in '/home/kiranchand/kc_vision_ws/build/kc_vision': CMAKE_PREFIX_PATH=${CMAKE_PREFIX_PATH}:/home/kiranchand/kc_vision_ws/install/kc_vision_scripts:/home/kiranchand/turtlebot3_ws/install/turtlebot3_teleop:/home/kiranchand/turtlebot3_ws/install/turtlebot3_example:/home/kiranchand/turtlebot3_ws/install/nav2_gps_waypoint_follower_demo:/opt/ros/jazzy DEBUGINFOD_URLS=https://debuginfod.ubuntu.com /usr/bin/cmake --install /home/kiranchand/kc_vision_ws/build/kc_vision
[1.421s] -- Install configuration: ""
[1.421s] -- Execute custom install script
[1.422s] -- Symlinking: /home/kiranchand/kc_vision_ws/install/kc_vision/share/kc_vision/config/bcr_map.pgm
[1.437s] -- Symlinking: /home/kiranchand/kc_vision_ws/install/kc_vision/share/kc_vision/config/bcr_map.yaml
[1.449s] -- Symlinking: /home/kiranchand/kc_vision_ws/install/kc_vision/share/kc_vision/config/cd.rviz
[1.462s] -- Symlinking: /home/kiranchand/kc_vision_ws/install/kc_vision/share/kc_vision/config/controllers.yaml
[1.475s] -- Symlinking: /home/kiranchand/kc_vision_ws/install/kc_vision/share/kc_vision/config/demo_waypoints.yaml
[1.489s] -- Symlinking: /home/kiranchand/kc_vision_ws/install/kc_vision/share/kc_vision/config/dual_ekf_navsat_params.yaml
[1.503s] -- Symlinking: /home/kiranchand/kc_vision_ws/install/kc_vision/share/kc_vision/config/empty.yaml
[1.518s] -- Symlinking: /home/kiranchand/kc_vision_ws/install/kc_vision/share/kc_vision/config/gazebo_params.yaml
[1.532s] -- Symlinking: /home/kiranchand/kc_vision_ws/install/kc_vision/share/kc_vision/config/gps_wpf_demo.mvc
[1.543s] -- Symlinking: /home/kiranchand/kc_vision_ws/install/kc_vision/share/kc_vision/config/gz_bridge copy.yaml
[1.554s] -- Symlinking: /home/kiranchand/kc_vision_ws/install/kc_vision/share/kc_vision/config/gz_bridge.yaml
[1.565s] -- Symlinking: /home/kiranchand/kc_vision_ws/install/kc_vision/share/kc_vision/config/mapper_params_online_async.yaml
[1.578s] -- Symlinking: /home/kiranchand/kc_vision_ws/install/kc_vision/share/kc_vision/config/mecanum_drive_controller.yaml
[1.590s] -- Symlinking: /home/kiranchand/kc_vision_ws/install/kc_vision/share/kc_vision/config/my_controllers.yaml
[1.605s] -- Symlinking: /home/kiranchand/kc_vision_ws/install/kc_vision/share/kc_vision/config/my_maps.pgm
[1.616s] -- Symlinking: /home/kiranchand/kc_vision_ws/install/kc_vision/share/kc_vision/config/my_maps.yaml
[1.628s] -- Symlinking: /home/kiranchand/kc_vision_ws/install/kc_vision/share/kc_vision/config/naav2_params.yaml
[1.640s] -- Symlinking: /home/kiranchand/kc_vision_ws/install/kc_vision/share/kc_vision/config/nav2_no_map_params.yaml
[1.655s] -- Symlinking: /home/kiranchand/kc_vision_ws/install/kc_vision/share/kc_vision/config/nav2_params copy.yaml
[1.670s] -- Symlinking: /home/kiranchand/kc_vision_ws/install/kc_vision/share/kc_vision/config/nav2_params.yaml
[1.684s] -- Symlinking: /home/kiranchand/kc_vision_ws/install/kc_vision/share/kc_vision/config/navigation.rviz
[1.697s] -- Symlinking: /home/kiranchand/kc_vision_ws/install/kc_vision/share/kc_vision/config/nv.rviz
[1.710s] -- Symlinking: /home/kiranchand/kc_vision_ws/install/kc_vision/share/kc_vision/config/rosbot_diff.yaml
[1.724s] -- Symlinking: /home/kiranchand/kc_vision_ws/install/kc_vision/share/kc_vision/config/twist_mux.yaml
[1.737s] -- Symlinking: /home/kiranchand/kc_vision_ws/install/kc_vision/share/kc_vision/description/camera.xacro
[1.748s] -- Symlinking: /home/kiranchand/kc_vision_ws/install/kc_vision/share/kc_vision/description/gazebo_control.xacro
[1.759s] -- Symlinking: /home/kiranchand/kc_vision_ws/install/kc_vision/share/kc_vision/description/gps.xacro
[1.771s] -- Symlinking: /home/kiranchand/kc_vision_ws/install/kc_vision/share/kc_vision/description/gz_new_cont.xacro
[1.783s] -- Symlinking: /home/kiranchand/kc_vision_ws/install/kc_vision/share/kc_vision/description/imu.xacro
[1.797s] -- Symlinking: /home/kiranchand/kc_vision_ws/install/kc_vision/share/kc_vision/description/lidar.xacro
[1.813s] -- Symlinking: /home/kiranchand/kc_vision_ws/install/kc_vision/share/kc_vision/description/project_visionkc.gazebo
[1.825s] -- Symlinking: /home/kiranchand/kc_vision_ws/install/kc_vision/share/kc_vision/description/robot.urdf.xacro
[1.839s] -- Symlinking: /home/kiranchand/kc_vision_ws/install/kc_vision/share/kc_vision/description/robot_core copy.xacro
[1.858s] -- Symlinking: /home/kiranchand/kc_vision_ws/install/kc_vision/share/kc_vision/description/robot_core.xacro
[1.874s] -- Symlinking: /home/kiranchand/kc_vision_ws/install/kc_vision/share/kc_vision/description/ros2_control.xacro
[1.891s] -- Symlinking: /home/kiranchand/kc_vision_ws/install/kc_vision/share/kc_vision/launch/arduino_joy_bridge.py
[1.906s] -- Symlinking: /home/kiranchand/kc_vision_ws/install/kc_vision/share/kc_vision/launch/dual_ekf_navsat.launch.py
[1.920s] -- Symlinking: /home/kiranchand/kc_vision_ws/install/kc_vision/share/kc_vision/launch/gps_waypoint_follower.launch.py
[1.935s] -- Symlinking: /home/kiranchand/kc_vision_ws/install/kc_vision/share/kc_vision/launch/launch_sim.launch.py
[1.946s] -- Symlinking: /home/kiranchand/kc_vision_ws/install/kc_vision/share/kc_vision/launch/localization_launch.py
[1.958s] -- Symlinking: /home/kiranchand/kc_vision_ws/install/kc_vision/share/kc_vision/launch/maps_mower.py
[1.969s] -- Symlinking: /home/kiranchand/kc_vision_ws/install/kc_vision/share/kc_vision/launch/mapviz.launch.py
[1.981s] -- Symlinking: /home/kiranchand/kc_vision_ws/install/kc_vision/share/kc_vision/launch/navigation_launch.py
[1.994s] -- Symlinking: /home/kiranchand/kc_vision_ws/install/kc_vision/share/kc_vision/launch/new.launch_sim.py
[2.006s] -- Symlinking: /home/kiranchand/kc_vision_ws/install/kc_vision/share/kc_vision/launch/nrsp.launch.py
[2.017s] -- Symlinking: /home/kiranchand/kc_vision_ws/install/kc_vision/share/kc_vision/launch/rsp.launch.py
[2.028s] -- Symlinking: /home/kiranchand/kc_vision_ws/install/kc_vision/share/kc_vision/worlds/empty.world
[2.039s] -- Symlinking: /home/kiranchand/kc_vision_ws/install/kc_vision/share/kc_vision/worlds/obstacles_in.sdf
[2.051s] -- Symlinking: /home/kiranchand/kc_vision_ws/install/kc_vision/share/kc_vision/worlds/sim_world.sdf
[2.063s] -- Symlinking: /home/kiranchand/kc_vision_ws/install/kc_vision/share/kc_vision/worlds/small_world.sdf
[2.075s] -- Symlinking: /home/kiranchand/kc_vision_ws/install/kc_vision/share/kc_vision/worlds/tree_world.sdf
[2.086s] -- Symlinking: /home/kiranchand/kc_vision_ws/install/kc_vision/share/kc_vision/meshes/150mm_Cutting_disc_holder_v4_1.stl
[2.100s] -- Symlinking: /home/kiranchand/kc_vision_ws/install/kc_vision/share/kc_vision/meshes/A7_-_DC_Geared_Motor_v1_1.stl
[2.112s] -- Symlinking: /home/kiranchand/kc_vision_ws/install/kc_vision/share/kc_vision/meshes/A7_-_DC_Geared_Motor_v1_Mirror__1.stl
[2.124s] -- Symlinking: /home/kiranchand/kc_vision_ws/install/kc_vision/share/kc_vision/meshes/A7_-_DC_Geared_Motor_v1_Mirror__Mirror__1.stl
[2.136s] -- Symlinking: /home/kiranchand/kc_vision_ws/install/kc_vision/share/kc_vision/meshes/A7_-_DC_Geared_Motor_v1_Mirror___1__1.stl
[2.148s] -- Symlinking: /home/kiranchand/kc_vision_ws/install/kc_vision/share/kc_vision/meshes/base_link.stl
[2.160s] -- Symlinking: /home/kiranchand/kc_vision_ws/install/kc_vision/share/kc_vision/meshes/camera_1.stl
[2.172s] -- Symlinking: /home/kiranchand/kc_vision_ws/install/kc_vision/share/kc_vision/meshes/imu_sensor_TM171__1.stl
[2.184s] -- Symlinking: /home/kiranchand/kc_vision_ws/install/kc_vision/share/kc_vision/meshes/left_Omni_Wheel_v1__1__1.stl
[2.196s] -- Symlinking: /home/kiranchand/kc_vision_ws/install/kc_vision/share/kc_vision/meshes/left_Wheel_Rim_1.stl
[2.208s] -- Symlinking: /home/kiranchand/kc_vision_ws/install/kc_vision/share/kc_vision/meshes/left_Wheel_tire_1.stl
[2.221s] -- Symlinking: /home/kiranchand/kc_vision_ws/install/kc_vision/share/kc_vision/meshes/lidar_1.stl
[2.232s] -- Symlinking: /home/kiranchand/kc_vision_ws/install/kc_vision/share/kc_vision/meshes/right_Omni_Wheel__1.stl
[2.242s] -- Symlinking: /home/kiranchand/kc_vision_ws/install/kc_vision/share/kc_vision/meshes/right_Wheel_Rim_1.stl
[2.252s] -- Symlinking: /home/kiranchand/kc_vision_ws/install/kc_vision/share/kc_vision/meshes/right_Wheel_Tire_1.stl
[2.263s] -- Symlinking: /home/kiranchand/kc_vision_ws/install/kc_vision/lib/kc_vision/arduino_joy_bridge.py
[2.275s] -- Symlinking: /home/kiranchand/kc_vision_ws/install/kc_vision/share/ament_index/resource_index/package_run_dependencies/kc_vision
[2.286s] -- Symlinking: /home/kiranchand/kc_vision_ws/install/kc_vision/share/ament_index/resource_index/parent_prefix_path/kc_vision
[2.297s] -- Symlinking: /home/kiranchand/kc_vision_ws/install/kc_vision/share/kc_vision/environment/ament_prefix_path.sh
[2.308s] -- Symlinking: /home/kiranchand/kc_vision_ws/install/kc_vision/share/kc_vision/environment/ament_prefix_path.dsv
[2.319s] -- Symlinking: /home/kiranchand/kc_vision_ws/install/kc_vision/share/kc_vision/environment/path.sh
[2.330s] -- Symlinking: /home/kiranchand/kc_vision_ws/install/kc_vision/share/kc_vision/environment/path.dsv
[2.340s] -- Symlinking: /home/kiranchand/kc_vision_ws/install/kc_vision/share/kc_vision/local_setup.bash
[2.353s] -- Symlinking: /home/kiranchand/kc_vision_ws/install/kc_vision/share/kc_vision/local_setup.sh
[2.364s] -- Symlinking: /home/kiranchand/kc_vision_ws/install/kc_vision/share/kc_vision/local_setup.zsh
[2.376s] -- Symlinking: /home/kiranchand/kc_vision_ws/install/kc_vision/share/kc_vision/local_setup.dsv
[2.387s] -- Symlinking: /home/kiranchand/kc_vision_ws/install/kc_vision/share/kc_vision/package.dsv
[2.398s] -- Symlinking: /home/kiranchand/kc_vision_ws/install/kc_vision/share/ament_index/resource_index/packages/kc_vision
[2.409s] -- Symlinking: /home/kiranchand/kc_vision_ws/install/kc_vision/share/kc_vision/cmake/kc_visionConfig.cmake
[2.419s] -- Symlinking: /home/kiranchand/kc_vision_ws/install/kc_vision/share/kc_vision/cmake/kc_visionConfig-version.cmake
[2.431s] -- Symlinking: /home/kiranchand/kc_vision_ws/install/kc_vision/share/kc_vision/package.xml
[2.445s] Invoked command in '/home/kiranchand/kc_vision_ws/build/kc_vision' returned '0': CMAKE_PREFIX_PATH=${CMAKE_PREFIX_PATH}:/home/kiranchand/kc_vision_ws/install/kc_vision_scripts:/home/kiranchand/turtlebot3_ws/install/turtlebot3_teleop:/home/kiranchand/turtlebot3_ws/install/turtlebot3_example:/home/kiranchand/turtlebot3_ws/install/nav2_gps_waypoint_follower_demo:/opt/ros/jazzy DEBUGINFOD_URLS=https://debuginfod.ubuntu.com /usr/bin/cmake --install /home/kiranchand/kc_vision_ws/build/kc_vision
