[0.109s] DEBUG:colcon:Command line arguments: ['/usr/bin/colcon', 'build', '--symlink-install', '--packages-select', 'kc_vision_bringup']
[0.109s] DEBUG:colcon:Parsed command line arguments: Namespace(log_base=None, log_level=None, verb_name='build', build_base='build', install_base='install', merge_install=False, symlink_install=True, test_result_base=None, continue_on_error=False, executor='parallel', parallel_workers=12, event_handlers=None, ignore_user_meta=False, metas=['./colcon.meta'], base_paths=['.'], packages_ignore=None, packages_ignore_regex=None, paths=None, packages_up_to=None, packages_up_to_regex=None, packages_above=None, packages_above_and_dependencies=None, packages_above_depth=None, packages_select_by_dep=None, packages_skip_by_dep=None, packages_skip_up_to=None, packages_select_build_failed=False, packages_skip_build_finished=False, packages_select_test_failures=False, packages_skip_test_passed=False, packages_select=['kc_vision_bringup'], packages_skip=None, packages_select_regex=None, packages_skip_regex=None, packages_start=None, packages_end=None, allow_overriding=[], cmake_args=None, cmake_target=None, cmake_target_skip_unavailable=False, cmake_clean_cache=False, cmake_clean_first=False, cmake_force_configure=False, ament_cmake_args=None, catkin_cmake_args=None, catkin_skip_building_tests=False, mixin_files=None, mixin=None, verb_parser=<colcon_mixin.mixin.mixin_argument.MixinArgumentDecorator object at 0x7004f3ad11f0>, verb_extension=<colcon_core.verb.build.BuildVerb object at 0x7004f3ad0e00>, main=<bound method BuildVerb.main of <colcon_core.verb.build.BuildVerb object at 0x7004f3ad0e00>>, mixin_verb=('build',))
[0.151s] Level 1:colcon.colcon_core.package_discovery:discover_packages(colcon_meta) check parameters
[0.151s] Level 1:colcon.colcon_core.package_discovery:discover_packages(recursive) check parameters
[0.151s] Level 1:colcon.colcon_core.package_discovery:discover_packages(ignore) check parameters
[0.151s] Level 1:colcon.colcon_core.package_discovery:discover_packages(path) check parameters
[0.151s] Level 1:colcon.colcon_core.package_discovery:discover_packages(colcon_meta) discover
[0.151s] Level 1:colcon.colcon_core.package_discovery:discover_packages(recursive) discover
[0.151s] INFO:colcon.colcon_core.package_discovery:Crawling recursively for packages in '/home/kiranchand/kc_vision_ws'
[0.152s] Level 1:colcon.colcon_core.package_identification:_identify(.) by extensions ['ignore', 'ignore_ament_install']
[0.152s] Level 1:colcon.colcon_core.package_identification:_identify(.) by extension 'ignore'
[0.152s] Level 1:colcon.colcon_core.package_identification:_identify(.) by extension 'ignore_ament_install'
[0.152s] Level 1:colcon.colcon_core.package_identification:_identify(.) by extensions ['colcon_pkg']
[0.152s] Level 1:colcon.colcon_core.package_identification:_identify(.) by extension 'colcon_pkg'
[0.152s] Level 1:colcon.colcon_core.package_identification:_identify(.) by extensions ['colcon_meta']
[0.152s] Level 1:colcon.colcon_core.package_identification:_identify(.) by extension 'colcon_meta'
[0.152s] Level 1:colcon.colcon_core.package_identification:_identify(.) by extensions ['ros']
[0.152s] Level 1:colcon.colcon_core.package_identification:_identify(.) by extension 'ros'
[0.174s] Level 1:colcon.colcon_core.package_identification:_identify(.) by extensions ['cmake', 'python']
[0.174s] Level 1:colcon.colcon_core.package_identification:_identify(.) by extension 'cmake'
[0.174s] Level 1:colcon.colcon_core.package_identification:_identify(.) by extension 'python'
[0.175s] Level 1:colcon.colcon_core.package_identification:_identify(.) by extensions ['python_setup_py']
[0.175s] Level 1:colcon.colcon_core.package_identification:_identify(.) by extension 'python_setup_py'
[0.175s] Level 1:colcon.colcon_core.package_identification:_identify(build) by extensions ['ignore', 'ignore_ament_install']
[0.175s] Level 1:colcon.colcon_core.package_identification:_identify(build) by extension 'ignore'
[0.175s] Level 1:colcon.colcon_core.package_identification:_identify(build) ignored
[0.175s] Level 1:colcon.colcon_core.package_identification:_identify(install) by extensions ['ignore', 'ignore_ament_install']
[0.175s] Level 1:colcon.colcon_core.package_identification:_identify(install) by extension 'ignore'
[0.175s] Level 1:colcon.colcon_core.package_identification:_identify(install) ignored
[0.175s] Level 1:colcon.colcon_core.package_identification:_identify(log) by extensions ['ignore', 'ignore_ament_install']
[0.175s] Level 1:colcon.colcon_core.package_identification:_identify(log) by extension 'ignore'
[0.175s] Level 1:colcon.colcon_core.package_identification:_identify(log) ignored
[0.175s] Level 1:colcon.colcon_core.package_identification:_identify(src) by extensions ['ignore', 'ignore_ament_install']
[0.175s] Level 1:colcon.colcon_core.package_identification:_identify(src) by extension 'ignore'
[0.176s] Level 1:colcon.colcon_core.package_identification:_identify(src) by extension 'ignore_ament_install'
[0.176s] Level 1:colcon.colcon_core.package_identification:_identify(src) by extensions ['colcon_pkg']
[0.176s] Level 1:colcon.colcon_core.package_identification:_identify(src) by extension 'colcon_pkg'
[0.176s] Level 1:colcon.colcon_core.package_identification:_identify(src) by extensions ['colcon_meta']
[0.176s] Level 1:colcon.colcon_core.package_identification:_identify(src) by extension 'colcon_meta'
[0.176s] Level 1:colcon.colcon_core.package_identification:_identify(src) by extensions ['ros']
[0.176s] Level 1:colcon.colcon_core.package_identification:_identify(src) by extension 'ros'
[0.176s] Level 1:colcon.colcon_core.package_identification:_identify(src) by extensions ['cmake', 'python']
[0.176s] Level 1:colcon.colcon_core.package_identification:_identify(src) by extension 'cmake'
[0.176s] Level 1:colcon.colcon_core.package_identification:_identify(src) by extension 'python'
[0.176s] Level 1:colcon.colcon_core.package_identification:_identify(src) by extensions ['python_setup_py']
[0.176s] Level 1:colcon.colcon_core.package_identification:_identify(src) by extension 'python_setup_py'
[0.176s] Level 1:colcon.colcon_core.package_identification:_identify(src/kc_vision) by extensions ['ignore', 'ignore_ament_install']
[0.176s] Level 1:colcon.colcon_core.package_identification:_identify(src/kc_vision) by extension 'ignore'
[0.176s] Level 1:colcon.colcon_core.package_identification:_identify(src/kc_vision) by extension 'ignore_ament_install'
[0.176s] Level 1:colcon.colcon_core.package_identification:_identify(src/kc_vision) by extensions ['colcon_pkg']
[0.176s] Level 1:colcon.colcon_core.package_identification:_identify(src/kc_vision) by extension 'colcon_pkg'
[0.176s] Level 1:colcon.colcon_core.package_identification:_identify(src/kc_vision) by extensions ['colcon_meta']
[0.176s] Level 1:colcon.colcon_core.package_identification:_identify(src/kc_vision) by extension 'colcon_meta'
[0.176s] Level 1:colcon.colcon_core.package_identification:_identify(src/kc_vision) by extensions ['ros']
[0.176s] Level 1:colcon.colcon_core.package_identification:_identify(src/kc_vision) by extension 'ros'
[0.179s] DEBUG:colcon.colcon_core.package_identification:Package 'src/kc_vision' with type 'ros.ament_cmake' and name 'kc_vision'
[0.179s] Level 1:colcon.colcon_core.package_identification:_identify(src/kc_vision_bringup) by extensions ['ignore', 'ignore_ament_install']
[0.179s] Level 1:colcon.colcon_core.package_identification:_identify(src/kc_vision_bringup) by extension 'ignore'
[0.179s] Level 1:colcon.colcon_core.package_identification:_identify(src/kc_vision_bringup) by extension 'ignore_ament_install'
[0.179s] Level 1:colcon.colcon_core.package_identification:_identify(src/kc_vision_bringup) by extensions ['colcon_pkg']
[0.179s] Level 1:colcon.colcon_core.package_identification:_identify(src/kc_vision_bringup) by extension 'colcon_pkg'
[0.179s] Level 1:colcon.colcon_core.package_identification:_identify(src/kc_vision_bringup) by extensions ['colcon_meta']
[0.179s] Level 1:colcon.colcon_core.package_identification:_identify(src/kc_vision_bringup) by extension 'colcon_meta'
[0.179s] Level 1:colcon.colcon_core.package_identification:_identify(src/kc_vision_bringup) by extensions ['ros']
[0.179s] Level 1:colcon.colcon_core.package_identification:_identify(src/kc_vision_bringup) by extension 'ros'
[0.180s] DEBUG:colcon.colcon_core.package_identification:Package 'src/kc_vision_bringup' with type 'ros.ament_cmake' and name 'kc_vision_bringup'
[0.180s] Level 1:colcon.colcon_core.package_identification:_identify(src/kc_vision_description) by extensions ['ignore', 'ignore_ament_install']
[0.180s] Level 1:colcon.colcon_core.package_identification:_identify(src/kc_vision_description) by extension 'ignore'
[0.180s] Level 1:colcon.colcon_core.package_identification:_identify(src/kc_vision_description) by extension 'ignore_ament_install'
[0.180s] Level 1:colcon.colcon_core.package_identification:_identify(src/kc_vision_description) by extensions ['colcon_pkg']
[0.180s] Level 1:colcon.colcon_core.package_identification:_identify(src/kc_vision_description) by extension 'colcon_pkg'
[0.180s] Level 1:colcon.colcon_core.package_identification:_identify(src/kc_vision_description) by extensions ['colcon_meta']
[0.180s] Level 1:colcon.colcon_core.package_identification:_identify(src/kc_vision_description) by extension 'colcon_meta'
[0.180s] Level 1:colcon.colcon_core.package_identification:_identify(src/kc_vision_description) by extensions ['ros']
[0.180s] Level 1:colcon.colcon_core.package_identification:_identify(src/kc_vision_description) by extension 'ros'
[0.181s] DEBUG:colcon.colcon_core.package_identification:Package 'src/kc_vision_description' with type 'ros.ament_cmake' and name 'kc_vision_description'
[0.181s] Level 1:colcon.colcon_core.package_identification:_identify(src/kc_vision_gazebo) by extensions ['ignore', 'ignore_ament_install']
[0.181s] Level 1:colcon.colcon_core.package_identification:_identify(src/kc_vision_gazebo) by extension 'ignore'
[0.181s] Level 1:colcon.colcon_core.package_identification:_identify(src/kc_vision_gazebo) by extension 'ignore_ament_install'
[0.181s] Level 1:colcon.colcon_core.package_identification:_identify(src/kc_vision_gazebo) by extensions ['colcon_pkg']
[0.181s] Level 1:colcon.colcon_core.package_identification:_identify(src/kc_vision_gazebo) by extension 'colcon_pkg'
[0.181s] Level 1:colcon.colcon_core.package_identification:_identify(src/kc_vision_gazebo) by extensions ['colcon_meta']
[0.181s] Level 1:colcon.colcon_core.package_identification:_identify(src/kc_vision_gazebo) by extension 'colcon_meta'
[0.181s] Level 1:colcon.colcon_core.package_identification:_identify(src/kc_vision_gazebo) by extensions ['ros']
[0.181s] Level 1:colcon.colcon_core.package_identification:_identify(src/kc_vision_gazebo) by extension 'ros'
[0.182s] DEBUG:colcon.colcon_core.package_identification:Package 'src/kc_vision_gazebo' with type 'ros.ament_cmake' and name 'kc_vision_gazebo'
[0.182s] Level 1:colcon.colcon_core.package_identification:_identify(src/kc_vision_hardware) by extensions ['ignore', 'ignore_ament_install']
[0.182s] Level 1:colcon.colcon_core.package_identification:_identify(src/kc_vision_hardware) by extension 'ignore'
[0.182s] Level 1:colcon.colcon_core.package_identification:_identify(src/kc_vision_hardware) by extension 'ignore_ament_install'
[0.182s] Level 1:colcon.colcon_core.package_identification:_identify(src/kc_vision_hardware) by extensions ['colcon_pkg']
[0.182s] Level 1:colcon.colcon_core.package_identification:_identify(src/kc_vision_hardware) by extension 'colcon_pkg'
[0.182s] Level 1:colcon.colcon_core.package_identification:_identify(src/kc_vision_hardware) by extensions ['colcon_meta']
[0.182s] Level 1:colcon.colcon_core.package_identification:_identify(src/kc_vision_hardware) by extension 'colcon_meta'
[0.182s] Level 1:colcon.colcon_core.package_identification:_identify(src/kc_vision_hardware) by extensions ['ros']
[0.182s] Level 1:colcon.colcon_core.package_identification:_identify(src/kc_vision_hardware) by extension 'ros'
[0.183s] DEBUG:colcon.colcon_core.package_identification:Package 'src/kc_vision_hardware' with type 'ros.ament_cmake' and name 'kc_vision_hardware'
[0.183s] Level 1:colcon.colcon_core.package_identification:_identify(src/kc_vision_localization) by extensions ['ignore', 'ignore_ament_install']
[0.183s] Level 1:colcon.colcon_core.package_identification:_identify(src/kc_vision_localization) by extension 'ignore'
[0.183s] Level 1:colcon.colcon_core.package_identification:_identify(src/kc_vision_localization) by extension 'ignore_ament_install'
[0.183s] Level 1:colcon.colcon_core.package_identification:_identify(src/kc_vision_localization) by extensions ['colcon_pkg']
[0.183s] Level 1:colcon.colcon_core.package_identification:_identify(src/kc_vision_localization) by extension 'colcon_pkg'
[0.183s] Level 1:colcon.colcon_core.package_identification:_identify(src/kc_vision_localization) by extensions ['colcon_meta']
[0.183s] Level 1:colcon.colcon_core.package_identification:_identify(src/kc_vision_localization) by extension 'colcon_meta'
[0.183s] Level 1:colcon.colcon_core.package_identification:_identify(src/kc_vision_localization) by extensions ['ros']
[0.183s] Level 1:colcon.colcon_core.package_identification:_identify(src/kc_vision_localization) by extension 'ros'
[0.184s] DEBUG:colcon.colcon_core.package_identification:Package 'src/kc_vision_localization' with type 'ros.ament_cmake' and name 'kc_vision_localization'
[0.184s] Level 1:colcon.colcon_core.package_identification:_identify(src/kc_vision_nav2) by extensions ['ignore', 'ignore_ament_install']
[0.184s] Level 1:colcon.colcon_core.package_identification:_identify(src/kc_vision_nav2) by extension 'ignore'
[0.184s] Level 1:colcon.colcon_core.package_identification:_identify(src/kc_vision_nav2) by extension 'ignore_ament_install'
[0.184s] Level 1:colcon.colcon_core.package_identification:_identify(src/kc_vision_nav2) by extensions ['colcon_pkg']
[0.184s] Level 1:colcon.colcon_core.package_identification:_identify(src/kc_vision_nav2) by extension 'colcon_pkg'
[0.184s] Level 1:colcon.colcon_core.package_identification:_identify(src/kc_vision_nav2) by extensions ['colcon_meta']
[0.184s] Level 1:colcon.colcon_core.package_identification:_identify(src/kc_vision_nav2) by extension 'colcon_meta'
[0.184s] Level 1:colcon.colcon_core.package_identification:_identify(src/kc_vision_nav2) by extensions ['ros']
[0.184s] Level 1:colcon.colcon_core.package_identification:_identify(src/kc_vision_nav2) by extension 'ros'
[0.185s] DEBUG:colcon.colcon_core.package_identification:Package 'src/kc_vision_nav2' with type 'ros.ament_cmake' and name 'kc_vision_nav2'
[0.185s] Level 1:colcon.colcon_core.package_identification:_identify(src/kc_vision_scripts) by extensions ['ignore', 'ignore_ament_install']
[0.185s] Level 1:colcon.colcon_core.package_identification:_identify(src/kc_vision_scripts) by extension 'ignore'
[0.185s] Level 1:colcon.colcon_core.package_identification:_identify(src/kc_vision_scripts) by extension 'ignore_ament_install'
[0.185s] Level 1:colcon.colcon_core.package_identification:_identify(src/kc_vision_scripts) by extensions ['colcon_pkg']
[0.185s] Level 1:colcon.colcon_core.package_identification:_identify(src/kc_vision_scripts) by extension 'colcon_pkg'
[0.185s] Level 1:colcon.colcon_core.package_identification:_identify(src/kc_vision_scripts) by extensions ['colcon_meta']
[0.185s] Level 1:colcon.colcon_core.package_identification:_identify(src/kc_vision_scripts) by extension 'colcon_meta'
[0.185s] Level 1:colcon.colcon_core.package_identification:_identify(src/kc_vision_scripts) by extensions ['ros']
[0.185s] Level 1:colcon.colcon_core.package_identification:_identify(src/kc_vision_scripts) by extension 'ros'
[0.186s] DEBUG:colcon.colcon_core.package_identification:Package 'src/kc_vision_scripts' with type 'ros.ament_python' and name 'kc_vision_scripts'
[0.186s] Level 1:colcon.colcon_core.package_identification:_identify(src/kc_vision_slam) by extensions ['ignore', 'ignore_ament_install']
[0.186s] Level 1:colcon.colcon_core.package_identification:_identify(src/kc_vision_slam) by extension 'ignore'
[0.186s] Level 1:colcon.colcon_core.package_identification:_identify(src/kc_vision_slam) by extension 'ignore_ament_install'
[0.186s] Level 1:colcon.colcon_core.package_identification:_identify(src/kc_vision_slam) by extensions ['colcon_pkg']
[0.186s] Level 1:colcon.colcon_core.package_identification:_identify(src/kc_vision_slam) by extension 'colcon_pkg'
[0.186s] Level 1:colcon.colcon_core.package_identification:_identify(src/kc_vision_slam) by extensions ['colcon_meta']
[0.186s] Level 1:colcon.colcon_core.package_identification:_identify(src/kc_vision_slam) by extension 'colcon_meta'
[0.186s] Level 1:colcon.colcon_core.package_identification:_identify(src/kc_vision_slam) by extensions ['ros']
[0.186s] Level 1:colcon.colcon_core.package_identification:_identify(src/kc_vision_slam) by extension 'ros'
[0.187s] DEBUG:colcon.colcon_core.package_identification:Package 'src/kc_vision_slam' with type 'ros.ament_cmake' and name 'kc_vision_slam'
[0.187s] Level 1:colcon.colcon_core.package_identification:_identify(src/micro_ros_setup) by extensions ['ignore', 'ignore_ament_install']
[0.187s] Level 1:colcon.colcon_core.package_identification:_identify(src/micro_ros_setup) by extension 'ignore'
[0.188s] Level 1:colcon.colcon_core.package_identification:_identify(src/micro_ros_setup) by extension 'ignore_ament_install'
[0.188s] Level 1:colcon.colcon_core.package_identification:_identify(src/micro_ros_setup) by extensions ['colcon_pkg']
[0.188s] Level 1:colcon.colcon_core.package_identification:_identify(src/micro_ros_setup) by extension 'colcon_pkg'
[0.188s] Level 1:colcon.colcon_core.package_identification:_identify(src/micro_ros_setup) by extensions ['colcon_meta']
[0.188s] Level 1:colcon.colcon_core.package_identification:_identify(src/micro_ros_setup) by extension 'colcon_meta'
[0.188s] Level 1:colcon.colcon_core.package_identification:_identify(src/micro_ros_setup) by extensions ['ros']
[0.188s] Level 1:colcon.colcon_core.package_identification:_identify(src/micro_ros_setup) by extension 'ros'
[0.188s] DEBUG:colcon.colcon_core.package_identification:Package 'src/micro_ros_setup' with type 'ros.ament_cmake' and name 'micro_ros_setup'
[0.188s] Level 1:colcon.colcon_core.package_identification:_identify(src/uros) by extensions ['ignore', 'ignore_ament_install']
[0.189s] Level 1:colcon.colcon_core.package_identification:_identify(src/uros) by extension 'ignore'
[0.189s] Level 1:colcon.colcon_core.package_identification:_identify(src/uros) by extension 'ignore_ament_install'
[0.189s] Level 1:colcon.colcon_core.package_identification:_identify(src/uros) by extensions ['colcon_pkg']
[0.189s] Level 1:colcon.colcon_core.package_identification:_identify(src/uros) by extension 'colcon_pkg'
[0.189s] Level 1:colcon.colcon_core.package_identification:_identify(src/uros) by extensions ['colcon_meta']
[0.189s] Level 1:colcon.colcon_core.package_identification:_identify(src/uros) by extension 'colcon_meta'
[0.189s] Level 1:colcon.colcon_core.package_identification:_identify(src/uros) by extensions ['ros']
[0.189s] Level 1:colcon.colcon_core.package_identification:_identify(src/uros) by extension 'ros'
[0.189s] Level 1:colcon.colcon_core.package_identification:_identify(src/uros) by extensions ['cmake', 'python']
[0.189s] Level 1:colcon.colcon_core.package_identification:_identify(src/uros) by extension 'cmake'
[0.189s] Level 1:colcon.colcon_core.package_identification:_identify(src/uros) by extension 'python'
[0.189s] Level 1:colcon.colcon_core.package_identification:_identify(src/uros) by extensions ['python_setup_py']
[0.189s] Level 1:colcon.colcon_core.package_identification:_identify(src/uros) by extension 'python_setup_py'
[0.189s] Level 1:colcon.colcon_core.package_identification:_identify(src/uros/drive_base) by extensions ['ignore', 'ignore_ament_install']
[0.189s] Level 1:colcon.colcon_core.package_identification:_identify(src/uros/drive_base) by extension 'ignore'
[0.189s] Level 1:colcon.colcon_core.package_identification:_identify(src/uros/drive_base) by extension 'ignore_ament_install'
[0.189s] Level 1:colcon.colcon_core.package_identification:_identify(src/uros/drive_base) by extensions ['colcon_pkg']
[0.189s] Level 1:colcon.colcon_core.package_identification:_identify(src/uros/drive_base) by extension 'colcon_pkg'
[0.189s] Level 1:colcon.colcon_core.package_identification:_identify(src/uros/drive_base) by extensions ['colcon_meta']
[0.189s] Level 1:colcon.colcon_core.package_identification:_identify(src/uros/drive_base) by extension 'colcon_meta'
[0.189s] Level 1:colcon.colcon_core.package_identification:_identify(src/uros/drive_base) by extensions ['ros']
[0.189s] Level 1:colcon.colcon_core.package_identification:_identify(src/uros/drive_base) by extension 'ros'
[0.190s] Level 1:colcon.colcon_core.package_identification:_identify(src/uros/drive_base) by extensions ['cmake', 'python']
[0.190s] Level 1:colcon.colcon_core.package_identification:_identify(src/uros/drive_base) by extension 'cmake'
[0.190s] Level 1:colcon.colcon_core.package_identification:_identify(src/uros/drive_base) by extension 'python'
[0.190s] Level 1:colcon.colcon_core.package_identification:_identify(src/uros/drive_base) by extensions ['python_setup_py']
[0.190s] Level 1:colcon.colcon_core.package_identification:_identify(src/uros/drive_base) by extension 'python_setup_py'
[0.190s] Level 1:colcon.colcon_core.package_identification:_identify(src/uros/drive_base/drive_base_msgs) by extensions ['ignore', 'ignore_ament_install']
[0.190s] Level 1:colcon.colcon_core.package_identification:_identify(src/uros/drive_base/drive_base_msgs) by extension 'ignore'
[0.190s] Level 1:colcon.colcon_core.package_identification:_identify(src/uros/drive_base/drive_base_msgs) by extension 'ignore_ament_install'
[0.190s] Level 1:colcon.colcon_core.package_identification:_identify(src/uros/drive_base/drive_base_msgs) by extensions ['colcon_pkg']
[0.190s] Level 1:colcon.colcon_core.package_identification:_identify(src/uros/drive_base/drive_base_msgs) by extension 'colcon_pkg'
[0.190s] Level 1:colcon.colcon_core.package_identification:_identify(src/uros/drive_base/drive_base_msgs) by extensions ['colcon_meta']
[0.190s] Level 1:colcon.colcon_core.package_identification:_identify(src/uros/drive_base/drive_base_msgs) by extension 'colcon_meta'
[0.190s] Level 1:colcon.colcon_core.package_identification:_identify(src/uros/drive_base/drive_base_msgs) by extensions ['ros']
[0.190s] Level 1:colcon.colcon_core.package_identification:_identify(src/uros/drive_base/drive_base_msgs) by extension 'ros'
[0.191s] DEBUG:colcon.colcon_core.package_identification:Package 'src/uros/drive_base/drive_base_msgs' with type 'ros.ament_cmake' and name 'drive_base_msgs'
[0.191s] Level 1:colcon.colcon_core.package_identification:_identify(src/uros/micro-ROS-Agent) by extensions ['ignore', 'ignore_ament_install']
[0.191s] Level 1:colcon.colcon_core.package_identification:_identify(src/uros/micro-ROS-Agent) by extension 'ignore'
[0.191s] Level 1:colcon.colcon_core.package_identification:_identify(src/uros/micro-ROS-Agent) by extension 'ignore_ament_install'
[0.191s] Level 1:colcon.colcon_core.package_identification:_identify(src/uros/micro-ROS-Agent) by extensions ['colcon_pkg']
[0.191s] Level 1:colcon.colcon_core.package_identification:_identify(src/uros/micro-ROS-Agent) by extension 'colcon_pkg'
[0.191s] Level 1:colcon.colcon_core.package_identification:_identify(src/uros/micro-ROS-Agent) by extensions ['colcon_meta']
[0.191s] Level 1:colcon.colcon_core.package_identification:_identify(src/uros/micro-ROS-Agent) by extension 'colcon_meta'
[0.191s] Level 1:colcon.colcon_core.package_identification:_identify(src/uros/micro-ROS-Agent) by extensions ['ros']
[0.191s] Level 1:colcon.colcon_core.package_identification:_identify(src/uros/micro-ROS-Agent) by extension 'ros'
[0.191s] Level 1:colcon.colcon_core.package_identification:_identify(src/uros/micro-ROS-Agent) by extensions ['cmake', 'python']
[0.191s] Level 1:colcon.colcon_core.package_identification:_identify(src/uros/micro-ROS-Agent) by extension 'cmake'
[0.191s] Level 1:colcon.colcon_core.package_identification:_identify(src/uros/micro-ROS-Agent) by extension 'python'
[0.191s] Level 1:colcon.colcon_core.package_identification:_identify(src/uros/micro-ROS-Agent) by extensions ['python_setup_py']
[0.191s] Level 1:colcon.colcon_core.package_identification:_identify(src/uros/micro-ROS-Agent) by extension 'python_setup_py'
[0.191s] Level 1:colcon.colcon_core.package_identification:_identify(src/uros/micro-ROS-Agent/micro_ros_agent) by extensions ['ignore', 'ignore_ament_install']
[0.191s] Level 1:colcon.colcon_core.package_identification:_identify(src/uros/micro-ROS-Agent/micro_ros_agent) by extension 'ignore'
[0.191s] Level 1:colcon.colcon_core.package_identification:_identify(src/uros/micro-ROS-Agent/micro_ros_agent) by extension 'ignore_ament_install'
[0.192s] Level 1:colcon.colcon_core.package_identification:_identify(src/uros/micro-ROS-Agent/micro_ros_agent) by extensions ['colcon_pkg']
[0.192s] Level 1:colcon.colcon_core.package_identification:_identify(src/uros/micro-ROS-Agent/micro_ros_agent) by extension 'colcon_pkg'
[0.192s] Level 1:colcon.colcon_core.package_identification:_identify(src/uros/micro-ROS-Agent/micro_ros_agent) by extensions ['colcon_meta']
[0.192s] Level 1:colcon.colcon_core.package_identification:_identify(src/uros/micro-ROS-Agent/micro_ros_agent) by extension 'colcon_meta'
[0.192s] Level 1:colcon.colcon_core.package_identification:_identify(src/uros/micro-ROS-Agent/micro_ros_agent) by extensions ['ros']
[0.192s] Level 1:colcon.colcon_core.package_identification:_identify(src/uros/micro-ROS-Agent/micro_ros_agent) by extension 'ros'
[0.192s] DEBUG:colcon.colcon_core.package_identification:Package 'src/uros/micro-ROS-Agent/micro_ros_agent' with type 'ros.ament_cmake' and name 'micro_ros_agent'
[0.193s] Level 1:colcon.colcon_core.package_identification:_identify(src/uros/micro-ROS-Agent/snap) by extensions ['ignore', 'ignore_ament_install']
[0.193s] Level 1:colcon.colcon_core.package_identification:_identify(src/uros/micro-ROS-Agent/snap) by extension 'ignore'
[0.193s] Level 1:colcon.colcon_core.package_identification:_identify(src/uros/micro-ROS-Agent/snap) by extension 'ignore_ament_install'
[0.193s] Level 1:colcon.colcon_core.package_identification:_identify(src/uros/micro-ROS-Agent/snap) by extensions ['colcon_pkg']
[0.193s] Level 1:colcon.colcon_core.package_identification:_identify(src/uros/micro-ROS-Agent/snap) by extension 'colcon_pkg'
[0.193s] Level 1:colcon.colcon_core.package_identification:_identify(src/uros/micro-ROS-Agent/snap) by extensions ['colcon_meta']
[0.193s] Level 1:colcon.colcon_core.package_identification:_identify(src/uros/micro-ROS-Agent/snap) by extension 'colcon_meta'
[0.193s] Level 1:colcon.colcon_core.package_identification:_identify(src/uros/micro-ROS-Agent/snap) by extensions ['ros']
[0.193s] Level 1:colcon.colcon_core.package_identification:_identify(src/uros/micro-ROS-Agent/snap) by extension 'ros'
[0.193s] Level 1:colcon.colcon_core.package_identification:_identify(src/uros/micro-ROS-Agent/snap) by extensions ['cmake', 'python']
[0.193s] Level 1:colcon.colcon_core.package_identification:_identify(src/uros/micro-ROS-Agent/snap) by extension 'cmake'
[0.193s] Level 1:colcon.colcon_core.package_identification:_identify(src/uros/micro-ROS-Agent/snap) by extension 'python'
[0.193s] Level 1:colcon.colcon_core.package_identification:_identify(src/uros/micro-ROS-Agent/snap) by extensions ['python_setup_py']
[0.193s] Level 1:colcon.colcon_core.package_identification:_identify(src/uros/micro-ROS-Agent/snap) by extension 'python_setup_py'
[0.193s] Level 1:colcon.colcon_core.package_identification:_identify(src/uros/micro-ROS-Agent/snap/hooks) by extensions ['ignore', 'ignore_ament_install']
[0.193s] Level 1:colcon.colcon_core.package_identification:_identify(src/uros/micro-ROS-Agent/snap/hooks) by extension 'ignore'
[0.193s] Level 1:colcon.colcon_core.package_identification:_identify(src/uros/micro-ROS-Agent/snap/hooks) by extension 'ignore_ament_install'
[0.193s] Level 1:colcon.colcon_core.package_identification:_identify(src/uros/micro-ROS-Agent/snap/hooks) by extensions ['colcon_pkg']
[0.193s] Level 1:colcon.colcon_core.package_identification:_identify(src/uros/micro-ROS-Agent/snap/hooks) by extension 'colcon_pkg'
[0.193s] Level 1:colcon.colcon_core.package_identification:_identify(src/uros/micro-ROS-Agent/snap/hooks) by extensions ['colcon_meta']
[0.193s] Level 1:colcon.colcon_core.package_identification:_identify(src/uros/micro-ROS-Agent/snap/hooks) by extension 'colcon_meta'
[0.193s] Level 1:colcon.colcon_core.package_identification:_identify(src/uros/micro-ROS-Agent/snap/hooks) by extensions ['ros']
[0.193s] Level 1:colcon.colcon_core.package_identification:_identify(src/uros/micro-ROS-Agent/snap/hooks) by extension 'ros'
[0.194s] Level 1:colcon.colcon_core.package_identification:_identify(src/uros/micro-ROS-Agent/snap/hooks) by extensions ['cmake', 'python']
[0.194s] Level 1:colcon.colcon_core.package_identification:_identify(src/uros/micro-ROS-Agent/snap/hooks) by extension 'cmake'
[0.194s] Level 1:colcon.colcon_core.package_identification:_identify(src/uros/micro-ROS-Agent/snap/hooks) by extension 'python'
[0.194s] Level 1:colcon.colcon_core.package_identification:_identify(src/uros/micro-ROS-Agent/snap/hooks) by extensions ['python_setup_py']
[0.194s] Level 1:colcon.colcon_core.package_identification:_identify(src/uros/micro-ROS-Agent/snap/hooks) by extension 'python_setup_py'
[0.194s] Level 1:colcon.colcon_core.package_identification:_identify(src/uros/micro-ROS-Agent/snap/local) by extensions ['ignore', 'ignore_ament_install']
[0.194s] Level 1:colcon.colcon_core.package_identification:_identify(src/uros/micro-ROS-Agent/snap/local) by extension 'ignore'
[0.194s] Level 1:colcon.colcon_core.package_identification:_identify(src/uros/micro-ROS-Agent/snap/local) by extension 'ignore_ament_install'
[0.194s] Level 1:colcon.colcon_core.package_identification:_identify(src/uros/micro-ROS-Agent/snap/local) by extensions ['colcon_pkg']
[0.194s] Level 1:colcon.colcon_core.package_identification:_identify(src/uros/micro-ROS-Agent/snap/local) by extension 'colcon_pkg'
[0.194s] Level 1:colcon.colcon_core.package_identification:_identify(src/uros/micro-ROS-Agent/snap/local) by extensions ['colcon_meta']
[0.194s] Level 1:colcon.colcon_core.package_identification:_identify(src/uros/micro-ROS-Agent/snap/local) by extension 'colcon_meta'
[0.194s] Level 1:colcon.colcon_core.package_identification:_identify(src/uros/micro-ROS-Agent/snap/local) by extensions ['ros']
[0.194s] Level 1:colcon.colcon_core.package_identification:_identify(src/uros/micro-ROS-Agent/snap/local) by extension 'ros'
[0.194s] Level 1:colcon.colcon_core.package_identification:_identify(src/uros/micro-ROS-Agent/snap/local) by extensions ['cmake', 'python']
[0.194s] Level 1:colcon.colcon_core.package_identification:_identify(src/uros/micro-ROS-Agent/snap/local) by extension 'cmake'
[0.194s] Level 1:colcon.colcon_core.package_identification:_identify(src/uros/micro-ROS-Agent/snap/local) by extension 'python'
[0.194s] Level 1:colcon.colcon_core.package_identification:_identify(src/uros/micro-ROS-Agent/snap/local) by extensions ['python_setup_py']
[0.194s] Level 1:colcon.colcon_core.package_identification:_identify(src/uros/micro-ROS-Agent/snap/local) by extension 'python_setup_py'
[0.194s] Level 1:colcon.colcon_core.package_identification:_identify(src/uros/micro_ros_msgs) by extensions ['ignore', 'ignore_ament_install']
[0.194s] Level 1:colcon.colcon_core.package_identification:_identify(src/uros/micro_ros_msgs) by extension 'ignore'
[0.195s] Level 1:colcon.colcon_core.package_identification:_identify(src/uros/micro_ros_msgs) by extension 'ignore_ament_install'
[0.195s] Level 1:colcon.colcon_core.package_identification:_identify(src/uros/micro_ros_msgs) by extensions ['colcon_pkg']
[0.195s] Level 1:colcon.colcon_core.package_identification:_identify(src/uros/micro_ros_msgs) by extension 'colcon_pkg'
[0.195s] Level 1:colcon.colcon_core.package_identification:_identify(src/uros/micro_ros_msgs) by extensions ['colcon_meta']
[0.195s] Level 1:colcon.colcon_core.package_identification:_identify(src/uros/micro_ros_msgs) by extension 'colcon_meta'
[0.195s] Level 1:colcon.colcon_core.package_identification:_identify(src/uros/micro_ros_msgs) by extensions ['ros']
[0.195s] Level 1:colcon.colcon_core.package_identification:_identify(src/uros/micro_ros_msgs) by extension 'ros'
[0.195s] DEBUG:colcon.colcon_core.package_identification:Package 'src/uros/micro_ros_msgs' with type 'ros.ament_cmake' and name 'micro_ros_msgs'
[0.195s] Level 1:colcon.colcon_core.package_discovery:discover_packages(recursive) using defaults
[0.195s] Level 1:colcon.colcon_core.package_discovery:discover_packages(ignore) discover
[0.195s] Level 1:colcon.colcon_core.package_discovery:discover_packages(ignore) using defaults
[0.195s] Level 1:colcon.colcon_core.package_discovery:discover_packages(path) discover
[0.195s] Level 1:colcon.colcon_core.package_discovery:discover_packages(path) using defaults
[0.214s] INFO:colcon.colcon_core.package_selection:Skipping not selected package 'drive_base_msgs' in 'src/uros/drive_base/drive_base_msgs'
[0.214s] INFO:colcon.colcon_core.package_selection:Skipping not selected package 'kc_vision' in 'src/kc_vision'
[0.214s] INFO:colcon.colcon_core.package_selection:Skipping not selected package 'kc_vision_description' in 'src/kc_vision_description'
[0.214s] INFO:colcon.colcon_core.package_selection:Skipping not selected package 'kc_vision_hardware' in 'src/kc_vision_hardware'
[0.214s] INFO:colcon.colcon_core.package_selection:Skipping not selected package 'kc_vision_localization' in 'src/kc_vision_localization'
[0.214s] INFO:colcon.colcon_core.package_selection:Skipping not selected package 'kc_vision_nav2' in 'src/kc_vision_nav2'
[0.215s] INFO:colcon.colcon_core.package_selection:Skipping not selected package 'kc_vision_scripts' in 'src/kc_vision_scripts'
[0.215s] INFO:colcon.colcon_core.package_selection:Skipping not selected package 'kc_vision_slam' in 'src/kc_vision_slam'
[0.215s] INFO:colcon.colcon_core.package_selection:Skipping not selected package 'micro_ros_msgs' in 'src/uros/micro_ros_msgs'
[0.215s] INFO:colcon.colcon_core.package_selection:Skipping not selected package 'micro_ros_setup' in 'src/micro_ros_setup'
[0.215s] INFO:colcon.colcon_core.package_selection:Skipping not selected package 'kc_vision_gazebo' in 'src/kc_vision_gazebo'
[0.215s] INFO:colcon.colcon_core.package_selection:Skipping not selected package 'micro_ros_agent' in 'src/uros/micro-ROS-Agent/micro_ros_agent'
[0.215s] Level 1:colcon.colcon_core.package_discovery:discover_packages(prefix_path) check parameters
[0.215s] Level 1:colcon.colcon_core.package_discovery:discover_packages(prefix_path) discover
[0.219s] DEBUG:colcon.colcon_installed_package_information.package_discovery:Found 12 installed packages in /home/kiranchand/kc_vision_ws/install
[0.219s] DEBUG:colcon.colcon_installed_package_information.package_discovery:Found 1 installed packages in /home/kiranchand/ydlidar_ros2_ws/install
[0.219s] DEBUG:colcon.colcon_installed_package_information.package_discovery:Found 1 installed packages in /home/kiranchand/sam_bot/install
[0.220s] DEBUG:colcon.colcon_installed_package_information.package_discovery:Found 17 installed packages in /home/kiranchand/turtlebot3_ws/install
[0.223s] DEBUG:colcon.colcon_installed_package_information.package_discovery:Found 612 installed packages in /opt/ros/jazzy
[0.224s] Level 1:colcon.colcon_core.package_discovery:discover_packages(prefix_path) using defaults
[0.315s] Level 5:colcon.colcon_core.verb:set package 'kc_vision_bringup' build argument 'cmake_args' from command line to 'None'
[0.315s] Level 5:colcon.colcon_core.verb:set package 'kc_vision_bringup' build argument 'cmake_target' from command line to 'None'
[0.315s] Level 5:colcon.colcon_core.verb:set package 'kc_vision_bringup' build argument 'cmake_target_skip_unavailable' from command line to 'False'
[0.315s] Level 5:colcon.colcon_core.verb:set package 'kc_vision_bringup' build argument 'cmake_clean_cache' from command line to 'False'
[0.315s] Level 5:colcon.colcon_core.verb:set package 'kc_vision_bringup' build argument 'cmake_clean_first' from command line to 'False'
[0.315s] Level 5:colcon.colcon_core.verb:set package 'kc_vision_bringup' build argument 'cmake_force_configure' from command line to 'False'
[0.315s] Level 5:colcon.colcon_core.verb:set package 'kc_vision_bringup' build argument 'ament_cmake_args' from command line to 'None'
[0.315s] Level 5:colcon.colcon_core.verb:set package 'kc_vision_bringup' build argument 'catkin_cmake_args' from command line to 'None'
[0.315s] Level 5:colcon.colcon_core.verb:set package 'kc_vision_bringup' build argument 'catkin_skip_building_tests' from command line to 'False'
[0.315s] DEBUG:colcon.colcon_core.verb:Building package 'kc_vision_bringup' with the following arguments: {'ament_cmake_args': None, 'build_base': '/home/kiranchand/kc_vision_ws/build/kc_vision_bringup', 'catkin_cmake_args': None, 'catkin_skip_building_tests': False, 'cmake_args': None, 'cmake_clean_cache': False, 'cmake_clean_first': False, 'cmake_force_configure': False, 'cmake_target': None, 'cmake_target_skip_unavailable': False, 'install_base': '/home/kiranchand/kc_vision_ws/install/kc_vision_bringup', 'merge_install': False, 'path': '/home/kiranchand/kc_vision_ws/src/kc_vision_bringup', 'symlink_install': True, 'test_result_base': None}
[0.315s] INFO:colcon.colcon_core.executor:Executing jobs using 'parallel' executor
[0.316s] DEBUG:colcon.colcon_parallel_executor.executor.parallel:run_until_complete
[0.316s] INFO:colcon.colcon_ros.task.ament_cmake.build:Building ROS package in '/home/kiranchand/kc_vision_ws/src/kc_vision_bringup' with build type 'ament_cmake'
[0.316s] INFO:colcon.colcon_cmake.task.cmake.build:Building CMake package in '/home/kiranchand/kc_vision_ws/src/kc_vision_bringup'
[0.319s] INFO:colcon.colcon_core.plugin_system:Skipping extension 'colcon_core.shell.bat': Not used on non-Windows systems
[0.319s] INFO:colcon.colcon_core.shell:Skip shell extension 'powershell' for command environment: Not usable outside of PowerShell
[0.319s] DEBUG:colcon.colcon_core.shell:Skip shell extension 'dsv' for command environment
[0.342s] DEBUG:colcon.colcon_core.event_handler.log_command:Invoking command in '/home/kiranchand/kc_vision_ws/build/kc_vision_bringup': AMENT_PREFIX_PATH=/home/kiranchand/kc_vision_ws/install/kc_vision_scripts:/home/kiranchand/kc_vision_ws/install/micro_ros_setup:/home/kiranchand/kc_vision_ws/install/kc_vision_bringup:/home/kiranchand/kc_vision_ws/install/micro_ros_agent:/home/kiranchand/kc_vision_ws/install/micro_ros_msgs:/home/kiranchand/kc_vision_ws/install/kc_vision_slam:/home/kiranchand/kc_vision_ws/install/kc_vision_nav2:/home/kiranchand/kc_vision_ws/install/kc_vision_gazebo:/home/kiranchand/kc_vision_ws/install/kc_vision_localization:/home/kiranchand/kc_vision_ws/install/kc_vision_hardware:/home/kiranchand/kc_vision_ws/install/kc_vision_description:/home/kiranchand/kc_vision_ws/install/kc_vision:/home/kiranchand/sam_bot/install/kc_vision:/home/kiranchand/ydlidar_ros2_ws/install/ydlidar_ros2_driver:/home/kiranchand/turtlebot3_ws/install/turtlebot3:/home/kiranchand/turtlebot3_ws/install/turtlebot3_teleop:/home/kiranchand/turtlebot3_ws/install/turtlebot3_bringup:/home/kiranchand/turtlebot3_ws/install/turtlebot3_node:/home/kiranchand/turtlebot3_ws/install/turtlebot3_navigation2:/home/kiranchand/turtlebot3_ws/install/turtlebot3_example:/home/kiranchand/turtlebot3_ws/install/turtlebot3_description:/home/kiranchand/turtlebot3_ws/install/turtlebot3_cartographer:/home/kiranchand/turtlebot3_ws/install/nav2_gps_waypoint_follower_demo:/home/kiranchand/turtlebot3_ws/install/tile_map:/home/kiranchand/turtlebot3_ws/install/nav2_minimal_tb4_sim:/home/kiranchand/turtlebot3_ws/install/nav2_minimal_tb4_description:/home/kiranchand/turtlebot3_ws/install/nav2_minimal_tb3_sim:/home/kiranchand/turtlebot3_ws/install/multires_image:/home/kiranchand/turtlebot3_ws/install/mapviz_plugins:/home/kiranchand/turtlebot3_ws/install/mapviz:/home/kiranchand/turtlebot3_ws/install/mapviz_interfaces:/opt/ros/jazzy CMAKE_PREFIX_PATH=/home/kiranchand/kc_vision_ws/install/micro_ros_agent:/home/kiranchand/kc_vision_ws/install/kc_vision_gazebo:/home/kiranchand/kc_vision_ws/install/micro_ros_msgs:/home/kiranchand/kc_vision_ws/install/kc_vision_slam:/home/kiranchand/kc_vision_ws/install/kc_vision_nav2:/home/kiranchand/kc_vision_ws/install/kc_vision_localization:/home/kiranchand/kc_vision_ws/install/kc_vision_description:/home/kiranchand/kc_vision_ws/install/micro_ros_setup:/home/kiranchand/kc_vision_ws/install/kc_vision_bringup:/home/kiranchand/kc_vision_ws/install/kc_vision_hardware:/home/kiranchand/kc_vision_ws/install/kc_vision:/home/kiranchand/sam_bot/install/kc_vision:/home/kiranchand/ydlidar_ros2_ws/install/ydlidar_ros2_driver:/home/kiranchand/turtlebot3_ws/install/turtlebot3:/home/kiranchand/turtlebot3_ws/install/turtlebot3_bringup:/home/kiranchand/turtlebot3_ws/install/turtlebot3_node:/home/kiranchand/turtlebot3_ws/install/turtlebot3_navigation2:/home/kiranchand/turtlebot3_ws/install/turtlebot3_description:/home/kiranchand/turtlebot3_ws/install/turtlebot3_cartographer:/home/kiranchand/turtlebot3_ws/install/tile_map:/home/kiranchand/turtlebot3_ws/install/nav2_minimal_tb4_sim:/home/kiranchand/turtlebot3_ws/install/nav2_minimal_tb4_description:/home/kiranchand/turtlebot3_ws/install/nav2_minimal_tb3_sim:/home/kiranchand/turtlebot3_ws/install/multires_image:/home/kiranchand/turtlebot3_ws/install/mapviz_plugins:/home/kiranchand/turtlebot3_ws/install/mapviz:/home/kiranchand/turtlebot3_ws/install/mapviz_interfaces:/opt/ros/jazzy/opt/gz_sim_vendor:/opt/ros/jazzy/opt/gz_sensors_vendor:/opt/ros/jazzy/opt/gz_physics_vendor:/opt/ros/jazzy/opt/sdformat_vendor:/opt/ros/jazzy/opt/gz_gui_vendor:/opt/ros/jazzy/opt/gz_transport_vendor:/opt/ros/jazzy/opt/gz_rendering_vendor:/opt/ros/jazzy/opt/gz_plugin_vendor:/opt/ros/jazzy/opt/gz_fuel_tools_vendor:/opt/ros/jazzy/opt/gz_msgs_vendor:/opt/ros/jazzy/opt/gz_common_vendor:/opt/ros/jazzy/opt/gz_math_vendor:/opt/ros/jazzy/opt/gz_utils_vendor:/opt/ros/jazzy/opt/gz_tools_vendor:/opt/ros/jazzy/opt/gz_ogre_next_vendor:/opt/ros/jazzy/opt/gz_dartsim_vendor:/opt/ros/jazzy/opt/gz_cmake_vendor:/home/kiranchand/kc_vision_ws/install/kc_vision_scripts:/home/kiranchand/turtlebot3_ws/install/turtlebot3_teleop:/home/kiranchand/turtlebot3_ws/install/turtlebot3_example:/home/kiranchand/turtlebot3_ws/install/nav2_gps_waypoint_follower_demo:/opt/ros/jazzy DEBUGINFOD_URLS=https://debuginfod.ubuntu.com /usr/bin/cmake --build /home/kiranchand/kc_vision_ws/build/kc_vision_bringup -- -j12 -l12
[0.390s] DEBUG:colcon.colcon_core.event_handler.log_command:Invoked command in '/home/kiranchand/kc_vision_ws/build/kc_vision_bringup' returned '0': AMENT_PREFIX_PATH=/home/kiranchand/kc_vision_ws/install/kc_vision_scripts:/home/kiranchand/kc_vision_ws/install/micro_ros_setup:/home/kiranchand/kc_vision_ws/install/kc_vision_bringup:/home/kiranchand/kc_vision_ws/install/micro_ros_agent:/home/kiranchand/kc_vision_ws/install/micro_ros_msgs:/home/kiranchand/kc_vision_ws/install/kc_vision_slam:/home/kiranchand/kc_vision_ws/install/kc_vision_nav2:/home/kiranchand/kc_vision_ws/install/kc_vision_gazebo:/home/kiranchand/kc_vision_ws/install/kc_vision_localization:/home/kiranchand/kc_vision_ws/install/kc_vision_hardware:/home/kiranchand/kc_vision_ws/install/kc_vision_description:/home/kiranchand/kc_vision_ws/install/kc_vision:/home/kiranchand/sam_bot/install/kc_vision:/home/kiranchand/ydlidar_ros2_ws/install/ydlidar_ros2_driver:/home/kiranchand/turtlebot3_ws/install/turtlebot3:/home/kiranchand/turtlebot3_ws/install/turtlebot3_teleop:/home/kiranchand/turtlebot3_ws/install/turtlebot3_bringup:/home/kiranchand/turtlebot3_ws/install/turtlebot3_node:/home/kiranchand/turtlebot3_ws/install/turtlebot3_navigation2:/home/kiranchand/turtlebot3_ws/install/turtlebot3_example:/home/kiranchand/turtlebot3_ws/install/turtlebot3_description:/home/kiranchand/turtlebot3_ws/install/turtlebot3_cartographer:/home/kiranchand/turtlebot3_ws/install/nav2_gps_waypoint_follower_demo:/home/kiranchand/turtlebot3_ws/install/tile_map:/home/kiranchand/turtlebot3_ws/install/nav2_minimal_tb4_sim:/home/kiranchand/turtlebot3_ws/install/nav2_minimal_tb4_description:/home/kiranchand/turtlebot3_ws/install/nav2_minimal_tb3_sim:/home/kiranchand/turtlebot3_ws/install/multires_image:/home/kiranchand/turtlebot3_ws/install/mapviz_plugins:/home/kiranchand/turtlebot3_ws/install/mapviz:/home/kiranchand/turtlebot3_ws/install/mapviz_interfaces:/opt/ros/jazzy CMAKE_PREFIX_PATH=/home/kiranchand/kc_vision_ws/install/micro_ros_agent:/home/kiranchand/kc_vision_ws/install/kc_vision_gazebo:/home/kiranchand/kc_vision_ws/install/micro_ros_msgs:/home/kiranchand/kc_vision_ws/install/kc_vision_slam:/home/kiranchand/kc_vision_ws/install/kc_vision_nav2:/home/kiranchand/kc_vision_ws/install/kc_vision_localization:/home/kiranchand/kc_vision_ws/install/kc_vision_description:/home/kiranchand/kc_vision_ws/install/micro_ros_setup:/home/kiranchand/kc_vision_ws/install/kc_vision_bringup:/home/kiranchand/kc_vision_ws/install/kc_vision_hardware:/home/kiranchand/kc_vision_ws/install/kc_vision:/home/kiranchand/sam_bot/install/kc_vision:/home/kiranchand/ydlidar_ros2_ws/install/ydlidar_ros2_driver:/home/kiranchand/turtlebot3_ws/install/turtlebot3:/home/kiranchand/turtlebot3_ws/install/turtlebot3_bringup:/home/kiranchand/turtlebot3_ws/install/turtlebot3_node:/home/kiranchand/turtlebot3_ws/install/turtlebot3_navigation2:/home/kiranchand/turtlebot3_ws/install/turtlebot3_description:/home/kiranchand/turtlebot3_ws/install/turtlebot3_cartographer:/home/kiranchand/turtlebot3_ws/install/tile_map:/home/kiranchand/turtlebot3_ws/install/nav2_minimal_tb4_sim:/home/kiranchand/turtlebot3_ws/install/nav2_minimal_tb4_description:/home/kiranchand/turtlebot3_ws/install/nav2_minimal_tb3_sim:/home/kiranchand/turtlebot3_ws/install/multires_image:/home/kiranchand/turtlebot3_ws/install/mapviz_plugins:/home/kiranchand/turtlebot3_ws/install/mapviz:/home/kiranchand/turtlebot3_ws/install/mapviz_interfaces:/opt/ros/jazzy/opt/gz_sim_vendor:/opt/ros/jazzy/opt/gz_sensors_vendor:/opt/ros/jazzy/opt/gz_physics_vendor:/opt/ros/jazzy/opt/sdformat_vendor:/opt/ros/jazzy/opt/gz_gui_vendor:/opt/ros/jazzy/opt/gz_transport_vendor:/opt/ros/jazzy/opt/gz_rendering_vendor:/opt/ros/jazzy/opt/gz_plugin_vendor:/opt/ros/jazzy/opt/gz_fuel_tools_vendor:/opt/ros/jazzy/opt/gz_msgs_vendor:/opt/ros/jazzy/opt/gz_common_vendor:/opt/ros/jazzy/opt/gz_math_vendor:/opt/ros/jazzy/opt/gz_utils_vendor:/opt/ros/jazzy/opt/gz_tools_vendor:/opt/ros/jazzy/opt/gz_ogre_next_vendor:/opt/ros/jazzy/opt/gz_dartsim_vendor:/opt/ros/jazzy/opt/gz_cmake_vendor:/home/kiranchand/kc_vision_ws/install/kc_vision_scripts:/home/kiranchand/turtlebot3_ws/install/turtlebot3_teleop:/home/kiranchand/turtlebot3_ws/install/turtlebot3_example:/home/kiranchand/turtlebot3_ws/install/nav2_gps_waypoint_follower_demo:/opt/ros/jazzy DEBUGINFOD_URLS=https://debuginfod.ubuntu.com /usr/bin/cmake --build /home/kiranchand/kc_vision_ws/build/kc_vision_bringup -- -j12 -l12
[0.401s] DEBUG:colcon.colcon_core.event_handler.log_command:Invoking command in '/home/kiranchand/kc_vision_ws/build/kc_vision_bringup': AMENT_PREFIX_PATH=/home/kiranchand/kc_vision_ws/install/kc_vision_scripts:/home/kiranchand/kc_vision_ws/install/micro_ros_setup:/home/kiranchand/kc_vision_ws/install/kc_vision_bringup:/home/kiranchand/kc_vision_ws/install/micro_ros_agent:/home/kiranchand/kc_vision_ws/install/micro_ros_msgs:/home/kiranchand/kc_vision_ws/install/kc_vision_slam:/home/kiranchand/kc_vision_ws/install/kc_vision_nav2:/home/kiranchand/kc_vision_ws/install/kc_vision_gazebo:/home/kiranchand/kc_vision_ws/install/kc_vision_localization:/home/kiranchand/kc_vision_ws/install/kc_vision_hardware:/home/kiranchand/kc_vision_ws/install/kc_vision_description:/home/kiranchand/kc_vision_ws/install/kc_vision:/home/kiranchand/sam_bot/install/kc_vision:/home/kiranchand/ydlidar_ros2_ws/install/ydlidar_ros2_driver:/home/kiranchand/turtlebot3_ws/install/turtlebot3:/home/kiranchand/turtlebot3_ws/install/turtlebot3_teleop:/home/kiranchand/turtlebot3_ws/install/turtlebot3_bringup:/home/kiranchand/turtlebot3_ws/install/turtlebot3_node:/home/kiranchand/turtlebot3_ws/install/turtlebot3_navigation2:/home/kiranchand/turtlebot3_ws/install/turtlebot3_example:/home/kiranchand/turtlebot3_ws/install/turtlebot3_description:/home/kiranchand/turtlebot3_ws/install/turtlebot3_cartographer:/home/kiranchand/turtlebot3_ws/install/nav2_gps_waypoint_follower_demo:/home/kiranchand/turtlebot3_ws/install/tile_map:/home/kiranchand/turtlebot3_ws/install/nav2_minimal_tb4_sim:/home/kiranchand/turtlebot3_ws/install/nav2_minimal_tb4_description:/home/kiranchand/turtlebot3_ws/install/nav2_minimal_tb3_sim:/home/kiranchand/turtlebot3_ws/install/multires_image:/home/kiranchand/turtlebot3_ws/install/mapviz_plugins:/home/kiranchand/turtlebot3_ws/install/mapviz:/home/kiranchand/turtlebot3_ws/install/mapviz_interfaces:/opt/ros/jazzy CMAKE_PREFIX_PATH=/home/kiranchand/kc_vision_ws/install/micro_ros_agent:/home/kiranchand/kc_vision_ws/install/kc_vision_gazebo:/home/kiranchand/kc_vision_ws/install/micro_ros_msgs:/home/kiranchand/kc_vision_ws/install/kc_vision_slam:/home/kiranchand/kc_vision_ws/install/kc_vision_nav2:/home/kiranchand/kc_vision_ws/install/kc_vision_localization:/home/kiranchand/kc_vision_ws/install/kc_vision_description:/home/kiranchand/kc_vision_ws/install/micro_ros_setup:/home/kiranchand/kc_vision_ws/install/kc_vision_bringup:/home/kiranchand/kc_vision_ws/install/kc_vision_hardware:/home/kiranchand/kc_vision_ws/install/kc_vision:/home/kiranchand/sam_bot/install/kc_vision:/home/kiranchand/ydlidar_ros2_ws/install/ydlidar_ros2_driver:/home/kiranchand/turtlebot3_ws/install/turtlebot3:/home/kiranchand/turtlebot3_ws/install/turtlebot3_bringup:/home/kiranchand/turtlebot3_ws/install/turtlebot3_node:/home/kiranchand/turtlebot3_ws/install/turtlebot3_navigation2:/home/kiranchand/turtlebot3_ws/install/turtlebot3_description:/home/kiranchand/turtlebot3_ws/install/turtlebot3_cartographer:/home/kiranchand/turtlebot3_ws/install/tile_map:/home/kiranchand/turtlebot3_ws/install/nav2_minimal_tb4_sim:/home/kiranchand/turtlebot3_ws/install/nav2_minimal_tb4_description:/home/kiranchand/turtlebot3_ws/install/nav2_minimal_tb3_sim:/home/kiranchand/turtlebot3_ws/install/multires_image:/home/kiranchand/turtlebot3_ws/install/mapviz_plugins:/home/kiranchand/turtlebot3_ws/install/mapviz:/home/kiranchand/turtlebot3_ws/install/mapviz_interfaces:/opt/ros/jazzy/opt/gz_sim_vendor:/opt/ros/jazzy/opt/gz_sensors_vendor:/opt/ros/jazzy/opt/gz_physics_vendor:/opt/ros/jazzy/opt/sdformat_vendor:/opt/ros/jazzy/opt/gz_gui_vendor:/opt/ros/jazzy/opt/gz_transport_vendor:/opt/ros/jazzy/opt/gz_rendering_vendor:/opt/ros/jazzy/opt/gz_plugin_vendor:/opt/ros/jazzy/opt/gz_fuel_tools_vendor:/opt/ros/jazzy/opt/gz_msgs_vendor:/opt/ros/jazzy/opt/gz_common_vendor:/opt/ros/jazzy/opt/gz_math_vendor:/opt/ros/jazzy/opt/gz_utils_vendor:/opt/ros/jazzy/opt/gz_tools_vendor:/opt/ros/jazzy/opt/gz_ogre_next_vendor:/opt/ros/jazzy/opt/gz_dartsim_vendor:/opt/ros/jazzy/opt/gz_cmake_vendor:/home/kiranchand/kc_vision_ws/install/kc_vision_scripts:/home/kiranchand/turtlebot3_ws/install/turtlebot3_teleop:/home/kiranchand/turtlebot3_ws/install/turtlebot3_example:/home/kiranchand/turtlebot3_ws/install/nav2_gps_waypoint_follower_demo:/opt/ros/jazzy DEBUGINFOD_URLS=https://debuginfod.ubuntu.com /usr/bin/cmake --install /home/kiranchand/kc_vision_ws/build/kc_vision_bringup
[0.432s] Level 1:colcon.colcon_core.environment:create_environment_scripts_only(kc_vision_bringup)
[0.433s] DEBUG:colcon.colcon_core.event_handler.log_command:Invoked command in '/home/kiranchand/kc_vision_ws/build/kc_vision_bringup' returned '0': AMENT_PREFIX_PATH=/home/kiranchand/kc_vision_ws/install/kc_vision_scripts:/home/kiranchand/kc_vision_ws/install/micro_ros_setup:/home/kiranchand/kc_vision_ws/install/kc_vision_bringup:/home/kiranchand/kc_vision_ws/install/micro_ros_agent:/home/kiranchand/kc_vision_ws/install/micro_ros_msgs:/home/kiranchand/kc_vision_ws/install/kc_vision_slam:/home/kiranchand/kc_vision_ws/install/kc_vision_nav2:/home/kiranchand/kc_vision_ws/install/kc_vision_gazebo:/home/kiranchand/kc_vision_ws/install/kc_vision_localization:/home/kiranchand/kc_vision_ws/install/kc_vision_hardware:/home/kiranchand/kc_vision_ws/install/kc_vision_description:/home/kiranchand/kc_vision_ws/install/kc_vision:/home/kiranchand/sam_bot/install/kc_vision:/home/kiranchand/ydlidar_ros2_ws/install/ydlidar_ros2_driver:/home/kiranchand/turtlebot3_ws/install/turtlebot3:/home/kiranchand/turtlebot3_ws/install/turtlebot3_teleop:/home/kiranchand/turtlebot3_ws/install/turtlebot3_bringup:/home/kiranchand/turtlebot3_ws/install/turtlebot3_node:/home/kiranchand/turtlebot3_ws/install/turtlebot3_navigation2:/home/kiranchand/turtlebot3_ws/install/turtlebot3_example:/home/kiranchand/turtlebot3_ws/install/turtlebot3_description:/home/kiranchand/turtlebot3_ws/install/turtlebot3_cartographer:/home/kiranchand/turtlebot3_ws/install/nav2_gps_waypoint_follower_demo:/home/kiranchand/turtlebot3_ws/install/tile_map:/home/kiranchand/turtlebot3_ws/install/nav2_minimal_tb4_sim:/home/kiranchand/turtlebot3_ws/install/nav2_minimal_tb4_description:/home/kiranchand/turtlebot3_ws/install/nav2_minimal_tb3_sim:/home/kiranchand/turtlebot3_ws/install/multires_image:/home/kiranchand/turtlebot3_ws/install/mapviz_plugins:/home/kiranchand/turtlebot3_ws/install/mapviz:/home/kiranchand/turtlebot3_ws/install/mapviz_interfaces:/opt/ros/jazzy CMAKE_PREFIX_PATH=/home/kiranchand/kc_vision_ws/install/micro_ros_agent:/home/kiranchand/kc_vision_ws/install/kc_vision_gazebo:/home/kiranchand/kc_vision_ws/install/micro_ros_msgs:/home/kiranchand/kc_vision_ws/install/kc_vision_slam:/home/kiranchand/kc_vision_ws/install/kc_vision_nav2:/home/kiranchand/kc_vision_ws/install/kc_vision_localization:/home/kiranchand/kc_vision_ws/install/kc_vision_description:/home/kiranchand/kc_vision_ws/install/micro_ros_setup:/home/kiranchand/kc_vision_ws/install/kc_vision_bringup:/home/kiranchand/kc_vision_ws/install/kc_vision_hardware:/home/kiranchand/kc_vision_ws/install/kc_vision:/home/kiranchand/sam_bot/install/kc_vision:/home/kiranchand/ydlidar_ros2_ws/install/ydlidar_ros2_driver:/home/kiranchand/turtlebot3_ws/install/turtlebot3:/home/kiranchand/turtlebot3_ws/install/turtlebot3_bringup:/home/kiranchand/turtlebot3_ws/install/turtlebot3_node:/home/kiranchand/turtlebot3_ws/install/turtlebot3_navigation2:/home/kiranchand/turtlebot3_ws/install/turtlebot3_description:/home/kiranchand/turtlebot3_ws/install/turtlebot3_cartographer:/home/kiranchand/turtlebot3_ws/install/tile_map:/home/kiranchand/turtlebot3_ws/install/nav2_minimal_tb4_sim:/home/kiranchand/turtlebot3_ws/install/nav2_minimal_tb4_description:/home/kiranchand/turtlebot3_ws/install/nav2_minimal_tb3_sim:/home/kiranchand/turtlebot3_ws/install/multires_image:/home/kiranchand/turtlebot3_ws/install/mapviz_plugins:/home/kiranchand/turtlebot3_ws/install/mapviz:/home/kiranchand/turtlebot3_ws/install/mapviz_interfaces:/opt/ros/jazzy/opt/gz_sim_vendor:/opt/ros/jazzy/opt/gz_sensors_vendor:/opt/ros/jazzy/opt/gz_physics_vendor:/opt/ros/jazzy/opt/sdformat_vendor:/opt/ros/jazzy/opt/gz_gui_vendor:/opt/ros/jazzy/opt/gz_transport_vendor:/opt/ros/jazzy/opt/gz_rendering_vendor:/opt/ros/jazzy/opt/gz_plugin_vendor:/opt/ros/jazzy/opt/gz_fuel_tools_vendor:/opt/ros/jazzy/opt/gz_msgs_vendor:/opt/ros/jazzy/opt/gz_common_vendor:/opt/ros/jazzy/opt/gz_math_vendor:/opt/ros/jazzy/opt/gz_utils_vendor:/opt/ros/jazzy/opt/gz_tools_vendor:/opt/ros/jazzy/opt/gz_ogre_next_vendor:/opt/ros/jazzy/opt/gz_dartsim_vendor:/opt/ros/jazzy/opt/gz_cmake_vendor:/home/kiranchand/kc_vision_ws/install/kc_vision_scripts:/home/kiranchand/turtlebot3_ws/install/turtlebot3_teleop:/home/kiranchand/turtlebot3_ws/install/turtlebot3_example:/home/kiranchand/turtlebot3_ws/install/nav2_gps_waypoint_follower_demo:/opt/ros/jazzy DEBUGINFOD_URLS=https://debuginfod.ubuntu.com /usr/bin/cmake --install /home/kiranchand/kc_vision_ws/build/kc_vision_bringup
[0.435s] Level 1:colcon.colcon_core.environment:checking '/home/kiranchand/kc_vision_ws/install/kc_vision_bringup' for CMake module files
[0.436s] Level 1:colcon.colcon_core.environment:checking '/home/kiranchand/kc_vision_ws/install/kc_vision_bringup' for CMake config files
[0.436s] Level 1:colcon.colcon_core.shell:create_environment_hook('kc_vision_bringup', 'cmake_prefix_path')
[0.436s] INFO:colcon.colcon_core.shell:Creating environment hook '/home/kiranchand/kc_vision_ws/install/kc_vision_bringup/share/kc_vision_bringup/hook/cmake_prefix_path.ps1'
[0.437s] INFO:colcon.colcon_core.shell:Creating environment descriptor '/home/kiranchand/kc_vision_ws/install/kc_vision_bringup/share/kc_vision_bringup/hook/cmake_prefix_path.dsv'
[0.437s] INFO:colcon.colcon_core.shell:Creating environment hook '/home/kiranchand/kc_vision_ws/install/kc_vision_bringup/share/kc_vision_bringup/hook/cmake_prefix_path.sh'
[0.438s] Level 1:colcon.colcon_core.environment:checking '/home/kiranchand/kc_vision_ws/install/kc_vision_bringup/lib'
[0.438s] Level 1:colcon.colcon_core.environment:checking '/home/kiranchand/kc_vision_ws/install/kc_vision_bringup/bin'
[0.438s] Level 1:colcon.colcon_core.environment:checking '/home/kiranchand/kc_vision_ws/install/kc_vision_bringup/lib/pkgconfig/kc_vision_bringup.pc'
[0.438s] Level 1:colcon.colcon_core.environment:checking '/home/kiranchand/kc_vision_ws/install/kc_vision_bringup/lib/python3.12/site-packages'
[0.439s] Level 1:colcon.colcon_core.environment:checking '/home/kiranchand/kc_vision_ws/install/kc_vision_bringup/bin'
[0.439s] INFO:colcon.colcon_core.shell:Creating package script '/home/kiranchand/kc_vision_ws/install/kc_vision_bringup/share/kc_vision_bringup/package.ps1'
[0.439s] INFO:colcon.colcon_core.shell:Creating package descriptor '/home/kiranchand/kc_vision_ws/install/kc_vision_bringup/share/kc_vision_bringup/package.dsv'
[0.440s] INFO:colcon.colcon_core.shell:Creating package script '/home/kiranchand/kc_vision_ws/install/kc_vision_bringup/share/kc_vision_bringup/package.sh'
[0.440s] INFO:colcon.colcon_core.shell:Creating package script '/home/kiranchand/kc_vision_ws/install/kc_vision_bringup/share/kc_vision_bringup/package.bash'
[0.441s] INFO:colcon.colcon_core.shell:Creating package script '/home/kiranchand/kc_vision_ws/install/kc_vision_bringup/share/kc_vision_bringup/package.zsh'
[0.442s] Level 1:colcon.colcon_core.environment:create_file_with_runtime_dependencies(/home/kiranchand/kc_vision_ws/install/kc_vision_bringup/share/colcon-core/packages/kc_vision_bringup)
[0.442s] Level 1:colcon.colcon_core.environment:create_environment_scripts_only(kc_vision_bringup)
[0.442s] Level 1:colcon.colcon_core.environment:checking '/home/kiranchand/kc_vision_ws/install/kc_vision_bringup' for CMake module files
[0.443s] Level 1:colcon.colcon_core.environment:checking '/home/kiranchand/kc_vision_ws/install/kc_vision_bringup' for CMake config files
[0.443s] Level 1:colcon.colcon_core.shell:create_environment_hook('kc_vision_bringup', 'cmake_prefix_path')
[0.443s] INFO:colcon.colcon_core.shell:Creating environment hook '/home/kiranchand/kc_vision_ws/install/kc_vision_bringup/share/kc_vision_bringup/hook/cmake_prefix_path.ps1'
[0.443s] INFO:colcon.colcon_core.shell:Creating environment descriptor '/home/kiranchand/kc_vision_ws/install/kc_vision_bringup/share/kc_vision_bringup/hook/cmake_prefix_path.dsv'
[0.444s] INFO:colcon.colcon_core.shell:Creating environment hook '/home/kiranchand/kc_vision_ws/install/kc_vision_bringup/share/kc_vision_bringup/hook/cmake_prefix_path.sh'
[0.444s] Level 1:colcon.colcon_core.environment:checking '/home/kiranchand/kc_vision_ws/install/kc_vision_bringup/lib'
[0.444s] Level 1:colcon.colcon_core.environment:checking '/home/kiranchand/kc_vision_ws/install/kc_vision_bringup/bin'
[0.444s] Level 1:colcon.colcon_core.environment:checking '/home/kiranchand/kc_vision_ws/install/kc_vision_bringup/lib/pkgconfig/kc_vision_bringup.pc'
[0.444s] Level 1:colcon.colcon_core.environment:checking '/home/kiranchand/kc_vision_ws/install/kc_vision_bringup/lib/python3.12/site-packages'
[0.445s] Level 1:colcon.colcon_core.environment:checking '/home/kiranchand/kc_vision_ws/install/kc_vision_bringup/bin'
[0.445s] INFO:colcon.colcon_core.shell:Creating package script '/home/kiranchand/kc_vision_ws/install/kc_vision_bringup/share/kc_vision_bringup/package.ps1'
[0.445s] INFO:colcon.colcon_core.shell:Creating package descriptor '/home/kiranchand/kc_vision_ws/install/kc_vision_bringup/share/kc_vision_bringup/package.dsv'
[0.445s] INFO:colcon.colcon_core.shell:Creating package script '/home/kiranchand/kc_vision_ws/install/kc_vision_bringup/share/kc_vision_bringup/package.sh'
[0.446s] INFO:colcon.colcon_core.shell:Creating package script '/home/kiranchand/kc_vision_ws/install/kc_vision_bringup/share/kc_vision_bringup/package.bash'
[0.446s] INFO:colcon.colcon_core.shell:Creating package script '/home/kiranchand/kc_vision_ws/install/kc_vision_bringup/share/kc_vision_bringup/package.zsh'
[0.446s] Level 1:colcon.colcon_core.environment:create_file_with_runtime_dependencies(/home/kiranchand/kc_vision_ws/install/kc_vision_bringup/share/colcon-core/packages/kc_vision_bringup)
[0.447s] DEBUG:colcon.colcon_parallel_executor.executor.parallel:closing loop
[0.447s] DEBUG:colcon.colcon_parallel_executor.executor.parallel:loop closed
[0.447s] DEBUG:colcon.colcon_parallel_executor.executor.parallel:run_until_complete finished with '0'
[0.447s] DEBUG:colcon.colcon_core.event_reactor:joining thread
[0.452s] INFO:colcon.colcon_core.plugin_system:Skipping extension 'colcon_notification.desktop_notification.terminal_notifier': Not used on non-Darwin systems
[0.452s] INFO:colcon.colcon_core.plugin_system:Skipping extension 'colcon_notification.desktop_notification.win32': Not used on non-Windows systems
[0.452s] INFO:colcon.colcon_notification.desktop_notification:Sending desktop notification using 'notify2'
[0.469s] DEBUG:colcon.colcon_core.event_reactor:joined thread
[0.469s] INFO:colcon.colcon_core.shell:Creating prefix script '/home/kiranchand/kc_vision_ws/install/local_setup.ps1'
[0.470s] INFO:colcon.colcon_core.shell:Creating prefix util module '/home/kiranchand/kc_vision_ws/install/_local_setup_util_ps1.py'
[0.471s] INFO:colcon.colcon_core.shell:Creating prefix chain script '/home/kiranchand/kc_vision_ws/install/setup.ps1'
[0.473s] INFO:colcon.colcon_core.shell:Creating prefix script '/home/kiranchand/kc_vision_ws/install/local_setup.sh'
[0.473s] INFO:colcon.colcon_core.shell:Creating prefix util module '/home/kiranchand/kc_vision_ws/install/_local_setup_util_sh.py'
[0.474s] INFO:colcon.colcon_core.shell:Creating prefix chain script '/home/kiranchand/kc_vision_ws/install/setup.sh'
[0.475s] INFO:colcon.colcon_core.shell:Creating prefix script '/home/kiranchand/kc_vision_ws/install/local_setup.bash'
[0.476s] INFO:colcon.colcon_core.shell:Creating prefix chain script '/home/kiranchand/kc_vision_ws/install/setup.bash'
[0.478s] INFO:colcon.colcon_core.shell:Creating prefix script '/home/kiranchand/kc_vision_ws/install/local_setup.zsh'
[0.478s] INFO:colcon.colcon_core.shell:Creating prefix chain script '/home/kiranchand/kc_vision_ws/install/setup.zsh'
