-- Install configuration: ""
-- Execute custom install script
-- Up-to-date symlink: /home/kiranchand/kc_vision_ws/install/kc_vision_slam/share/kc_vision_slam//launch/cartographer.launch.py
-- Up-to-date symlink: /home/kiranchand/kc_vision_ws/install/kc_vision_slam/share/kc_vision_slam//launch/map_saver.launch.py
-- Up-to-date symlink: /home/kiranchand/kc_vision_ws/install/kc_vision_slam/share/kc_vision_slam//launch/slam.launch.py
-- Up-to-date symlink: /home/kiranchand/kc_vision_ws/install/kc_vision_slam/share/kc_vision_slam//maps/campion_bedroom_2.pgm
-- Up-to-date symlink: /home/kiranchand/kc_vision_ws/install/kc_vision_slam/share/kc_vision_slam//maps/campion_bedroom_2.yaml
-- Up-to-date symlink: /home/kiranchand/kc_vision_ws/install/kc_vision_slam/share/kc_vision_slam//maps/campion_top_floor.pgm
-- Up-to-date symlink: /home/kiranchand/kc_vision_ws/install/kc_vision_slam/share/kc_vision_slam//maps/campion_top_floor.yaml
-- Up-to-date symlink: /home/kiranchand/kc_vision_ws/install/kc_vision_slam/share/kc_vision_slam//maps/how_to_save_maps.txt
-- Up-to-date symlink: /home/kiranchand/kc_vision_ws/install/kc_vision_slam/share/kc_vision_slam//maps/indoor_map_cartographer.pgm
-- Up-to-date symlink: /home/kiranchand/kc_vision_ws/install/kc_vision_slam/share/kc_vision_slam//maps/indoor_map_cartographer.yaml
-- Up-to-date symlink: /home/kiranchand/kc_vision_ws/install/kc_vision_slam/share/kc_vision_slam//maps/my_map.yaml
-- Up-to-date symlink: /home/kiranchand/kc_vision_ws/install/kc_vision_slam/share/kc_vision_slam//maps/saved_map.pgm
-- Up-to-date symlink: /home/kiranchand/kc_vision_ws/install/kc_vision_slam/share/kc_vision_slam//maps/saved_map.yaml
-- Symlinking: /home/kiranchand/kc_vision_ws/install/kc_vision_slam/share/kc_vision_slam//maps/saved_map_1.pgm
-- Symlinking: /home/kiranchand/kc_vision_ws/install/kc_vision_slam/share/kc_vision_slam//maps/saved_map_1.yaml
-- Up-to-date symlink: /home/kiranchand/kc_vision_ws/install/kc_vision_slam/share/kc_vision_slam//config/cartographer_params.lua
-- Up-to-date symlink: /home/kiranchand/kc_vision_ws/install/kc_vision_slam/share/kc_vision_slam//config/slam_params.yaml
-- Up-to-date symlink: /home/kiranchand/kc_vision_ws/install/kc_vision_slam/share/kc_vision_slam//maps/campion_bedroom_2.pgm
-- Up-to-date symlink: /home/kiranchand/kc_vision_ws/install/kc_vision_slam/share/kc_vision_slam//maps/campion_bedroom_2.yaml
-- Up-to-date symlink: /home/kiranchand/kc_vision_ws/install/kc_vision_slam/share/kc_vision_slam//maps/campion_top_floor.pgm
-- Up-to-date symlink: /home/kiranchand/kc_vision_ws/install/kc_vision_slam/share/kc_vision_slam//maps/campion_top_floor.yaml
-- Up-to-date symlink: /home/kiranchand/kc_vision_ws/install/kc_vision_slam/share/kc_vision_slam//maps/how_to_save_maps.txt
-- Up-to-date symlink: /home/kiranchand/kc_vision_ws/install/kc_vision_slam/share/kc_vision_slam//maps/indoor_map_cartographer.pgm
-- Up-to-date symlink: /home/kiranchand/kc_vision_ws/install/kc_vision_slam/share/kc_vision_slam//maps/indoor_map_cartographer.yaml
-- Up-to-date symlink: /home/kiranchand/kc_vision_ws/install/kc_vision_slam/share/kc_vision_slam//maps/my_map.yaml
-- Up-to-date symlink: /home/kiranchand/kc_vision_ws/install/kc_vision_slam/share/kc_vision_slam//maps/saved_map.pgm
-- Up-to-date symlink: /home/kiranchand/kc_vision_ws/install/kc_vision_slam/share/kc_vision_slam//maps/saved_map.yaml
-- Up-to-date symlink: /home/kiranchand/kc_vision_ws/install/kc_vision_slam/share/kc_vision_slam//maps/saved_map_1.pgm
-- Up-to-date symlink: /home/kiranchand/kc_vision_ws/install/kc_vision_slam/share/kc_vision_slam//maps/saved_map_1.yaml
-- Up-to-date symlink: /home/kiranchand/kc_vision_ws/install/kc_vision_slam/share/kc_vision_slam//rviz/gazebo_rviz_cartographer_config.rviz
-- Up-to-date symlink: /home/kiranchand/kc_vision_ws/install/kc_vision_slam/share/kc_vision_slam//rviz/gazebo_rviz_slamtoolbox_config.rviz
-- Up-to-date symlink: /home/kiranchand/kc_vision_ws/install/kc_vision_slam/share/ament_index/resource_index/package_run_dependencies/kc_vision_slam
-- Up-to-date symlink: /home/kiranchand/kc_vision_ws/install/kc_vision_slam/share/ament_index/resource_index/parent_prefix_path/kc_vision_slam
-- Up-to-date symlink: /home/kiranchand/kc_vision_ws/install/kc_vision_slam/share/kc_vision_slam/environment/ament_prefix_path.sh
-- Up-to-date symlink: /home/kiranchand/kc_vision_ws/install/kc_vision_slam/share/kc_vision_slam/environment/ament_prefix_path.dsv
-- Up-to-date symlink: /home/kiranchand/kc_vision_ws/install/kc_vision_slam/share/kc_vision_slam/environment/path.sh
-- Up-to-date symlink: /home/kiranchand/kc_vision_ws/install/kc_vision_slam/share/kc_vision_slam/environment/path.dsv
-- Up-to-date symlink: /home/kiranchand/kc_vision_ws/install/kc_vision_slam/share/kc_vision_slam/local_setup.bash
-- Up-to-date symlink: /home/kiranchand/kc_vision_ws/install/kc_vision_slam/share/kc_vision_slam/local_setup.sh
-- Up-to-date symlink: /home/kiranchand/kc_vision_ws/install/kc_vision_slam/share/kc_vision_slam/local_setup.zsh
-- Up-to-date symlink: /home/kiranchand/kc_vision_ws/install/kc_vision_slam/share/kc_vision_slam/local_setup.dsv
-- Symlinking: /home/kiranchand/kc_vision_ws/install/kc_vision_slam/share/kc_vision_slam/package.dsv
-- Up-to-date symlink: /home/kiranchand/kc_vision_ws/install/kc_vision_slam/share/ament_index/resource_index/packages/kc_vision_slam
-- Up-to-date symlink: /home/kiranchand/kc_vision_ws/install/kc_vision_slam/share/kc_vision_slam/cmake/kc_vision_slamConfig.cmake
-- Up-to-date symlink: /home/kiranchand/kc_vision_ws/install/kc_vision_slam/share/kc_vision_slam/cmake/kc_vision_slamConfig-version.cmake
-- Up-to-date symlink: /home/kiranchand/kc_vision_ws/install/kc_vision_slam/share/kc_vision_slam/package.xml
