[0.912s] Invoking command in '/home/kiranchand/kc_vision_ws/build/kc_vision_slam': CMAKE_PREFIX_PATH=${CMAKE_PREFIX_PATH}:/home/kiranchand/kc_vision_ws/install/kc_vision_scripts:/home/kiranchand/turtlebot3_ws/install/turtlebot3_teleop:/home/kiranchand/turtlebot3_ws/install/turtlebot3_example:/home/kiranchand/turtlebot3_ws/install/nav2_gps_waypoint_follower_demo:/opt/ros/jazzy DEBUGINFOD_URLS=https://debuginfod.ubuntu.com /usr/bin/cmake --build /home/kiranchand/kc_vision_ws/build/kc_vision_slam -- -j12 -l12
[1.262s] Invoked command in '/home/kiranchand/kc_vision_ws/build/kc_vision_slam' returned '0': CMAKE_PREFIX_PATH=${CMAKE_PREFIX_PATH}:/home/kiranchand/kc_vision_ws/install/kc_vision_scripts:/home/kiranchand/turtlebot3_ws/install/turtlebot3_teleop:/home/kiranchand/turtlebot3_ws/install/turtlebot3_example:/home/kiranchand/turtlebot3_ws/install/nav2_gps_waypoint_follower_demo:/opt/ros/jazzy DEBUGINFOD_URLS=https://debuginfod.ubuntu.com /usr/bin/cmake --build /home/kiranchand/kc_vision_ws/build/kc_vision_slam -- -j12 -l12
[1.270s] Invoking command in '/home/kiranchand/kc_vision_ws/build/kc_vision_slam': CMAKE_PREFIX_PATH=${CMAKE_PREFIX_PATH}:/home/kiranchand/kc_vision_ws/install/kc_vision_scripts:/home/kiranchand/turtlebot3_ws/install/turtlebot3_teleop:/home/kiranchand/turtlebot3_ws/install/turtlebot3_example:/home/kiranchand/turtlebot3_ws/install/nav2_gps_waypoint_follower_demo:/opt/ros/jazzy DEBUGINFOD_URLS=https://debuginfod.ubuntu.com /usr/bin/cmake --install /home/kiranchand/kc_vision_ws/build/kc_vision_slam
[1.295s] -- Install configuration: ""
[1.295s] -- Execute custom install script
[1.298s] -- Up-to-date symlink: /home/kiranchand/kc_vision_ws/install/kc_vision_slam/share/kc_vision_slam//launch/cartographer.launch.py
[1.300s] -- Up-to-date symlink: /home/kiranchand/kc_vision_ws/install/kc_vision_slam/share/kc_vision_slam//launch/map_saver.launch.py
[1.301s] -- Up-to-date symlink: /home/kiranchand/kc_vision_ws/install/kc_vision_slam/share/kc_vision_slam//launch/slam.launch.py
[1.304s] -- Up-to-date symlink: /home/kiranchand/kc_vision_ws/install/kc_vision_slam/share/kc_vision_slam//maps/campion_bedroom_2.pgm
[1.305s] -- Up-to-date symlink: /home/kiranchand/kc_vision_ws/install/kc_vision_slam/share/kc_vision_slam//maps/campion_bedroom_2.yaml
[1.305s] -- Up-to-date symlink: /home/kiranchand/kc_vision_ws/install/kc_vision_slam/share/kc_vision_slam//maps/campion_top_floor.pgm
[1.305s] -- Up-to-date symlink: /home/kiranchand/kc_vision_ws/install/kc_vision_slam/share/kc_vision_slam//maps/campion_top_floor.yaml
[1.306s] -- Up-to-date symlink: /home/kiranchand/kc_vision_ws/install/kc_vision_slam/share/kc_vision_slam//maps/how_to_save_maps.txt
[1.306s] -- Up-to-date symlink: /home/kiranchand/kc_vision_ws/install/kc_vision_slam/share/kc_vision_slam//maps/indoor_map_cartographer.pgm
[1.307s] -- Up-to-date symlink: /home/kiranchand/kc_vision_ws/install/kc_vision_slam/share/kc_vision_slam//maps/indoor_map_cartographer.yaml
[1.309s] -- Up-to-date symlink: /home/kiranchand/kc_vision_ws/install/kc_vision_slam/share/kc_vision_slam//maps/my_map.yaml
[1.309s] -- Up-to-date symlink: /home/kiranchand/kc_vision_ws/install/kc_vision_slam/share/kc_vision_slam//maps/saved_map.pgm
[1.310s] -- Up-to-date symlink: /home/kiranchand/kc_vision_ws/install/kc_vision_slam/share/kc_vision_slam//maps/saved_map.yaml
[1.311s] -- Symlinking: /home/kiranchand/kc_vision_ws/install/kc_vision_slam/share/kc_vision_slam//maps/saved_map_1.pgm
[1.338s] -- Symlinking: /home/kiranchand/kc_vision_ws/install/kc_vision_slam/share/kc_vision_slam//maps/saved_map_1.yaml
[1.381s] -- Up-to-date symlink: /home/kiranchand/kc_vision_ws/install/kc_vision_slam/share/kc_vision_slam//config/cartographer_params.lua
[1.387s] -- Up-to-date symlink: /home/kiranchand/kc_vision_ws/install/kc_vision_slam/share/kc_vision_slam//config/slam_params.yaml
[1.388s] -- Up-to-date symlink: /home/kiranchand/kc_vision_ws/install/kc_vision_slam/share/kc_vision_slam//maps/campion_bedroom_2.pgm
[1.388s] -- Up-to-date symlink: /home/kiranchand/kc_vision_ws/install/kc_vision_slam/share/kc_vision_slam//maps/campion_bedroom_2.yaml
[1.388s] -- Up-to-date symlink: /home/kiranchand/kc_vision_ws/install/kc_vision_slam/share/kc_vision_slam//maps/campion_top_floor.pgm
[1.390s] -- Up-to-date symlink: /home/kiranchand/kc_vision_ws/install/kc_vision_slam/share/kc_vision_slam//maps/campion_top_floor.yaml
[1.391s] -- Up-to-date symlink: /home/kiranchand/kc_vision_ws/install/kc_vision_slam/share/kc_vision_slam//maps/how_to_save_maps.txt
[1.391s] -- Up-to-date symlink: /home/kiranchand/kc_vision_ws/install/kc_vision_slam/share/kc_vision_slam//maps/indoor_map_cartographer.pgm
[1.392s] -- Up-to-date symlink: /home/kiranchand/kc_vision_ws/install/kc_vision_slam/share/kc_vision_slam//maps/indoor_map_cartographer.yaml
[1.393s] -- Up-to-date symlink: /home/kiranchand/kc_vision_ws/install/kc_vision_slam/share/kc_vision_slam//maps/my_map.yaml
[1.396s] -- Up-to-date symlink: /home/kiranchand/kc_vision_ws/install/kc_vision_slam/share/kc_vision_slam//maps/saved_map.pgm
[1.397s] -- Up-to-date symlink: /home/kiranchand/kc_vision_ws/install/kc_vision_slam/share/kc_vision_slam//maps/saved_map.yaml
[1.398s] -- Up-to-date symlink: /home/kiranchand/kc_vision_ws/install/kc_vision_slam/share/kc_vision_slam//maps/saved_map_1.pgm
[1.400s] -- Up-to-date symlink: /home/kiranchand/kc_vision_ws/install/kc_vision_slam/share/kc_vision_slam//maps/saved_map_1.yaml
[1.401s] -- Up-to-date symlink: /home/kiranchand/kc_vision_ws/install/kc_vision_slam/share/kc_vision_slam//rviz/gazebo_rviz_cartographer_config.rviz
[1.402s] -- Up-to-date symlink: /home/kiranchand/kc_vision_ws/install/kc_vision_slam/share/kc_vision_slam//rviz/gazebo_rviz_slamtoolbox_config.rviz
[1.403s] -- Up-to-date symlink: /home/kiranchand/kc_vision_ws/install/kc_vision_slam/share/ament_index/resource_index/package_run_dependencies/kc_vision_slam
[1.403s] -- Up-to-date symlink: /home/kiranchand/kc_vision_ws/install/kc_vision_slam/share/ament_index/resource_index/parent_prefix_path/kc_vision_slam
[1.405s] -- Up-to-date symlink: /home/kiranchand/kc_vision_ws/install/kc_vision_slam/share/kc_vision_slam/environment/ament_prefix_path.sh
[1.406s] -- Up-to-date symlink: /home/kiranchand/kc_vision_ws/install/kc_vision_slam/share/kc_vision_slam/environment/ament_prefix_path.dsv
[1.407s] -- Up-to-date symlink: /home/kiranchand/kc_vision_ws/install/kc_vision_slam/share/kc_vision_slam/environment/path.sh
[1.407s] -- Up-to-date symlink: /home/kiranchand/kc_vision_ws/install/kc_vision_slam/share/kc_vision_slam/environment/path.dsv
[1.412s] -- Up-to-date symlink: /home/kiranchand/kc_vision_ws/install/kc_vision_slam/share/kc_vision_slam/local_setup.bash
[1.412s] -- Up-to-date symlink: /home/kiranchand/kc_vision_ws/install/kc_vision_slam/share/kc_vision_slam/local_setup.sh
[1.413s] -- Up-to-date symlink: /home/kiranchand/kc_vision_ws/install/kc_vision_slam/share/kc_vision_slam/local_setup.zsh
[1.413s] -- Up-to-date symlink: /home/kiranchand/kc_vision_ws/install/kc_vision_slam/share/kc_vision_slam/local_setup.dsv
[1.414s] -- Symlinking: /home/kiranchand/kc_vision_ws/install/kc_vision_slam/share/kc_vision_slam/package.dsv
[1.446s] -- Up-to-date symlink: /home/kiranchand/kc_vision_ws/install/kc_vision_slam/share/ament_index/resource_index/packages/kc_vision_slam
[1.448s] -- Up-to-date symlink: /home/kiranchand/kc_vision_ws/install/kc_vision_slam/share/kc_vision_slam/cmake/kc_vision_slamConfig.cmake
[1.449s] -- Up-to-date symlink: /home/kiranchand/kc_vision_ws/install/kc_vision_slam/share/kc_vision_slam/cmake/kc_vision_slamConfig-version.cmake
[1.449s] -- Up-to-date symlink: /home/kiranchand/kc_vision_ws/install/kc_vision_slam/share/kc_vision_slam/package.xml
[1.473s] Invoked command in '/home/kiranchand/kc_vision_ws/build/kc_vision_slam' returned '0': CMAKE_PREFIX_PATH=${CMAKE_PREFIX_PATH}:/home/kiranchand/kc_vision_ws/install/kc_vision_scripts:/home/kiranchand/turtlebot3_ws/install/turtlebot3_teleop:/home/kiranchand/turtlebot3_ws/install/turtlebot3_example:/home/kiranchand/turtlebot3_ws/install/nav2_gps_waypoint_follower_demo:/opt/ros/jazzy DEBUGINFOD_URLS=https://debuginfod.ubuntu.com /usr/bin/cmake --install /home/kiranchand/kc_vision_ws/build/kc_vision_slam
