-- The C compiler identification is GNU 13.3.0
-- The CXX compiler identification is GNU 13.3.0
-- Detecting C compiler ABI info
-- Detecting C compiler ABI info - done
-- Check for working C compiler: /usr/bin/cc - skipped
-- Detecting C compile features
-- Detecting C compile features - done
-- Detecting CXX compiler ABI info
-- Detecting CXX compiler ABI info - done
-- Check for working CXX compiler: /usr/bin/c++ - skipped
-- Detecting CXX compile features
-- Detecting CXX compile features - done
-- Found ament_cmake: 2.5.5 (/opt/ros/jazzy/share/ament_cmake/cmake)
-- Found Python3: /usr/bin/python3 (found version "3.12.3") found components: Interpreter 
-- Override CMake install command with custom implementation using symlinks instead of copying resources
-- Found ament_lint_auto: 0.17.4 (/opt/ros/jazzy/share/ament_lint_auto/cmake)
-- Added test 'flake8' to check Python code syntax and style conventions
-- Configured 'flake8' exclude dirs and/or files: 
-- Added test 'lint_cmake' to check CMake code style
-- Added test 'pep257' to check Python code against some of the docstring style conventions in PEP 257
-- Added test 'xmllint' to check XML markup files
-- Configuring done (1.2s)
-- Generating done (0.0s)
-- Build files have been written to: /home/kiranchand/kc_vision_ws/build/kc_vision_localization
-- Install configuration: ""
-- Execute custom install script
-- Symlinking: /home/kiranchand/kc_vision_ws/install/kc_vision_localization/share/kc_vision_localization//config/ekf_real.yaml
-- Symlinking: /home/kiranchand/kc_vision_ws/install/kc_vision_localization/share/kc_vision_localization//config/ekf_sim.yaml
-- Symlinking: /home/kiranchand/kc_vision_ws/install/kc_vision_localization/share/kc_vision_localization//launch/localization.launch.py
-- Symlinking: /home/kiranchand/kc_vision_ws/install/kc_vision_localization/share/ament_index/resource_index/package_run_dependencies/kc_vision_localization
-- Symlinking: /home/kiranchand/kc_vision_ws/install/kc_vision_localization/share/ament_index/resource_index/parent_prefix_path/kc_vision_localization
-- Symlinking: /home/kiranchand/kc_vision_ws/install/kc_vision_localization/share/kc_vision_localization/environment/ament_prefix_path.sh
-- Symlinking: /home/kiranchand/kc_vision_ws/install/kc_vision_localization/share/kc_vision_localization/environment/ament_prefix_path.dsv
-- Symlinking: /home/kiranchand/kc_vision_ws/install/kc_vision_localization/share/kc_vision_localization/environment/path.sh
-- Symlinking: /home/kiranchand/kc_vision_ws/install/kc_vision_localization/share/kc_vision_localization/environment/path.dsv
-- Symlinking: /home/kiranchand/kc_vision_ws/install/kc_vision_localization/share/kc_vision_localization/local_setup.bash
-- Symlinking: /home/kiranchand/kc_vision_ws/install/kc_vision_localization/share/kc_vision_localization/local_setup.sh
-- Symlinking: /home/kiranchand/kc_vision_ws/install/kc_vision_localization/share/kc_vision_localization/local_setup.zsh
-- Symlinking: /home/kiranchand/kc_vision_ws/install/kc_vision_localization/share/kc_vision_localization/local_setup.dsv
-- Symlinking: /home/kiranchand/kc_vision_ws/install/kc_vision_localization/share/kc_vision_localization/package.dsv
-- Symlinking: /home/kiranchand/kc_vision_ws/install/kc_vision_localization/share/ament_index/resource_index/packages/kc_vision_localization
-- Symlinking: /home/kiranchand/kc_vision_ws/install/kc_vision_localization/share/kc_vision_localization/cmake/kc_vision_localizationConfig.cmake
-- Symlinking: /home/kiranchand/kc_vision_ws/install/kc_vision_localization/share/kc_vision_localization/cmake/kc_vision_localizationConfig-version.cmake
-- Symlinking: /home/kiranchand/kc_vision_ws/install/kc_vision_localization/share/kc_vision_localization/package.xml
