-- Found ament_cmake: 2.5.5 (/opt/ros/jazzy/share/ament_cmake/cmake)
-- Override CMake install command with custom implementation using symlinks instead of copying resources
-- Found hardware_interface: 4.42.2 (/opt/ros/jazzy/share/hardware_interface/cmake)
-- Found rosidl_generator_c: 4.6.7 (/opt/ros/jazzy/share/rosidl_generator_c/cmake)
-- Found rosidl_generator_cpp: 4.6.7 (/opt/ros/jazzy/share/rosidl_generator_cpp/cmake)
-- Using all available rosidl_typesupport_c: rosidl_typesupport_fastrtps_c;rosidl_typesupport_introspection_c
-- Using all available rosidl_typesupport_cpp: rosidl_typesupport_fastrtps_cpp;rosidl_typesupport_introspection_cpp
-- Found TinyXML2 via Config file: /usr/lib/x86_64-linux-gnu/cmake/tinyxml2
-- Found rmw_implementation_cmake: 7.3.3 (/opt/ros/jazzy/share/rmw_implementation_cmake/cmake)
-- Found rmw_cyclonedds_cpp: 2.2.3 (/opt/ros/jazzy/share/rmw_cyclonedds_cpp/cmake)
-- Using RMW implementation 'rmw_cyclonedds_cpp' as default
-- Configuring done (1.5s)
-- Generating done (0.0s)
-- Build files have been written to: /home/kiranchand/kc_vision_ws/build/kc_vision_hardware
[ 50%] [32mBuilding CXX object CMakeFiles/kc_vision_hardware.dir/src/kc_vision_system.cpp.o[0m
[100%] [32m[1mLinking CXX shared library libkc_vision_hardware.so[0m
[100%] Built target kc_vision_hardware
-- Install configuration: ""
-- Execute custom install script
-- Symlinking: /home/kiranchand/kc_vision_ws/install/kc_vision_hardware/share/kc_vision_hardware//kc_vision_hardware.xml
-- Symlinking: /home/kiranchand/kc_vision_ws/install/kc_vision_hardware/lib/kc_vision_hardware/libkc_vision_hardware.so
-- Symlinking: /home/kiranchand/kc_vision_ws/install/kc_vision_hardware/include/kc_vision_hardware/kc_vision_system.hpp
-- Up-to-date symlink: /home/kiranchand/kc_vision_ws/install/kc_vision_hardware/share/kc_vision_hardware/kc_vision_hardware.xml
-- Symlinking: /home/kiranchand/kc_vision_ws/install/kc_vision_hardware/share/kc_vision_hardware/environment/library_path.sh
-- Symlinking: /home/kiranchand/kc_vision_ws/install/kc_vision_hardware/share/kc_vision_hardware/environment/library_path.dsv
-- Up-to-date symlink: /home/kiranchand/kc_vision_ws/install/kc_vision_hardware/share/ament_index/resource_index/package_run_dependencies/kc_vision_hardware
-- Up-to-date symlink: /home/kiranchand/kc_vision_ws/install/kc_vision_hardware/share/ament_index/resource_index/parent_prefix_path/kc_vision_hardware
-- Up-to-date symlink: /home/kiranchand/kc_vision_ws/install/kc_vision_hardware/share/kc_vision_hardware/environment/ament_prefix_path.sh
-- Up-to-date symlink: /home/kiranchand/kc_vision_ws/install/kc_vision_hardware/share/kc_vision_hardware/environment/ament_prefix_path.dsv
-- Up-to-date symlink: /home/kiranchand/kc_vision_ws/install/kc_vision_hardware/share/kc_vision_hardware/environment/path.sh
-- Up-to-date symlink: /home/kiranchand/kc_vision_ws/install/kc_vision_hardware/share/kc_vision_hardware/environment/path.dsv
-- Up-to-date symlink: /home/kiranchand/kc_vision_ws/install/kc_vision_hardware/share/kc_vision_hardware/local_setup.bash
-- Up-to-date symlink: /home/kiranchand/kc_vision_ws/install/kc_vision_hardware/share/kc_vision_hardware/local_setup.sh
-- Up-to-date symlink: /home/kiranchand/kc_vision_ws/install/kc_vision_hardware/share/kc_vision_hardware/local_setup.zsh
-- Up-to-date symlink: /home/kiranchand/kc_vision_ws/install/kc_vision_hardware/share/kc_vision_hardware/local_setup.dsv
-- Symlinking: /home/kiranchand/kc_vision_ws/install/kc_vision_hardware/share/kc_vision_hardware/package.dsv
-- Up-to-date symlink: /home/kiranchand/kc_vision_ws/install/kc_vision_hardware/share/ament_index/resource_index/packages/kc_vision_hardware
-- Symlinking: /home/kiranchand/kc_vision_ws/install/kc_vision_hardware/share/ament_index/resource_index/hardware_interface__pluginlib__plugin/kc_vision_hardware
-- Symlinking: /home/kiranchand/kc_vision_ws/install/kc_vision_hardware/share/kc_vision_hardware/cmake/ament_cmake_export_include_directories-extras.cmake
-- Symlinking: /home/kiranchand/kc_vision_ws/install/kc_vision_hardware/share/kc_vision_hardware/cmake/ament_cmake_export_libraries-extras.cmake
-- Symlinking: /home/kiranchand/kc_vision_ws/install/kc_vision_hardware/share/kc_vision_hardware/cmake/ament_cmake_export_dependencies-extras.cmake
-- Up-to-date symlink: /home/kiranchand/kc_vision_ws/install/kc_vision_hardware/share/kc_vision_hardware/cmake/kc_vision_hardwareConfig.cmake
-- Up-to-date symlink: /home/kiranchand/kc_vision_ws/install/kc_vision_hardware/share/kc_vision_hardware/cmake/kc_vision_hardwareConfig-version.cmake
-- Up-to-date symlink: /home/kiranchand/kc_vision_ws/install/kc_vision_hardware/share/kc_vision_hardware/package.xml
