[0.060s] Invoking command in '/home/kiranchand/kc_vision_ws/build/kc_vision_localization': CMAKE_PREFIX_PATH=${CMAKE_PREFIX_PATH}:/home/kiranchand/kc_vision_ws/install/kc_vision_scripts:/home/kiranchand/visionari_ws/install/project_visionkc_description:/home/kiranchand/chand_ws/install/nav2_gps_waypoint_follower_demo:/home/kiranchand/kiran_ws/install/slambot_scripts:/home/kiranchand/kiran_ws/install/bme_ros2_navigation_py:/home/kiranchand/turtlebot3_ws/install/turtlebot3_teleop:/home/kiranchand/turtlebot3_ws/install/turtlebot3_example:/home/kiranchand/turtlebot3_ws/install/nav2_gps_waypoint_follower_demo:/opt/ros/jazzy DEBUGINFOD_URLS=https://debuginfod.ubuntu.com /usr/bin/cmake /home/kiranchand/kc_vision_ws/src/kc_vision_localization -DAMENT_CMAKE_SYMLINK_INSTALL=1 -DCMAKE_INSTALL_PREFIX=/home/kiranchand/kc_vision_ws/install/kc_vision_localization
[0.294s] -- The C compiler identification is GNU 13.3.0
[0.294s] -- The CXX compiler identification is GNU 13.3.0
[0.294s] -- Detecting C compiler ABI info
[0.295s] -- Detecting C compiler ABI info - done
[0.295s] -- Check for working C compiler: /usr/bin/cc - skipped
[0.295s] -- Detecting C compile features
[0.295s] -- Detecting C compile features - done
[0.295s] -- Detecting CXX compiler ABI info
[0.382s] -- Detecting CXX compiler ABI info - done
[0.392s] -- Check for working CXX compiler: /usr/bin/c++ - skipped
[0.392s] -- Detecting CXX compile features
[0.393s] -- Detecting CXX compile features - done
[0.402s] -- Found ament_cmake: 2.5.5 (/opt/ros/jazzy/share/ament_cmake/cmake)
[0.646s] -- Found Python3: /usr/bin/python3 (found version "3.12.3") found components: Interpreter 
[0.735s] -- Override CMake install command with custom implementation using symlinks instead of copying resources
[0.854s] -- Found ament_lint_auto: 0.17.4 (/opt/ros/jazzy/share/ament_lint_auto/cmake)
[1.075s] -- Added test 'flake8' to check Python code syntax and style conventions
[1.075s] -- Configured 'flake8' exclude dirs and/or files: 
[1.078s] -- Added test 'lint_cmake' to check CMake code style
[1.080s] -- Added test 'pep257' to check Python code against some of the docstring style conventions in PEP 257
[1.084s] -- Added test 'xmllint' to check XML markup files
[1.088s] -- Configuring done (1.0s)
[1.093s] -- Generating done (0.0s)
[1.096s] -- Build files have been written to: /home/kiranchand/kc_vision_ws/build/kc_vision_localization
[1.103s] Invoked command in '/home/kiranchand/kc_vision_ws/build/kc_vision_localization' returned '0': CMAKE_PREFIX_PATH=${CMAKE_PREFIX_PATH}:/home/kiranchand/kc_vision_ws/install/kc_vision_scripts:/home/kiranchand/visionari_ws/install/project_visionkc_description:/home/kiranchand/chand_ws/install/nav2_gps_waypoint_follower_demo:/home/kiranchand/kiran_ws/install/slambot_scripts:/home/kiranchand/kiran_ws/install/bme_ros2_navigation_py:/home/kiranchand/turtlebot3_ws/install/turtlebot3_teleop:/home/kiranchand/turtlebot3_ws/install/turtlebot3_example:/home/kiranchand/turtlebot3_ws/install/nav2_gps_waypoint_follower_demo:/opt/ros/jazzy DEBUGINFOD_URLS=https://debuginfod.ubuntu.com /usr/bin/cmake /home/kiranchand/kc_vision_ws/src/kc_vision_localization -DAMENT_CMAKE_SYMLINK_INSTALL=1 -DCMAKE_INSTALL_PREFIX=/home/kiranchand/kc_vision_ws/install/kc_vision_localization
[1.104s] Invoking command in '/home/kiranchand/kc_vision_ws/build/kc_vision_localization': CMAKE_PREFIX_PATH=${CMAKE_PREFIX_PATH}:/home/kiranchand/kc_vision_ws/install/kc_vision_scripts:/home/kiranchand/visionari_ws/install/project_visionkc_description:/home/kiranchand/chand_ws/install/nav2_gps_waypoint_follower_demo:/home/kiranchand/kiran_ws/install/slambot_scripts:/home/kiranchand/kiran_ws/install/bme_ros2_navigation_py:/home/kiranchand/turtlebot3_ws/install/turtlebot3_teleop:/home/kiranchand/turtlebot3_ws/install/turtlebot3_example:/home/kiranchand/turtlebot3_ws/install/nav2_gps_waypoint_follower_demo:/opt/ros/jazzy DEBUGINFOD_URLS=https://debuginfod.ubuntu.com /usr/bin/cmake --build /home/kiranchand/kc_vision_ws/build/kc_vision_localization -- -j12 -l12
[1.158s] Invoked command in '/home/kiranchand/kc_vision_ws/build/kc_vision_localization' returned '0': CMAKE_PREFIX_PATH=${CMAKE_PREFIX_PATH}:/home/kiranchand/kc_vision_ws/install/kc_vision_scripts:/home/kiranchand/visionari_ws/install/project_visionkc_description:/home/kiranchand/chand_ws/install/nav2_gps_waypoint_follower_demo:/home/kiranchand/kiran_ws/install/slambot_scripts:/home/kiranchand/kiran_ws/install/bme_ros2_navigation_py:/home/kiranchand/turtlebot3_ws/install/turtlebot3_teleop:/home/kiranchand/turtlebot3_ws/install/turtlebot3_example:/home/kiranchand/turtlebot3_ws/install/nav2_gps_waypoint_follower_demo:/opt/ros/jazzy DEBUGINFOD_URLS=https://debuginfod.ubuntu.com /usr/bin/cmake --build /home/kiranchand/kc_vision_ws/build/kc_vision_localization -- -j12 -l12
[1.172s] Invoking command in '/home/kiranchand/kc_vision_ws/build/kc_vision_localization': CMAKE_PREFIX_PATH=${CMAKE_PREFIX_PATH}:/home/kiranchand/kc_vision_ws/install/kc_vision_scripts:/home/kiranchand/visionari_ws/install/project_visionkc_description:/home/kiranchand/chand_ws/install/nav2_gps_waypoint_follower_demo:/home/kiranchand/kiran_ws/install/slambot_scripts:/home/kiranchand/kiran_ws/install/bme_ros2_navigation_py:/home/kiranchand/turtlebot3_ws/install/turtlebot3_teleop:/home/kiranchand/turtlebot3_ws/install/turtlebot3_example:/home/kiranchand/turtlebot3_ws/install/nav2_gps_waypoint_follower_demo:/opt/ros/jazzy DEBUGINFOD_URLS=https://debuginfod.ubuntu.com /usr/bin/cmake --install /home/kiranchand/kc_vision_ws/build/kc_vision_localization
[1.184s] -- Install configuration: ""
[1.185s] -- Execute custom install script
[1.185s] -- Symlinking: /home/kiranchand/kc_vision_ws/install/kc_vision_localization/share/kc_vision_localization//config/ekf_real.yaml
[1.200s] -- Symlinking: /home/kiranchand/kc_vision_ws/install/kc_vision_localization/share/kc_vision_localization//config/ekf_sim.yaml
[1.213s] -- Symlinking: /home/kiranchand/kc_vision_ws/install/kc_vision_localization/share/kc_vision_localization//launch/localization.launch.py
[1.228s] -- Symlinking: /home/kiranchand/kc_vision_ws/install/kc_vision_localization/share/ament_index/resource_index/package_run_dependencies/kc_vision_localization
[1.239s] -- Symlinking: /home/kiranchand/kc_vision_ws/install/kc_vision_localization/share/ament_index/resource_index/parent_prefix_path/kc_vision_localization
[1.252s] -- Symlinking: /home/kiranchand/kc_vision_ws/install/kc_vision_localization/share/kc_vision_localization/environment/ament_prefix_path.sh
[1.268s] -- Symlinking: /home/kiranchand/kc_vision_ws/install/kc_vision_localization/share/kc_vision_localization/environment/ament_prefix_path.dsv
[1.280s] -- Symlinking: /home/kiranchand/kc_vision_ws/install/kc_vision_localization/share/kc_vision_localization/environment/path.sh
[1.295s] -- Symlinking: /home/kiranchand/kc_vision_ws/install/kc_vision_localization/share/kc_vision_localization/environment/path.dsv
[1.310s] -- Symlinking: /home/kiranchand/kc_vision_ws/install/kc_vision_localization/share/kc_vision_localization/local_setup.bash
[1.324s] -- Symlinking: /home/kiranchand/kc_vision_ws/install/kc_vision_localization/share/kc_vision_localization/local_setup.sh
[1.339s] -- Symlinking: /home/kiranchand/kc_vision_ws/install/kc_vision_localization/share/kc_vision_localization/local_setup.zsh
[1.358s] -- Symlinking: /home/kiranchand/kc_vision_ws/install/kc_vision_localization/share/kc_vision_localization/local_setup.dsv
[1.371s] -- Symlinking: /home/kiranchand/kc_vision_ws/install/kc_vision_localization/share/kc_vision_localization/package.dsv
[1.386s] -- Symlinking: /home/kiranchand/kc_vision_ws/install/kc_vision_localization/share/ament_index/resource_index/packages/kc_vision_localization
[1.400s] -- Symlinking: /home/kiranchand/kc_vision_ws/install/kc_vision_localization/share/kc_vision_localization/cmake/kc_vision_localizationConfig.cmake
[1.415s] -- Symlinking: /home/kiranchand/kc_vision_ws/install/kc_vision_localization/share/kc_vision_localization/cmake/kc_vision_localizationConfig-version.cmake
[1.431s] -- Symlinking: /home/kiranchand/kc_vision_ws/install/kc_vision_localization/share/kc_vision_localization/package.xml
[1.448s] Invoked command in '/home/kiranchand/kc_vision_ws/build/kc_vision_localization' returned '0': CMAKE_PREFIX_PATH=${CMAKE_PREFIX_PATH}:/home/kiranchand/kc_vision_ws/install/kc_vision_scripts:/home/kiranchand/visionari_ws/install/project_visionkc_description:/home/kiranchand/chand_ws/install/nav2_gps_waypoint_follower_demo:/home/kiranchand/kiran_ws/install/slambot_scripts:/home/kiranchand/kiran_ws/install/bme_ros2_navigation_py:/home/kiranchand/turtlebot3_ws/install/turtlebot3_teleop:/home/kiranchand/turtlebot3_ws/install/turtlebot3_example:/home/kiranchand/turtlebot3_ws/install/nav2_gps_waypoint_follower_demo:/opt/ros/jazzy DEBUGINFOD_URLS=https://debuginfod.ubuntu.com /usr/bin/cmake --install /home/kiranchand/kc_vision_ws/build/kc_vision_localization
