[0.067s] Invoking command in '/home/kiranchand/kc_vision_ws/build/kc_vision_nav2': CMAKE_PREFIX_PATH=${CMAKE_PREFIX_PATH}:/home/kiranchand/kc_vision_ws/install/kc_vision_scripts:/home/kiranchand/turtlebot3_ws/install/turtlebot3_teleop:/home/kiranchand/turtlebot3_ws/install/turtlebot3_example:/home/kiranchand/turtlebot3_ws/install/nav2_gps_waypoint_follower_demo:/opt/ros/jazzy DEBUGINFOD_URLS=https://debuginfod.ubuntu.com /usr/bin/cmake --build /home/kiranchand/kc_vision_ws/build/kc_vision_nav2 -- -j12 -l12
[0.311s] [100%] Built target cmd_vel_watchdog
[0.325s] Invoked command in '/home/kiranchand/kc_vision_ws/build/kc_vision_nav2' returned '0': CMAKE_PREFIX_PATH=${CMAKE_PREFIX_PATH}:/home/kiranchand/kc_vision_ws/install/kc_vision_scripts:/home/kiranchand/turtlebot3_ws/install/turtlebot3_teleop:/home/kiranchand/turtlebot3_ws/install/turtlebot3_example:/home/kiranchand/turtlebot3_ws/install/nav2_gps_waypoint_follower_demo:/opt/ros/jazzy DEBUGINFOD_URLS=https://debuginfod.ubuntu.com /usr/bin/cmake --build /home/kiranchand/kc_vision_ws/build/kc_vision_nav2 -- -j12 -l12
[0.327s] Invoking command in '/home/kiranchand/kc_vision_ws/build/kc_vision_nav2': CMAKE_PREFIX_PATH=${CMAKE_PREFIX_PATH}:/home/kiranchand/kc_vision_ws/install/kc_vision_scripts:/home/kiranchand/turtlebot3_ws/install/turtlebot3_teleop:/home/kiranchand/turtlebot3_ws/install/turtlebot3_example:/home/kiranchand/turtlebot3_ws/install/nav2_gps_waypoint_follower_demo:/opt/ros/jazzy DEBUGINFOD_URLS=https://debuginfod.ubuntu.com /usr/bin/cmake --install /home/kiranchand/kc_vision_ws/build/kc_vision_nav2
[0.338s] -- Install configuration: ""
[0.338s] -- Execute custom install script
[0.339s] -- Up-to-date symlink: /home/kiranchand/kc_vision_ws/install/kc_vision_nav2/share/kc_vision_nav2//launch/nav2.launch.py
[0.339s] -- Up-to-date symlink: /home/kiranchand/kc_vision_ws/install/kc_vision_nav2/share/kc_vision_nav2//config/nav2_real_params copy.yaml
[0.340s] -- Up-to-date symlink: /home/kiranchand/kc_vision_ws/install/kc_vision_nav2/share/kc_vision_nav2//config/nav2_real_params.yaml
[0.340s] -- Up-to-date symlink: /home/kiranchand/kc_vision_ws/install/kc_vision_nav2/share/kc_vision_nav2//config/nav2_real_params_rpp.yaml
[0.340s] -- Up-to-date symlink: /home/kiranchand/kc_vision_ws/install/kc_vision_nav2/share/kc_vision_nav2//config/nav2_sim_params copy.yaml
[0.340s] -- Up-to-date symlink: /home/kiranchand/kc_vision_ws/install/kc_vision_nav2/share/kc_vision_nav2//config/nav2_sim_params.yaml
[0.340s] -- Symlinking: /home/kiranchand/kc_vision_ws/install/kc_vision_nav2/share/kc_vision_nav2//config/nav2_sim_params_old.yaml
[0.351s] -- Up-to-date symlink: /home/kiranchand/kc_vision_ws/install/kc_vision_nav2/share/kc_vision_nav2//rviz/nav2_rviz_config.rviz
[0.351s] -- Up-to-date symlink: /home/kiranchand/kc_vision_ws/install/kc_vision_nav2/share/kc_vision_nav2//rviz/navigation.rviz
[0.352s] -- Up-to-date symlink: /home/kiranchand/kc_vision_ws/install/kc_vision_nav2/lib/kc_vision_nav2/cmd_vel_watchdog
[0.352s] -- Up-to-date symlink: /home/kiranchand/kc_vision_ws/install/kc_vision_nav2/share/ament_index/resource_index/package_run_dependencies/kc_vision_nav2
[0.353s] -- Up-to-date symlink: /home/kiranchand/kc_vision_ws/install/kc_vision_nav2/share/ament_index/resource_index/parent_prefix_path/kc_vision_nav2
[0.353s] -- Up-to-date symlink: /home/kiranchand/kc_vision_ws/install/kc_vision_nav2/share/kc_vision_nav2/environment/ament_prefix_path.sh
[0.354s] -- Up-to-date symlink: /home/kiranchand/kc_vision_ws/install/kc_vision_nav2/share/kc_vision_nav2/environment/ament_prefix_path.dsv
[0.354s] -- Up-to-date symlink: /home/kiranchand/kc_vision_ws/install/kc_vision_nav2/share/kc_vision_nav2/environment/path.sh
[0.354s] -- Up-to-date symlink: /home/kiranchand/kc_vision_ws/install/kc_vision_nav2/share/kc_vision_nav2/environment/path.dsv
[0.355s] -- Up-to-date symlink: /home/kiranchand/kc_vision_ws/install/kc_vision_nav2/share/kc_vision_nav2/local_setup.bash
[0.356s] -- Up-to-date symlink: /home/kiranchand/kc_vision_ws/install/kc_vision_nav2/share/kc_vision_nav2/local_setup.sh
[0.356s] -- Up-to-date symlink: /home/kiranchand/kc_vision_ws/install/kc_vision_nav2/share/kc_vision_nav2/local_setup.zsh
[0.356s] -- Up-to-date symlink: /home/kiranchand/kc_vision_ws/install/kc_vision_nav2/share/kc_vision_nav2/local_setup.dsv
[0.356s] -- Symlinking: /home/kiranchand/kc_vision_ws/install/kc_vision_nav2/share/kc_vision_nav2/package.dsv
[0.364s] -- Up-to-date symlink: /home/kiranchand/kc_vision_ws/install/kc_vision_nav2/share/ament_index/resource_index/packages/kc_vision_nav2
[0.366s] -- Up-to-date symlink: /home/kiranchand/kc_vision_ws/install/kc_vision_nav2/share/kc_vision_nav2/cmake/kc_vision_nav2Config.cmake
[0.367s] -- Up-to-date symlink: /home/kiranchand/kc_vision_ws/install/kc_vision_nav2/share/kc_vision_nav2/cmake/kc_vision_nav2Config-version.cmake
[0.367s] -- Up-to-date symlink: /home/kiranchand/kc_vision_ws/install/kc_vision_nav2/share/kc_vision_nav2/package.xml
[0.442s] Invoked command in '/home/kiranchand/kc_vision_ws/build/kc_vision_nav2' returned '0': CMAKE_PREFIX_PATH=${CMAKE_PREFIX_PATH}:/home/kiranchand/kc_vision_ws/install/kc_vision_scripts:/home/kiranchand/turtlebot3_ws/install/turtlebot3_teleop:/home/kiranchand/turtlebot3_ws/install/turtlebot3_example:/home/kiranchand/turtlebot3_ws/install/nav2_gps_waypoint_follower_demo:/opt/ros/jazzy DEBUGINFOD_URLS=https://debuginfod.ubuntu.com /usr/bin/cmake --install /home/kiranchand/kc_vision_ws/build/kc_vision_nav2
