[0.989s] Invoking command in '/home/kiranchand/kc_vision_ws/build/kc_vision_hardware': CMAKE_PREFIX_PATH=${CMAKE_PREFIX_PATH}:/home/kiranchand/kc_vision_ws/install/kc_vision_scripts:/home/kiranchand/turtlebot3_ws/install/turtlebot3_teleop:/home/kiranchand/turtlebot3_ws/install/turtlebot3_example:/home/kiranchand/turtlebot3_ws/install/nav2_gps_waypoint_follower_demo:/opt/ros/jazzy DEBUGINFOD_URLS=https://debuginfod.ubuntu.com /usr/bin/cmake --build /home/kiranchand/kc_vision_ws/build/kc_vision_hardware -- -j12 -l12
[1.268s] Invoked command in '/home/kiranchand/kc_vision_ws/build/kc_vision_hardware' returned '0': CMAKE_PREFIX_PATH=${CMAKE_PREFIX_PATH}:/home/kiranchand/kc_vision_ws/install/kc_vision_scripts:/home/kiranchand/turtlebot3_ws/install/turtlebot3_teleop:/home/kiranchand/turtlebot3_ws/install/turtlebot3_example:/home/kiranchand/turtlebot3_ws/install/nav2_gps_waypoint_follower_demo:/opt/ros/jazzy DEBUGINFOD_URLS=https://debuginfod.ubuntu.com /usr/bin/cmake --build /home/kiranchand/kc_vision_ws/build/kc_vision_hardware -- -j12 -l12
[1.269s] Invoking command in '/home/kiranchand/kc_vision_ws/build/kc_vision_hardware': CMAKE_PREFIX_PATH=${CMAKE_PREFIX_PATH}:/home/kiranchand/kc_vision_ws/install/kc_vision_scripts:/home/kiranchand/turtlebot3_ws/install/turtlebot3_teleop:/home/kiranchand/turtlebot3_ws/install/turtlebot3_example:/home/kiranchand/turtlebot3_ws/install/nav2_gps_waypoint_follower_demo:/opt/ros/jazzy DEBUGINFOD_URLS=https://debuginfod.ubuntu.com /usr/bin/cmake --install /home/kiranchand/kc_vision_ws/build/kc_vision_hardware
[1.307s] -- Install configuration: ""
[1.307s] -- Execute custom install script
[1.307s] -- Up-to-date symlink: /home/kiranchand/kc_vision_ws/install/kc_vision_hardware/share/ament_index/resource_index/package_run_dependencies/kc_vision_hardware
[1.308s] -- Up-to-date symlink: /home/kiranchand/kc_vision_ws/install/kc_vision_hardware/share/ament_index/resource_index/parent_prefix_path/kc_vision_hardware
[1.308s] -- Up-to-date symlink: /home/kiranchand/kc_vision_ws/install/kc_vision_hardware/share/kc_vision_hardware/environment/ament_prefix_path.sh
[1.308s] -- Up-to-date symlink: /home/kiranchand/kc_vision_ws/install/kc_vision_hardware/share/kc_vision_hardware/environment/ament_prefix_path.dsv
[1.308s] -- Up-to-date symlink: /home/kiranchand/kc_vision_ws/install/kc_vision_hardware/share/kc_vision_hardware/environment/path.sh
[1.309s] -- Up-to-date symlink: /home/kiranchand/kc_vision_ws/install/kc_vision_hardware/share/kc_vision_hardware/environment/path.dsv
[1.309s] -- Up-to-date symlink: /home/kiranchand/kc_vision_ws/install/kc_vision_hardware/share/kc_vision_hardware/local_setup.bash
[1.309s] -- Up-to-date symlink: /home/kiranchand/kc_vision_ws/install/kc_vision_hardware/share/kc_vision_hardware/local_setup.sh
[1.309s] -- Up-to-date symlink: /home/kiranchand/kc_vision_ws/install/kc_vision_hardware/share/kc_vision_hardware/local_setup.zsh
[1.310s] -- Up-to-date symlink: /home/kiranchand/kc_vision_ws/install/kc_vision_hardware/share/kc_vision_hardware/local_setup.dsv
[1.313s] -- Symlinking: /home/kiranchand/kc_vision_ws/install/kc_vision_hardware/share/kc_vision_hardware/package.dsv
[1.357s] -- Up-to-date symlink: /home/kiranchand/kc_vision_ws/install/kc_vision_hardware/share/ament_index/resource_index/packages/kc_vision_hardware
[1.358s] -- Up-to-date symlink: /home/kiranchand/kc_vision_ws/install/kc_vision_hardware/share/kc_vision_hardware/cmake/kc_vision_hardwareConfig.cmake
[1.358s] -- Up-to-date symlink: /home/kiranchand/kc_vision_ws/install/kc_vision_hardware/share/kc_vision_hardware/cmake/kc_vision_hardwareConfig-version.cmake
[1.359s] -- Up-to-date symlink: /home/kiranchand/kc_vision_ws/install/kc_vision_hardware/share/kc_vision_hardware/package.xml
[1.365s] Invoked command in '/home/kiranchand/kc_vision_ws/build/kc_vision_hardware' returned '0': CMAKE_PREFIX_PATH=${CMAKE_PREFIX_PATH}:/home/kiranchand/kc_vision_ws/install/kc_vision_scripts:/home/kiranchand/turtlebot3_ws/install/turtlebot3_teleop:/home/kiranchand/turtlebot3_ws/install/turtlebot3_example:/home/kiranchand/turtlebot3_ws/install/nav2_gps_waypoint_follower_demo:/opt/ros/jazzy DEBUGINFOD_URLS=https://debuginfod.ubuntu.com /usr/bin/cmake --install /home/kiranchand/kc_vision_ws/build/kc_vision_hardware
