-- Found ament_cmake: 2.5.5 (/opt/ros/jazzy/share/ament_cmake/cmake)
-- Override CMake install command with custom implementation using symlinks instead of copying resources
-- Found ament_lint_auto: 0.17.4 (/opt/ros/jazzy/share/ament_lint_auto/cmake)
-- Added test 'cppcheck' to perform static code analysis on C / C++ code
-- Configured cppcheck include dirs: 
-- Configured cppcheck exclude dirs and/or files: 
-- Added test 'flake8' to check Python code syntax and style conventions
-- Configured 'flake8' exclude dirs and/or files: 
-- Added test 'lint_cmake' to check CMake code style
-- Added test 'pep257' to check Python code against some of the docstring style conventions in PEP 257
-- Added test 'uncrustify' to check C / C++ code style
-- Configured uncrustify additional arguments: 
-- Added test 'xmllint' to check XML markup files
-- Configuring done (0.3s)
-- Generating done (0.0s)
-- Build files have been written to: /home/kiranchand/kc_vision_ws/build/kc_vision_bringup
-- Install configuration: ""
-- Execute custom install script
-- Up-to-date symlink: /home/kiranchand/kc_vision_ws/install/kc_vision_bringup/share/kc_vision_bringup//launch/LAUNCH_FILES_GUIDE.md
-- Up-to-date symlink: /home/kiranchand/kc_vision_ws/install/kc_vision_bringup/share/kc_vision_bringup//launch/dev_rviz_map_mode.launch.py
-- Up-to-date symlink: /home/kiranchand/kc_vision_ws/install/kc_vision_bringup/share/kc_vision_bringup//launch/dev_rviz_nav_mode.launch.py
-- Up-to-date symlink: /home/kiranchand/kc_vision_ws/install/kc_vision_bringup/share/kc_vision_bringup//launch/dev_rviz_teleop_only.launch.py
-- Up-to-date symlink: /home/kiranchand/kc_vision_ws/install/kc_vision_bringup/share/kc_vision_bringup//launch/gps_sim_teleop_only.launch.py
-- Up-to-date symlink: /home/kiranchand/kc_vision_ws/install/kc_vision_bringup/share/kc_vision_bringup//launch/gps_waypoint_follower.launch.py
-- Up-to-date symlink: /home/kiranchand/kc_vision_ws/install/kc_vision_bringup/share/kc_vision_bringup//launch/mapviz.launch.py
-- Up-to-date symlink: /home/kiranchand/kc_vision_ws/install/kc_vision_bringup/share/kc_vision_bringup//launch/physical_lidar.launch.py
-- Up-to-date symlink: /home/kiranchand/kc_vision_ws/install/kc_vision_bringup/share/kc_vision_bringup//launch/real_map_mode.launch.py
-- Up-to-date symlink: /home/kiranchand/kc_vision_ws/install/kc_vision_bringup/share/kc_vision_bringup//launch/real_nav_mode.launch.py
-- Up-to-date symlink: /home/kiranchand/kc_vision_ws/install/kc_vision_bringup/share/kc_vision_bringup//launch/real_teleop_only.launch.py
-- Up-to-date symlink: /home/kiranchand/kc_vision_ws/install/kc_vision_bringup/share/kc_vision_bringup//launch/sim_bringup.launch.py
-- Up-to-date symlink: /home/kiranchand/kc_vision_ws/install/kc_vision_bringup/share/kc_vision_bringup//launch/sim_map_mode.launch copy.py
-- Up-to-date symlink: /home/kiranchand/kc_vision_ws/install/kc_vision_bringup/share/kc_vision_bringup//launch/sim_map_mode.launch.py
-- Up-to-date symlink: /home/kiranchand/kc_vision_ws/install/kc_vision_bringup/share/kc_vision_bringup//launch/sim_map_mode_and_qrcodes.launch.py
-- Up-to-date symlink: /home/kiranchand/kc_vision_ws/install/kc_vision_bringup/share/kc_vision_bringup//launch/sim_nav_mode.launch.py
-- Up-to-date symlink: /home/kiranchand/kc_vision_ws/install/kc_vision_bringup/share/kc_vision_bringup//launch/sim_teleop_only.launch.py
-- Up-to-date symlink: /home/kiranchand/kc_vision_ws/install/kc_vision_bringup/share/kc_vision_bringup//config/camera.yaml
-- Up-to-date symlink: /home/kiranchand/kc_vision_ws/install/kc_vision_bringup/share/kc_vision_bringup//config/demo_waypoints.yaml
-- Up-to-date symlink: /home/kiranchand/kc_vision_ws/install/kc_vision_bringup/share/kc_vision_bringup//config/gps_wpf_demo.mvc
-- Up-to-date symlink: /home/kiranchand/kc_vision_ws/install/kc_vision_bringup/share/kc_vision_bringup//config/joy_teleop.yaml
-- Up-to-date symlink: /home/kiranchand/kc_vision_ws/install/kc_vision_bringup/share/kc_vision_bringup//config/kc_vision_controllers.yaml
-- Up-to-date symlink: /home/kiranchand/kc_vision_ws/install/kc_vision_bringup/share/kc_vision_bringup//config/nav2_no_map_params.yaml
-- Up-to-date symlink: /home/kiranchand/kc_vision_ws/install/kc_vision_bringup/share/kc_vision_bringup//config/twist_mux.yaml
-- Up-to-date symlink: /home/kiranchand/kc_vision_ws/install/kc_vision_bringup/share/kc_vision_bringup//rviz/dev_rviz_map_config.rviz
-- Up-to-date symlink: /home/kiranchand/kc_vision_ws/install/kc_vision_bringup/share/kc_vision_bringup//rviz/dev_rviz_nav_config.rviz
-- Up-to-date symlink: /home/kiranchand/kc_vision_ws/install/kc_vision_bringup/share/kc_vision_bringup//rviz/dev_rviz_teleop_config.rviz
-- Up-to-date symlink: /home/kiranchand/kc_vision_ws/install/kc_vision_bringup/share/kc_vision_bringup//rviz/navigation.rviz
-- Up-to-date symlink: /home/kiranchand/kc_vision_ws/install/kc_vision_bringup/share/kc_vision_bringup//nav2_gps_waypoint_follower_demo/__init__.py
-- Up-to-date symlink: /home/kiranchand/kc_vision_ws/install/kc_vision_bringup/share/kc_vision_bringup//nav2_gps_waypoint_follower_demo/__pycache__/__init__.cpython-312.pyc
-- Up-to-date symlink: /home/kiranchand/kc_vision_ws/install/kc_vision_bringup/share/kc_vision_bringup//nav2_gps_waypoint_follower_demo/__pycache__/gps_waypoint_logger.cpython-312.pyc
-- Up-to-date symlink: /home/kiranchand/kc_vision_ws/install/kc_vision_bringup/share/kc_vision_bringup//nav2_gps_waypoint_follower_demo/__pycache__/interactive_waypoint_follower.cpython-312.pyc
-- Up-to-date symlink: /home/kiranchand/kc_vision_ws/install/kc_vision_bringup/share/kc_vision_bringup//nav2_gps_waypoint_follower_demo/__pycache__/logged_waypoint_follower.cpython-312.pyc
-- Up-to-date symlink: /home/kiranchand/kc_vision_ws/install/kc_vision_bringup/share/kc_vision_bringup//nav2_gps_waypoint_follower_demo/gps_waypoint_logger.py
-- Up-to-date symlink: /home/kiranchand/kc_vision_ws/install/kc_vision_bringup/share/kc_vision_bringup//nav2_gps_waypoint_follower_demo/interactive_waypoint_follower.py
-- Up-to-date symlink: /home/kiranchand/kc_vision_ws/install/kc_vision_bringup/share/kc_vision_bringup//nav2_gps_waypoint_follower_demo/logged_waypoint_follower.py
-- Up-to-date symlink: /home/kiranchand/kc_vision_ws/install/kc_vision_bringup/share/kc_vision_bringup//nav2_gps_waypoint_follower_demo/utils/__init__.py
-- Up-to-date symlink: /home/kiranchand/kc_vision_ws/install/kc_vision_bringup/share/kc_vision_bringup//nav2_gps_waypoint_follower_demo/utils/__pycache__/__init__.cpython-312.pyc
-- Up-to-date symlink: /home/kiranchand/kc_vision_ws/install/kc_vision_bringup/share/kc_vision_bringup//nav2_gps_waypoint_follower_demo/utils/__pycache__/gps_utils.cpython-312.pyc
-- Up-to-date symlink: /home/kiranchand/kc_vision_ws/install/kc_vision_bringup/share/kc_vision_bringup//nav2_gps_waypoint_follower_demo/utils/gps_utils.py
-- Symlinking: /home/kiranchand/kc_vision_ws/install/kc_vision_bringup/share/kc_vision_bringup//src/ydlidar_ros2_driver_client.cpp
-- Symlinking: /home/kiranchand/kc_vision_ws/install/kc_vision_bringup/share/kc_vision_bringup//src/ydlidar_ros2_driver_node.cpp
-- Symlinking: /home/kiranchand/kc_vision_ws/install/kc_vision_bringup/share/kc_vision_bringup//params/G1.yaml
-- Symlinking: /home/kiranchand/kc_vision_ws/install/kc_vision_bringup/share/kc_vision_bringup//params/G2.yaml
-- Symlinking: /home/kiranchand/kc_vision_ws/install/kc_vision_bringup/share/kc_vision_bringup//params/G6.yaml
-- Symlinking: /home/kiranchand/kc_vision_ws/install/kc_vision_bringup/share/kc_vision_bringup//params/GS2.yaml
-- Symlinking: /home/kiranchand/kc_vision_ws/install/kc_vision_bringup/share/kc_vision_bringup//params/TEA.yaml
-- Symlinking: /home/kiranchand/kc_vision_ws/install/kc_vision_bringup/share/kc_vision_bringup//params/TG.yaml
-- Symlinking: /home/kiranchand/kc_vision_ws/install/kc_vision_bringup/share/kc_vision_bringup//params/TminiPro.yaml
-- Symlinking: /home/kiranchand/kc_vision_ws/install/kc_vision_bringup/share/kc_vision_bringup//params/X2.yaml
-- Symlinking: /home/kiranchand/kc_vision_ws/install/kc_vision_bringup/share/kc_vision_bringup//params/X4-Pro.yaml
-- Symlinking: /home/kiranchand/kc_vision_ws/install/kc_vision_bringup/share/kc_vision_bringup//params/X4.yaml
-- Symlinking: /home/kiranchand/kc_vision_ws/install/kc_vision_bringup/share/kc_vision_bringup//params/custom_ydlidar.yaml
-- Symlinking: /home/kiranchand/kc_vision_ws/install/kc_vision_bringup/share/kc_vision_bringup//params/slam_params.yaml
-- Symlinking: /home/kiranchand/kc_vision_ws/install/kc_vision_bringup/share/kc_vision_bringup//params/ydlidar.yaml
-- Up-to-date symlink: /home/kiranchand/kc_vision_ws/install/kc_vision_bringup/lib/kc_vision_bringup/coverage_planner.py
-- Up-to-date symlink: /home/kiranchand/kc_vision_ws/install/kc_vision_bringup/share/ament_index/resource_index/package_run_dependencies/kc_vision_bringup
-- Up-to-date symlink: /home/kiranchand/kc_vision_ws/install/kc_vision_bringup/share/ament_index/resource_index/parent_prefix_path/kc_vision_bringup
-- Up-to-date symlink: /home/kiranchand/kc_vision_ws/install/kc_vision_bringup/share/kc_vision_bringup/environment/ament_prefix_path.sh
-- Up-to-date symlink: /home/kiranchand/kc_vision_ws/install/kc_vision_bringup/share/kc_vision_bringup/environment/ament_prefix_path.dsv
-- Up-to-date symlink: /home/kiranchand/kc_vision_ws/install/kc_vision_bringup/share/kc_vision_bringup/environment/path.sh
-- Up-to-date symlink: /home/kiranchand/kc_vision_ws/install/kc_vision_bringup/share/kc_vision_bringup/environment/path.dsv
-- Up-to-date symlink: /home/kiranchand/kc_vision_ws/install/kc_vision_bringup/share/kc_vision_bringup/local_setup.bash
-- Up-to-date symlink: /home/kiranchand/kc_vision_ws/install/kc_vision_bringup/share/kc_vision_bringup/local_setup.sh
-- Up-to-date symlink: /home/kiranchand/kc_vision_ws/install/kc_vision_bringup/share/kc_vision_bringup/local_setup.zsh
-- Up-to-date symlink: /home/kiranchand/kc_vision_ws/install/kc_vision_bringup/share/kc_vision_bringup/local_setup.dsv
-- Symlinking: /home/kiranchand/kc_vision_ws/install/kc_vision_bringup/share/kc_vision_bringup/package.dsv
-- Up-to-date symlink: /home/kiranchand/kc_vision_ws/install/kc_vision_bringup/share/ament_index/resource_index/packages/kc_vision_bringup
-- Up-to-date symlink: /home/kiranchand/kc_vision_ws/install/kc_vision_bringup/share/kc_vision_bringup/cmake/kc_vision_bringupConfig.cmake
-- Up-to-date symlink: /home/kiranchand/kc_vision_ws/install/kc_vision_bringup/share/kc_vision_bringup/cmake/kc_vision_bringupConfig-version.cmake
-- Up-to-date symlink: /home/kiranchand/kc_vision_ws/install/kc_vision_bringup/share/kc_vision_bringup/package.xml
