[0.061s] Invoking command in '/home/kiranchand/kc_vision_ws/build/kc_vision_description': CMAKE_PREFIX_PATH=${CMAKE_PREFIX_PATH}:/home/kiranchand/kc_vision_ws/install/kc_vision_scripts:/home/kiranchand/turtlebot3_ws/install/turtlebot3_teleop:/home/kiranchand/turtlebot3_ws/install/turtlebot3_example:/home/kiranchand/turtlebot3_ws/install/nav2_gps_waypoint_follower_demo:/home/kiranchand/visionari_ws/install/project_visionkc_description:/home/kiranchand/ros2_ws/install/robot_math:/home/kiranchand/ros2_ws/install/gui_interface:/home/kiranchand/ros2_ws/install/bme_ros2_navigation_py:/home/kiranchand/ros2_ws/install/ai_assitance:/home/kiranchand/chand_ws/install/nav2_gps_waypoint_follower_demo:/home/kiranchand/kiran_ws/install/slambot_scripts:/opt/ros/jazzy DEBUGINFOD_URLS=https://debuginfod.ubuntu.com /usr/bin/cmake /home/kiranchand/kc_vision_ws/src/kc_vision_description -DAMENT_CMAKE_SYMLINK_INSTALL=1 -DCMAKE_INSTALL_PREFIX=/home/kiranchand/kc_vision_ws/install/kc_vision_description
[0.323s] -- The C compiler identification is GNU 13.3.0
[0.324s] -- The CXX compiler identification is GNU 13.3.0
[0.324s] -- Detecting C compiler ABI info
[0.377s] -- Detecting C compiler ABI info - done
[0.392s] -- Check for working C compiler: /usr/bin/cc - skipped
[0.392s] -- Detecting C compile features
[0.393s] -- Detecting C compile features - done
[0.403s] -- Detecting CXX compiler ABI info
[0.519s] -- Detecting CXX compiler ABI info - done
[0.531s] -- Check for working CXX compiler: /usr/bin/c++ - skipped
[0.531s] -- Detecting CXX compile features
[0.531s] -- Detecting CXX compile features - done
[0.541s] -- Found ament_cmake: 2.5.5 (/opt/ros/jazzy/share/ament_cmake/cmake)
[0.822s] -- Found Python3: /usr/bin/python3 (found version "3.12.3") found components: Interpreter 
[0.935s] -- Override CMake install command with custom implementation using symlinks instead of copying resources
[1.059s] -- Found ament_lint_auto: 0.17.4 (/opt/ros/jazzy/share/ament_lint_auto/cmake)
[1.238s] -- Added test 'flake8' to check Python code syntax and style conventions
[1.238s] -- Configured 'flake8' exclude dirs and/or files: 
[1.241s] -- Added test 'lint_cmake' to check CMake code style
[1.243s] -- Added test 'pep257' to check Python code against some of the docstring style conventions in PEP 257
[1.248s] -- Added test 'xmllint' to check XML markup files
[1.253s] -- Configuring done (1.2s)
[1.256s] -- Generating done (0.0s)
[1.258s] -- Build files have been written to: /home/kiranchand/kc_vision_ws/build/kc_vision_description
[1.263s] Invoked command in '/home/kiranchand/kc_vision_ws/build/kc_vision_description' returned '0': CMAKE_PREFIX_PATH=${CMAKE_PREFIX_PATH}:/home/kiranchand/kc_vision_ws/install/kc_vision_scripts:/home/kiranchand/turtlebot3_ws/install/turtlebot3_teleop:/home/kiranchand/turtlebot3_ws/install/turtlebot3_example:/home/kiranchand/turtlebot3_ws/install/nav2_gps_waypoint_follower_demo:/home/kiranchand/visionari_ws/install/project_visionkc_description:/home/kiranchand/ros2_ws/install/robot_math:/home/kiranchand/ros2_ws/install/gui_interface:/home/kiranchand/ros2_ws/install/bme_ros2_navigation_py:/home/kiranchand/ros2_ws/install/ai_assitance:/home/kiranchand/chand_ws/install/nav2_gps_waypoint_follower_demo:/home/kiranchand/kiran_ws/install/slambot_scripts:/opt/ros/jazzy DEBUGINFOD_URLS=https://debuginfod.ubuntu.com /usr/bin/cmake /home/kiranchand/kc_vision_ws/src/kc_vision_description -DAMENT_CMAKE_SYMLINK_INSTALL=1 -DCMAKE_INSTALL_PREFIX=/home/kiranchand/kc_vision_ws/install/kc_vision_description
[1.264s] Invoking command in '/home/kiranchand/kc_vision_ws/build/kc_vision_description': CMAKE_PREFIX_PATH=${CMAKE_PREFIX_PATH}:/home/kiranchand/kc_vision_ws/install/kc_vision_scripts:/home/kiranchand/turtlebot3_ws/install/turtlebot3_teleop:/home/kiranchand/turtlebot3_ws/install/turtlebot3_example:/home/kiranchand/turtlebot3_ws/install/nav2_gps_waypoint_follower_demo:/home/kiranchand/visionari_ws/install/project_visionkc_description:/home/kiranchand/ros2_ws/install/robot_math:/home/kiranchand/ros2_ws/install/gui_interface:/home/kiranchand/ros2_ws/install/bme_ros2_navigation_py:/home/kiranchand/ros2_ws/install/ai_assitance:/home/kiranchand/chand_ws/install/nav2_gps_waypoint_follower_demo:/home/kiranchand/kiran_ws/install/slambot_scripts:/opt/ros/jazzy DEBUGINFOD_URLS=https://debuginfod.ubuntu.com /usr/bin/cmake --build /home/kiranchand/kc_vision_ws/build/kc_vision_description -- -j12 -l12
[1.313s] Invoked command in '/home/kiranchand/kc_vision_ws/build/kc_vision_description' returned '0': CMAKE_PREFIX_PATH=${CMAKE_PREFIX_PATH}:/home/kiranchand/kc_vision_ws/install/kc_vision_scripts:/home/kiranchand/turtlebot3_ws/install/turtlebot3_teleop:/home/kiranchand/turtlebot3_ws/install/turtlebot3_example:/home/kiranchand/turtlebot3_ws/install/nav2_gps_waypoint_follower_demo:/home/kiranchand/visionari_ws/install/project_visionkc_description:/home/kiranchand/ros2_ws/install/robot_math:/home/kiranchand/ros2_ws/install/gui_interface:/home/kiranchand/ros2_ws/install/bme_ros2_navigation_py:/home/kiranchand/ros2_ws/install/ai_assitance:/home/kiranchand/chand_ws/install/nav2_gps_waypoint_follower_demo:/home/kiranchand/kiran_ws/install/slambot_scripts:/opt/ros/jazzy DEBUGINFOD_URLS=https://debuginfod.ubuntu.com /usr/bin/cmake --build /home/kiranchand/kc_vision_ws/build/kc_vision_description -- -j12 -l12
[1.324s] Invoking command in '/home/kiranchand/kc_vision_ws/build/kc_vision_description': CMAKE_PREFIX_PATH=${CMAKE_PREFIX_PATH}:/home/kiranchand/kc_vision_ws/install/kc_vision_scripts:/home/kiranchand/turtlebot3_ws/install/turtlebot3_teleop:/home/kiranchand/turtlebot3_ws/install/turtlebot3_example:/home/kiranchand/turtlebot3_ws/install/nav2_gps_waypoint_follower_demo:/home/kiranchand/visionari_ws/install/project_visionkc_description:/home/kiranchand/ros2_ws/install/robot_math:/home/kiranchand/ros2_ws/install/gui_interface:/home/kiranchand/ros2_ws/install/bme_ros2_navigation_py:/home/kiranchand/ros2_ws/install/ai_assitance:/home/kiranchand/chand_ws/install/nav2_gps_waypoint_follower_demo:/home/kiranchand/kiran_ws/install/slambot_scripts:/opt/ros/jazzy DEBUGINFOD_URLS=https://debuginfod.ubuntu.com /usr/bin/cmake --install /home/kiranchand/kc_vision_ws/build/kc_vision_description
[1.334s] -- Install configuration: ""
[1.335s] -- Execute custom install script
[1.335s] -- Symlinking: /home/kiranchand/kc_vision_ws/install/kc_vision_description/share/kc_vision_description//launch/rviz.launch.py
[1.346s] -- Symlinking: /home/kiranchand/kc_vision_ws/install/kc_vision_description/share/kc_vision_description//meshes/150mm_Cutting_disc_holder_v4_1.stl
[1.360s] -- Symlinking: /home/kiranchand/kc_vision_ws/install/kc_vision_description/share/kc_vision_description//meshes/A7_-_DC_Geared_Motor_v1_1.stl
[1.373s] -- Symlinking: /home/kiranchand/kc_vision_ws/install/kc_vision_description/share/kc_vision_description//meshes/A7_-_DC_Geared_Motor_v1_Mirror__1.stl
[1.387s] -- Symlinking: /home/kiranchand/kc_vision_ws/install/kc_vision_description/share/kc_vision_description//meshes/A7_-_DC_Geared_Motor_v1_Mirror__Mirror__1.stl
[1.397s] -- Symlinking: /home/kiranchand/kc_vision_ws/install/kc_vision_description/share/kc_vision_description//meshes/A7_-_DC_Geared_Motor_v1_Mirror___1__1.stl
[1.408s] -- Symlinking: /home/kiranchand/kc_vision_ws/install/kc_vision_description/share/kc_vision_description//meshes/base_link.stl
[1.420s] -- Symlinking: /home/kiranchand/kc_vision_ws/install/kc_vision_description/share/kc_vision_description//meshes/camera_1.stl
[1.432s] -- Symlinking: /home/kiranchand/kc_vision_ws/install/kc_vision_description/share/kc_vision_description//meshes/imu_sensor_TM171__1.stl
[1.444s] -- Symlinking: /home/kiranchand/kc_vision_ws/install/kc_vision_description/share/kc_vision_description//meshes/left_Omni_Wheel_v1__1__1.stl
[1.455s] -- Symlinking: /home/kiranchand/kc_vision_ws/install/kc_vision_description/share/kc_vision_description//meshes/left_Wheel_Rim_1.stl
[1.466s] -- Symlinking: /home/kiranchand/kc_vision_ws/install/kc_vision_description/share/kc_vision_description//meshes/left_Wheel_tire_1.stl
[1.476s] -- Symlinking: /home/kiranchand/kc_vision_ws/install/kc_vision_description/share/kc_vision_description//meshes/lidar_1.stl
[1.486s] -- Symlinking: /home/kiranchand/kc_vision_ws/install/kc_vision_description/share/kc_vision_description//meshes/right_Omni_Wheel__1.stl
[1.497s] -- Symlinking: /home/kiranchand/kc_vision_ws/install/kc_vision_description/share/kc_vision_description//meshes/right_Wheel_Rim_1.stl
[1.509s] -- Symlinking: /home/kiranchand/kc_vision_ws/install/kc_vision_description/share/kc_vision_description//meshes/right_Wheel_Tire_1.stl
[1.519s] -- Symlinking: /home/kiranchand/kc_vision_ws/install/kc_vision_description/share/kc_vision_description//urdf/camera.xacro
[1.532s] -- Symlinking: /home/kiranchand/kc_vision_ws/install/kc_vision_description/share/kc_vision_description//urdf/gazebo_control.xacro
[1.544s] -- Symlinking: /home/kiranchand/kc_vision_ws/install/kc_vision_description/share/kc_vision_description//urdf/gz_new_cont.xacro
[1.554s] -- Symlinking: /home/kiranchand/kc_vision_ws/install/kc_vision_description/share/kc_vision_description//urdf/lidar.xacro
[1.568s] -- Symlinking: /home/kiranchand/kc_vision_ws/install/kc_vision_description/share/kc_vision_description//urdf/project_visionkc.gazebo
[1.581s] -- Symlinking: /home/kiranchand/kc_vision_ws/install/kc_vision_description/share/kc_vision_description//urdf/robot.urdf.xacro
[1.591s] -- Symlinking: /home/kiranchand/kc_vision_ws/install/kc_vision_description/share/kc_vision_description//urdf/robot_core copy.xacro
[1.601s] -- Symlinking: /home/kiranchand/kc_vision_ws/install/kc_vision_description/share/kc_vision_description//urdf/robot_core.xacro
[1.613s] -- Symlinking: /home/kiranchand/kc_vision_ws/install/kc_vision_description/share/kc_vision_description//urdf/ros2_control.xacro
[1.623s] -- Symlinking: /home/kiranchand/kc_vision_ws/install/kc_vision_description/share/kc_vision_description//urdf/ros2_control_sim.xacro
[1.635s] -- Symlinking: /home/kiranchand/kc_vision_ws/install/kc_vision_description/share/kc_vision_description//rviz/navigation.rviz
[1.645s] -- Symlinking: /home/kiranchand/kc_vision_ws/install/kc_vision_description/share/kc_vision_description//rviz/rviz_config copy.rviz
[1.655s] -- Symlinking: /home/kiranchand/kc_vision_ws/install/kc_vision_description/share/kc_vision_description//rviz/rviz_config.rviz
[1.667s] -- Symlinking: /home/kiranchand/kc_vision_ws/install/kc_vision_description/share/ament_index/resource_index/package_run_dependencies/kc_vision_description
[1.677s] -- Symlinking: /home/kiranchand/kc_vision_ws/install/kc_vision_description/share/ament_index/resource_index/parent_prefix_path/kc_vision_description
[1.688s] -- Symlinking: /home/kiranchand/kc_vision_ws/install/kc_vision_description/share/kc_vision_description/environment/ament_prefix_path.sh
[1.700s] -- Symlinking: /home/kiranchand/kc_vision_ws/install/kc_vision_description/share/kc_vision_description/environment/ament_prefix_path.dsv
[1.710s] -- Symlinking: /home/kiranchand/kc_vision_ws/install/kc_vision_description/share/kc_vision_description/environment/path.sh
[1.720s] -- Symlinking: /home/kiranchand/kc_vision_ws/install/kc_vision_description/share/kc_vision_description/environment/path.dsv
[1.731s] -- Symlinking: /home/kiranchand/kc_vision_ws/install/kc_vision_description/share/kc_vision_description/local_setup.bash
[1.741s] -- Symlinking: /home/kiranchand/kc_vision_ws/install/kc_vision_description/share/kc_vision_description/local_setup.sh
[1.751s] -- Symlinking: /home/kiranchand/kc_vision_ws/install/kc_vision_description/share/kc_vision_description/local_setup.zsh
[1.762s] -- Symlinking: /home/kiranchand/kc_vision_ws/install/kc_vision_description/share/kc_vision_description/local_setup.dsv
[1.774s] -- Symlinking: /home/kiranchand/kc_vision_ws/install/kc_vision_description/share/kc_vision_description/package.dsv
[1.784s] -- Symlinking: /home/kiranchand/kc_vision_ws/install/kc_vision_description/share/ament_index/resource_index/packages/kc_vision_description
[1.797s] -- Symlinking: /home/kiranchand/kc_vision_ws/install/kc_vision_description/share/kc_vision_description/cmake/kc_vision_descriptionConfig.cmake
[1.807s] -- Symlinking: /home/kiranchand/kc_vision_ws/install/kc_vision_description/share/kc_vision_description/cmake/kc_vision_descriptionConfig-version.cmake
[1.818s] -- Symlinking: /home/kiranchand/kc_vision_ws/install/kc_vision_description/share/kc_vision_description/package.xml
[1.830s] Invoked command in '/home/kiranchand/kc_vision_ws/build/kc_vision_description' returned '0': CMAKE_PREFIX_PATH=${CMAKE_PREFIX_PATH}:/home/kiranchand/kc_vision_ws/install/kc_vision_scripts:/home/kiranchand/turtlebot3_ws/install/turtlebot3_teleop:/home/kiranchand/turtlebot3_ws/install/turtlebot3_example:/home/kiranchand/turtlebot3_ws/install/nav2_gps_waypoint_follower_demo:/home/kiranchand/visionari_ws/install/project_visionkc_description:/home/kiranchand/ros2_ws/install/robot_math:/home/kiranchand/ros2_ws/install/gui_interface:/home/kiranchand/ros2_ws/install/bme_ros2_navigation_py:/home/kiranchand/ros2_ws/install/ai_assitance:/home/kiranchand/chand_ws/install/nav2_gps_waypoint_follower_demo:/home/kiranchand/kiran_ws/install/slambot_scripts:/opt/ros/jazzy DEBUGINFOD_URLS=https://debuginfod.ubuntu.com /usr/bin/cmake --install /home/kiranchand/kc_vision_ws/build/kc_vision_description
