[0.045s] Invoking command in '/home/kiranchand/kc_vision_ws/build/kc_vision_nav2': CMAKE_PREFIX_PATH=${CMAKE_PREFIX_PATH}:/home/kiranchand/kc_vision_ws/install/kc_vision_scripts:/home/kiranchand/visionari_ws/install/project_visionkc_description:/home/kiranchand/chand_ws/install/nav2_gps_waypoint_follower_demo:/home/kiranchand/kiran_ws/install/slambot_scripts:/home/kiranchand/kiran_ws/install/bme_ros2_navigation_py:/home/kiranchand/turtlebot3_ws/install/turtlebot3_teleop:/home/kiranchand/turtlebot3_ws/install/turtlebot3_example:/home/kiranchand/turtlebot3_ws/install/nav2_gps_waypoint_follower_demo:/opt/ros/jazzy DEBUGINFOD_URLS=https://debuginfod.ubuntu.com /usr/bin/cmake /home/kiranchand/kc_vision_ws/src/kc_vision_nav2 -DAMENT_CMAKE_SYMLINK_INSTALL=1 -DCMAKE_INSTALL_PREFIX=/home/kiranchand/kc_vision_ws/install/kc_vision_nav2
[0.279s] -- The C compiler identification is GNU 13.3.0
[0.280s] -- The CXX compiler identification is GNU 13.3.0
[0.280s] -- Detecting C compiler ABI info
[0.280s] -- Detecting C compiler ABI info - done
[0.280s] -- Check for working C compiler: /usr/bin/cc - skipped
[0.280s] -- Detecting C compile features
[0.280s] -- Detecting C compile features - done
[0.280s] -- Detecting CXX compiler ABI info
[0.362s] -- Detecting CXX compiler ABI info - done
[0.371s] -- Check for working CXX compiler: /usr/bin/c++ - skipped
[0.372s] -- Detecting CXX compile features
[0.372s] -- Detecting CXX compile features - done
[0.381s] -- Found ament_cmake: 2.5.5 (/opt/ros/jazzy/share/ament_cmake/cmake)
[0.621s] -- Found Python3: /usr/bin/python3 (found version "3.12.3") found components: Interpreter 
[0.711s] -- Override CMake install command with custom implementation using symlinks instead of copying resources
[0.866s] -- Found action_msgs: 2.0.3 (/opt/ros/jazzy/share/action_msgs/cmake)
[0.998s] -- Found rosidl_generator_c: 4.6.7 (/opt/ros/jazzy/share/rosidl_generator_c/cmake)
[1.037s] -- Found rosidl_generator_cpp: 4.6.7 (/opt/ros/jazzy/share/rosidl_generator_cpp/cmake)
[1.078s] -- Using all available rosidl_typesupport_c: rosidl_typesupport_fastrtps_c;rosidl_typesupport_introspection_c
[1.124s] -- Using all available rosidl_typesupport_cpp: rosidl_typesupport_fastrtps_cpp;rosidl_typesupport_introspection_cpp
[1.231s] -- Found geometry_msgs: 5.3.6 (/opt/ros/jazzy/share/geometry_msgs/cmake)
[1.293s] -- Found rclcpp: 28.1.16 (/opt/ros/jazzy/share/rclcpp/cmake)
[1.400s] -- Found rmw_implementation_cmake: 7.3.3 (/opt/ros/jazzy/share/rmw_implementation_cmake/cmake)
[1.412s] -- Found rmw_cyclonedds_cpp: 2.2.3 (/opt/ros/jazzy/share/rmw_cyclonedds_cpp/cmake)
[1.508s] -- Using RMW implementation 'rmw_cyclonedds_cpp' as default
[1.757s] -- Configuring done (1.7s)
[1.771s] -- Generating done (0.0s)
[1.775s] -- Build files have been written to: /home/kiranchand/kc_vision_ws/build/kc_vision_nav2
[1.786s] Invoked command in '/home/kiranchand/kc_vision_ws/build/kc_vision_nav2' returned '0': CMAKE_PREFIX_PATH=${CMAKE_PREFIX_PATH}:/home/kiranchand/kc_vision_ws/install/kc_vision_scripts:/home/kiranchand/visionari_ws/install/project_visionkc_description:/home/kiranchand/chand_ws/install/nav2_gps_waypoint_follower_demo:/home/kiranchand/kiran_ws/install/slambot_scripts:/home/kiranchand/kiran_ws/install/bme_ros2_navigation_py:/home/kiranchand/turtlebot3_ws/install/turtlebot3_teleop:/home/kiranchand/turtlebot3_ws/install/turtlebot3_example:/home/kiranchand/turtlebot3_ws/install/nav2_gps_waypoint_follower_demo:/opt/ros/jazzy DEBUGINFOD_URLS=https://debuginfod.ubuntu.com /usr/bin/cmake /home/kiranchand/kc_vision_ws/src/kc_vision_nav2 -DAMENT_CMAKE_SYMLINK_INSTALL=1 -DCMAKE_INSTALL_PREFIX=/home/kiranchand/kc_vision_ws/install/kc_vision_nav2
[1.787s] Invoking command in '/home/kiranchand/kc_vision_ws/build/kc_vision_nav2': CMAKE_PREFIX_PATH=${CMAKE_PREFIX_PATH}:/home/kiranchand/kc_vision_ws/install/kc_vision_scripts:/home/kiranchand/visionari_ws/install/project_visionkc_description:/home/kiranchand/chand_ws/install/nav2_gps_waypoint_follower_demo:/home/kiranchand/kiran_ws/install/slambot_scripts:/home/kiranchand/kiran_ws/install/bme_ros2_navigation_py:/home/kiranchand/turtlebot3_ws/install/turtlebot3_teleop:/home/kiranchand/turtlebot3_ws/install/turtlebot3_example:/home/kiranchand/turtlebot3_ws/install/nav2_gps_waypoint_follower_demo:/opt/ros/jazzy DEBUGINFOD_URLS=https://debuginfod.ubuntu.com /usr/bin/cmake --build /home/kiranchand/kc_vision_ws/build/kc_vision_nav2 -- -j12 -l12
[1.849s] [ 50%] [32mBuilding CXX object CMakeFiles/cmd_vel_watchdog.dir/src/cmd_vel_watchdog.cpp.o[0m
[9.699s] [100%] [32m[1mLinking CXX executable cmd_vel_watchdog[0m
[9.985s] [100%] Built target cmd_vel_watchdog
[9.996s] Invoked command in '/home/kiranchand/kc_vision_ws/build/kc_vision_nav2' returned '0': CMAKE_PREFIX_PATH=${CMAKE_PREFIX_PATH}:/home/kiranchand/kc_vision_ws/install/kc_vision_scripts:/home/kiranchand/visionari_ws/install/project_visionkc_description:/home/kiranchand/chand_ws/install/nav2_gps_waypoint_follower_demo:/home/kiranchand/kiran_ws/install/slambot_scripts:/home/kiranchand/kiran_ws/install/bme_ros2_navigation_py:/home/kiranchand/turtlebot3_ws/install/turtlebot3_teleop:/home/kiranchand/turtlebot3_ws/install/turtlebot3_example:/home/kiranchand/turtlebot3_ws/install/nav2_gps_waypoint_follower_demo:/opt/ros/jazzy DEBUGINFOD_URLS=https://debuginfod.ubuntu.com /usr/bin/cmake --build /home/kiranchand/kc_vision_ws/build/kc_vision_nav2 -- -j12 -l12
[9.997s] Invoking command in '/home/kiranchand/kc_vision_ws/build/kc_vision_nav2': CMAKE_PREFIX_PATH=${CMAKE_PREFIX_PATH}:/home/kiranchand/kc_vision_ws/install/kc_vision_scripts:/home/kiranchand/visionari_ws/install/project_visionkc_description:/home/kiranchand/chand_ws/install/nav2_gps_waypoint_follower_demo:/home/kiranchand/kiran_ws/install/slambot_scripts:/home/kiranchand/kiran_ws/install/bme_ros2_navigation_py:/home/kiranchand/turtlebot3_ws/install/turtlebot3_teleop:/home/kiranchand/turtlebot3_ws/install/turtlebot3_example:/home/kiranchand/turtlebot3_ws/install/nav2_gps_waypoint_follower_demo:/opt/ros/jazzy DEBUGINFOD_URLS=https://debuginfod.ubuntu.com /usr/bin/cmake --install /home/kiranchand/kc_vision_ws/build/kc_vision_nav2
[10.005s] -- Install configuration: ""
[10.005s] -- Execute custom install script
[10.006s] -- Symlinking: /home/kiranchand/kc_vision_ws/install/kc_vision_nav2/share/kc_vision_nav2//launch/nav2.launch.py
[10.016s] -- Symlinking: /home/kiranchand/kc_vision_ws/install/kc_vision_nav2/share/kc_vision_nav2//config/nav2_real_params copy.yaml
[10.025s] -- Symlinking: /home/kiranchand/kc_vision_ws/install/kc_vision_nav2/share/kc_vision_nav2//config/nav2_real_params.yaml
[10.034s] -- Symlinking: /home/kiranchand/kc_vision_ws/install/kc_vision_nav2/share/kc_vision_nav2//config/nav2_real_params_rpp.yaml
[10.042s] -- Symlinking: /home/kiranchand/kc_vision_ws/install/kc_vision_nav2/share/kc_vision_nav2//config/nav2_sim_params copy.yaml
[10.052s] -- Symlinking: /home/kiranchand/kc_vision_ws/install/kc_vision_nav2/share/kc_vision_nav2//config/nav2_sim_params.yaml
[10.061s] -- Symlinking: /home/kiranchand/kc_vision_ws/install/kc_vision_nav2/share/kc_vision_nav2//rviz/nav2_rviz_config.rviz
[10.070s] -- Symlinking: /home/kiranchand/kc_vision_ws/install/kc_vision_nav2/share/kc_vision_nav2//rviz/navigation.rviz
[10.079s] -- Symlinking: /home/kiranchand/kc_vision_ws/install/kc_vision_nav2/lib/kc_vision_nav2/cmd_vel_watchdog
[10.088s] -- Symlinking: /home/kiranchand/kc_vision_ws/install/kc_vision_nav2/share/ament_index/resource_index/package_run_dependencies/kc_vision_nav2
[10.097s] -- Symlinking: /home/kiranchand/kc_vision_ws/install/kc_vision_nav2/share/ament_index/resource_index/parent_prefix_path/kc_vision_nav2
[10.106s] -- Symlinking: /home/kiranchand/kc_vision_ws/install/kc_vision_nav2/share/kc_vision_nav2/environment/ament_prefix_path.sh
[10.116s] -- Symlinking: /home/kiranchand/kc_vision_ws/install/kc_vision_nav2/share/kc_vision_nav2/environment/ament_prefix_path.dsv
[10.125s] -- Symlinking: /home/kiranchand/kc_vision_ws/install/kc_vision_nav2/share/kc_vision_nav2/environment/path.sh
[10.134s] -- Symlinking: /home/kiranchand/kc_vision_ws/install/kc_vision_nav2/share/kc_vision_nav2/environment/path.dsv
[10.143s] -- Symlinking: /home/kiranchand/kc_vision_ws/install/kc_vision_nav2/share/kc_vision_nav2/local_setup.bash
[10.151s] -- Symlinking: /home/kiranchand/kc_vision_ws/install/kc_vision_nav2/share/kc_vision_nav2/local_setup.sh
[10.160s] -- Symlinking: /home/kiranchand/kc_vision_ws/install/kc_vision_nav2/share/kc_vision_nav2/local_setup.zsh
[10.169s] -- Symlinking: /home/kiranchand/kc_vision_ws/install/kc_vision_nav2/share/kc_vision_nav2/local_setup.dsv
[10.178s] -- Symlinking: /home/kiranchand/kc_vision_ws/install/kc_vision_nav2/share/kc_vision_nav2/package.dsv
[10.187s] -- Symlinking: /home/kiranchand/kc_vision_ws/install/kc_vision_nav2/share/ament_index/resource_index/packages/kc_vision_nav2
[10.196s] -- Symlinking: /home/kiranchand/kc_vision_ws/install/kc_vision_nav2/share/kc_vision_nav2/cmake/kc_vision_nav2Config.cmake
[10.205s] -- Symlinking: /home/kiranchand/kc_vision_ws/install/kc_vision_nav2/share/kc_vision_nav2/cmake/kc_vision_nav2Config-version.cmake
[10.214s] -- Symlinking: /home/kiranchand/kc_vision_ws/install/kc_vision_nav2/share/kc_vision_nav2/package.xml
[10.225s] Invoked command in '/home/kiranchand/kc_vision_ws/build/kc_vision_nav2' returned '0': CMAKE_PREFIX_PATH=${CMAKE_PREFIX_PATH}:/home/kiranchand/kc_vision_ws/install/kc_vision_scripts:/home/kiranchand/visionari_ws/install/project_visionkc_description:/home/kiranchand/chand_ws/install/nav2_gps_waypoint_follower_demo:/home/kiranchand/kiran_ws/install/slambot_scripts:/home/kiranchand/kiran_ws/install/bme_ros2_navigation_py:/home/kiranchand/turtlebot3_ws/install/turtlebot3_teleop:/home/kiranchand/turtlebot3_ws/install/turtlebot3_example:/home/kiranchand/turtlebot3_ws/install/nav2_gps_waypoint_follower_demo:/opt/ros/jazzy DEBUGINFOD_URLS=https://debuginfod.ubuntu.com /usr/bin/cmake --install /home/kiranchand/kc_vision_ws/build/kc_vision_nav2
